12:07:09.768 INFO - Selenium build info: version: '3.8.1', revision: '6e95a6684b'
12:07:09.769 INFO - Launching a standalone Selenium Server
2018-07-09 12:07:10.281:INFO::main: Logging initialized @1731ms to org.seleniumhq.jetty9.util.log.StdErrLog
12:07:10.597 INFO - Using `new FirefoxOptions()` is preferred to `DesiredCapabilities.firefox()`
12:07:10.750 INFO - Using `new ChromeOptions()` is preferred to `DesiredCapabilities.chrome()`
12:07:10.754 INFO - Using `new EdgeOptions()` is preferred to `DesiredCapabilities.edge()`
12:07:10.755 INFO - Driver class not found: com.opera.core.systems.OperaDriver
12:07:10.755 INFO - Using `new OperaOptions()` is preferred to `DesiredCapabilities.operaBlink()`
12:07:10.827 INFO - Using `new SafariOptions()` is preferred to `DesiredCapabilities.safari()`
12:07:10.828 INFO - Driver class not found: org.openqa.selenium.phantomjs.PhantomJSDriver
12:07:11.070 INFO - Driver provider class org.openqa.selenium.ie.InternetExplorerDriver registration is skipped:
 registration capabilities Capabilities {browserName: internet explorer, ensureCleanSession: true, platform: WINDOWS, version: } does not match the current platform LINUX
12:07:11.111 INFO - Driver provider class org.openqa.selenium.edge.EdgeDriver registration is skipped:
 registration capabilities Capabilities {browserName: MicrosoftEdge, platform: WINDOWS, version: } does not match the current platform LINUX
12:07:11.112 INFO - Driver provider class org.openqa.selenium.safari.SafariDriver registration is skipped:
 registration capabilities Capabilities {browserName: safari, platform: MAC, version: } does not match the current platform LINUX
12:07:11.344 INFO - Using `new ChromeOptions()` is preferred to `DesiredCapabilities.chrome()`
12:07:11.345 INFO - Using `new EdgeOptions()` is preferred to `DesiredCapabilities.edge()`
12:07:11.346 INFO - Using `new FirefoxOptions()` is preferred to `DesiredCapabilities.firefox()`
12:07:11.346 INFO - Using `new OperaOptions()` is preferred to `DesiredCapabilities.operaBlink()`
12:07:11.346 INFO - Using `new SafariOptions()` is preferred to `DesiredCapabilities.safari()`
2018-07-09 12:07:11.584:INFO:osjs.Server:main: jetty-9.4.7.v20170914
2018-07-09 12:07:12.030:WARN:osjs.SecurityHandler:main: ServletContext@o.s.j.s.ServletContextHandler@1d371b2d{/,null,STARTING} has uncovered http methods for path: /
2018-07-09 12:07:12.086:INFO:osjsh.ContextHandler:main: Started o.s.j.s.ServletContextHandler@1d371b2d{/,null,AVAILABLE}
Usage: <main class> [options]
  Options:
    --version, -version
       Displays the version and exits.
       Default: false
    -browserTimeout
       <Integer> in seconds : number of seconds a browser session is allowed to
       hang while a WebDriver command is running (example: driver.get(url)). If the
       timeout is reached while a WebDriver command is still processing, the session
       will quit. Minimum value is 60. An unspecified, zero, or negative value means
       wait indefinitely.
       Default: 0
    -debug
      12:07:20.379 INFO - Detected dialect: OSS
12:07:20.457 INFO - Done: [new session: Capabilities {browserName: firefox, firefox_profile: UEsDBBQAAAAIABYBuEykYb5h8QE..., platform: LINUX}]
12:07:20.770 INFO - Executing: [get: https://w2.seg-social.es/Xhtml?JacadaApplicationName=SGIRED&TRANSACCION=ATR42&E=I&AP=AFIR])
12:07:22.505 INFO - Done: [get: https://w2.seg-social.es/Xhtml?JacadaApplicationName=SGIRED&TRANSACCION=ATR42&E=I&AP=AFIR]
12:07:22.541 INFO - Executing: [find element: By.name: txt_SDFTESORNAF])
12:07:22.677 INFO - Done: [find element: By.name: txt_SDFTESORNAF]
12:07:22.698 INFO - Executing: [send keys: 0 [[FirefoxDriver: firefox on LINUX (7f201c6e-571e-44fa-b2b9-125ef1d19b8d)] -> name: txt_SDFTESORNAF], [46]])
12:07:22.804 INFO - Done: [send keys: 0 [[FirefoxDriver: firefox on LINUX (7f201c6e-571e-44fa-b2b9-125ef1d19b8d)] -> name: txt_SDFTESORNAF], [46]]
12:07:22.811 INFO - Executing: [find element: By.name: txt_SDFNUMNAF])
12:07:22.841 INFO - Done: [find element: By.name: txt_SDFNUMNAF]
12:07:22.848 INFO - Executing: [send keys: 1 [[FirefoxDriver: firefox on LINUX (7f201c6e-571e-44fa-b2b9-125ef1d19b8d)] -> name: txt_SDFNUMNAF], [1072254410]])
12:07:22.969 INFO - Done: [send keys: 1 [[FirefoxDriver: firefox on LINUX (7f201c6e-571e-44fa-b2b9-125ef1d19b8d)] -> name: txt_SDFNUMNAF], [1072254410]]
12:07:22.974 INFO - Executing: [find element: By.name: txt_SDFREGCC_ayuda])
12:07:22.992 INFO - Done: [find element: By.name: txt_SDFREGCC_ayuda]
12:07:23.006 INFO - Executing: [send keys: 2 [[FirefoxDriver: firefox on LINUX (7f201c6e-571e-44fa-b2b9-125ef1d19b8d)] -> name: txt_SDFREGCC_ayuda], [111]])
12:07:23.083 INFO - Done: [send keys: 2 [[FirefoxDriver: firefox on LINUX (7f201c6e-571e-44fa-b2b9-125ef1d19b8d)] -> name: txt_SDFREGCC_ayuda], [111]]
12:07:23.099 INFO - Executing: [find element: By.name: txt_SDFTESCC])
12:07:23.161 INFO - Done: [find element: By.name: txt_SDFTESCC]
12:07:23.165 INFO - Executing: [send keys: 3 [[FirefoxDriver: firefox on LINUX (7f201c6e-571e-44fa-b2b9-125ef1d19b8d)] -> name: txt_SDFTESCC], [28]])
12:07:23.286 INFO - Done: [send keys: 3 [[FirefoxDriver: firefox on LINUX (7f201c6e-571e-44fa-b2b9-125ef1d19b8d)] -> name: txt_SDFTESCC], [28]]
12:07:23.291 INFO - Executing: [find element: By.name: txt_SDFNUMCC])
12:07:23.337 INFO - Done: [find element: By.name: txt_SDFNUMCC]
12:07:23.343 INFO - Executing: [send keys: 4 [[FirefoxDriver: firefox on LINUX (7f201c6e-571e-44fa-b2b9-125ef1d19b8d)] -> name: txt_SDFNUMCC], [149794464]])
12:07:23.456 INFO - Done: [send keys: 4 [[FirefoxDriver: firefox on LINUX (7f201c6e-571e-44fa-b2b9-125ef1d19b8d)] -> name: txt_SDFNUMCC], [149794464]]
12:07:23.462 INFO - Executing: [find element: By.name: cbo_ListaAltasBajas001])
12:07:23.482 INFO - Done: [find element: By.name: cbo_ListaAltasBajas001]
12:07:23.488 INFO - Executing: [tag name: 5 [[FirefoxDriver: firefox on LINUX (7f201c6e-571e-44fa-b2b9-125ef1d19b8d)] -> name: cbo_ListaAltasBajas001]])
12:07:23.506 INFO - Done: [tag name: 5 [[FirefoxDriver: firefox on LINUX (7f201c6e-571e-44fa-b2b9-125ef1d19b8d)] -> name: cbo_ListaAltasBajas001]]
12:07:23.511 INFO - Executing: [get element attribute: 5 [[FirefoxDriver: firefox on LINUX (7f201c6e-571e-44fa-b2b9-125ef1d19b8d)] -> name: cbo_ListaAltasBajas001], multiple])
12:07:23.537 INFO - Done: [get element attribute: 5 [[FirefoxDriver: firefox on LINUX (7f201c6e-571e-44fa-b2b9-125ef1d19b8d)] -> name: cbo_ListaAltasBajas001], multiple]
12:07:23.546 INFO - Executing: [find child elements: 5 [[FirefoxDriver: firefox on LINUX (7f201c6e-571e-44fa-b2b9-125ef1d19b8d)] -> name: cbo_ListaAltasBajas001], By.xpath: .//option[normalize-space(.) = 'Alta']])
12:07:23.572 INFO - Done: [find child elements: 5 [[FirefoxDriver: firefox on LINUX (7f201c6e-571e-44fa-b2b9-125ef1d19b8d)] -> name: cbo_ListaAltasBajas001], By.xpath: .//option[normalize-space(.) = 'Alta']]
12:07:23.582 INFO - Executing: [is selected: 6 [[[[FirefoxDriver: firefox on LINUX (7f201c6e-571e-44fa-b2b9-125ef1d19b8d)] -> name: cbo_ListaAltasBajas001]] -> xpath: .//option[normalize-space(.) = 'Alta']]])
12:07:23.595 INFO - Done: [is selected: 6 [[[[FirefoxDriver: firefox on LINUX (7f201c6e-571e-44fa-b2b9-125ef1d19b8d)] -> name: cbo_ListaAltasBajas001]] -> xpath: .//option[normalize-space(.) = 'Alta']]]
12:07:23.602 INFO - Executing: [click: 6 [[[[FirefoxDriver: firefox on LINUX (7f201c6e-571e-44fa-b2b9-125ef1d19b8d)] -> name: cbo_ListaAltasBajas001]] -> xpath: .//option[normalize-space(.) = 'Alta']]])
12:07:23.769 INFO - Done: [click: 6 [[[[FirefoxDriver: firefox on LINUX (7f201c6e-571e-44fa-b2b9-125ef1d19b8d)] -> name: cbo_ListaAltasBajas001]] -> xpath: .//option[normalize-space(.) = 'Alta']]]
12:07:23.773 INFO - Executing: [find element: By.name: txt_SDFDIAB])
12:07:23.791 INFO - Done: [find element: By.name: txt_SDFDIAB]
12:07:23.796 INFO - Executing: [send keys: 7 [[FirefoxDriver: firefox on LINUX (7f201c6e-571e-44fa-b2b9-125ef1d19b8d)] -> name: txt_SDFDIAB], [14]])
12:07:23.858 INFO - Done: [send keys: 7 [[FirefoxDriver: firefox on LINUX (7f201c6e-571e-44fa-b2b9-125ef1d19b8d)] -> name: txt_SDFDIAB], [14]]
12:07:23.861 INFO - Executing: [find element: By.name: txt_SDFMESB])
12:07:23.895 INFO - Done: [find element: By.name: txt_SDFMESB]
12:07:23.906 INFO - Executing: [send keys: 8 [[FirefoxDriver: firefox on LINUX (7f201c6e-571e-44fa-b2b9-125ef1d19b8d)] -> name: txt_SDFMESB], [06]])
12:07:24.002 INFO - Done: [send keys: 8 [[FirefoxDriver: firefox on LINUX (7f201c6e-571e-44fa-b2b9-125ef1d19b8d)] -> name: txt_SDFMESB], [06]]
12:07:24.006 INFO - Executing: [find element: By.name: txt_SDFAOB])
12:07:24.032 INFO - Done: [find element: By.name: txt_SDFAOB]
12:07:24.043 INFO - Executing: [send keys: 9 [[FirefoxDriver: firefox on LINUX (7f201c6e-571e-44fa-b2b9-125ef1d19b8d)] -> name: txt_SDFAOB], [2018]])
12:07:24.170 INFO - Done: [send keys: 9 [[FirefoxDriver: firefox on LINUX (7f201c6e-571e-44fa-b2b9-125ef1d19b8d)] -> name: txt_SDFAOB], [2018]]
12:07:24.185 INFO - Executing: [find element: By.name: cbo_ListaAltasBajas])
12:07:24.219 INFO - Done: [find element: By.name: cbo_ListaAltasBajas]
12:07:24.225 INFO - Executing: [tag name: 10 [[FirefoxDriver: firefox on LINUX (7f201c6e-571e-44fa-b2b9-125ef1d19b8d)] -> name: cbo_ListaAltasBajas]])
12:07:24.327 INFO - Done: [tag name: 10 [[FirefoxDriver: firefox on LINUX (7f201c6e-571e-44fa-b2b9-125ef1d19b8d)] -> name: cbo_ListaAltasBajas]]
12:07:24.331 INFO - Executing: [get element attribute: 10 [[FirefoxDriver: firefox on LINUX (7f201c6e-571e-44fa-b2b9-125ef1d19b8d)] -> name: cbo_ListaAltasBajas], multiple])
12:07:24.353 INFO - Done: [get element attribute: 10 [[FirefoxDriver: firefox on LINUX (7f201c6e-571e-44fa-b2b9-125ef1d19b8d)] -> name: cbo_ListaAltasBajas], multiple]
12:07:24.358 INFO - Executing: [find child elements: 10 [[FirefoxDriver: firefox on LINUX (7f201c6e-571e-44fa-b2b9-125ef1d19b8d)] -> name: cbo_ListaAltasBajas], By.xpath: .//option[normalize-space(.) = 'Eliminación']])
12:07:24.465 INFO - Done: [find child elements: 10 [[FirefoxDriver: firefox on LINUX (7f201c6e-571e-44fa-b2b9-125ef1d19b8d)] -> name: cbo_ListaAltasBajas], By.xpath: .//option[normalize-space(.) = 'Eliminación']]
12:07:24.469 INFO - Executing: [is selected: 11 [[[[FirefoxDriver: firefox on LINUX (7f201c6e-571e-44fa-b2b9-125ef1d19b8d)] -> name: cbo_ListaAltasBajas]] -> xpath: .//option[normalize-space(.) = 'Eliminación']]])
12:07:24.502 INFO - Done: [is selected: 11 [[[[FirefoxDriver: firefox on LINUX (7f201c6e-571e-44fa-b2b9-125ef1d19b8d)] -> name: cbo_ListaAltasBajas]] -> xpath: .//option[normalize-space(.) = 'Eliminación']]]
12:07:24.506 INFO - Executing: [click: 11 [[[[FirefoxDriver: firefox on LINUX (7f201c6e-571e-44fa-b2b9-125ef1d19b8d)] -> name: cbo_ListaAltasBajas]] -> xpath: .//option[normalize-space(.) = 'Eliminación']]])
12:07:24.717 INFO - Done: [click: 11 [[[[FirefoxDriver: firefox on LINUX (7f201c6e-571e-44fa-b2b9-125ef1d19b8d)] -> name: cbo_ListaAltasBajas]] -> xpath: .//option[normalize-space(.) = 'Eliminación']]]
12:07:24.729 INFO - Executing: [take screenshot])
12:07:24.811 INFO - Done: [take screenshot]
12:07:24.871 INFO - Executing: [find element: By.name: btn_Sub2207101004])
12:07:24.891 INFO - Done: [find element: By.name: btn_Sub2207101004]
12:07:24.896 INFO - Executing: [click: 12 [[FirefoxDriver: firefox on LINUX (7f201c6e-571e-44fa-b2b9-125ef1d19b8d)] -> name: btn_Sub2207101004]])
12:07:25.655 INFO - Done: [click: 12 [[FirefoxDriver: firefox on LINUX (7f201c6e-571e-44fa-b2b9-125ef1d19b8d)] -> name: btn_Sub2207101004]]
12:07:25.666 INFO - Executing: [find elements: By.name: txt_SDFSITALT_ayuda])
12:07:25.712 INFO - Done: [find elements: By.name: txt_SDFSITALT_ayuda]
12:07:25.721 INFO - Executing: [find elements: By.id: DIL])
12:07:25.737 INFO - Done: [find elements: By.id: DIL]
12:07:25.740 INFO - Executing: [get text: 13 [[FirefoxDriver: firefox on LINUX (7f201c6e-571e-44fa-b2b9-125ef1d19b8d)] -> id: DIL]])
12:07:25.781 INFO - Done: [get text: 13 [[FirefoxDriver: firefox on LINUX (7f201c6e-571e-44fa-b2b9-125ef1d19b8d)] -> id: DIL]]
12:07:25.792 INFO - Executing: [is displayed: 13 [[FirefoxDriver: firefox on LINUX (7f201c6e-571e-44fa-b2b9-125ef1d19b8d)] -> id: DIL]])
12:07:25.837 INFO - Done: [is displayed: 13 [[FirefoxDriver: firefox on LINUX (7f201c6e-571e-44fa-b2b9-125ef1d19b8d)] -> id: DIL]]
12:07:25.856 INFO - Executing: [find elements: By.id: DIL])
12:07:25.876 INFO - Done: [find elements: By.id: DIL]
12:07:25.880 INFO - Executing: [get text: 13 [[FirefoxDriver: firefox on LINUX (7f201c6e-571e-44fa-b2b9-125ef1d19b8d)] -> id: DIL]])
12:07:25.902 INFO - Done: [get text: 13 [[FirefoxDriver: firefox on LINUX (7f201c6e-571e-44fa-b2b9-125ef1d19b8d)] -> id: DIL]]
12:07:25.906 INFO - Executing: [is displayed: 13 [[FirefoxDriver: firefox on LINUX (7f201c6e-571e-44fa-b2b9-125ef1d19b8d)] -> id: DIL]])
12:07:25.927 INFO - Done: [is displayed: 13 [[FirefoxDriver: firefox on LINUX (7f201c6e-571e-44fa-b2b9-125ef1d19b8d)] -> id: DIL]]
12:07:25.950 INFO - Executing: [get text: 13 [[FirefoxDriver: firefox on LINUX (7f201c6e-571e-44fa-b2b9-125ef1d19b8d)] -> id: DIL]])
12:07:26.027 INFO - Done: [get text: 13 [[FirefoxDriver: firefox on LINUX (7f201c6e-571e-44fa-b2b9-125ef1d19b8d)] -> id: DIL]]
12:07:26.086 INFO - Executing: [get text: 13 [[FirefoxDriver: firefox on LINUX (7f201c6e-571e-44fa-b2b9-125ef1d19b8d)] -> id: DIL]])
12:07:26.108 INFO - Done: [get text: 13 [[FirefoxDriver: firefox on LINUX (7f201c6e-571e-44fa-b2b9-125ef1d19b8d)] -> id: DIL]]
12:09:40.180 INFO - Executing: [get: https://w2.seg-social.es/Xhtml?JacadaApplicationName=SGIRED&TRANSACCION=ATR41&E=I&AP=AFIR])
12:09:41.420 INFO - Done: [get: https://w2.seg-social.es/Xhtml?JacadaApplicationName=SGIRED&TRANSACCION=ATR41&E=I&AP=AFIR]
12:09:41.440 INFO - Executing: [find element: By.name: txt_SDFTESORNAF])
12:09:41.489 INFO - Done: [find element: By.name: txt_SDFTESORNAF]
12:09:41.494 INFO - Executing: [send keys: 14 [[FirefoxDriver: firefox on LINUX (7f201c6e-571e-44fa-b2b9-125ef1d19b8d)] -> name: txt_SDFTESORNAF], [46]])
12:09:41.582 INFO - Done: [send keys: 14 [[FirefoxDriver: firefox on LINUX (7f201c6e-571e-44fa-b2b9-125ef1d19b8d)] -> name: txt_SDFTESORNAF], [46]]
12:09:41.588 INFO - Executing: [find element: By.name: txt_SDFNUMNAF])
12:09:41.621 INFO - Done: [find element: By.name: txt_SDFNUMNAF]
12:09:41.627 INFO - Executing: [send keys: 15 [[FirefoxDriver: firefox on LINUX (7f201c6e-571e-44fa-b2b9-125ef1d19b8d)] -> name: txt_SDFNUMNAF], [1072254410]])
12:09:41.741 INFO - Done: [send keys: 15 [[FirefoxDriver: firefox on LINUX (7f201c6e-571e-44fa-b2b9-125ef1d19b8d)] -> name: txt_SDFNUMNAF], [1072254410]]
12:09:41.747 INFO - Executing: [find element: By.name: txt_SDFREGCC_ayuda])
12:09:41.783 INFO - Done: [find element: By.name: txt_SDFREGCC_ayuda]
12:09:41.791 INFO - Executing: [send keys: 16 [[FirefoxDriver: firefox on LINUX (7f201c6e-571e-44fa-b2b9-125ef1d19b8d)] -> name: txt_SDFREGCC_ayuda], [111]])
12:09:41.864 INFO - Done: [send keys: 16 [[FirefoxDriver: firefox on LINUX (7f201c6e-571e-44fa-b2b9-125ef1d19b8d)] -> name: txt_SDFREGCC_ayuda], [111]]
12:09:41.871 INFO - Executing: [find element: By.name: txt_SDFTESCC])
12:09:41.902 INFO - Done: [find element: By.name: txt_SDFTESCC]
12:09:41.906 INFO - Executing: [send keys: 17 [[FirefoxDriver: firefox on LINUX (7f201c6e-571e-44fa-b2b9-125ef1d19b8d)] -> name: txt_SDFTESCC], [28]])
12:09:42.014 INFO - Done: [send keys: 17 [[FirefoxDriver: firefox on LINUX (7f201c6e-571e-44fa-b2b9-125ef1d19b8d)] -> name: txt_SDFTESCC], [28]]
12:09:42.025 INFO - Executing: [find element: By.name: txt_SDFNUMCC])
12:09:42.063 INFO - Done: [find element: By.name: txt_SDFNUMCC]
12:09:42.081 INFO - Executing: [send keys: 18 [[FirefoxDriver: firefox on LINUX (7f201c6e-571e-44fa-b2b9-125ef1d19b8d)] -> name: txt_SDFNUMCC], [149794464]])
12:09:42.241 INFO - Done: [send keys: 18 [[FirefoxDriver: firefox on LINUX (7f201c6e-571e-44fa-b2b9-125ef1d19b8d)] -> name: txt_SDFNUMCC], [149794464]]
12:09:42.269 INFO - Executing: [take screenshot])
12:09:42.346 INFO - Done: [take screenshot]
12:09:42.366 INFO - Executing: [find element: By.name: btn_Sub2207501004])
12:09:42.385 INFO - Done: [find element: By.name: btn_Sub2207501004]
12:09:42.391 INFO - Executing: [click: 19 [[FirefoxDriver: firefox on LINUX (7f201c6e-571e-44fa-b2b9-125ef1d19b8d)] -> name: btn_Sub2207501004]])
12:09:42.953 INFO - Done: [click: 19 [[FirefoxDriver: firefox on LINUX (7f201c6e-571e-44fa-b2b9-125ef1d19b8d)] -> name: btn_Sub2207501004]]
12:09:42.963 INFO - Executing: [find elements: By.name: txt_SDFSITALT_ayuda])
12:09:42.997 INFO - Done: [find elements: By.name: txt_SDFSITALT_ayuda]
12:09:43.008 INFO - Executing: [find elements: By.id: DIL])
12:09:43.029 INFO - Done: [find elements: By.id: DIL]
12:09:43.032 INFO - Executing: [get text: 20 [[FirefoxDriver: firefox on LINUX (7f201c6e-571e-44fa-b2b9-125ef1d19b8d)] -> id: DIL]])
12:09:43.095 INFO - Done: [get text: 20 [[FirefoxDriver: firefox on LINUX (7f201c6e-571e-44fa-b2b9-125ef1d19b8d)] -> id: DIL]]
12:09:43.110 INFO - Executing: [is displayed: 20 [[FirefoxDriver: firefox on LINUX (7f201c6e-571e-44fa-b2b9-125ef1d19b8d)] -> id: DIL]])
12:09:43.196 INFO - Done: [is displayed: 20 [[FirefoxDriver: firefox on LINUX (7f201c6e-571e-44fa-b2b9-125ef1d19b8d)] -> id: DIL]]
12:09:43.269 INFO - Executing: [find elements: By.id: DIL])
12:09:43.283 INFO - Done: [find elements: By.id: DIL]
12:09:43.289 INFO - Executing: [get text: 20 [[FirefoxDriver: firefox on LINUX (7f201c6e-571e-44fa-b2b9-125ef1d19b8d)] -> id: DIL]])
12:09:43.317 INFO - Done: [get text: 20 [[FirefoxDriver: firefox on LINUX (7f201c6e-571e-44fa-b2b9-125ef1d19b8d)] -> id: DIL]]
12:09:43.320 INFO - Executing: [is displayed: 20 [[FirefoxDriver: firefox on LINUX (7f201c6e-571e-44fa-b2b9-125ef1d19b8d)] -> id: DIL]])
12:09:43.338 INFO - Done: [is displayed: 20 [[FirefoxDriver: firefox on LINUX (7f201c6e-571e-44fa-b2b9-125ef1d19b8d)] -> id: DIL]]
12:09:43.349 INFO - Executing: [get text: 20 [[FirefoxDriver: firefox on LINUX (7f201c6e-571e-44fa-b2b9-125ef1d19b8d)] -> id: DIL]])
12:09:43.368 INFO - Done: [get text: 20 [[FirefoxDriver: firefox on LINUX (7f201c6e-571e-44fa-b2b9-125ef1d19b8d)] -> id: DIL]]
12:09:43.381 INFO - Executing: [get text: 20 [[FirefoxDriver: firefox on LINUX (7f201c6e-571e-44fa-b2b9-125ef1d19b8d)] -> id: DIL]])
12:09:43.402 INFO - Done: [get text: 20 [[FirefoxDriver: firefox on LINUX (7f201c6e-571e-44fa-b2b9-125ef1d19b8d)] -> id: DIL]]
12:12:48.904 INFO - Executing: [get: https://w2.seg-social.es/Xhtml?JacadaApplicationName=SGIRED&TRANSACCION=ATR42&E=I&AP=AFIR])
12:12:49.651 INFO - Done: [get: https://w2.seg-social.es/Xhtml?JacadaApplicationName=SGIRED&TRANSACCION=ATR42&E=I&AP=AFIR]
12:12:49.665 INFO - Executing: [find element: By.name: txt_SDFTESORNAF])
12:12:49.699 INFO - Done: [find element: By.name: txt_SDFTESORNAF]
12:12:49.704 INFO - Executing: [send keys: 21 [[FirefoxDriver: firefox on LINUX (7f201c6e-571e-44fa-b2b9-125ef1d19b8d)] -> name: txt_SDFTESORNAF], [46]])
12:12:49.875 INFO - Done: [send keys: 21 [[FirefoxDriver: firefox on LINUX (7f201c6e-571e-44fa-b2b9-125ef1d19b8d)] -> name: txt_SDFTESORNAF], [46]]
12:12:49.878 INFO - Executing: [find element: By.name: txt_SDFNUMNAF])
12:12:49.922 INFO - Done: [find element: By.name: txt_SDFNUMNAF]
12:12:49.927 INFO - Executing: [send keys: 22 [[FirefoxDriver: firefox on LINUX (7f201c6e-571e-44fa-b2b9-125ef1d19b8d)] -> name: txt_SDFNUMNAF], [1072254410]])
