18:03:55.223 INFO - Selenium build info: version: '3.8.1', revision: '6e95a6684b'
18:03:55.224 INFO - Launching a standalone Selenium Server
2018-07-23 18:03:56.385:INFO::main: Logging initialized @3992ms to org.seleniumhq.jetty9.util.log.StdErrLog
18:03:56.875 INFO - Using `new FirefoxOptions()` is preferred to `DesiredCapabilities.firefox()`
18:03:57.060 INFO - Using `new ChromeOptions()` is preferred to `DesiredCapabilities.chrome()`
18:03:57.063 INFO - Using `new EdgeOptions()` is preferred to `DesiredCapabilities.edge()`
18:03:57.064 INFO - Driver class not found: com.opera.core.systems.OperaDriver
18:03:57.064 INFO - Using `new OperaOptions()` is preferred to `DesiredCapabilities.operaBlink()`
18:03:57.118 INFO - Using `new SafariOptions()` is preferred to `DesiredCapabilities.safari()`
18:03:57.120 INFO - Driver class not found: org.openqa.selenium.phantomjs.PhantomJSDriver
18:03:57.628 INFO - Driver provider class org.openqa.selenium.ie.InternetExplorerDriver registration is skipped:
 registration capabilities Capabilities {browserName: internet explorer, ensureCleanSession: true, platform: WINDOWS, version: } does not match the current platform LINUX
18:03:57.628 INFO - Driver provider class org.openqa.selenium.edge.EdgeDriver registration is skipped:
 registration capabilities Capabilities {browserName: MicrosoftEdge, platform: WINDOWS, version: } does not match the current platform LINUX
18:03:57.629 INFO - Driver provider class org.openqa.selenium.safari.SafariDriver registration is skipped:
 registration capabilities Capabilities {browserName: safari, platform: MAC, version: } does not match the current platform LINUX
18:03:57.994 INFO - Using `new ChromeOptions()` is preferred to `DesiredCapabilities.chrome()`
18:03:57.996 INFO - Using `new EdgeOptions()` is preferred to `DesiredCapabilities.edge()`
18:03:57.996 INFO - Using `new FirefoxOptions()` is preferred to `DesiredCapabilities.firefox()`
18:03:57.997 INFO - Using `new OperaOptions()` is preferred to `DesiredCapabilities.operaBlink()`
18:03:57.997 INFO - Using `new SafariOptions()` is preferred to `DesiredCapabilities.safari()`
2018-07-23 18:03:58.408:INFO:osjs.Server:main: jetty-9.4.7.v20170914
2018-07-23 18:03:58.823:WARN:osjs.SecurityHandler:main: ServletContext@o.s.j.s.ServletContextHandler@1d371b2d{/,null,STARTING} has uncovered http methods for path: /
2018-07-23 18:03:58.866:INFO:osjsh.ContextHandler:main: Started o.s.j.s.ServletContextHandler@1d371b2d{/,null,AVAILABLE}
2018-07-23 18:03:58.999:INFO:osjs.AbstractConnector:main: Started ServerConnector@16f7c8c1{HTTP/1.1,[http/1.1]}{0.0.0.0:4444}
2018-07-23 18:03:59.000:INFO:osjs.Server:main: Started @6858ms
18:03:59.000 INFO - Selenium Server is up and running
 a WebDriver command is running (example: driver.get(url)). If the
       timeout is reached while a WebDriver command is still processing, the session
       will quit. Minimum value is 60. An unspecified, zero, or negative value means
       wait indefinitely.
       Default: 0
    -debug
       <Boolean> : enables LogLevel.FINE.
       Default: false
    -enablePassThrough
       <Boolean>: Whether or not to use the experimental passthrough mode.
       Defaults to true.
       Default: false
    -jettyThreads, -jettyMaxThreads
       <Integer> : max number of threads for Jetty. An unspecified, zero, or
       negative value means the Jetty default value (200) will be used.
    -log
       <String> filename : the filename to use for logging. If omitted, will log
       to STDOUT
    -port
       <Integer> : the port number the server will use.
       Default: 4444
    -role
       <String> options are [hub], [node], or [standalone].
       Default: standalone
    -timeout, -sessionTimeout
       <Integer> in seconds : Specifies the timeout before the server
       automatically kills a session that hasn't had any activity in the last X seconds. The
       test slot will then be released for another test to use. This is typically
       used to take care of client crashes. For grid hub/node roles, cleanUpCycle
       must also be set.
       Default: 99999999

java.lang.RuntimeException: java.net.BindException: La direcci칩n ya se est치 usando
	at org.openqa.selenium.remote.server.SeleniumServer.boot(SeleniumServer.java:198)
	at org.openqa.grid.selenium.GridLauncherV3$1.launch(GridLauncherV3.java:237)
	at org.openqa.grid.selenium.GridLauncherV3.main(GridLauncherV3.java:82)
Caused by: java.net.BindException: La direcci칩n ya se est치 usando
	at sun.nio.ch.Net.bind0(Native Method)
	at sun.nio.ch.Net.bind(Net.java:433)
	at sun.nio.ch.Net.bind(Net.java:425)
	at sun.nio.ch.ServerSocketChannelImpl.bind(ServerSocketChannelImpl.java:223)
	at sun.nio.ch.ServerSocketAdaptor.bind(ServerSocketAdaptor.java:74)
	at org.seleniumhq.jetty9.server.ServerConnector.openAcceptChannel(ServerConnector.java:334)
	at org.seleniumhq.jetty9.server.ServerConnector.open(ServerConnector.java:302)
	at org.seleniumhq.jetty9.server.AbstractNetworkConnector.doStart(AbstractNetworkConnector.java:80)
	at org.seleniumhq.jetty9.server.ServerConnector.doStart(ServerConnector.java:238)
	at org.seleniumhq.jetty9.util.component.AbstractLifeCycle.start(AbstractLifeCycle.java:68)
	at org.seleniumhq.jetty9.server.Server.doStart(Server.java:428)
	at org.seleniumhq.jetty9.util.component.AbstractLifeCycle.start(AbstractLifeCycle.java:68)
	at org.openqa.selenium.remote.server.SeleniumServer.boot(SeleniumServer.java:196)
	... 2 more
