13:28:03.499 INFO - Selenium build info: version: '3.8.1', revision: '6e95a6684b'
13:28:03.500 INFO - Launching a standalone Selenium Server
2018-06-12 13:28:04.025:INFO::main: Logging initialized @1816ms to org.seleniumhq.jetty9.util.log.StdErrLog
13:28:04.426 INFO - Using `new FirefoxOptions()` is preferred to `DesiredCapabilities.firefox()`
13:28:04.567 INFO - Using `new ChromeOptions()` is preferred to `DesiredCapabilities.chrome()`
13:28:04.571 INFO - Using `new EdgeOptions()` is preferred to `DesiredCapabilities.edge()`
13:28:04.616 INFO - Driver class not found: com.opera.core.systems.OperaDriver
13:28:04.616 INFO - Using `new OperaOptions()` is preferred to `DesiredCapabilities.operaBlink()`
13:28:04.617 INFO - Using `new SafariOptions()` is preferred to `DesiredCapabilities.safari()`
13:28:04.618 INFO - Driver class not found: org.openqa.selenium.phantomjs.PhantomJSDriver
13:28:04.892 INFO - Driver provider class org.openqa.selenium.ie.InternetExplorerDriver registration is skipped:
 registration capabilities Capabilities {browserName: internet explorer, ensureCleanSession: true, platform: WINDOWS, version: } does not match the current platform LINUX
13:28:04.893 INFO - Driver provider class org.openqa.selenium.edge.EdgeDriver registration is skipped:
 registration capabilities Capabilities {browserName: MicrosoftEdge, platform: WINDOWS, version: } does not match the current platform LINUX
13:28:04.893 INFO - Driver provider class org.openqa.selenium.safari.SafariDriver registration is skipped:
 registration capabilities Capabilities {browserName: safari, platform: MAC, version: } does not match the current platform LINUX
13:28:05.127 INFO - Using `new ChromeOptions()` is preferred to `DesiredCapabilities.chrome()`
13:28:05.128 INFO - Using `new EdgeOptions()` is preferred to `DesiredCapabilities.edge()`
13:28:05.128 INFO - Using `new FirefoxOptions()` is preferred to `DesiredCapabilities.firefox()`
13:28:05.129 INFO - Using `new OperaOptions()` is preferred to `DesiredCapabilities.operaBlink()`
13:28:05.149 INFO - Using `new SafariOptions()` is preferred to `DesiredCapabilities.safari()`
2018-06-12 13:28:05.265:INFO:osjs.Server:main: jetty-9.4.7.v20170914
2018-06-12 13:28:05.576:WARN:osjs.SecurityHandler:main: ServletContext@o.s.j.s.ServletContextHandler@1d371b2d{/,null,STARTING} has uncovered http methods for path: /
2018-06-12 13:28:05.604:INFO:osjsh.ContextHandler:main: Started o.s.j.s.ServletContextHandler@1d371b2d{/,null,AVAILABLE}
Usage: <main class> [options]
  Options:
    --version, -version
       Displays the version and exits.
       Default: false
    -browserTimeout
       <Integer> in seconds : number of seconds a browser session is allowed to
       hang while a WebDriver command is running (example: driver.get(url)). If the
       timeout is reached while a WebDriver command is still processing, the session
       will quit. Minimum value is 60. An unspecified, zero, or negative value means
       wait indefinitely.
       Default: 0
    -debug
      13:28:13.904 INFO - Detected dialect: OSS
13:28:13.948 INFO - Done: [new session: Capabilities {browserName: firefox, firefox_profile: UEsDBBQAAAAIABYBuEykYb5h8QE..., platform: LINUX}]
13:28:14.199 INFO - Executing: [get: https://w2.seg-social.es/Xhtml?JacadaApplicationName=SGIRED&TRANSACCION=ATR42&E=I&AP=AFIR])
13:28:15.980 INFO - Done: [get: https://w2.seg-social.es/Xhtml?JacadaApplicationName=SGIRED&TRANSACCION=ATR42&E=I&AP=AFIR]
13:28:16.001 INFO - Executing: [find element: By.name: txt_SDFTESORNAF])
13:28:16.162 INFO - Done: [find element: By.name: txt_SDFTESORNAF]
13:28:16.182 INFO - Executing: [send keys: 0 [[FirefoxDriver: firefox on LINUX (5377ba48-e4d8-4277-b114-9ba419b0d18b)] -> name: txt_SDFTESORNAF], [46]])
13:28:16.308 INFO - Done: [send keys: 0 [[FirefoxDriver: firefox on LINUX (5377ba48-e4d8-4277-b114-9ba419b0d18b)] -> name: txt_SDFTESORNAF], [46]]
13:28:16.314 INFO - Executing: [find element: By.name: txt_SDFNUMNAF])
13:28:16.341 INFO - Done: [find element: By.name: txt_SDFNUMNAF]
13:28:16.350 INFO - Executing: [send keys: 1 [[FirefoxDriver: firefox on LINUX (5377ba48-e4d8-4277-b114-9ba419b0d18b)] -> name: txt_SDFNUMNAF], [1072254410]])
13:28:16.493 INFO - Done: [send keys: 1 [[FirefoxDriver: firefox on LINUX (5377ba48-e4d8-4277-b114-9ba419b0d18b)] -> name: txt_SDFNUMNAF], [1072254410]]
13:28:16.497 INFO - Executing: [find element: By.name: txt_SDFREGCC_ayuda])
13:28:16.528 INFO - Done: [find element: By.name: txt_SDFREGCC_ayuda]
13:28:16.537 INFO - Executing: [send keys: 2 [[FirefoxDriver: firefox on LINUX (5377ba48-e4d8-4277-b114-9ba419b0d18b)] -> name: txt_SDFREGCC_ayuda], [111]])
13:28:16.632 INFO - Done: [send keys: 2 [[FirefoxDriver: firefox on LINUX (5377ba48-e4d8-4277-b114-9ba419b0d18b)] -> name: txt_SDFREGCC_ayuda], [111]]
13:28:16.637 INFO - Executing: [find element: By.name: txt_SDFTESCC])
13:28:16.655 INFO - Done: [find element: By.name: txt_SDFTESCC]
13:28:16.671 INFO - Executing: [send keys: 3 [[FirefoxDriver: firefox on LINUX (5377ba48-e4d8-4277-b114-9ba419b0d18b)] -> name: txt_SDFTESCC], [28]])
13:28:16.756 INFO - Done: [send keys: 3 [[FirefoxDriver: firefox on LINUX (5377ba48-e4d8-4277-b114-9ba419b0d18b)] -> name: txt_SDFTESCC], [28]]
13:28:16.763 INFO - Executing: [find element: By.name: txt_SDFNUMCC])
13:28:16.796 INFO - Done: [find element: By.name: txt_SDFNUMCC]
13:28:16.802 INFO - Executing: [send keys: 4 [[FirefoxDriver: firefox on LINUX (5377ba48-e4d8-4277-b114-9ba419b0d18b)] -> name: txt_SDFNUMCC], [149794464]])
13:28:16.872 INFO - Done: [send keys: 4 [[FirefoxDriver: firefox on LINUX (5377ba48-e4d8-4277-b114-9ba419b0d18b)] -> name: txt_SDFNUMCC], [149794464]]
