11:54:37.174 INFO - Selenium build info: version: '3.8.1', revision: '6e95a6684b'
11:54:37.175 INFO - Launching a standalone Selenium Server
2018-07-09 11:54:37.405:INFO::main: Logging initialized @1004ms to org.seleniumhq.jetty9.util.log.StdErrLog
11:54:37.493 INFO - Using `new FirefoxOptions()` is preferred to `DesiredCapabilities.firefox()`
11:54:37.525 INFO - Using `new ChromeOptions()` is preferred to `DesiredCapabilities.chrome()`
11:54:37.529 INFO - Using `new EdgeOptions()` is preferred to `DesiredCapabilities.edge()`
11:54:37.530 INFO - Driver class not found: com.opera.core.systems.OperaDriver
11:54:37.530 INFO - Using `new OperaOptions()` is preferred to `DesiredCapabilities.operaBlink()`
11:54:37.531 INFO - Using `new SafariOptions()` is preferred to `DesiredCapabilities.safari()`
11:54:37.532 INFO - Driver class not found: org.openqa.selenium.phantomjs.PhantomJSDriver
11:54:37.608 INFO - Driver provider class org.openqa.selenium.ie.InternetExplorerDriver registration is skipped:
 registration capabilities Capabilities {browserName: internet explorer, ensureCleanSession: true, platform: WINDOWS, version: } does not match the current platform LINUX
11:54:37.608 INFO - Driver provider class org.openqa.selenium.edge.EdgeDriver registration is skipped:
 registration capabilities Capabilities {browserName: MicrosoftEdge, platform: WINDOWS, version: } does not match the current platform LINUX
11:54:37.609 INFO - Driver provider class org.openqa.selenium.safari.SafariDriver registration is skipped:
 registration capabilities Capabilities {browserName: safari, platform: MAC, version: } does not match the current platform LINUX
11:54:37.701 INFO - Using `new ChromeOptions()` is preferred to `DesiredCapabilities.chrome()`
11:54:37.702 INFO - Using `new EdgeOptions()` is preferred to `DesiredCapabilities.edge()`
11:54:37.703 INFO - Using `new FirefoxOptions()` is preferred to `DesiredCapabilities.firefox()`
11:54:37.703 INFO - Using `new OperaOptions()` is preferred to `DesiredCapabilities.operaBlink()`
11:54:37.703 INFO - Using `new SafariOptions()` is preferred to `DesiredCapabilities.safari()`
2018-07-09 11:54:37.793:INFO:osjs.Server:main: jetty-9.4.7.v20170914
2018-07-09 11:54:38.020:WARN:osjs.SecurityHandler:main: ServletContext@o.s.j.s.ServletContextHandler@1d371b2d{/,null,STARTING} has uncovered http methods for path: /
2018-07-09 11:54:38.026:INFO:osjsh.ContextHandler:main: Started o.s.j.s.ServletContextHandler@1d371b2d{/,null,AVAILABLE}
Usage: <main class> [options]
  Options:
    --version, -version
       Displays the version and exits.
       Default: false
    -browserTimeout
       <Integer> in seconds : number of seconds a browser session is allowed to
       hang while11:57:51.834 INFO - Executing: [new session: Capabilities {browserName: firefox, firefox_profile: UEsDBBQAAAAIABYBuEykYb5h8QE..., platform: LINUX}])
11:57:51.880 INFO - Creating a new session for Capabilities {browserName: firefox, firefox_profile: UEsDBBQAAAAIABYBuEykYb5h8QE..., platform: LINUX}
11:58:01.748 INFO - Detected dialect: OSS
11:58:01.784 INFO - Done: [new session: Capabilities {browserName: firefox, firefox_profile: UEsDBBQAAAAIABYBuEykYb5h8QE..., platform: LINUX}]
11:58:02.071 INFO - Executing: [get: https://w2.seg-social.es/Xhtml?JacadaApplicationName=SGIRED&TRANSACCION=ATR42&E=I&AP=AFIR])
11:58:04.360 INFO - Done: [get: https://w2.seg-social.es/Xhtml?JacadaApplicationName=SGIRED&TRANSACCION=ATR42&E=I&AP=AFIR]
11:58:04.387 INFO - Executing: [find element: By.name: txt_SDFTESORNAF])
11:58:04.648 INFO - Done: [find element: By.name: txt_SDFTESORNAF]
11:58:04.672 INFO - Executing: [send keys: 0 [[FirefoxDriver: firefox on LINUX (fd15c461-a910-4a95-956d-5dbfbcd36ce7)] -> name: txt_SDFTESORNAF], [46]])
11:58:04.865 INFO - Done: [send keys: 0 [[FirefoxDriver: firefox on LINUX (fd15c461-a910-4a95-956d-5dbfbcd36ce7)] -> name: txt_SDFTESORNAF], [46]]
11:58:04.871 INFO - Executing: [find element: By.name: txt_SDFNUMNAF])
11:58:04.945 INFO - Done: [find element: By.name: txt_SDFNUMNAF]
11:58:04.950 INFO - Executing: [send keys: 1 [[FirefoxDriver: firefox on LINUX (fd15c461-a910-4a95-956d-5dbfbcd36ce7)] -> name: txt_SDFNUMNAF], [1072254410]])
11:58:05.222 INFO - Done: [send keys: 1 [[FirefoxDriver: firefox on LINUX (fd15c461-a910-4a95-956d-5dbfbcd36ce7)] -> name: txt_SDFNUMNAF], [1072254410]]
11:58:05.226 INFO - Executing: [find element: By.name: txt_SDFREGCC_ayuda])
11:58:05.264 INFO - Done: [find element: By.name: txt_SDFREGCC_ayuda]
11:58:05.274 INFO - Executing: [send keys: 2 [[FirefoxDriver: firefox on LINUX (fd15c461-a910-4a95-956d-5dbfbcd36ce7)] -> name: txt_SDFREGCC_ayuda], [111]])
11:58:05.424 INFO - Done: [send keys: 2 [[FirefoxDriver: firefox on LINUX (fd15c461-a910-4a95-956d-5dbfbcd36ce7)] -> name: txt_SDFREGCC_ayuda], [111]]
11:58:05.430 INFO - Executing: [find element: By.name: txt_SDFTESCC])
11:58:05.475 INFO - Done: [find element: By.name: txt_SDFTESCC]
11:58:05.480 INFO - Executing: [send keys: 3 [[FirefoxDriver: firefox on LINUX (fd15c461-a910-4a95-956d-5dbfbcd36ce7)] -> name: txt_SDFTESCC], [28]])
11:58:05.709 INFO - Done: [send keys: 3 [[FirefoxDriver: firefox on LINUX (fd15c461-a910-4a95-956d-5dbfbcd36ce7)] -> name: txt_SDFTESCC], [28]]
11:58:05.718 INFO - Executing: [find element: By.name: txt_SDFNUMCC])
11:58:05.819 INFO - Done: [find element: By.name: txt_SDFNUMCC]
11:58:05.828 INFO - Executing: [send keys: 4 [[FirefoxDriver: firefox on LINUX (fd15c461-a910-4a95-956d-5dbfbcd36ce7)] -> name: txt_SDFNUMCC], [149794464]])
11:58:06.164 INFO - Done: [send keys: 4 [[FirefoxDriver: firefox on LINUX (fd15c461-a910-4a95-956d-5dbfbcd36ce7)] -> name: txt_SDFNUMCC], [149794464]]
11:58:06.191 INFO - Executing: [find element: By.name: cbo_ListaAltasBajas001])
11:58:06.224 INFO - Done: [find element: By.name: cbo_ListaAltasBajas001]
11:58:06.233 INFO - Executing: [tag name: 5 [[FirefoxDriver: firefox on LINUX (fd15c461-a910-4a95-956d-5dbfbcd36ce7)] -> name: cbo_ListaAltasBajas001]])
11:58:06.357 INFO - Done: [tag name: 5 [[FirefoxDriver: firefox on LINUX (fd15c461-a910-4a95-956d-5dbfbcd36ce7)] -> name: cbo_ListaAltasBajas001]]
11:58:06.362 INFO - Executing: [get element attribute: 5 [[FirefoxDriver: firefox on LINUX (fd15c461-a910-4a95-956d-5dbfbcd36ce7)] -> name: cbo_ListaAltasBajas001], multiple])
11:58:06.417 INFO - Done: [get element attribute: 5 [[FirefoxDriver: firefox on LINUX (fd15c461-a910-4a95-956d-5dbfbcd36ce7)] -> name: cbo_ListaAltasBajas001], multiple]
11:58:06.436 INFO - Executing: [find child elements: 5 [[FirefoxDriver: firefox on LINUX (fd15c461-a910-4a95-956d-5dbfbcd36ce7)] -> name: cbo_ListaAltasBajas001], By.xpath: .//option[normalize-space(.) = 'Alta']])
11:58:06.529 INFO - Done: [find child elements: 5 [[FirefoxDriver: firefox on LINUX (fd15c461-a910-4a95-956d-5dbfbcd36ce7)] -> name: cbo_ListaAltasBajas001], By.xpath: .//option[normalize-space(.) = 'Alta']]
11:58:06.550 INFO - Executing: [is selected: 6 [[[[FirefoxDriver: firefox on LINUX (fd15c461-a910-4a95-956d-5dbfbcd36ce7)] -> name: cbo_ListaAltasBajas001]] -> xpath: .//option[normalize-space(.) = 'Alta']]])
11:58:06.643 INFO - Done: [is selected: 6 [[[[FirefoxDriver: firefox on LINUX (fd15c461-a910-4a95-956d-5dbfbcd36ce7)] -> name: cbo_ListaAltasBajas001]] -> xpath: .//option[normalize-space(.) = 'Alta']]]
11:58:06.650 INFO - Executing: [click: 6 [[[[FirefoxDriver: firefox on LINUX (fd15c461-a910-4a95-956d-5dbfbcd36ce7)] -> name: cbo_ListaAltasBajas001]] -> xpath: .//option[normalize-space(.) = 'Alta']]])
11:58:07.379 INFO - Done: [click: 6 [[[[FirefoxDriver: firefox on LINUX (fd15c461-a910-4a95-956d-5dbfbcd36ce7)] -> name: cbo_ListaAltasBajas001]] -> xpath: .//option[normalize-space(.) = 'Alta']]]
11:58:07.383 INFO - Executing: [find element: By.name: txt_SDFDIAB])
11:58:07.428 INFO - Done: [find element: By.name: txt_SDFDIAB]
11:58:07.435 INFO - Executing: [send keys: 7 [[FirefoxDriver: firefox on LINUX (fd15c461-a910-4a95-956d-5dbfbcd36ce7)] -> name: txt_SDFDIAB], [14]])
11:58:07.732 INFO - Done: [send keys: 7 [[FirefoxDriver: firefox on LINUX (fd15c461-a910-4a95-956d-5dbfbcd36ce7)] -> name: txt_SDFDIAB], [14]]
11:58:07.736 INFO - Executing: [find element: By.name: txt_SDFMESB])
11:58:07.924 INFO - Done: [find element: By.name: txt_SDFMESB]
11:58:07.929 INFO - Executing: [send keys: 8 [[FirefoxDriver: firefox on LINUX (fd15c461-a910-4a95-956d-5dbfbcd36ce7)] -> name: txt_SDFMESB], [06]])
11:58:08.012 INFO - Done: [send keys: 8 [[FirefoxDriver: firefox on LINUX (fd15c461-a910-4a95-956d-5dbfbcd36ce7)] -> name: txt_SDFMESB], [06]]
11:58:08.015 INFO - Executing: [find element: By.name: txt_SDFAOB])
11:58:08.078 INFO - Done: [find element: By.name: txt_SDFAOB]
11:58:08.082 INFO - Executing: [send keys: 9 [[FirefoxDriver: firefox on LINUX (fd15c461-a910-4a95-956d-5dbfbcd36ce7)] -> name: txt_SDFAOB], [2018]])
11:58:08.341 INFO - Done: [send keys: 9 [[FirefoxDriver: firefox on LINUX (fd15c461-a910-4a95-956d-5dbfbcd36ce7)] -> name: txt_SDFAOB], [2018]]
11:58:08.355 INFO - Executing: [find element: By.name: cbo_ListaAltasBajas])
11:58:08.383 INFO - Done: [find element: By.name: cbo_ListaAltasBajas]
11:58:08.388 INFO - Executing: [tag name: 10 [[FirefoxDriver: firefox on LINUX (fd15c461-a910-4a95-956d-5dbfbcd36ce7)] -> name: cbo_ListaAltasBajas]])
11:58:08.443 INFO - Done: [tag name: 10 [[FirefoxDriver: firefox on LINUX (fd15c461-a910-4a95-956d-5dbfbcd36ce7)] -> name: cbo_ListaAltasBajas]]
11:58:08.448 INFO - Executing: [get element attribute: 10 [[FirefoxDriver: firefox on LINUX (fd15c461-a910-4a95-956d-5dbfbcd36ce7)] -> name: cbo_ListaAltasBajas], multiple])
11:58:08.502 INFO - Done: [get element attribute: 10 [[FirefoxDriver: firefox on LINUX (fd15c461-a910-4a95-956d-5dbfbcd36ce7)] -> name: cbo_ListaAltasBajas], multiple]
11:58:08.506 INFO - Executing: [find child elements: 10 [[FirefoxDriver: firefox on LINUX (fd15c461-a910-4a95-956d-5dbfbcd36ce7)] -> name: cbo_ListaAltasBajas], By.xpath: .//option[normalize-space(.) = 'Eliminación']])
11:58:08.582 INFO - Done: [find child elements: 10 [[FirefoxDriver: firefox on LINUX (fd15c461-a910-4a95-956d-5dbfbcd36ce7)] -> name: cbo_ListaAltasBajas], By.xpath: .//option[normalize-space(.) = 'Eliminación']]
11:58:08.590 INFO - Executing: [is selected: 11 [[[[FirefoxDriver: firefox on LINUX (fd15c461-a910-4a95-956d-5dbfbcd36ce7)] -> name: cbo_ListaAltasBajas]] -> xpath: .//option[normalize-space(.) = 'Eliminación']]])
11:58:08.644 INFO - Done: [is selected: 11 [[[[FirefoxDriver: firefox on LINUX (fd15c461-a910-4a95-956d-5dbfbcd36ce7)] -> name: cbo_ListaAltasBajas]] -> xpath: .//option[normalize-space(.) = 'Eliminación']]]
11:58:08.647 INFO - Executing: [click: 11 [[[[FirefoxDriver: firefox on LINUX (fd15c461-a910-4a95-956d-5dbfbcd36ce7)] -> name: cbo_ListaAltasBajas]] -> xpath: .//option[normalize-space(.) = 'Eliminación']]])
11:58:09.152 INFO - Done: [click: 11 [[[[FirefoxDriver: firefox on LINUX (fd15c461-a910-4a95-956d-5dbfbcd36ce7)] -> name: cbo_ListaAltasBajas]] -> xpath: .//option[normalize-space(.) = 'Eliminación']]]
11:58:09.159 INFO - Executing: [take screenshot])
11:58:09.370 INFO - Done: [take screenshot]
11:58:09.413 INFO - Executing: [find element: By.name: btn_Sub2207101004])
11:58:09.446 INFO - Done: [find element: By.name: btn_Sub2207101004]
11:58:09.452 INFO - Executing: [click: 12 [[FirefoxDriver: firefox on LINUX (fd15c461-a910-4a95-956d-5dbfbcd36ce7)] -> name: btn_Sub2207101004]])
11:58:11.254 INFO - Done: [click: 12 [[FirefoxDriver: firefox on LINUX (fd15c461-a910-4a95-956d-5dbfbcd36ce7)] -> name: btn_Sub2207101004]]
11:58:11.279 INFO - Executing: [find elements: By.name: txt_SDFSITALT_ayuda])
11:58:11.410 INFO - Done: [find elements: By.name: txt_SDFSITALT_ayuda]
11:58:11.441 INFO - Executing: [find elements: By.id: DIL])
11:58:11.458 INFO - Done: [find elements: By.id: DIL]
11:58:11.462 INFO - Executing: [get text: 13 [[FirefoxDriver: firefox on LINUX (fd15c461-a910-4a95-956d-5dbfbcd36ce7)] -> id: DIL]])
11:58:11.566 INFO - Done: [get text: 13 [[FirefoxDriver: firefox on LINUX (fd15c461-a910-4a95-956d-5dbfbcd36ce7)] -> id: DIL]]
11:58:11.573 INFO - Executing: [is displayed: 13 [[FirefoxDriver: firefox on LINUX (fd15c461-a910-4a95-956d-5dbfbcd36ce7)] -> id: DIL]])
11:58:11.637 INFO - Done: [is displayed: 13 [[FirefoxDriver: firefox on LINUX (fd15c461-a910-4a95-956d-5dbfbcd36ce7)] -> id: DIL]]
11:58:11.680 INFO - Executing: [find elements: By.id: DIL])
11:58:11.771 INFO - Done: [find elements: By.id: DIL]
11:58:11.788 INFO - Executing: [get text: 13 [[FirefoxDriver: firefox on LINUX (fd15c461-a910-4a95-956d-5dbfbcd36ce7)] -> id: DIL]])
11:58:11.881 INFO - Done: [get text: 13 [[FirefoxDriver: firefox on LINUX (fd15c461-a910-4a95-956d-5dbfbcd36ce7)] -> id: DIL]]
11:58:11.888 INFO - Executing: [is displayed: 13 [[FirefoxDriver: firefox on LINUX (fd15c461-a910-4a95-956d-5dbfbcd36ce7)] -> id: DIL]])
11:58:11.926 INFO - Done: [is displayed: 13 [[FirefoxDriver: firefox on LINUX (fd15c461-a910-4a95-956d-5dbfbcd36ce7)] -> id: DIL]]
11:58:11.952 INFO - Executing: [get text: 13 [[FirefoxDriver: firefox on LINUX (fd15c461-a910-4a95-956d-5dbfbcd36ce7)] -> id: DIL]])
11:58:12.018 INFO - Done: [get text: 13 [[FirefoxDriver: firefox on LINUX (fd15c461-a910-4a95-956d-5dbfbcd36ce7)] -> id: DIL]]
11:58:12.059 INFO - Executing: [get text: 13 [[FirefoxDriver: firefox on LINUX (fd15c461-a910-4a95-956d-5dbfbcd36ce7)] -> id: DIL]])
11:58:12.254 INFO - Done: [get text: 13 [[FirefoxDriver: firefox on LINUX (fd15c461-a910-4a95-956d-5dbfbcd36ce7)] -> id: DIL]]
12:06:43.278 INFO - Executing: [get: https://w2.seg-social.es/Xhtml?JacadaApplicationName=SGIRED&TRANSACCION=ATR42&E=I&AP=AFIR])
12:06:44.172 INFO - Done: [get: https://w2.seg-social.es/Xhtml?JacadaApplicationName=SGIRED&TRANSACCION=ATR42&E=I&AP=AFIR]
12:06:44.208 INFO - Executing: [find element: By.name: txt_SDFTESORNAF])
12:06:44.282 INFO - Done: [find element: By.name: txt_SDFTESORNAF]
12:06:44.298 INFO - Executing: [send keys: 14 [[FirefoxDriver: firefox on LINUX (fd15c461-a910-4a95-956d-5dbfbcd36ce7)] -> name: txt_SDFTESORNAF], [46]])
