13:58:17.986 INFO - Selenium build info: version: '3.8.1', revision: '6e95a6684b'
13:58:17.987 INFO - Launching a standalone Selenium Server
2018-07-09 13:58:18.453:INFO::main: Logging initialized @1989ms to org.seleniumhq.jetty9.util.log.StdErrLog
13:58:18.596 INFO - Using `new FirefoxOptions()` is preferred to `DesiredCapabilities.firefox()`
13:58:18.703 INFO - Using `new ChromeOptions()` is preferred to `DesiredCapabilities.chrome()`
13:58:18.707 INFO - Using `new EdgeOptions()` is preferred to `DesiredCapabilities.edge()`
13:58:18.708 INFO - Driver class not found: com.opera.core.systems.OperaDriver
13:58:18.708 INFO - Using `new OperaOptions()` is preferred to `DesiredCapabilities.operaBlink()`
13:58:18.709 INFO - Using `new SafariOptions()` is preferred to `DesiredCapabilities.safari()`
13:58:18.725 INFO - Driver class not found: org.openqa.selenium.phantomjs.PhantomJSDriver
13:58:18.870 INFO - Driver provider class org.openqa.selenium.ie.InternetExplorerDriver registration is skipped:
 registration capabilities Capabilities {browserName: internet explorer, ensureCleanSession: true, platform: WINDOWS, version: } does not match the current platform LINUX
13:58:18.871 INFO - Driver provider class org.openqa.selenium.edge.EdgeDriver registration is skipped:
 registration capabilities Capabilities {browserName: MicrosoftEdge, platform: WINDOWS, version: } does not match the current platform LINUX
13:58:18.871 INFO - Driver provider class org.openqa.selenium.safari.SafariDriver registration is skipped:
 registration capabilities Capabilities {browserName: safari, platform: MAC, version: } does not match the current platform LINUX
13:58:19.006 INFO - Using `new ChromeOptions()` is preferred to `DesiredCapabilities.chrome()`
13:58:19.007 INFO - Using `new EdgeOptions()` is preferred to `DesiredCapabilities.edge()`
13:58:19.007 INFO - Using `new FirefoxOptions()` is preferred to `DesiredCapabilities.firefox()`
13:58:19.008 INFO - Using `new OperaOptions()` is preferred to `DesiredCapabilities.operaBlink()`
13:58:19.008 INFO - Using `new SafariOptions()` is preferred to `DesiredCapabilities.safari()`
2018-07-09 13:58:19.199:INFO:osjs.Server:main: jetty-9.4.7.v20170914
2018-07-09 13:58:19.510:WARN:osjs.SecurityHandler:main: ServletContext@o.s.j.s.ServletContextHandler@1d371b2d{/,null,STARTING} has uncovered http methods for path: /
2018-07-09 13:58:19.532:INFO:osjsh.ContextHandler:main: Started o.s.j.s.ServletContextHandler@1d371b2d{/,null,AVAILABLE}
Usage: <main class> [options]
  Options:
    --version, -version
       Displays the version and exits.
       Default: false
    -browserTimeout
       <Integer> in seconds : number of seconds a browser session is allowed to
       hang while a WebDriver command is running (example: driver.get(url)). If the
       timeout is reached while a WebDriver command is still processing, the session
       will quit. Minimum value is 60. An unspecified, zero, or negative value means
       wait indefinitely.
       Default: 0
    -debug
      13:58:30.176 INFO - Detected dialect: OSS
13:58:30.342 INFO - Done: [new session: Capabilities {browserName: firefox, firefox_profile: UEsDBAoAAAAAAF1ksEytG51BHQA..., platform: LINUX}]
13:58:30.789 INFO - Executing: [get: https://w2.seg-social.es/Xhtml?JacadaApplicationName=SGIRED&TRANSACCION=ATR01&E=I&AP=AFIR])
13:58:33.507 INFO - Done: [get: https://w2.seg-social.es/Xhtml?JacadaApplicationName=SGIRED&TRANSACCION=ATR01&E=I&AP=AFIR]
13:58:33.523 INFO - Executing: [find element: By.name: txt_SDFPROAFI])
13:58:33.674 INFO - Done: [find element: By.name: txt_SDFPROAFI]
13:58:33.689 INFO - Executing: [send keys: 0 [[FirefoxDriver: firefox on LINUX (dbf60d50-70ed-411e-8cac-413569861165)] -> name: txt_SDFPROAFI], [32]])
13:58:33.795 INFO - Done: [send keys: 0 [[FirefoxDriver: firefox on LINUX (dbf60d50-70ed-411e-8cac-413569861165)] -> name: txt_SDFPROAFI], [32]]
13:58:33.801 INFO - Executing: [find element: By.name: txt_SDFCODAFI])
13:58:33.837 INFO - Done: [find element: By.name: txt_SDFCODAFI]
13:58:33.843 INFO - Executing: [send keys: 1 [[FirefoxDriver: firefox on LINUX (dbf60d50-70ed-411e-8cac-413569861165)] -> name: txt_SDFCODAFI], [1381672739]])
13:58:33.940 INFO - Done: [send keys: 1 [[FirefoxDriver: firefox on LINUX (dbf60d50-70ed-411e-8cac-413569861165)] -> name: txt_SDFCODAFI], [1381672739]]
13:58:33.944 INFO - Executing: [find element: By.name: txt_SDFTIPPFI_ayuda])
13:58:33.969 INFO - Done: [find element: By.name: txt_SDFTIPPFI_ayuda]
13:58:33.978 INFO - Executing: [send keys: 2 [[FirefoxDriver: firefox on LINUX (dbf60d50-70ed-411e-8cac-413569861165)] -> name: txt_SDFTIPPFI_ayuda], [1]])
13:58:34.043 INFO - Done: [send keys: 2 [[FirefoxDriver: firefox on LINUX (dbf60d50-70ed-411e-8cac-413569861165)] -> name: txt_SDFTIPPFI_ayuda], [1]]
13:58:34.053 INFO - Executing: [find element: By.name: txt_SDFNUMPFI])
13:58:34.089 INFO - Done: [find element: By.name: txt_SDFNUMPFI]
13:58:34.093 INFO - Executing: [send keys: 3 [[FirefoxDriver: firefox on LINUX (dbf60d50-70ed-411e-8cac-413569861165)] -> name: txt_SDFNUMPFI], [50334817F]])
13:58:34.205 INFO - Done: [send keys: 3 [[FirefoxDriver: firefox on LINUX (dbf60d50-70ed-411e-8cac-413569861165)] -> name: txt_SDFNUMPFI], [50334817F]]
13:58:34.210 INFO - Executing: [find element: By.name: txt_SDFREGAFI_ayuda])
13:58:34.295 INFO - Done: [find element: By.name: txt_SDFREGAFI_ayuda]
13:58:34.309 INFO - Executing: [send keys: 4 [[FirefoxDriver: firefox on LINUX (dbf60d50-70ed-411e-8cac-413569861165)] -> name: txt_SDFREGAFI_ayuda], [111]])
13:58:34.602 INFO - Done: [send keys: 4 [[FirefoxDriver: firefox on LINUX (dbf60d50-70ed-411e-8cac-413569861165)] -> name: txt_SDFREGAFI_ayuda], [111]]
13:58:34.621 INFO - Executing: [find element: By.name: txt_SDFTESCTACOT])
13:58:34.705 INFO - Done: [find element: By.name: txt_SDFTESCTACOT]
13:58:34.711 INFO - Executing: [send keys: 5 [[FirefoxDriver: firefox on LINUX (dbf60d50-70ed-411e-8cac-413569861165)] -> name: txt_SDFTESCTACOT], [28]])
13:58:34.810 INFO - Done: [send keys: 5 [[FirefoxDriver: firefox on LINUX (dbf60d50-70ed-411e-8cac-413569861165)] -> name: txt_SDFTESCTACOT], [28]]
13:58:34.823 INFO - Executing: [find element: By.name: txt_SDFCTACOT])
13:58:34.844 INFO - Done: [find element: By.name: txt_SDFCTACOT]
13:58:34.848 INFO - Executing: [send keys: 6 [[FirefoxDriver: firefox on LINUX (dbf60d50-70ed-411e-8cac-413569861165)] -> name: txt_SDFCTACOT], [149794464]])
13:58:34.917 INFO - Done: [send keys: 6 [[FirefoxDriver: firefox on LINUX (dbf60d50-70ed-411e-8cac-413569861165)] -> name: txt_SDFCTACOT], [149794464]]
13:58:34.957 INFO - Executing: [take screenshot])
13:58:35.023 INFO - Done: [take screenshot]
13:58:35.076 INFO - Executing: [find element: By.name: btn_Sub2207401004])
13:58:35.095 INFO - Done: [find element: By.name: btn_Sub2207401004]
13:58:35.098 INFO - Executing: [click: 7 [[FirefoxDriver: firefox on LINUX (dbf60d50-70ed-411e-8cac-413569861165)] -> name: btn_Sub2207401004]])
13:58:35.810 INFO - Done: [click: 7 [[FirefoxDriver: firefox on LINUX (dbf60d50-70ed-411e-8cac-413569861165)] -> name: btn_Sub2207401004]]
13:58:35.830 INFO - Executing: [find elements: By.id: SDFSITAFI_ayuda])
13:58:35.858 INFO - Done: [find elements: By.id: SDFSITAFI_ayuda]
13:58:35.881 INFO - Executing: [find elements: By.id: DIL])
13:58:35.915 INFO - Done: [find elements: By.id: DIL]
13:58:35.925 INFO - Executing: [get text: 8 [[FirefoxDriver: firefox on LINUX (dbf60d50-70ed-411e-8cac-413569861165)] -> id: DIL]])
13:58:35.959 INFO - Done: [get text: 8 [[FirefoxDriver: firefox on LINUX (dbf60d50-70ed-411e-8cac-413569861165)] -> id: DIL]]
13:58:35.964 INFO - Executing: [is displayed: 8 [[FirefoxDriver: firefox on LINUX (dbf60d50-70ed-411e-8cac-413569861165)] -> id: DIL]])
13:58:35.990 INFO - Done: [is displayed: 8 [[FirefoxDriver: firefox on LINUX (dbf60d50-70ed-411e-8cac-413569861165)] -> id: DIL]]
13:58:36.016 INFO - Executing: [find elements: By.id: DIL])
13:58:36.041 INFO - Done: [find elements: By.id: DIL]
13:58:36.062 INFO - Executing: [get text: 8 [[FirefoxDriver: firefox on LINUX (dbf60d50-70ed-411e-8cac-413569861165)] -> id: DIL]])
13:58:36.127 INFO - Done: [get text: 8 [[FirefoxDriver: firefox on LINUX (dbf60d50-70ed-411e-8cac-413569861165)] -> id: DIL]]
13:58:36.135 INFO - Executing: [is displayed: 8 [[FirefoxDriver: firefox on LINUX (dbf60d50-70ed-411e-8cac-413569861165)] -> id: DIL]])
13:58:36.201 INFO - Done: [is displayed: 8 [[FirefoxDriver: firefox on LINUX (dbf60d50-70ed-411e-8cac-413569861165)] -> id: DIL]]
13:58:36.228 INFO - Executing: [get text: 8 [[FirefoxDriver: firefox on LINUX (dbf60d50-70ed-411e-8cac-413569861165)] -> id: DIL]])
13:58:36.254 INFO - Done: [get text: 8 [[FirefoxDriver: firefox on LINUX (dbf60d50-70ed-411e-8cac-413569861165)] -> id: DIL]]
13:58:36.267 INFO - Executing: [get text: 8 [[FirefoxDriver: firefox on LINUX (dbf60d50-70ed-411e-8cac-413569861165)] -> id: DIL]])
13:58:36.313 INFO - Done: [get text: 8 [[FirefoxDriver: firefox on LINUX (dbf60d50-70ed-411e-8cac-413569861165)] -> id: DIL]]
14:18:08.744 INFO - Executing: [get: ])
14:18:10.614 WARN - Exception thrown
org.openqa.selenium.UnhandledAlertException: Unexpected modal dialog (text: Session closed: Failed to locate the session for 'SessionId' parameter (-681929951). Either the session has timed out or your 'SessionId' parameter is invalid.): Session closed: Failed to locate the session for 'SessionId' parameter (-681929951). Either the session has timed out or your 'SessionId' parameter is invalid.
Build info: version: '3.8.1', revision: '6e95a6684b', time: '2017-12-01T19:05:32.194Z'
System info: host: 'localhost.localdomain', ip: '127.0.0.1', os.name: 'Linux', os.arch: 'amd64', os.version: '3.10.0-862.3.2.el7.x86_64', java.version: '1.8.0_171'
Driver info: org.openqa.selenium.firefox.FirefoxDriver
Capabilities {acceptSslCerts: true, applicationCacheEnabled: true, browserName: firefox, cssSelectorsEnabled: true, databaseEnabled: true, handlesAlerts: true, javascriptEnabled: true, locationContextEnabled: true, nativeEvents: false, platform: LINUX, platformName: LINUX, rotatable: false, takesScreenshot: true, version: 52.8.0, webStorageEnabled: true}
Session ID: dbf60d50-70ed-411e-8cac-413569861165
	at sun.reflect.NativeConstructorAccessorImpl.newInstance0(Native Method)
	at sun.reflect.NativeConstructorAccessorImpl.newInstance(NativeConstructorAccessorImpl.java:62)
	at sun.reflect.DelegatingConstructorAccessorImpl.newInstance(DelegatingConstructorAccessorImpl.java:45)
	at java.lang.reflect.Constructor.newInstance(Constructor.java:423)
	at org.openqa.selenium.remote.ErrorHandler.createThrowable(ErrorHandler.java:214)
	at org.openqa.selenium.remote.ErrorHandler.createUnhandledAlertException(ErrorHandler.java:195)
	at org.openqa.selenium.remote.ErrorHandler.throwIfResponseFailed(ErrorHandler.java:156)
	at org.openqa.selenium.remote.http.JsonHttpResponseCodec.reconstructValue(JsonHttpResponseCodec.java:40)
	at org.openqa.selenium.remote.http.AbstractHttpResponseCodec.decode(AbstractHttpResponseCodec.java:80)
	at org.openqa.selenium.remote.http.AbstractHttpResponseCodec.decode(AbstractHttpResponseCodec.java:44)
	at org.openqa.selenium.remote.HttpCommandExecutor.execute(HttpCommandExecutor.java:164)
	at org.openqa.selenium.remote.service.DriverCommandExecutor.execute(DriverCommandExecutor.java:83)
	at org.openqa.selenium.remote.RemoteWebDriver.execute(RemoteWebDriver.java:601)
	at org.openqa.selenium.remote.RemoteWebDriver.get(RemoteWebDriver.java:325)
	at sun.reflect.NativeMethodAccessorImpl.invoke0(Native Method)
	at sun.reflect.NativeMethodAccessorImpl.invoke(NativeMethodAccessorImpl.java:62)
	at sun.reflect.DelegatingMethodAccessorImpl.invoke(DelegatingMethodAccessorImpl.java:43)
	at java.lang.reflect.Method.invoke(Method.java:498)
	at org.openqa.selenium.support.events.EventFiringWebDriver$2.invoke(EventFiringWebDriver.java:108)
	at com.sun.proxy.$Proxy6.get(Unknown Source)
	at org.openqa.selenium.support.events.EventFiringWebDriver.get(EventFiringWebDriver.java:167)
	at org.openqa.selenium.remote.server.handler.ChangeUrl.call(ChangeUrl.java:40)
	at org.openqa.selenium.remote.server.handler.ChangeUrl.call(ChangeUrl.java:25)
	at org.openqa.selenium.remote.server.handler.WebDriverHandler.handle(WebDriverHandler.java:41)
	at org.openqa.selenium.remote.server.rest.ResultConfig.handle(ResultConfig.java:112)
	at org.openqa.selenium.remote.server.JsonHttpCommandHandler.handleRequest(JsonHttpCommandHandler.java:191)
	at org.openqa.selenium.remote.server.DriverServlet.lambda$handleRequest$0(DriverServlet.java:261)
	at java.util.concurrent.Executors$RunnableAdapter.call(Executors.java:511)
	at java.util.concurrent.FutureTask.run(FutureTask.java:266)
	at java.util.concurrent.ThreadPoolExecutor.runWorker(ThreadPoolExecutor.java:1149)
	at java.util.concurrent.ThreadPoolExecutor$Worker.run(ThreadPoolExecutor.java:624)
	at java.lang.Thread.run(Thread.java:748)
14:18:10.658 WARN - Exception: Unexpected modal dialog (text: Session closed: Failed to locate the session for 'SessionId' parameter (-681929951). Either the session has timed out or your 'SessionId' parameter is invalid.): Session closed: Failed to locate the session for 'SessionId' parameter (-681929951). Either the session has timed out or your 'SessionId' parameter is invalid.
Build info: version: '3.8.1', revision: '6e95a6684b', time: '2017-12-01T19:05:32.194Z'
System info: host: 'localhost.localdomain', ip: '127.0.0.1', os.name: 'Linux', os.arch: 'amd64', os.version: '3.10.0-862.3.2.el7.x86_64', java.version: '1.8.0_171'
Driver info: org.openqa.selenium.firefox.FirefoxDriver
Capabilities {acceptSslCerts: true, applicationCacheEnabled: true, browserName: firefox, cssSelectorsEnabled: true, databaseEnabled: true, handlesAlerts: true, javascriptEnabled: true, locationContextEnabled: true, nativeEvents: false, platform: LINUX, platformName: LINUX, rotatable: false, takesScreenshot: true, version: 52.8.0, webStorageEnabled: true}
Session ID: dbf60d50-70ed-411e-8cac-413569861165
