12:16:19.889 INFO - Selenium build info: version: '3.8.1', revision: '6e95a6684b'
12:16:19.890 INFO - Launching a standalone Selenium Server
2018-07-09 12:16:20.282:INFO::main: Logging initialized @1582ms to org.seleniumhq.jetty9.util.log.StdErrLog
12:16:20.471 INFO - Using `new FirefoxOptions()` is preferred to `DesiredCapabilities.firefox()`
12:16:20.532 INFO - Using `new ChromeOptions()` is preferred to `DesiredCapabilities.chrome()`
12:16:20.552 INFO - Using `new EdgeOptions()` is preferred to `DesiredCapabilities.edge()`
12:16:20.554 INFO - Driver class not found: com.opera.core.systems.OperaDriver
12:16:20.554 INFO - Using `new OperaOptions()` is preferred to `DesiredCapabilities.operaBlink()`
12:16:20.555 INFO - Using `new SafariOptions()` is preferred to `DesiredCapabilities.safari()`
12:16:20.556 INFO - Driver class not found: org.openqa.selenium.phantomjs.PhantomJSDriver
12:16:20.699 INFO - Driver provider class org.openqa.selenium.ie.InternetExplorerDriver registration is skipped:
 registration capabilities Capabilities {browserName: internet explorer, ensureCleanSession: true, platform: WINDOWS, version: } does not match the current platform LINUX
12:16:20.700 INFO - Driver provider class org.openqa.selenium.edge.EdgeDriver registration is skipped:
 registration capabilities Capabilities {browserName: MicrosoftEdge, platform: WINDOWS, version: } does not match the current platform LINUX
12:16:20.700 INFO - Driver provider class org.openqa.selenium.safari.SafariDriver registration is skipped:
 registration capabilities Capabilities {browserName: safari, platform: MAC, version: } does not match the current platform LINUX
12:16:20.835 INFO - Using `new ChromeOptions()` is preferred to `DesiredCapabilities.chrome()`
12:16:20.837 INFO - Using `new EdgeOptions()` is preferred to `DesiredCapabilities.edge()`
12:16:20.837 INFO - Using `new FirefoxOptions()` is preferred to `DesiredCapabilities.firefox()`
12:16:20.838 INFO - Using `new OperaOptions()` is preferred to `DesiredCapabilities.operaBlink()`
12:16:20.838 INFO - Using `new SafariOptions()` is preferred to `DesiredCapabilities.safari()`
2018-07-09 12:16:20.950:INFO:osjs.Server:main: jetty-9.4.7.v20170914
2018-07-09 12:16:21.224:WARN:osjs.SecurityHandler:main: ServletContext@o.s.j.s.ServletContextHandler@1d371b2d{/,null,STARTING} has uncovered http methods for path: /
2018-07-09 12:16:21.258:INFO:osjsh.ContextHandler:main: Started o.s.j.s.ServletContextHandler@1d371b2d{/,null,AVAILABLE}
2018-07-09 12:16:21.336:INFO:osjs.AbstractConnector:main: Started ServerConnector@16f7c8c1{HTTP/1.1,[http/1.1]}{0.0.0.0:4444}
2018-07-09 12:16:21.337:INFO:osjs.Server:main: Started @2637ms
12:16:21.337 INFO - Selenium Server is up and running
12:23:22.942 INFO - Executing: [new session: Capabilities {browserName: firefox, firefox_profile: UEsDBBQAAAAIABYBuEykYb5h8QE..., platform: LINUX}])
12:23:22.983 INFO - Creating a new session for Capabilities {browserName: firefox, firefox_profile: UEsDBBQAAAAIABYBuEykYb5h8QE..., platform: LINUX}
