10:43:05.210 INFO - Selenium build info: version: '3.8.1', revision: '6e95a6684b'
10:43:05.230 INFO - Launching a standalone Selenium Server
2018-10-05 10:43:06.542:INFO::main: Logging initialized @5057ms to org.seleniumhq.jetty9.util.log.StdErrLog
10:43:06.691 INFO - Using `new FirefoxOptions()` is preferred to `DesiredCapabilities.firefox()`
10:43:06.822 INFO - Using `new ChromeOptions()` is preferred to `DesiredCapabilities.chrome()`
10:43:06.838 INFO - Using `new EdgeOptions()` is preferred to `DesiredCapabilities.edge()`
10:43:06.839 INFO - Driver class not found: com.opera.core.systems.OperaDriver
10:43:06.839 INFO - Using `new OperaOptions()` is preferred to `DesiredCapabilities.operaBlink()`
10:43:06.840 INFO - Using `new SafariOptions()` is preferred to `DesiredCapabilities.safari()`
10:43:06.842 INFO - Driver class not found: org.openqa.selenium.phantomjs.PhantomJSDriver
10:43:07.131 INFO - Driver provider class org.openqa.selenium.ie.InternetExplorerDriver registration is skipped:
 registration capabilities Capabilities {browserName: internet explorer, ensureCleanSession: true, platform: WINDOWS, version: } does not match the current platform LINUX
10:43:07.132 INFO - Driver provider class org.openqa.selenium.edge.EdgeDriver registration is skipped:
 registration capabilities Capabilities {browserName: MicrosoftEdge, platform: WINDOWS, version: } does not match the current platform LINUX
10:43:07.133 INFO - Driver provider class org.openqa.selenium.safari.SafariDriver registration is skipped:
 registration capabilities Capabilities {browserName: safari, platform: MAC, version: } does not match the current platform LINUX
10:43:07.327 INFO - Using `new ChromeOptions()` is preferred to `DesiredCapabilities.chrome()`
10:43:07.328 INFO - Using `new EdgeOptions()` is preferred to `DesiredCapabilities.edge()`
10:43:07.329 INFO - Using `new FirefoxOptions()` is preferred to `DesiredCapabilities.firefox()`
10:43:07.329 INFO - Using `new OperaOptions()` is preferred to `DesiredCapabilities.operaBlink()`
10:43:07.330 INFO - Using `new SafariOptions()` is preferred to `DesiredCapabilities.safari()`
2018-10-05 10:43:07.507:INFO:osjs.Server:main: jetty-9.4.7.v20170914
2018-10-05 10:43:07.581:WARN:osjs.SecurityHandler:main: ServletContext@o.s.j.s.ServletContextHandler@1d371b2d{/,null,STARTING} has uncovered http methods for path: /
2018-10-05 10:43:07.619:INFO:osjsh.ContextHandler:main: Started o.s.j.s.ServletContextHandler@1d371b2d{/,null,AVAILABLE}
2018-10-05 10:43:07.760:INFO:osjs.AbstractConnector:main: Started ServerConnector@16f7c8c1{HTTP/1.1,[http/1.1]}{0.0.0.0:4444}
2018-10-05 10:43:07.761:INFO:osjs.Server:main: Started @6275ms
10:43:07.761 INFO - Selenium Server is up and running
10:43:15.914 INFO - Executing: [new session: Capabilities {browserName: firefox, firefox_profile: UEsDBAoAAAAAAF1ksEytG51BHQA..., platform: LINUX}])
10:43:15.975 INFO - Creating a new session for Capabilities {browserName: firefox, firefox_profile: UEsDBAoAAAAAAF1ksEytG51BHQA..., platform: LINUX}
