11:51:11.515 INFO - Selenium build info: version: '3.8.1', revision: '6e95a6684b'
11:51:11.517 INFO - Launching a standalone Selenium Server
2018-06-15 11:51:11.817:INFO::main: Logging initialized @1123ms to org.seleniumhq.jetty9.util.log.StdErrLog
11:51:11.958 INFO - Using `new FirefoxOptions()` is preferred to `DesiredCapabilities.firefox()`
11:51:12.009 INFO - Using `new ChromeOptions()` is preferred to `DesiredCapabilities.chrome()`
11:51:12.013 INFO - Using `new EdgeOptions()` is preferred to `DesiredCapabilities.edge()`
11:51:12.014 INFO - Driver class not found: com.opera.core.systems.OperaDriver
11:51:12.014 INFO - Using `new OperaOptions()` is preferred to `DesiredCapabilities.operaBlink()`
11:51:12.015 INFO - Using `new SafariOptions()` is preferred to `DesiredCapabilities.safari()`
11:51:12.016 INFO - Driver class not found: org.openqa.selenium.phantomjs.PhantomJSDriver
11:51:12.194 INFO - Driver provider class org.openqa.selenium.ie.InternetExplorerDriver registration is skipped:
 registration capabilities Capabilities {browserName: internet explorer, ensureCleanSession: true, platform: WINDOWS, version: } does not match the current platform LINUX
11:51:12.194 INFO - Driver provider class org.openqa.selenium.edge.EdgeDriver registration is skipped:
 registration capabilities Capabilities {browserName: MicrosoftEdge, platform: WINDOWS, version: } does not match the current platform LINUX
11:51:12.195 INFO - Driver provider class org.openqa.selenium.safari.SafariDriver registration is skipped:
 registration capabilities Capabilities {browserName: safari, platform: MAC, version: } does not match the current platform LINUX
11:51:12.352 INFO - Using `new ChromeOptions()` is preferred to `DesiredCapabilities.chrome()`
11:51:12.353 INFO - Using `new EdgeOptions()` is preferred to `DesiredCapabilities.edge()`
11:51:12.353 INFO - Using `new FirefoxOptions()` is preferred to `DesiredCapabilities.firefox()`
11:51:12.354 INFO - Using `new OperaOptions()` is preferred to `DesiredCapabilities.operaBlink()`
11:51:12.354 INFO - Using `new SafariOptions()` is preferred to `DesiredCapabilities.safari()`
2018-06-15 11:51:12.501:INFO:osjs.Server:main: jetty-9.4.7.v20170914
2018-06-15 11:51:12.767:WARN:osjs.SecurityHandler:main: ServletContext@o.s.j.s.ServletContextHandler@1d371b2d{/,null,STARTING} has uncovered http methods for path: /
2018-06-15 11:51:12.795:INFO:osjsh.ContextHandler:main: Started o.s.j.s.ServletContextHandler@1d371b2d{/,null,AVAILABLE}
Usage: <main class> [options]
  Options:
    --version, -version
       Displays the version and exits.
       Default: false
    -browserTimeout
       <Integer> in seconds : number of seconds a browser session is allowed to
       hang whil11:51:13.367 INFO - Executing: [new session: Capabilities {browserName: firefox, firefox_profile: UEsDBBQAAAAIABYBuEykYb5h8QE..., platform: LINUX}])
11:51:13.413 INFO - Creating a new session for Capabilities {browserName: firefox, firefox_profile: UEsDBBQAAAAIABYBuEykYb5h8QE..., platform: LINUX}
11:51:25.008 INFO - Detected dialect: OSS
11:51:25.039 INFO - Done: [new session: Capabilities {browserName: firefox, firefox_profile: UEsDBBQAAAAIABYBuEykYb5h8QE..., platform: LINUX}]
11:51:25.467 INFO - Executing: [get: https://w2.seg-social.es/Xhtml?JacadaApplicationName=SGIRED&TRANSACCION=ATR41&E=I&AP=AFIR])
11:51:29.762 INFO - Done: [get: https://w2.seg-social.es/Xhtml?JacadaApplicationName=SGIRED&TRANSACCION=ATR41&E=I&AP=AFIR]
11:51:29.778 INFO - Executing: [find element: By.name: txt_SDFTESORNAF])
11:51:29.978 INFO - Done: [find element: By.name: txt_SDFTESORNAF]
11:51:29.999 INFO - Executing: [send keys: 0 [[FirefoxDriver: firefox on LINUX (ca15d40f-14ca-497c-84ed-05fb1514f881)] -> name: txt_SDFTESORNAF], [28]])
11:51:30.213 INFO - Done: [send keys: 0 [[FirefoxDriver: firefox on LINUX (ca15d40f-14ca-497c-84ed-05fb1514f881)] -> name: txt_SDFTESORNAF], [28]]
11:51:30.219 INFO - Executing: [find element: By.name: txt_SDFNUMNAF])
11:51:30.286 INFO - Done: [find element: By.name: txt_SDFNUMNAF]
11:51:30.292 INFO - Executing: [send keys: 1 [[FirefoxDriver: firefox on LINUX (ca15d40f-14ca-497c-84ed-05fb1514f881)] -> name: txt_SDFNUMNAF], [1252179000]])
11:51:30.405 INFO - Done: [send keys: 1 [[FirefoxDriver: firefox on LINUX (ca15d40f-14ca-497c-84ed-05fb1514f881)] -> name: txt_SDFNUMNAF], [1252179000]]
11:51:30.410 INFO - Executing: [find element: By.name: txt_SDFREGCC_ayuda])
11:51:30.432 INFO - Done: [find element: By.name: txt_SDFREGCC_ayuda]
11:51:30.440 INFO - Executing: [send keys: 2 [[FirefoxDriver: firefox on LINUX (ca15d40f-14ca-497c-84ed-05fb1514f881)] -> name: txt_SDFREGCC_ayuda], [111]])
11:51:30.493 INFO - Done: [send keys: 2 [[FirefoxDriver: firefox on LINUX (ca15d40f-14ca-497c-84ed-05fb1514f881)] -> name: txt_SDFREGCC_ayuda], [111]]
11:51:30.502 INFO - Executing: [find element: By.name: txt_SDFTESCC])
11:51:30.526 INFO - Done: [find element: By.name: txt_SDFTESCC]
11:51:30.531 INFO - Executing: [send keys: 3 [[FirefoxDriver: firefox on LINUX (ca15d40f-14ca-497c-84ed-05fb1514f881)] -> name: txt_SDFTESCC], [28]])
11:51:30.605 INFO - Done: [send keys: 3 [[FirefoxDriver: firefox on LINUX (ca15d40f-14ca-497c-84ed-05fb1514f881)] -> name: txt_SDFTESCC], [28]]
11:51:30.611 INFO - Executing: [find element: By.name: txt_SDFNUMCC])
11:51:30.629 INFO - Done: [find element: By.name: txt_SDFNUMCC]
11:51:30.635 INFO - Executing: [send keys: 4 [[FirefoxDriver: firefox on LINUX (ca15d40f-14ca-497c-84ed-05fb1514f881)] -> name: txt_SDFNUMCC], [149794464]])
11:51:30.706 INFO - Done: [send keys: 4 [[FirefoxDriver: firefox on LINUX (ca15d40f-14ca-497c-84ed-05fb1514f881)] -> name: txt_SDFNUMCC], [149794464]]
11:51:30.712 INFO - Executing: [take screenshot])
11:51:30.799 INFO - Done: [take screenshot]
11:51:30.846 INFO - Executing: [find element: By.name: btn_Sub2207501004])
11:51:30.861 INFO - Done: [find element: By.name: btn_Sub2207501004]
11:51:30.864 INFO - Executing: [click: 5 [[FirefoxDriver: firefox on LINUX (ca15d40f-14ca-497c-84ed-05fb1514f881)] -> name: btn_Sub2207501004]])
11:51:31.429 INFO - Done: [click: 5 [[FirefoxDriver: firefox on LINUX (ca15d40f-14ca-497c-84ed-05fb1514f881)] -> name: btn_Sub2207501004]]
11:51:31.440 INFO - Executing: [find elements: By.name: txt_SDFSITALT_ayuda])
11:51:31.467 INFO - Done: [find elements: By.name: txt_SDFSITALT_ayuda]
11:51:31.507 INFO - Executing: [find elements: By.id: DIL])
11:51:31.524 INFO - Done: [find elements: By.id: DIL]
11:51:31.526 INFO - Executing: [get text: 6 [[FirefoxDriver: firefox on LINUX (ca15d40f-14ca-497c-84ed-05fb1514f881)] -> id: DIL]])
11:51:31.551 INFO - Done: [get text: 6 [[FirefoxDriver: firefox on LINUX (ca15d40f-14ca-497c-84ed-05fb1514f881)] -> id: DIL]]
11:51:31.555 INFO - Executing: [is displayed: 6 [[FirefoxDriver: firefox on LINUX (ca15d40f-14ca-497c-84ed-05fb1514f881)] -> id: DIL]])
11:51:31.576 INFO - Done: [is displayed: 6 [[FirefoxDriver: firefox on LINUX (ca15d40f-14ca-497c-84ed-05fb1514f881)] -> id: DIL]]
11:51:31.593 INFO - Executing: [find elements: By.id: DIL])
11:51:31.607 INFO - Done: [find elements: By.id: DIL]
11:51:31.611 INFO - Executing: [get text: 6 [[FirefoxDriver: firefox on LINUX (ca15d40f-14ca-497c-84ed-05fb1514f881)] -> id: DIL]])
11:51:31.638 INFO - Done: [get text: 6 [[FirefoxDriver: firefox on LINUX (ca15d40f-14ca-497c-84ed-05fb1514f881)] -> id: DIL]]
11:51:31.645 INFO - Executing: [is displayed: 6 [[FirefoxDriver: firefox on LINUX (ca15d40f-14ca-497c-84ed-05fb1514f881)] -> id: DIL]])
11:51:31.669 INFO - Done: [is displayed: 6 [[FirefoxDriver: firefox on LINUX (ca15d40f-14ca-497c-84ed-05fb1514f881)] -> id: DIL]]
11:51:31.677 INFO - Executing: [get text: 6 [[FirefoxDriver: firefox on LINUX (ca15d40f-14ca-497c-84ed-05fb1514f881)] -> id: DIL]])
11:51:31.696 INFO - Done: [get text: 6 [[FirefoxDriver: firefox on LINUX (ca15d40f-14ca-497c-84ed-05fb1514f881)] -> id: DIL]]
11:51:31.712 INFO - Executing: [get text: 6 [[FirefoxDriver: firefox on LINUX (ca15d40f-14ca-497c-84ed-05fb1514f881)] -> id: DIL]])
11:51:31.732 INFO - Done: [get text: 6 [[FirefoxDriver: firefox on LINUX (ca15d40f-14ca-497c-84ed-05fb1514f881)] -> id: DIL]]
