11:33:01.185 INFO - Selenium build info: version: '3.8.1', revision: '6e95a6684b'
11:33:01.187 INFO - Launching a standalone Selenium Server
2018-06-15 11:33:01.422:INFO::main: Logging initialized @1021ms to org.seleniumhq.jetty9.util.log.StdErrLog
11:33:01.516 INFO - Using `new FirefoxOptions()` is preferred to `DesiredCapabilities.firefox()`
11:33:01.554 INFO - Using `new ChromeOptions()` is preferred to `DesiredCapabilities.chrome()`
11:33:01.558 INFO - Using `new EdgeOptions()` is preferred to `DesiredCapabilities.edge()`
11:33:01.559 INFO - Driver class not found: com.opera.core.systems.OperaDriver
11:33:01.559 INFO - Using `new OperaOptions()` is preferred to `DesiredCapabilities.operaBlink()`
11:33:01.569 INFO - Using `new SafariOptions()` is preferred to `DesiredCapabilities.safari()`
11:33:01.570 INFO - Driver class not found: org.openqa.selenium.phantomjs.PhantomJSDriver
11:33:01.650 INFO - Driver provider class org.openqa.selenium.ie.InternetExplorerDriver registration is skipped:
 registration capabilities Capabilities {browserName: internet explorer, ensureCleanSession: true, platform: WINDOWS, version: } does not match the current platform LINUX
11:33:01.651 INFO - Driver provider class org.openqa.selenium.edge.EdgeDriver registration is skipped:
 registration capabilities Capabilities {browserName: MicrosoftEdge, platform: WINDOWS, version: } does not match the current platform LINUX
11:33:01.651 INFO - Driver provider class org.openqa.selenium.safari.SafariDriver registration is skipped:
 registration capabilities Capabilities {browserName: safari, platform: MAC, version: } does not match the current platform LINUX
11:33:01.747 INFO - Using `new ChromeOptions()` is preferred to `DesiredCapabilities.chrome()`
11:33:01.748 INFO - Using `new EdgeOptions()` is preferred to `DesiredCapabilities.edge()`
11:33:01.748 INFO - Using `new FirefoxOptions()` is preferred to `DesiredCapabilities.firefox()`
11:33:01.749 INFO - Using `new OperaOptions()` is preferred to `DesiredCapabilities.operaBlink()`
11:33:01.749 INFO - Using `new SafariOptions()` is preferred to `DesiredCapabilities.safari()`
2018-06-15 11:33:01.806:INFO:osjs.Server:main: jetty-9.4.7.v20170914
2018-06-15 11:33:01.896:WARN:osjs.SecurityHandler:main: ServletContext@o.s.j.s.ServletContextHandler@1d371b2d{/,null,STARTING} has uncovered http methods for path: /
2018-06-15 11:33:01.910:INFO:osjsh.ContextHandler:main: Started o.s.j.s.ServletContextHandler@1d371b2d{/,null,AVAILABLE}
Usage: <main class> [options]
  Options:
    --version, -version
       Displays the version and exits.
       Default: false
    -browserTimeout
       <Integer> in seconds : number of seconds a browser session is allowed to
       hang whil11:33:03.678 INFO - Executing: [new session: Capabilities {browserName: firefox, firefox_profile: UEsDBBQAAAAIABYBuEykYb5h8QE..., platform: LINUX}])
11:33:03.723 INFO - Creating a new session for Capabilities {browserName: firefox, firefox_profile: UEsDBBQAAAAIABYBuEykYb5h8QE..., platform: LINUX}
11:33:15.791 INFO - Detected dialect: OSS
11:33:15.944 INFO - Done: [new session: Capabilities {browserName: firefox, firefox_profile: UEsDBBQAAAAIABYBuEykYb5h8QE..., platform: LINUX}]
11:33:16.317 INFO - Executing: [get: https://w2.seg-social.es/Xhtml?JacadaApplicationName=SGIRED&TRANSACCION=ATR41&E=I&AP=AFIR])
11:33:18.820 INFO - Done: [get: https://w2.seg-social.es/Xhtml?JacadaApplicationName=SGIRED&TRANSACCION=ATR41&E=I&AP=AFIR]
11:33:18.845 INFO - Executing: [find element: By.name: txt_SDFTESORNAF])
11:33:19.198 INFO - Done: [find element: By.name: txt_SDFTESORNAF]
11:33:19.246 INFO - Executing: [send keys: 0 [[FirefoxDriver: firefox on LINUX (91ae89c1-b660-44cc-b72f-a6bd1463b731)] -> name: txt_SDFTESORNAF], [28]])
11:33:19.429 INFO - Done: [send keys: 0 [[FirefoxDriver: firefox on LINUX (91ae89c1-b660-44cc-b72f-a6bd1463b731)] -> name: txt_SDFTESORNAF], [28]]
11:33:19.437 INFO - Executing: [find element: By.name: txt_SDFNUMNAF])
11:33:19.563 INFO - Done: [find element: By.name: txt_SDFNUMNAF]
11:33:19.571 INFO - Executing: [send keys: 1 [[FirefoxDriver: firefox on LINUX (91ae89c1-b660-44cc-b72f-a6bd1463b731)] -> name: txt_SDFNUMNAF], [1252179000]])
11:33:19.657 INFO - Done: [send keys: 1 [[FirefoxDriver: firefox on LINUX (91ae89c1-b660-44cc-b72f-a6bd1463b731)] -> name: txt_SDFNUMNAF], [1252179000]]
11:33:19.661 INFO - Executing: [find element: By.name: txt_SDFREGCC_ayuda])
11:33:19.685 INFO - Done: [find element: By.name: txt_SDFREGCC_ayuda]
11:33:19.692 INFO - Executing: [send keys: 2 [[FirefoxDriver: firefox on LINUX (91ae89c1-b660-44cc-b72f-a6bd1463b731)] -> name: txt_SDFREGCC_ayuda], [111]])
11:33:19.765 INFO - Done: [send keys: 2 [[FirefoxDriver: firefox on LINUX (91ae89c1-b660-44cc-b72f-a6bd1463b731)] -> name: txt_SDFREGCC_ayuda], [111]]
11:33:19.776 INFO - Executing: [find element: By.name: txt_SDFTESCC])
11:33:19.798 INFO - Done: [find element: By.name: txt_SDFTESCC]
11:33:19.802 INFO - Executing: [send keys: 3 [[FirefoxDriver: firefox on LINUX (91ae89c1-b660-44cc-b72f-a6bd1463b731)] -> name: txt_SDFTESCC], [28]])
11:33:19.875 INFO - Done: [send keys: 3 [[FirefoxDriver: firefox on LINUX (91ae89c1-b660-44cc-b72f-a6bd1463b731)] -> name: txt_SDFTESCC], [28]]
11:33:19.882 INFO - Executing: [find element: By.name: txt_SDFNUMCC])
11:33:19.901 INFO - Done: [find element: By.name: txt_SDFNUMCC]
11:33:19.907 INFO - Executing: [send keys: 4 [[FirefoxDriver: firefox on LINUX (91ae89c1-b660-44cc-b72f-a6bd1463b731)] -> name: txt_SDFNUMCC], [149794464]])
11:33:19.969 INFO - Done: [send keys: 4 [[FirefoxDriver: firefox on LINUX (91ae89c1-b660-44cc-b72f-a6bd1463b731)] -> name: txt_SDFNUMCC], [149794464]]
11:33:19.986 INFO - Executing: [take screenshot])
11:33:20.055 INFO - Done: [take screenshot]
11:33:20.085 INFO - Executing: [find element: By.name: btn_Sub2207501004])
11:33:20.107 INFO - Done: [find element: By.name: btn_Sub2207501004]
11:33:20.113 INFO - Executing: [click: 5 [[FirefoxDriver: firefox on LINUX (91ae89c1-b660-44cc-b72f-a6bd1463b731)] -> name: btn_Sub2207501004]])
11:33:20.991 INFO - Done: [click: 5 [[FirefoxDriver: firefox on LINUX (91ae89c1-b660-44cc-b72f-a6bd1463b731)] -> name: btn_Sub2207501004]]
11:33:21.004 INFO - Executing: [find elements: By.name: txt_SDFSITALT_ayuda])
11:33:21.074 INFO - Done: [find elements: By.name: txt_SDFSITALT_ayuda]
11:33:21.107 INFO - Executing: [find elements: By.id: DIL])
11:33:21.130 INFO - Done: [find elements: By.id: DIL]
11:33:21.143 INFO - Executing: [get text: 6 [[FirefoxDriver: firefox on LINUX (91ae89c1-b660-44cc-b72f-a6bd1463b731)] -> id: DIL]])
11:33:21.215 INFO - Done: [get text: 6 [[FirefoxDriver: firefox on LINUX (91ae89c1-b660-44cc-b72f-a6bd1463b731)] -> id: DIL]]
11:33:21.222 INFO - Executing: [is displayed: 6 [[FirefoxDriver: firefox on LINUX (91ae89c1-b660-44cc-b72f-a6bd1463b731)] -> id: DIL]])
11:33:21.297 INFO - Done: [is displayed: 6 [[FirefoxDriver: firefox on LINUX (91ae89c1-b660-44cc-b72f-a6bd1463b731)] -> id: DIL]]
11:33:21.341 INFO - Executing: [find elements: By.id: DIL])
11:33:21.365 INFO - Done: [find elements: By.id: DIL]
11:33:21.369 INFO - Executing: [get text: 6 [[FirefoxDriver: firefox on LINUX (91ae89c1-b660-44cc-b72f-a6bd1463b731)] -> id: DIL]])
11:33:21.399 INFO - Done: [get text: 6 [[FirefoxDriver: firefox on LINUX (91ae89c1-b660-44cc-b72f-a6bd1463b731)] -> id: DIL]]
11:33:21.403 INFO - Executing: [is displayed: 6 [[FirefoxDriver: firefox on LINUX (91ae89c1-b660-44cc-b72f-a6bd1463b731)] -> id: DIL]])
11:33:21.424 INFO - Done: [is displayed: 6 [[FirefoxDriver: firefox on LINUX (91ae89c1-b660-44cc-b72f-a6bd1463b731)] -> id: DIL]]
