11:26:32.088 INFO - Selenium build info: version: '3.8.1', revision: '6e95a6684b'
11:26:32.089 INFO - Launching a standalone Selenium Server
2018-06-12 11:26:32.426:INFO::main: Logging initialized @928ms to org.seleniumhq.jetty9.util.log.StdErrLog
11:26:32.581 INFO - Using `new FirefoxOptions()` is preferred to `DesiredCapabilities.firefox()`
11:26:32.628 INFO - Using `new ChromeOptions()` is preferred to `DesiredCapabilities.chrome()`
11:26:32.652 INFO - Using `new EdgeOptions()` is preferred to `DesiredCapabilities.edge()`
11:26:32.653 INFO - Driver class not found: com.opera.core.systems.OperaDriver
11:26:32.654 INFO - Using `new OperaOptions()` is preferred to `DesiredCapabilities.operaBlink()`
11:26:32.654 INFO - Using `new SafariOptions()` is preferred to `DesiredCapabilities.safari()`
11:26:32.655 INFO - Driver class not found: org.openqa.selenium.phantomjs.PhantomJSDriver
11:26:32.733 INFO - Driver provider class org.openqa.selenium.ie.InternetExplorerDriver registration is skipped:
 registration capabilities Capabilities {browserName: internet explorer, ensureCleanSession: true, platform: WINDOWS, version: } does not match the current platform LINUX
11:26:32.734 INFO - Driver provider class org.openqa.selenium.edge.EdgeDriver registration is skipped:
 registration capabilities Capabilities {browserName: MicrosoftEdge, platform: WINDOWS, version: } does not match the current platform LINUX
11:26:32.734 INFO - Driver provider class org.openqa.selenium.safari.SafariDriver registration is skipped:
 registration capabilities Capabilities {browserName: safari, platform: MAC, version: } does not match the current platform LINUX
11:26:32.824 INFO - Using `new ChromeOptions()` is preferred to `DesiredCapabilities.chrome()`
11:26:32.825 INFO - Using `new EdgeOptions()` is preferred to `DesiredCapabilities.edge()`
11:26:32.825 INFO - Using `new FirefoxOptions()` is preferred to `DesiredCapabilities.firefox()`
11:26:32.826 INFO - Using `new OperaOptions()` is preferred to `DesiredCapabilities.operaBlink()`
11:26:32.826 INFO - Using `new SafariOptions()` is preferred to `DesiredCapabilities.safari()`
2018-06-12 11:26:32.896:INFO:osjs.Server:main: jetty-9.4.7.v20170914
2018-06-12 11:26:32.989:WARN:osjs.SecurityHandler:main: ServletContext@o.s.j.s.ServletContextHandler@1d371b2d{/,null,STARTING} has uncovered http methods for path: /
2018-06-12 11:26:33.001:INFO:osjsh.ContextHandler:main: Started o.s.j.s.ServletContextHandler@1d371b2d{/,null,AVAILABLE}
2018-06-12 11:26:33.037:INFO:osjs.AbstractConnector:main: Started ServerConnector@16f7c8c1{HTTP/1.1,[http/1.1]}{0.0.0.0:4444}
2018-06-12 11:26:33.038:INFO:osjs.Server:main: Started @1540ms
11:26:33.038 INFO - Selenium Server is up and running
11:26:44.104 INFO - Executing: [new session: Capabilities {browserName: firefox, firefox_profile: UEsDBBQAAAAIABYBuEykYb5h8QE..., platform: LINUX}])
11:26:44.151 INFO - Creating a new session for Capabilities {browserName: firefox, firefox_profile: UEsDBBQAAAAIABYBuEykYb5h8QE..., platform: LINUX}
11:26:55.881 INFO - Detected dialect: OSS
11:26:55.946 INFO - Done: [new session: Capabilities {browserName: firefox, firefox_profile: UEsDBBQAAAAIABYBuEykYb5h8QE..., platform: LINUX}]
11:26:56.212 INFO - Executing: [get: https://w2.seg-social.es/Xhtml?JacadaApplicationName=SGIRED&TRANSACCION=ATR01&E=I&AP=AFIR])
11:26:57.196 INFO - Done: [get: https://w2.seg-social.es/Xhtml?JacadaApplicationName=SGIRED&TRANSACCION=ATR01&E=I&AP=AFIR]
11:26:57.309 INFO - Executing: [find element: By.name: cbo_ListaAltasBajas])
11:26:57.489 INFO - Done: [find element: By.name: cbo_ListaAltasBajas]
11:26:57.523 INFO - Executing: [tag name: 0 [[FirefoxDriver: firefox on LINUX (18c18d09-f86b-43a6-ad89-2fe7eea04021)] -> name: cbo_ListaAltasBajas]])
11:26:57.681 INFO - Done: [tag name: 0 [[FirefoxDriver: firefox on LINUX (18c18d09-f86b-43a6-ad89-2fe7eea04021)] -> name: cbo_ListaAltasBajas]]
11:26:57.688 INFO - Executing: [get element attribute: 0 [[FirefoxDriver: firefox on LINUX (18c18d09-f86b-43a6-ad89-2fe7eea04021)] -> name: cbo_ListaAltasBajas], multiple])
11:26:57.742 INFO - Done: [get element attribute: 0 [[FirefoxDriver: firefox on LINUX (18c18d09-f86b-43a6-ad89-2fe7eea04021)] -> name: cbo_ListaAltasBajas], multiple]
11:26:57.802 INFO - Executing: [find child elements: 0 [[FirefoxDriver: firefox on LINUX (18c18d09-f86b-43a6-ad89-2fe7eea04021)] -> name: cbo_ListaAltasBajas], By.xpath: .//option[normalize-space(.) = 'Baja']])
11:26:57.869 INFO - Done: [find child elements: 0 [[FirefoxDriver: firefox on LINUX (18c18d09-f86b-43a6-ad89-2fe7eea04021)] -> name: cbo_ListaAltasBajas], By.xpath: .//option[normalize-space(.) = 'Baja']]
11:26:57.874 INFO - Executing: [is selected: 1 [[[[FirefoxDriver: firefox on LINUX (18c18d09-f86b-43a6-ad89-2fe7eea04021)] -> name: cbo_ListaAltasBajas]] -> xpath: .//option[normalize-space(.) = 'Baja']]])
11:26:57.892 INFO - Done: [is selected: 1 [[[[FirefoxDriver: firefox on LINUX (18c18d09-f86b-43a6-ad89-2fe7eea04021)] -> name: cbo_ListaAltasBajas]] -> xpath: .//option[normalize-space(.) = 'Baja']]]
11:26:57.896 INFO - Executing: [click: 1 [[[[FirefoxDriver: firefox on LINUX (18c18d09-f86b-43a6-ad89-2fe7eea04021)] -> name: cbo_ListaAltasBajas]] -> xpath: .//option[normalize-space(.) = 'Baja']]])
11:26:58.294 INFO - Done: [click: 1 [[[[FirefoxDriver: firefox on LINUX (18c18d09-f86b-43a6-ad89-2fe7eea04021)] -> name: cbo_ListaAltasBajas]] -> xpath: .//option[normalize-space(.) = 'Baja']]]
11:26:58.299 INFO - Executing: [find element: By.name: txt_SDFPROAFI])
11:26:58.323 INFO - Done: [find element: By.name: txt_SDFPROAFI]
11:26:58.368 INFO - Executing: [send keys: 2 [[FirefoxDriver: firefox on LINUX (18c18d09-f86b-43a6-ad89-2fe7eea04021)] -> name: txt_SDFPROAFI], [08]])
11:26:58.700 INFO - Done: [send keys: 2 [[FirefoxDriver: firefox on LINUX (18c18d09-f86b-43a6-ad89-2fe7eea04021)] -> name: txt_SDFPROAFI], [08]]
11:26:58.714 INFO - Executing: [find element: By.name: txt_SDFCODAFI])
11:26:58.744 INFO - Done: [find element: By.name: txt_SDFCODAFI]
11:26:58.749 INFO - Executing: [send keys: 3 [[FirefoxDriver: firefox on LINUX (18c18d09-f86b-43a6-ad89-2fe7eea04021)] -> name: txt_SDFCODAFI], [1120603377]])
11:26:58.882 INFO - Done: [send keys: 3 [[FirefoxDriver: firefox on LINUX (18c18d09-f86b-43a6-ad89-2fe7eea04021)] -> name: txt_SDFCODAFI], [1120603377]]
11:26:58.888 INFO - Executing: [find element: By.name: txt_SDFTIPPFI_ayuda])
11:26:58.909 INFO - Done: [find element: By.name: txt_SDFTIPPFI_ayuda]
11:26:58.914 INFO - Executing: [send keys: 4 [[FirefoxDriver: firefox on LINUX (18c18d09-f86b-43a6-ad89-2fe7eea04021)] -> name: txt_SDFTIPPFI_ayuda], [1]])
11:26:58.972 INFO - Done: [send keys: 4 [[FirefoxDriver: firefox on LINUX (18c18d09-f86b-43a6-ad89-2fe7eea04021)] -> name: txt_SDFTIPPFI_ayuda], [1]]
11:26:58.978 INFO - Executing: [find element: By.name: txt_SDFNUMPFI])
11:26:59.003 INFO - Done: [find element: By.name: txt_SDFNUMPFI]
11:26:59.010 INFO - Executing: [send keys: 5 [[FirefoxDriver: firefox on LINUX (18c18d09-f86b-43a6-ad89-2fe7eea04021)] -> name: txt_SDFNUMPFI], [37389672K]])
11:26:59.092 INFO - Done: [send keys: 5 [[FirefoxDriver: firefox on LINUX (18c18d09-f86b-43a6-ad89-2fe7eea04021)] -> name: txt_SDFNUMPFI], [37389672K]]
11:26:59.113 INFO - Executing: [find element: By.name: txt_SDFREGAFI_ayuda])
11:26:59.175 INFO - Done: [find element: By.name: txt_SDFREGAFI_ayuda]
11:26:59.185 INFO - Executing: [send keys: 6 [[FirefoxDriver: firefox on LINUX (18c18d09-f86b-43a6-ad89-2fe7eea04021)] -> name: txt_SDFREGAFI_ayuda], [111]])
11:26:59.305 INFO - Done: [send keys: 6 [[FirefoxDriver: firefox on LINUX (18c18d09-f86b-43a6-ad89-2fe7eea04021)] -> name: txt_SDFREGAFI_ayuda], [111]]
11:26:59.311 INFO - Executing: [find element: By.name: txt_SDFTESCTACOT])
11:26:59.328 INFO - Done: [find element: By.name: txt_SDFTESCTACOT]
11:26:59.333 INFO - Executing: [send keys: 7 [[FirefoxDriver: firefox on LINUX (18c18d09-f86b-43a6-ad89-2fe7eea04021)] -> name: txt_SDFTESCTACOT], [28]])
11:26:59.391 INFO - Done: [send keys: 7 [[FirefoxDriver: firefox on LINUX (18c18d09-f86b-43a6-ad89-2fe7eea04021)] -> name: txt_SDFTESCTACOT], [28]]
11:26:59.404 INFO - Executing: [find element: By.name: txt_SDFCTACOT])
11:26:59.464 INFO - Done: [find element: By.name: txt_SDFCTACOT]
11:26:59.470 INFO - Executing: [send keys: 8 [[FirefoxDriver: firefox on LINUX (18c18d09-f86b-43a6-ad89-2fe7eea04021)] -> name: txt_SDFCTACOT], [149794464]])
11:26:59.589 INFO - Done: [send keys: 8 [[FirefoxDriver: firefox on LINUX (18c18d09-f86b-43a6-ad89-2fe7eea04021)] -> name: txt_SDFCTACOT], [149794464]]
11:26:59.619 INFO - Executing: [take screenshot])
11:26:59.683 INFO - Done: [take screenshot]
11:26:59.718 INFO - Executing: [find element: By.name: btn_Sub2207401004])
11:26:59.734 INFO - Done: [find element: By.name: btn_Sub2207401004]
11:26:59.739 INFO - Executing: [click: 9 [[FirefoxDriver: firefox on LINUX (18c18d09-f86b-43a6-ad89-2fe7eea04021)] -> name: btn_Sub2207401004]])
11:27:00.769 INFO - Done: [click: 9 [[FirefoxDriver: firefox on LINUX (18c18d09-f86b-43a6-ad89-2fe7eea04021)] -> name: btn_Sub2207401004]]
11:27:00.791 INFO - Executing: [find elements: By.id: SDFSITAFI_ayuda])
11:27:00.811 INFO - Done: [find elements: By.id: SDFSITAFI_ayuda]
11:27:00.829 INFO - Executing: [find elements: By.id: DIL])
11:27:00.845 INFO - Done: [find elements: By.id: DIL]
11:27:00.848 INFO - Executing: [get text: 11 [[FirefoxDriver: firefox on LINUX (18c18d09-f86b-43a6-ad89-2fe7eea04021)] -> id: DIL]])
11:27:00.865 INFO - Done: [get text: 11 [[FirefoxDriver: firefox on LINUX (18c18d09-f86b-43a6-ad89-2fe7eea04021)] -> id: DIL]]
11:27:00.869 INFO - Executing: [is displayed: 11 [[FirefoxDriver: firefox on LINUX (18c18d09-f86b-43a6-ad89-2fe7eea04021)] -> id: DIL]])
11:27:00.884 INFO - Done: [is displayed: 11 [[FirefoxDriver: firefox on LINUX (18c18d09-f86b-43a6-ad89-2fe7eea04021)] -> id: DIL]]
11:27:00.892 INFO - Executing: [find element: By.name: txt_SDFSITAFI_ayuda])
11:27:00.934 INFO - Done: [find element: By.name: txt_SDFSITAFI_ayuda]
11:27:00.937 INFO - Executing: [send keys: 10 [[FirefoxDriver: firefox on LINUX (18c18d09-f86b-43a6-ad89-2fe7eea04021)] -> id: SDFSITAFI_ayuda], [93]])
11:27:00.979 INFO - Done: [send keys: 10 [[FirefoxDriver: firefox on LINUX (18c18d09-f86b-43a6-ad89-2fe7eea04021)] -> id: SDFSITAFI_ayuda], [93]]
11:27:00.988 INFO - Executing: [find element: By.name: txt_SDFFREALDD])
11:27:01.008 INFO - Done: [find element: By.name: txt_SDFFREALDD]
11:27:01.013 INFO - Executing: [send keys: 12 [[FirefoxDriver: firefox on LINUX (18c18d09-f86b-43a6-ad89-2fe7eea04021)] -> name: txt_SDFFREALDD], [10]])
11:27:01.067 INFO - Done: [send keys: 12 [[FirefoxDriver: firefox on LINUX (18c18d09-f86b-43a6-ad89-2fe7eea04021)] -> name: txt_SDFFREALDD], [10]]
11:27:01.072 INFO - Executing: [find element: By.name: txt_SDFFREALMM])
11:27:01.100 INFO - Done: [find element: By.name: txt_SDFFREALMM]
11:27:01.116 INFO - Executing: [send keys: 13 [[FirefoxDriver: firefox on LINUX (18c18d09-f86b-43a6-ad89-2fe7eea04021)] -> name: txt_SDFFREALMM], [06]])
11:27:01.189 INFO - Done: [send keys: 13 [[FirefoxDriver: firefox on LINUX (18c18d09-f86b-43a6-ad89-2fe7eea04021)] -> name: txt_SDFFREALMM], [06]]
11:27:01.194 INFO - Executing: [find element: By.name: txt_SDFFREALAA])
11:27:01.212 INFO - Done: [find element: By.name: txt_SDFFREALAA]
11:27:01.215 INFO - Executing: [send keys: 14 [[FirefoxDriver: firefox on LINUX (18c18d09-f86b-43a6-ad89-2fe7eea04021)] -> name: txt_SDFFREALAA], [2018]])
11:27:01.272 INFO - Done: [send keys: 14 [[FirefoxDriver: firefox on LINUX (18c18d09-f86b-43a6-ad89-2fe7eea04021)] -> name: txt_SDFFREALAA], [2018]]
11:27:01.285 INFO - Executing: [take screenshot])
11:27:01.381 INFO - Done: [take screenshot]
11:27:01.397 INFO - Executing: [find element: By.name: btn_Sub2207401004])
11:27:01.421 INFO - Done: [find element: By.name: btn_Sub2207401004]
11:27:01.426 INFO - Executing: [click: 15 [[FirefoxDriver: firefox on LINUX (18c18d09-f86b-43a6-ad89-2fe7eea04021)] -> name: btn_Sub2207401004]])
11:27:02.193 INFO - Done: [click: 15 [[FirefoxDriver: firefox on LINUX (18c18d09-f86b-43a6-ad89-2fe7eea04021)] -> name: btn_Sub2207401004]]
11:27:02.246 INFO - Executing: [find elements: By.id: SDFSITAFI_ayuda])
11:27:02.260 INFO - Done: [find elements: By.id: SDFSITAFI_ayuda]
11:27:02.291 INFO - Executing: [find elements: By.id: DIL])
11:27:02.304 INFO - Done: [find elements: By.id: DIL]
11:27:02.311 INFO - Executing: [get text: 16 [[FirefoxDriver: firefox on LINUX (18c18d09-f86b-43a6-ad89-2fe7eea04021)] -> id: DIL]])
11:27:02.349 INFO - Done: [get text: 16 [[FirefoxDriver: firefox on LINUX (18c18d09-f86b-43a6-ad89-2fe7eea04021)] -> id: DIL]]
11:27:02.357 INFO - Executing: [is displayed: 16 [[FirefoxDriver: firefox on LINUX (18c18d09-f86b-43a6-ad89-2fe7eea04021)] -> id: DIL]])
11:27:02.389 INFO - Done: [is displayed: 16 [[FirefoxDriver: firefox on LINUX (18c18d09-f86b-43a6-ad89-2fe7eea04021)] -> id: DIL]]
11:27:02.432 INFO - Executing: [find elements: By.id: DIL])
11:27:02.471 INFO - Done: [find elements: By.id: DIL]
11:27:02.476 INFO - Executing: [get text: 16 [[FirefoxDriver: firefox on LINUX (18c18d09-f86b-43a6-ad89-2fe7eea04021)] -> id: DIL]])
11:27:02.530 INFO - Done: [get text: 16 [[FirefoxDriver: firefox on LINUX (18c18d09-f86b-43a6-ad89-2fe7eea04021)] -> id: DIL]]
11:27:02.533 INFO - Executing: [is displayed: 16 [[FirefoxDriver: firefox on LINUX (18c18d09-f86b-43a6-ad89-2fe7eea04021)] -> id: DIL]])
11:27:02.583 INFO - Done: [is displayed: 16 [[FirefoxDriver: firefox on LINUX (18c18d09-f86b-43a6-ad89-2fe7eea04021)] -> id: DIL]]
11:28:15.758 INFO - Executing: [get: https://w2.seg-social.es/Xhtml?JacadaApplicationName=SGIRED&TRANSACCION=ATR01&E=I&AP=AFIR])
11:28:16.378 INFO - Done: [get: https://w2.seg-social.es/Xhtml?JacadaApplicationName=SGIRED&TRANSACCION=ATR01&E=I&AP=AFIR]
11:28:16.414 INFO - Executing: [find element: By.name: cbo_ListaAltasBajas])
11:28:16.443 INFO - Done: [find element: By.name: cbo_ListaAltasBajas]
11:28:16.450 INFO - Executing: [tag name: 17 [[FirefoxDriver: firefox on LINUX (18c18d09-f86b-43a6-ad89-2fe7eea04021)] -> name: cbo_ListaAltasBajas]])
11:28:16.497 INFO - Done: [tag name: 17 [[FirefoxDriver: firefox on LINUX (18c18d09-f86b-43a6-ad89-2fe7eea04021)] -> name: cbo_ListaAltasBajas]]
11:28:16.501 INFO - Executing: [get element attribute: 17 [[FirefoxDriver: firefox on LINUX (18c18d09-f86b-43a6-ad89-2fe7eea04021)] -> name: cbo_ListaAltasBajas], multiple])
11:28:16.534 INFO - Done: [get element attribute: 17 [[FirefoxDriver: firefox on LINUX (18c18d09-f86b-43a6-ad89-2fe7eea04021)] -> name: cbo_ListaAltasBajas], multiple]
11:28:16.537 INFO - Executing: [find child elements: 17 [[FirefoxDriver: firefox on LINUX (18c18d09-f86b-43a6-ad89-2fe7eea04021)] -> name: cbo_ListaAltasBajas], By.xpath: .//option[normalize-space(.) = 'Baja']])
11:28:16.593 INFO - Done: [find child elements: 17 [[FirefoxDriver: firefox on LINUX (18c18d09-f86b-43a6-ad89-2fe7eea04021)] -> name: cbo_ListaAltasBajas], By.xpath: .//option[normalize-space(.) = 'Baja']]
11:28:16.597 INFO - Executing: [is selected: 18 [[[[FirefoxDriver: firefox on LINUX (18c18d09-f86b-43a6-ad89-2fe7eea04021)] -> name: cbo_ListaAltasBajas]] -> xpath: .//option[normalize-space(.) = 'Baja']]])
11:28:16.639 INFO - Done: [is selected: 18 [[[[FirefoxDriver: firefox on LINUX (18c18d09-f86b-43a6-ad89-2fe7eea04021)] -> name: cbo_ListaAltasBajas]] -> xpath: .//option[normalize-space(.) = 'Baja']]]
11:28:16.642 INFO - Executing: [click: 18 [[[[FirefoxDriver: firefox on LINUX (18c18d09-f86b-43a6-ad89-2fe7eea04021)] -> name: cbo_ListaAltasBajas]] -> xpath: .//option[normalize-space(.) = 'Baja']]])
11:28:16.819 INFO - Done: [click: 18 [[[[FirefoxDriver: firefox on LINUX (18c18d09-f86b-43a6-ad89-2fe7eea04021)] -> name: cbo_ListaAltasBajas]] -> xpath: .//option[normalize-space(.) = 'Baja']]]
11:28:16.824 INFO - Executing: [find element: By.name: txt_SDFPROAFI])
11:28:16.842 INFO - Done: [find element: By.name: txt_SDFPROAFI]
11:28:16.845 INFO - Executing: [send keys: 19 [[FirefoxDriver: firefox on LINUX (18c18d09-f86b-43a6-ad89-2fe7eea04021)] -> name: txt_SDFPROAFI], [45]])
11:28:16.906 INFO - Done: [send keys: 19 [[FirefoxDriver: firefox on LINUX (18c18d09-f86b-43a6-ad89-2fe7eea04021)] -> name: txt_SDFPROAFI], [45]]
11:28:16.914 INFO - Executing: [find element: By.name: txt_SDFCODAFI])
11:28:16.931 INFO - Done: [find element: By.name: txt_SDFCODAFI]
11:28:16.935 INFO - Executing: [send keys: 20 [[FirefoxDriver: firefox on LINUX (18c18d09-f86b-43a6-ad89-2fe7eea04021)] -> name: txt_SDFCODAFI], [1034503440]])
11:28:17.017 INFO - Done: [send keys: 20 [[FirefoxDriver: firefox on LINUX (18c18d09-f86b-43a6-ad89-2fe7eea04021)] -> name: txt_SDFCODAFI], [1034503440]]
11:28:17.020 INFO - Executing: [find element: By.name: txt_SDFTIPPFI_ayuda])
11:28:17.043 INFO - Done: [find element: By.name: txt_SDFTIPPFI_ayuda]
11:28:17.056 INFO - Executing: [send keys: 21 [[FirefoxDriver: firefox on LINUX (18c18d09-f86b-43a6-ad89-2fe7eea04021)] -> name: txt_SDFTIPPFI_ayuda], [1]])
11:28:17.103 INFO - Done: [send keys: 21 [[FirefoxDriver: firefox on LINUX (18c18d09-f86b-43a6-ad89-2fe7eea04021)] -> name: txt_SDFTIPPFI_ayuda], [1]]
11:28:17.106 INFO - Executing: [find element: By.name: txt_SDFNUMPFI])
11:28:17.132 INFO - Done: [find element: By.name: txt_SDFNUMPFI]
11:28:17.143 INFO - Executing: [send keys: 22 [[FirefoxDriver: firefox on LINUX (18c18d09-f86b-43a6-ad89-2fe7eea04021)] -> name: txt_SDFNUMPFI], [15502879M]])
11:28:17.205 INFO - Done: [send keys: 22 [[FirefoxDriver: firefox on LINUX (18c18d09-f86b-43a6-ad89-2fe7eea04021)] -> name: txt_SDFNUMPFI], [15502879M]]
11:28:17.212 INFO - Executing: [find element: By.name: txt_SDFREGAFI_ayuda])
11:28:17.233 INFO - Done: [find element: By.name: txt_SDFREGAFI_ayuda]
11:28:17.239 INFO - Executing: [send keys: 23 [[FirefoxDriver: firefox on LINUX (18c18d09-f86b-43a6-ad89-2fe7eea04021)] -> name: txt_SDFREGAFI_ayuda], [111]])
11:28:17.294 INFO - Done: [send keys: 23 [[FirefoxDriver: firefox on LINUX (18c18d09-f86b-43a6-ad89-2fe7eea04021)] -> name: txt_SDFREGAFI_ayuda], [111]]
11:28:17.299 INFO - Executing: [find element: By.name: txt_SDFTESCTACOT])
11:28:17.317 INFO - Done: [find element: By.name: txt_SDFTESCTACOT]
11:28:17.322 INFO - Executing: [send keys: 24 [[FirefoxDriver: firefox on LINUX (18c18d09-f86b-43a6-ad89-2fe7eea04021)] -> name: txt_SDFTESCTACOT], [28]])
11:28:17.365 INFO - Done: [send keys: 24 [[FirefoxDriver: firefox on LINUX (18c18d09-f86b-43a6-ad89-2fe7eea04021)] -> name: txt_SDFTESCTACOT], [28]]
11:28:17.368 INFO - Executing: [find element: By.name: txt_SDFCTACOT])
11:28:17.393 INFO - Done: [find element: By.name: txt_SDFCTACOT]
11:28:17.410 INFO - Executing: [send keys: 25 [[FirefoxDriver: firefox on LINUX (18c18d09-f86b-43a6-ad89-2fe7eea04021)] -> name: txt_SDFCTACOT], [149794464]])
11:28:17.513 INFO - Done: [send keys: 25 [[FirefoxDriver: firefox on LINUX (18c18d09-f86b-43a6-ad89-2fe7eea04021)] -> name: txt_SDFCTACOT], [149794464]]
11:28:17.537 INFO - Executing: [take screenshot])
11:28:17.647 INFO - Done: [take screenshot]
11:28:17.693 INFO - Executing: [find element: By.name: btn_Sub2207401004])
11:28:17.707 INFO - Done: [find element: By.name: btn_Sub2207401004]
11:28:17.709 INFO - Executing: [click: 26 [[FirefoxDriver: firefox on LINUX (18c18d09-f86b-43a6-ad89-2fe7eea04021)] -> name: btn_Sub2207401004]])
11:28:18.311 INFO - Done: [click: 26 [[FirefoxDriver: firefox on LINUX (18c18d09-f86b-43a6-ad89-2fe7eea04021)] -> name: btn_Sub2207401004]]
11:28:18.332 INFO - Executing: [find elements: By.id: SDFSITAFI_ayuda])
11:28:18.349 INFO - Done: [find elements: By.id: SDFSITAFI_ayuda]
11:28:18.361 INFO - Executing: [find elements: By.id: DIL])
11:28:18.375 INFO - Done: [find elements: By.id: DIL]
11:28:18.379 INFO - Executing: [get text: 28 [[FirefoxDriver: firefox on LINUX (18c18d09-f86b-43a6-ad89-2fe7eea04021)] -> id: DIL]])
11:28:18.395 INFO - Done: [get text: 28 [[FirefoxDriver: firefox on LINUX (18c18d09-f86b-43a6-ad89-2fe7eea04021)] -> id: DIL]]
11:28:18.403 INFO - Executing: [is displayed: 28 [[FirefoxDriver: firefox on LINUX (18c18d09-f86b-43a6-ad89-2fe7eea04021)] -> id: DIL]])
11:28:18.429 INFO - Done: [is displayed: 28 [[FirefoxDriver: firefox on LINUX (18c18d09-f86b-43a6-ad89-2fe7eea04021)] -> id: DIL]]
11:28:18.433 INFO - Executing: [find element: By.name: txt_SDFSITAFI_ayuda])
11:28:18.466 INFO - Done: [find element: By.name: txt_SDFSITAFI_ayuda]
11:28:18.472 INFO - Executing: [send keys: 27 [[FirefoxDriver: firefox on LINUX (18c18d09-f86b-43a6-ad89-2fe7eea04021)] -> id: SDFSITAFI_ayuda], [93]])
11:28:18.552 INFO - Done: [send keys: 27 [[FirefoxDriver: firefox on LINUX (18c18d09-f86b-43a6-ad89-2fe7eea04021)] -> id: SDFSITAFI_ayuda], [93]]
11:28:18.556 INFO - Executing: [find element: By.name: txt_SDFFREALDD])
11:28:18.571 INFO - Done: [find element: By.name: txt_SDFFREALDD]
11:28:18.575 INFO - Executing: [send keys: 29 [[FirefoxDriver: firefox on LINUX (18c18d09-f86b-43a6-ad89-2fe7eea04021)] -> name: txt_SDFFREALDD], [11]])
11:28:18.648 INFO - Done: [send keys: 29 [[FirefoxDriver: firefox on LINUX (18c18d09-f86b-43a6-ad89-2fe7eea04021)] -> name: txt_SDFFREALDD], [11]]
11:28:18.652 INFO - Executing: [find element: By.name: txt_SDFFREALMM])
11:28:18.679 INFO - Done: [find element: By.name: txt_SDFFREALMM]
11:28:18.684 INFO - Executing: [send keys: 30 [[FirefoxDriver: firefox on LINUX (18c18d09-f86b-43a6-ad89-2fe7eea04021)] -> name: txt_SDFFREALMM], [06]])
11:28:18.735 INFO - Done: [send keys: 30 [[FirefoxDriver: firefox on LINUX (18c18d09-f86b-43a6-ad89-2fe7eea04021)] -> name: txt_SDFFREALMM], [06]]
11:28:18.741 INFO - Executing: [find element: By.name: txt_SDFFREALAA])
11:28:18.757 INFO - Done: [find element: By.name: txt_SDFFREALAA]
11:28:18.762 INFO - Executing: [send keys: 31 [[FirefoxDriver: firefox on LINUX (18c18d09-f86b-43a6-ad89-2fe7eea04021)] -> name: txt_SDFFREALAA], [2018]])
11:28:18.809 INFO - Done: [send keys: 31 [[FirefoxDriver: firefox on LINUX (18c18d09-f86b-43a6-ad89-2fe7eea04021)] -> name: txt_SDFFREALAA], [2018]]
11:28:18.817 INFO - Executing: [take screenshot])
11:28:18.896 INFO - Done: [take screenshot]
11:28:18.908 INFO - Executing: [find element: By.name: btn_Sub2207401004])
11:28:18.922 INFO - Done: [find element: By.name: btn_Sub2207401004]
11:28:18.927 INFO - Executing: [click: 32 [[FirefoxDriver: firefox on LINUX (18c18d09-f86b-43a6-ad89-2fe7eea04021)] -> name: btn_Sub2207401004]])
11:28:19.513 INFO - Done: [click: 32 [[FirefoxDriver: firefox on LINUX (18c18d09-f86b-43a6-ad89-2fe7eea04021)] -> name: btn_Sub2207401004]]
11:28:19.539 INFO - Executing: [find elements: By.id: SDFSITAFI_ayuda])
11:28:19.554 INFO - Done: [find elements: By.id: SDFSITAFI_ayuda]
11:28:19.572 INFO - Executing: [find elements: By.id: DIL])
11:28:19.587 INFO - Done: [find elements: By.id: DIL]
11:28:19.589 INFO - Executing: [get text: 33 [[FirefoxDriver: firefox on LINUX (18c18d09-f86b-43a6-ad89-2fe7eea04021)] -> id: DIL]])
11:28:19.609 INFO - Done: [get text: 33 [[FirefoxDriver: firefox on LINUX (18c18d09-f86b-43a6-ad89-2fe7eea04021)] -> id: DIL]]
11:28:19.613 INFO - Executing: [is displayed: 33 [[FirefoxDriver: firefox on LINUX (18c18d09-f86b-43a6-ad89-2fe7eea04021)] -> id: DIL]])
11:28:19.653 INFO - Done: [is displayed: 33 [[FirefoxDriver: firefox on LINUX (18c18d09-f86b-43a6-ad89-2fe7eea04021)] -> id: DIL]]
11:28:19.672 INFO - Executing: [find elements: By.id: DIL])
11:28:19.695 INFO - Done: [find elements: By.id: DIL]
11:28:19.697 INFO - Executing: [get text: 33 [[FirefoxDriver: firefox on LINUX (18c18d09-f86b-43a6-ad89-2fe7eea04021)] -> id: DIL]])
11:28:19.720 INFO - Done: [get text: 33 [[FirefoxDriver: firefox on LINUX (18c18d09-f86b-43a6-ad89-2fe7eea04021)] -> id: DIL]]
11:28:19.723 INFO - Executing: [is displayed: 33 [[FirefoxDriver: firefox on LINUX (18c18d09-f86b-43a6-ad89-2fe7eea04021)] -> id: DIL]])
11:28:19.739 INFO - Done: [is displayed: 33 [[FirefoxDriver: firefox on LINUX (18c18d09-f86b-43a6-ad89-2fe7eea04021)] -> id: DIL]]
11:33:23.935 INFO - Executing: [get: https://w2.seg-social.es/Xhtml?JacadaApplicationName=SGIRED&TRANSACCION=ATR01&E=I&AP=AFIR])
11:33:24.617 INFO - Done: [get: https://w2.seg-social.es/Xhtml?JacadaApplicationName=SGIRED&TRANSACCION=ATR01&E=I&AP=AFIR]
11:33:24.652 INFO - Executing: [find element: By.name: cbo_ListaAltasBajas])
11:33:24.690 INFO - Done: [find element: By.name: cbo_ListaAltasBajas]
11:33:24.696 INFO - Executing: [tag name: 34 [[FirefoxDriver: firefox on LINUX (18c18d09-f86b-43a6-ad89-2fe7eea04021)] -> name: cbo_ListaAltasBajas]])
11:33:24.715 INFO - Done: [tag name: 34 [[FirefoxDriver: firefox on LINUX (18c18d09-f86b-43a6-ad89-2fe7eea04021)] -> name: cbo_ListaAltasBajas]]
11:33:24.721 INFO - Executing: [get element attribute: 34 [[FirefoxDriver: firefox on LINUX (18c18d09-f86b-43a6-ad89-2fe7eea04021)] -> name: cbo_ListaAltasBajas], multiple])
11:33:24.759 INFO - Done: [get element attribute: 34 [[FirefoxDriver: firefox on LINUX (18c18d09-f86b-43a6-ad89-2fe7eea04021)] -> name: cbo_ListaAltasBajas], multiple]
11:33:24.761 INFO - Executing: [find child elements: 34 [[FirefoxDriver: firefox on LINUX (18c18d09-f86b-43a6-ad89-2fe7eea04021)] -> name: cbo_ListaAltasBajas], By.xpath: .//option[normalize-space(.) = 'Baja']])
11:33:24.796 INFO - Done: [find child elements: 34 [[FirefoxDriver: firefox on LINUX (18c18d09-f86b-43a6-ad89-2fe7eea04021)] -> name: cbo_ListaAltasBajas], By.xpath: .//option[normalize-space(.) = 'Baja']]
11:33:24.799 INFO - Executing: [is selected: 35 [[[[FirefoxDriver: firefox on LINUX (18c18d09-f86b-43a6-ad89-2fe7eea04021)] -> name: cbo_ListaAltasBajas]] -> xpath: .//option[normalize-space(.) = 'Baja']]])
11:33:24.850 INFO - Done: [is selected: 35 [[[[FirefoxDriver: firefox on LINUX (18c18d09-f86b-43a6-ad89-2fe7eea04021)] -> name: cbo_ListaAltasBajas]] -> xpath: .//option[normalize-space(.) = 'Baja']]]
11:33:24.853 INFO - Executing: [click: 35 [[[[FirefoxDriver: firefox on LINUX (18c18d09-f86b-43a6-ad89-2fe7eea04021)] -> name: cbo_ListaAltasBajas]] -> xpath: .//option[normalize-space(.) = 'Baja']]])
11:33:25.199 INFO - Done: [click: 35 [[[[FirefoxDriver: firefox on LINUX (18c18d09-f86b-43a6-ad89-2fe7eea04021)] -> name: cbo_ListaAltasBajas]] -> xpath: .//option[normalize-space(.) = 'Baja']]]
11:33:25.202 INFO - Executing: [find element: By.name: txt_SDFPROAFI])
11:33:25.241 INFO - Done: [find element: By.name: txt_SDFPROAFI]
11:33:25.244 INFO - Executing: [send keys: 36 [[FirefoxDriver: firefox on LINUX (18c18d09-f86b-43a6-ad89-2fe7eea04021)] -> name: txt_SDFPROAFI], [45]])
11:33:25.324 INFO - Done: [send keys: 36 [[FirefoxDriver: firefox on LINUX (18c18d09-f86b-43a6-ad89-2fe7eea04021)] -> name: txt_SDFPROAFI], [45]]
11:33:25.331 INFO - Executing: [find element: By.name: txt_SDFCODAFI])
11:33:25.376 INFO - Done: [find element: By.name: txt_SDFCODAFI]
11:33:25.382 INFO - Executing: [send keys: 37 [[FirefoxDriver: firefox on LINUX (18c18d09-f86b-43a6-ad89-2fe7eea04021)] -> name: txt_SDFCODAFI], [1034503440]])
11:33:25.686 INFO - Done: [send keys: 37 [[FirefoxDriver: firefox on LINUX (18c18d09-f86b-43a6-ad89-2fe7eea04021)] -> name: txt_SDFCODAFI], [1034503440]]
11:33:25.689 INFO - Executing: [find element: By.name: txt_SDFTIPPFI_ayuda])
11:33:25.721 INFO - Done: [find element: By.name: txt_SDFTIPPFI_ayuda]
11:33:25.726 INFO - Executing: [send keys: 38 [[FirefoxDriver: firefox on LINUX (18c18d09-f86b-43a6-ad89-2fe7eea04021)] -> name: txt_SDFTIPPFI_ayuda], [1]])
11:33:25.776 INFO - Done: [send keys: 38 [[FirefoxDriver: firefox on LINUX (18c18d09-f86b-43a6-ad89-2fe7eea04021)] -> name: txt_SDFTIPPFI_ayuda], [1]]
11:33:25.788 INFO - Executing: [find element: By.name: txt_SDFNUMPFI])
11:33:25.836 INFO - Done: [find element: By.name: txt_SDFNUMPFI]
11:33:25.838 INFO - Executing: [send keys: 39 [[FirefoxDriver: firefox on LINUX (18c18d09-f86b-43a6-ad89-2fe7eea04021)] -> name: txt_SDFNUMPFI], [15502879M]])
11:33:25.945 INFO - Done: [send keys: 39 [[FirefoxDriver: firefox on LINUX (18c18d09-f86b-43a6-ad89-2fe7eea04021)] -> name: txt_SDFNUMPFI], [15502879M]]
11:33:25.948 INFO - Executing: [find element: By.name: txt_SDFREGAFI_ayuda])
11:33:25.994 INFO - Done: [find element: By.name: txt_SDFREGAFI_ayuda]
11:33:26.009 INFO - Executing: [send keys: 40 [[FirefoxDriver: firefox on LINUX (18c18d09-f86b-43a6-ad89-2fe7eea04021)] -> name: txt_SDFREGAFI_ayuda], [111]])
11:33:26.217 INFO - Done: [send keys: 40 [[FirefoxDriver: firefox on LINUX (18c18d09-f86b-43a6-ad89-2fe7eea04021)] -> name: txt_SDFREGAFI_ayuda], [111]]
11:33:26.224 INFO - Executing: [find element: By.name: txt_SDFTESCTACOT])
11:33:26.257 INFO - Done: [find element: By.name: txt_SDFTESCTACOT]
11:33:26.259 INFO - Executing: [send keys: 41 [[FirefoxDriver: firefox on LINUX (18c18d09-f86b-43a6-ad89-2fe7eea04021)] -> name: txt_SDFTESCTACOT], [28]])
11:33:26.358 INFO - Done: [send keys: 41 [[FirefoxDriver: firefox on LINUX (18c18d09-f86b-43a6-ad89-2fe7eea04021)] -> name: txt_SDFTESCTACOT], [28]]
11:33:26.361 INFO - Executing: [find element: By.name: txt_SDFCTACOT])
11:33:26.389 INFO - Done: [find element: By.name: txt_SDFCTACOT]
11:33:26.400 INFO - Executing: [send keys: 42 [[FirefoxDriver: firefox on LINUX (18c18d09-f86b-43a6-ad89-2fe7eea04021)] -> name: txt_SDFCTACOT], [149794464]])
11:33:26.537 INFO - Done: [send keys: 42 [[FirefoxDriver: firefox on LINUX (18c18d09-f86b-43a6-ad89-2fe7eea04021)] -> name: txt_SDFCTACOT], [149794464]]
11:33:26.547 INFO - Executing: [take screenshot])
11:33:26.644 INFO - Done: [take screenshot]
11:33:26.666 INFO - Executing: [find element: By.name: btn_Sub2207401004])
11:33:26.680 INFO - Done: [find element: By.name: btn_Sub2207401004]
11:33:26.683 INFO - Executing: [click: 43 [[FirefoxDriver: firefox on LINUX (18c18d09-f86b-43a6-ad89-2fe7eea04021)] -> name: btn_Sub2207401004]])
11:33:27.283 INFO - Done: [click: 43 [[FirefoxDriver: firefox on LINUX (18c18d09-f86b-43a6-ad89-2fe7eea04021)] -> name: btn_Sub2207401004]]
11:33:27.299 INFO - Executing: [find elements: By.id: SDFSITAFI_ayuda])
11:33:27.317 INFO - Done: [find elements: By.id: SDFSITAFI_ayuda]
11:33:27.373 INFO - Executing: [find elements: By.id: DIL])
11:33:27.386 INFO - Done: [find elements: By.id: DIL]
11:33:27.397 INFO - Executing: [get text: 44 [[FirefoxDriver: firefox on LINUX (18c18d09-f86b-43a6-ad89-2fe7eea04021)] -> id: DIL]])
11:33:27.450 INFO - Done: [get text: 44 [[FirefoxDriver: firefox on LINUX (18c18d09-f86b-43a6-ad89-2fe7eea04021)] -> id: DIL]]
11:33:27.452 INFO - Executing: [is displayed: 44 [[FirefoxDriver: firefox on LINUX (18c18d09-f86b-43a6-ad89-2fe7eea04021)] -> id: DIL]])
11:33:27.468 INFO - Done: [is displayed: 44 [[FirefoxDriver: firefox on LINUX (18c18d09-f86b-43a6-ad89-2fe7eea04021)] -> id: DIL]]
11:33:27.506 INFO - Executing: [find elements: By.id: DIL])
11:33:27.521 INFO - Done: [find elements: By.id: DIL]
11:33:27.523 INFO - Executing: [get text: 44 [[FirefoxDriver: firefox on LINUX (18c18d09-f86b-43a6-ad89-2fe7eea04021)] -> id: DIL]])
11:33:27.557 INFO - Done: [get text: 44 [[FirefoxDriver: firefox on LINUX (18c18d09-f86b-43a6-ad89-2fe7eea04021)] -> id: DIL]]
11:33:27.560 INFO - Executing: [is displayed: 44 [[FirefoxDriver: firefox on LINUX (18c18d09-f86b-43a6-ad89-2fe7eea04021)] -> id: DIL]])
11:33:27.583 INFO - Done: [is displayed: 44 [[FirefoxDriver: firefox on LINUX (18c18d09-f86b-43a6-ad89-2fe7eea04021)] -> id: DIL]]
11:33:27.603 INFO - Executing: [get text: 44 [[FirefoxDriver: firefox on LINUX (18c18d09-f86b-43a6-ad89-2fe7eea04021)] -> id: DIL]])
11:33:27.623 INFO - Done: [get text: 44 [[FirefoxDriver: firefox on LINUX (18c18d09-f86b-43a6-ad89-2fe7eea04021)] -> id: DIL]]
11:33:27.690 INFO - Executing: [get text: 44 [[FirefoxDriver: firefox on LINUX (18c18d09-f86b-43a6-ad89-2fe7eea04021)] -> id: DIL]])
11:33:27.718 INFO - Done: [get text: 44 [[FirefoxDriver: firefox on LINUX (18c18d09-f86b-43a6-ad89-2fe7eea04021)] -> id: DIL]]
11:34:39.882 INFO - Executing: [get: https://w2.seg-social.es/Xhtml?JacadaApplicationName=SGIRED&TRANSACCION=ATR01&E=I&AP=AFIR])
11:34:40.721 INFO - Done: [get: https://w2.seg-social.es/Xhtml?JacadaApplicationName=SGIRED&TRANSACCION=ATR01&E=I&AP=AFIR]
11:34:40.735 INFO - Executing: [find element: By.name: cbo_ListaAltasBajas])
11:34:40.766 INFO - Done: [find element: By.name: cbo_ListaAltasBajas]
11:34:40.773 INFO - Executing: [tag name: 45 [[FirefoxDriver: firefox on LINUX (18c18d09-f86b-43a6-ad89-2fe7eea04021)] -> name: cbo_ListaAltasBajas]])
11:34:40.797 INFO - Done: [tag name: 45 [[FirefoxDriver: firefox on LINUX (18c18d09-f86b-43a6-ad89-2fe7eea04021)] -> name: cbo_ListaAltasBajas]]
11:34:40.803 INFO - Executing: [get element attribute: 45 [[FirefoxDriver: firefox on LINUX (18c18d09-f86b-43a6-ad89-2fe7eea04021)] -> name: cbo_ListaAltasBajas], multiple])
11:34:40.820 INFO - Done: [get element attribute: 45 [[FirefoxDriver: firefox on LINUX (18c18d09-f86b-43a6-ad89-2fe7eea04021)] -> name: cbo_ListaAltasBajas], multiple]
11:34:40.823 INFO - Executing: [find child elements: 45 [[FirefoxDriver: firefox on LINUX (18c18d09-f86b-43a6-ad89-2fe7eea04021)] -> name: cbo_ListaAltasBajas], By.xpath: .//option[normalize-space(.) = 'Baja']])
11:34:40.851 INFO - Done: [find child elements: 45 [[FirefoxDriver: firefox on LINUX (18c18d09-f86b-43a6-ad89-2fe7eea04021)] -> name: cbo_ListaAltasBajas], By.xpath: .//option[normalize-space(.) = 'Baja']]
11:34:40.854 INFO - Executing: [is selected: 46 [[[[FirefoxDriver: firefox on LINUX (18c18d09-f86b-43a6-ad89-2fe7eea04021)] -> name: cbo_ListaAltasBajas]] -> xpath: .//option[normalize-space(.) = 'Baja']]])
11:34:40.875 INFO - Done: [is selected: 46 [[[[FirefoxDriver: firefox on LINUX (18c18d09-f86b-43a6-ad89-2fe7eea04021)] -> name: cbo_ListaAltasBajas]] -> xpath: .//option[normalize-space(.) = 'Baja']]]
11:34:40.877 INFO - Executing: [click: 46 [[[[FirefoxDriver: firefox on LINUX (18c18d09-f86b-43a6-ad89-2fe7eea04021)] -> name: cbo_ListaAltasBajas]] -> xpath: .//option[normalize-space(.) = 'Baja']]])
11:34:41.086 INFO - Done: [click: 46 [[[[FirefoxDriver: firefox on LINUX (18c18d09-f86b-43a6-ad89-2fe7eea04021)] -> name: cbo_ListaAltasBajas]] -> xpath: .//option[normalize-space(.) = 'Baja']]]
11:34:41.093 INFO - Executing: [find element: By.name: txt_SDFPROAFI])
11:34:41.119 INFO - Done: [find element: By.name: txt_SDFPROAFI]
11:34:41.122 INFO - Executing: [send keys: 47 [[FirefoxDriver: firefox on LINUX (18c18d09-f86b-43a6-ad89-2fe7eea04021)] -> name: txt_SDFPROAFI], [28]])
11:34:41.201 INFO - Done: [send keys: 47 [[FirefoxDriver: firefox on LINUX (18c18d09-f86b-43a6-ad89-2fe7eea04021)] -> name: txt_SDFPROAFI], [28]]
11:34:41.205 INFO - Executing: [find element: By.name: txt_SDFCODAFI])
11:34:41.224 INFO - Done: [find element: By.name: txt_SDFCODAFI]
11:34:41.226 INFO - Executing: [send keys: 48 [[FirefoxDriver: firefox on LINUX (18c18d09-f86b-43a6-ad89-2fe7eea04021)] -> name: txt_SDFCODAFI], [1262048748]])
11:34:41.321 INFO - Done: [send keys: 48 [[FirefoxDriver: firefox on LINUX (18c18d09-f86b-43a6-ad89-2fe7eea04021)] -> name: txt_SDFCODAFI], [1262048748]]
11:34:41.323 INFO - Executing: [find element: By.name: txt_SDFTIPPFI_ayuda])
11:34:41.344 INFO - Done: [find element: By.name: txt_SDFTIPPFI_ayuda]
11:34:41.347 INFO - Executing: [send keys: 49 [[FirefoxDriver: firefox on LINUX (18c18d09-f86b-43a6-ad89-2fe7eea04021)] -> name: txt_SDFTIPPFI_ayuda], [6]])
11:34:41.445 INFO - Done: [send keys: 49 [[FirefoxDriver: firefox on LINUX (18c18d09-f86b-43a6-ad89-2fe7eea04021)] -> name: txt_SDFTIPPFI_ayuda], [6]]
11:34:41.447 INFO - Executing: [find element: By.name: txt_SDFNUMPFI])
11:34:41.472 INFO - Done: [find element: By.name: txt_SDFNUMPFI]
11:34:41.474 INFO - Executing: [send keys: 50 [[FirefoxDriver: firefox on LINUX (18c18d09-f86b-43a6-ad89-2fe7eea04021)] -> name: txt_SDFNUMPFI], [X9680460J]])
11:34:41.608 INFO - Done: [send keys: 50 [[FirefoxDriver: firefox on LINUX (18c18d09-f86b-43a6-ad89-2fe7eea04021)] -> name: txt_SDFNUMPFI], [X9680460J]]
11:34:41.618 INFO - Executing: [find element: By.name: txt_SDFREGAFI_ayuda])
11:34:41.660 INFO - Done: [find element: By.name: txt_SDFREGAFI_ayuda]
11:34:41.663 INFO - Executing: [send keys: 51 [[FirefoxDriver: firefox on LINUX (18c18d09-f86b-43a6-ad89-2fe7eea04021)] -> name: txt_SDFREGAFI_ayuda], [111]])
11:34:41.735 INFO - Done: [send keys: 51 [[FirefoxDriver: firefox on LINUX (18c18d09-f86b-43a6-ad89-2fe7eea04021)] -> name: txt_SDFREGAFI_ayuda], [111]]
11:34:41.738 INFO - Executing: [find element: By.name: txt_SDFTESCTACOT])
11:34:41.770 INFO - Done: [find element: By.name: txt_SDFTESCTACOT]
11:34:41.772 INFO - Executing: [send keys: 52 [[FirefoxDriver: firefox on LINUX (18c18d09-f86b-43a6-ad89-2fe7eea04021)] -> name: txt_SDFTESCTACOT], [28]])
11:34:41.835 INFO - Done: [send keys: 52 [[FirefoxDriver: firefox on LINUX (18c18d09-f86b-43a6-ad89-2fe7eea04021)] -> name: txt_SDFTESCTACOT], [28]]
11:34:41.841 INFO - Executing: [find element: By.name: txt_SDFCTACOT])
11:34:41.885 INFO - Done: [find element: By.name: txt_SDFCTACOT]
11:34:41.889 INFO - Executing: [send keys: 53 [[FirefoxDriver: firefox on LINUX (18c18d09-f86b-43a6-ad89-2fe7eea04021)] -> name: txt_SDFCTACOT], [149794464]])
11:34:41.982 INFO - Done: [send keys: 53 [[FirefoxDriver: firefox on LINUX (18c18d09-f86b-43a6-ad89-2fe7eea04021)] -> name: txt_SDFCTACOT], [149794464]]
11:34:42.001 INFO - Executing: [take screenshot])
11:34:42.076 INFO - Done: [take screenshot]
11:34:42.122 INFO - Executing: [find element: By.name: btn_Sub2207401004])
11:34:42.158 INFO - Done: [find element: By.name: btn_Sub2207401004]
11:34:42.162 INFO - Executing: [click: 54 [[FirefoxDriver: firefox on LINUX (18c18d09-f86b-43a6-ad89-2fe7eea04021)] -> name: btn_Sub2207401004]])
11:34:42.822 INFO - Done: [click: 54 [[FirefoxDriver: firefox on LINUX (18c18d09-f86b-43a6-ad89-2fe7eea04021)] -> name: btn_Sub2207401004]]
11:34:42.837 INFO - Executing: [find elements: By.id: SDFSITAFI_ayuda])
11:34:42.861 INFO - Done: [find elements: By.id: SDFSITAFI_ayuda]
11:34:42.909 INFO - Executing: [find elements: By.id: DIL])
11:34:42.933 INFO - Done: [find elements: By.id: DIL]
11:34:42.935 INFO - Executing: [get text: 55 [[FirefoxDriver: firefox on LINUX (18c18d09-f86b-43a6-ad89-2fe7eea04021)] -> id: DIL]])
11:34:42.965 INFO - Done: [get text: 55 [[FirefoxDriver: firefox on LINUX (18c18d09-f86b-43a6-ad89-2fe7eea04021)] -> id: DIL]]
11:34:42.968 INFO - Executing: [is displayed: 55 [[FirefoxDriver: firefox on LINUX (18c18d09-f86b-43a6-ad89-2fe7eea04021)] -> id: DIL]])
11:34:42.992 INFO - Done: [is displayed: 55 [[FirefoxDriver: firefox on LINUX (18c18d09-f86b-43a6-ad89-2fe7eea04021)] -> id: DIL]]
11:34:43.006 INFO - Executing: [find elements: By.id: DIL])
11:34:43.036 INFO - Done: [find elements: By.id: DIL]
11:34:43.039 INFO - Executing: [get text: 55 [[FirefoxDriver: firefox on LINUX (18c18d09-f86b-43a6-ad89-2fe7eea04021)] -> id: DIL]])
11:34:43.084 INFO - Done: [get text: 55 [[FirefoxDriver: firefox on LINUX (18c18d09-f86b-43a6-ad89-2fe7eea04021)] -> id: DIL]]
11:34:43.086 INFO - Executing: [is displayed: 55 [[FirefoxDriver: firefox on LINUX (18c18d09-f86b-43a6-ad89-2fe7eea04021)] -> id: DIL]])
11:34:43.170 INFO - Done: [is displayed: 55 [[FirefoxDriver: firefox on LINUX (18c18d09-f86b-43a6-ad89-2fe7eea04021)] -> id: DIL]]
11:34:43.183 INFO - Executing: [get text: 55 [[FirefoxDriver: firefox on LINUX (18c18d09-f86b-43a6-ad89-2fe7eea04021)] -> id: DIL]])
11:34:43.210 INFO - Done: [get text: 55 [[FirefoxDriver: firefox on LINUX (18c18d09-f86b-43a6-ad89-2fe7eea04021)] -> id: DIL]]
11:34:43.225 INFO - Executing: [get text: 55 [[FirefoxDriver: firefox on LINUX (18c18d09-f86b-43a6-ad89-2fe7eea04021)] -> id: DIL]])
11:34:43.253 INFO - Done: [get text: 55 [[FirefoxDriver: firefox on LINUX (18c18d09-f86b-43a6-ad89-2fe7eea04021)] -> id: DIL]]
11:40:47.761 INFO - Executing: [get: https://w2.seg-social.es/Xhtml?JacadaApplicationName=SGIRED&TRANSACCION=ATR01&E=I&AP=AFIR])
11:40:48.316 INFO - Done: [get: https://w2.seg-social.es/Xhtml?JacadaApplicationName=SGIRED&TRANSACCION=ATR01&E=I&AP=AFIR]
11:40:48.334 INFO - Executing: [find element: By.name: cbo_ListaAltasBajas])
11:40:48.365 INFO - Done: [find element: By.name: cbo_ListaAltasBajas]
11:40:48.380 INFO - Executing: [tag name: 56 [[FirefoxDriver: firefox on LINUX (18c18d09-f86b-43a6-ad89-2fe7eea04021)] -> name: cbo_ListaAltasBajas]])
11:40:48.408 INFO - Done: [tag name: 56 [[FirefoxDriver: firefox on LINUX (18c18d09-f86b-43a6-ad89-2fe7eea04021)] -> name: cbo_ListaAltasBajas]]
11:40:48.411 INFO - Executing: [get element attribute: 56 [[FirefoxDriver: firefox on LINUX (18c18d09-f86b-43a6-ad89-2fe7eea04021)] -> name: cbo_ListaAltasBajas], multiple])
11:40:48.449 INFO - Done: [get element attribute: 56 [[FirefoxDriver: firefox on LINUX (18c18d09-f86b-43a6-ad89-2fe7eea04021)] -> name: cbo_ListaAltasBajas], multiple]
11:40:48.451 INFO - Executing: [find child elements: 56 [[FirefoxDriver: firefox on LINUX (18c18d09-f86b-43a6-ad89-2fe7eea04021)] -> name: cbo_ListaAltasBajas], By.xpath: .//option[normalize-space(.) = 'Baja']])
11:40:48.493 INFO - Done: [find child elements: 56 [[FirefoxDriver: firefox on LINUX (18c18d09-f86b-43a6-ad89-2fe7eea04021)] -> name: cbo_ListaAltasBajas], By.xpath: .//option[normalize-space(.) = 'Baja']]
11:40:48.495 INFO - Executing: [is selected: 57 [[[[FirefoxDriver: firefox on LINUX (18c18d09-f86b-43a6-ad89-2fe7eea04021)] -> name: cbo_ListaAltasBajas]] -> xpath: .//option[normalize-space(.) = 'Baja']]])
11:40:48.533 INFO - Done: [is selected: 57 [[[[FirefoxDriver: firefox on LINUX (18c18d09-f86b-43a6-ad89-2fe7eea04021)] -> name: cbo_ListaAltasBajas]] -> xpath: .//option[normalize-space(.) = 'Baja']]]
11:40:48.536 INFO - Executing: [click: 57 [[[[FirefoxDriver: firefox on LINUX (18c18d09-f86b-43a6-ad89-2fe7eea04021)] -> name: cbo_ListaAltasBajas]] -> xpath: .//option[normalize-space(.) = 'Baja']]])
11:40:48.776 INFO - Done: [click: 57 [[[[FirefoxDriver: firefox on LINUX (18c18d09-f86b-43a6-ad89-2fe7eea04021)] -> name: cbo_ListaAltasBajas]] -> xpath: .//option[normalize-space(.) = 'Baja']]]
11:40:48.781 INFO - Executing: [find element: By.name: txt_SDFPROAFI])
11:40:48.814 INFO - Done: [find element: By.name: txt_SDFPROAFI]
11:40:48.817 INFO - Executing: [send keys: 58 [[FirefoxDriver: firefox on LINUX (18c18d09-f86b-43a6-ad89-2fe7eea04021)] -> name: txt_SDFPROAFI], [28]])
11:40:48.872 INFO - Done: [send keys: 58 [[FirefoxDriver: firefox on LINUX (18c18d09-f86b-43a6-ad89-2fe7eea04021)] -> name: txt_SDFPROAFI], [28]]
11:40:48.873 INFO - Executing: [find element: By.name: txt_SDFCODAFI])
11:40:48.893 INFO - Done: [find element: By.name: txt_SDFCODAFI]
11:40:48.894 INFO - Executing: [send keys: 59 [[FirefoxDriver: firefox on LINUX (18c18d09-f86b-43a6-ad89-2fe7eea04021)] -> name: txt_SDFCODAFI], [1262048748]])
11:40:48.984 INFO - Done: [send keys: 59 [[FirefoxDriver: firefox on LINUX (18c18d09-f86b-43a6-ad89-2fe7eea04021)] -> name: txt_SDFCODAFI], [1262048748]]
11:40:48.998 INFO - Executing: [find element: By.name: txt_SDFTIPPFI_ayuda])
11:40:49.015 INFO - Done: [find element: By.name: txt_SDFTIPPFI_ayuda]
11:40:49.020 INFO - Executing: [send keys: 60 [[FirefoxDriver: firefox on LINUX (18c18d09-f86b-43a6-ad89-2fe7eea04021)] -> name: txt_SDFTIPPFI_ayuda], [6]])
11:40:49.088 INFO - Done: [send keys: 60 [[FirefoxDriver: firefox on LINUX (18c18d09-f86b-43a6-ad89-2fe7eea04021)] -> name: txt_SDFTIPPFI_ayuda], [6]]
11:40:49.092 INFO - Executing: [find element: By.name: txt_SDFNUMPFI])
11:40:49.106 INFO - Done: [find element: By.name: txt_SDFNUMPFI]
11:40:49.110 INFO - Executing: [send keys: 61 [[FirefoxDriver: firefox on LINUX (18c18d09-f86b-43a6-ad89-2fe7eea04021)] -> name: txt_SDFNUMPFI], [X9680460J]])
11:40:49.171 INFO - Done: [send keys: 61 [[FirefoxDriver: firefox on LINUX (18c18d09-f86b-43a6-ad89-2fe7eea04021)] -> name: txt_SDFNUMPFI], [X9680460J]]
11:40:49.174 INFO - Executing: [find element: By.name: txt_SDFREGAFI_ayuda])
11:40:49.197 INFO - Done: [find element: By.name: txt_SDFREGAFI_ayuda]
11:40:49.200 INFO - Executing: [send keys: 62 [[FirefoxDriver: firefox on LINUX (18c18d09-f86b-43a6-ad89-2fe7eea04021)] -> name: txt_SDFREGAFI_ayuda], [111]])
11:40:49.246 INFO - Done: [send keys: 62 [[FirefoxDriver: firefox on LINUX (18c18d09-f86b-43a6-ad89-2fe7eea04021)] -> name: txt_SDFREGAFI_ayuda], [111]]
11:40:49.249 INFO - Executing: [find element: By.name: txt_SDFTESCTACOT])
11:40:49.268 INFO - Done: [find element: By.name: txt_SDFTESCTACOT]
11:40:49.270 INFO - Executing: [send keys: 63 [[FirefoxDriver: firefox on LINUX (18c18d09-f86b-43a6-ad89-2fe7eea04021)] -> name: txt_SDFTESCTACOT], [28]])
11:40:49.315 INFO - Done: [send keys: 63 [[FirefoxDriver: firefox on LINUX (18c18d09-f86b-43a6-ad89-2fe7eea04021)] -> name: txt_SDFTESCTACOT], [28]]
11:40:49.333 INFO - Executing: [find element: By.name: txt_SDFCTACOT])
11:40:49.356 INFO - Done: [find element: By.name: txt_SDFCTACOT]
11:40:49.358 INFO - Executing: [send keys: 64 [[FirefoxDriver: firefox on LINUX (18c18d09-f86b-43a6-ad89-2fe7eea04021)] -> name: txt_SDFCTACOT], [149794464]])
11:40:49.429 INFO - Done: [send keys: 64 [[FirefoxDriver: firefox on LINUX (18c18d09-f86b-43a6-ad89-2fe7eea04021)] -> name: txt_SDFCTACOT], [149794464]]
11:40:49.449 INFO - Executing: [take screenshot])
11:40:49.549 INFO - Done: [take screenshot]
11:40:49.583 INFO - Executing: [find element: By.name: btn_Sub2207401004])
11:40:49.600 INFO - Done: [find element: By.name: btn_Sub2207401004]
11:40:49.606 INFO - Executing: [click: 65 [[FirefoxDriver: firefox on LINUX (18c18d09-f86b-43a6-ad89-2fe7eea04021)] -> name: btn_Sub2207401004]])
11:40:50.170 INFO - Done: [click: 65 [[FirefoxDriver: firefox on LINUX (18c18d09-f86b-43a6-ad89-2fe7eea04021)] -> name: btn_Sub2207401004]]
11:40:50.187 INFO - Executing: [find elements: By.id: SDFSITAFI_ayuda])
11:40:50.204 INFO - Done: [find elements: By.id: SDFSITAFI_ayuda]
11:40:50.212 INFO - Executing: [find elements: By.id: DIL])
11:40:50.227 INFO - Done: [find elements: By.id: DIL]
11:40:50.235 INFO - Executing: [get text: 66 [[FirefoxDriver: firefox on LINUX (18c18d09-f86b-43a6-ad89-2fe7eea04021)] -> id: DIL]])
11:40:50.255 INFO - Done: [get text: 66 [[FirefoxDriver: firefox on LINUX (18c18d09-f86b-43a6-ad89-2fe7eea04021)] -> id: DIL]]
11:40:50.256 INFO - Executing: [is displayed: 66 [[FirefoxDriver: firefox on LINUX (18c18d09-f86b-43a6-ad89-2fe7eea04021)] -> id: DIL]])
11:40:50.272 INFO - Done: [is displayed: 66 [[FirefoxDriver: firefox on LINUX (18c18d09-f86b-43a6-ad89-2fe7eea04021)] -> id: DIL]]
11:40:50.290 INFO - Executing: [find elements: By.id: DIL])
11:40:50.307 INFO - Done: [find elements: By.id: DIL]
11:40:50.317 INFO - Executing: [get text: 66 [[FirefoxDriver: firefox on LINUX (18c18d09-f86b-43a6-ad89-2fe7eea04021)] -> id: DIL]])
11:40:50.337 INFO - Done: [get text: 66 [[FirefoxDriver: firefox on LINUX (18c18d09-f86b-43a6-ad89-2fe7eea04021)] -> id: DIL]]
11:40:50.339 INFO - Executing: [is displayed: 66 [[FirefoxDriver: firefox on LINUX (18c18d09-f86b-43a6-ad89-2fe7eea04021)] -> id: DIL]])
11:40:50.353 INFO - Done: [is displayed: 66 [[FirefoxDriver: firefox on LINUX (18c18d09-f86b-43a6-ad89-2fe7eea04021)] -> id: DIL]]
11:40:50.362 INFO - Executing: [get text: 66 [[FirefoxDriver: firefox on LINUX (18c18d09-f86b-43a6-ad89-2fe7eea04021)] -> id: DIL]])
11:40:50.379 INFO - Done: [get text: 66 [[FirefoxDriver: firefox on LINUX (18c18d09-f86b-43a6-ad89-2fe7eea04021)] -> id: DIL]]
11:40:50.412 INFO - Executing: [get text: 66 [[FirefoxDriver: firefox on LINUX (18c18d09-f86b-43a6-ad89-2fe7eea04021)] -> id: DIL]])
11:40:50.452 INFO - Done: [get text: 66 [[FirefoxDriver: firefox on LINUX (18c18d09-f86b-43a6-ad89-2fe7eea04021)] -> id: DIL]]
11:45:36.079 INFO - Executing: [get: https://w2.seg-social.es/Xhtml?JacadaApplicationName=SGIRED&TRANSACCION=ATR01&E=I&AP=AFIR])
11:45:36.804 INFO - Done: [get: https://w2.seg-social.es/Xhtml?JacadaApplicationName=SGIRED&TRANSACCION=ATR01&E=I&AP=AFIR]
11:45:36.826 INFO - Executing: [find element: By.name: cbo_ListaAltasBajas])
11:45:36.855 INFO - Done: [find element: By.name: cbo_ListaAltasBajas]
11:45:36.857 INFO - Executing: [tag name: 67 [[FirefoxDriver: firefox on LINUX (18c18d09-f86b-43a6-ad89-2fe7eea04021)] -> name: cbo_ListaAltasBajas]])
11:45:36.875 INFO - Done: [tag name: 67 [[FirefoxDriver: firefox on LINUX (18c18d09-f86b-43a6-ad89-2fe7eea04021)] -> name: cbo_ListaAltasBajas]]
11:45:36.877 INFO - Executing: [get element attribute: 67 [[FirefoxDriver: firefox on LINUX (18c18d09-f86b-43a6-ad89-2fe7eea04021)] -> name: cbo_ListaAltasBajas], multiple])
11:45:36.892 INFO - Done: [get element attribute: 67 [[FirefoxDriver: firefox on LINUX (18c18d09-f86b-43a6-ad89-2fe7eea04021)] -> name: cbo_ListaAltasBajas], multiple]
11:45:36.898 INFO - Executing: [find child elements: 67 [[FirefoxDriver: firefox on LINUX (18c18d09-f86b-43a6-ad89-2fe7eea04021)] -> name: cbo_ListaAltasBajas], By.xpath: .//option[normalize-space(.) = 'Baja']])
11:45:36.930 INFO - Done: [find child elements: 67 [[FirefoxDriver: firefox on LINUX (18c18d09-f86b-43a6-ad89-2fe7eea04021)] -> name: cbo_ListaAltasBajas], By.xpath: .//option[normalize-space(.) = 'Baja']]
11:45:36.940 INFO - Executing: [is selected: 68 [[[[FirefoxDriver: firefox on LINUX (18c18d09-f86b-43a6-ad89-2fe7eea04021)] -> name: cbo_ListaAltasBajas]] -> xpath: .//option[normalize-space(.) = 'Baja']]])
11:45:36.962 INFO - Done: [is selected: 68 [[[[FirefoxDriver: firefox on LINUX (18c18d09-f86b-43a6-ad89-2fe7eea04021)] -> name: cbo_ListaAltasBajas]] -> xpath: .//option[normalize-space(.) = 'Baja']]]
11:45:36.964 INFO - Executing: [click: 68 [[[[FirefoxDriver: firefox on LINUX (18c18d09-f86b-43a6-ad89-2fe7eea04021)] -> name: cbo_ListaAltasBajas]] -> xpath: .//option[normalize-space(.) = 'Baja']]])
11:45:37.329 INFO - Done: [click: 68 [[[[FirefoxDriver: firefox on LINUX (18c18d09-f86b-43a6-ad89-2fe7eea04021)] -> name: cbo_ListaAltasBajas]] -> xpath: .//option[normalize-space(.) = 'Baja']]]
11:45:37.331 INFO - Executing: [find element: By.name: txt_SDFPROAFI])
11:45:37.358 INFO - Done: [find element: By.name: txt_SDFPROAFI]
11:45:37.360 INFO - Executing: [send keys: 69 [[FirefoxDriver: firefox on LINUX (18c18d09-f86b-43a6-ad89-2fe7eea04021)] -> name: txt_SDFPROAFI], [28]])
11:45:37.479 INFO - Done: [send keys: 69 [[FirefoxDriver: firefox on LINUX (18c18d09-f86b-43a6-ad89-2fe7eea04021)] -> name: txt_SDFPROAFI], [28]]
11:45:37.481 INFO - Executing: [find element: By.name: txt_SDFCODAFI])
11:45:37.509 INFO - Done: [find element: By.name: txt_SDFCODAFI]
11:45:37.511 INFO - Executing: [send keys: 70 [[FirefoxDriver: firefox on LINUX (18c18d09-f86b-43a6-ad89-2fe7eea04021)] -> name: txt_SDFCODAFI], [1262048748]])
11:45:37.723 INFO - Done: [send keys: 70 [[FirefoxDriver: firefox on LINUX (18c18d09-f86b-43a6-ad89-2fe7eea04021)] -> name: txt_SDFCODAFI], [1262048748]]
11:45:37.726 INFO - Executing: [find element: By.name: txt_SDFTIPPFI_ayuda])
11:45:37.759 INFO - Done: [find element: By.name: txt_SDFTIPPFI_ayuda]
11:45:37.772 INFO - Executing: [send keys: 71 [[FirefoxDriver: firefox on LINUX (18c18d09-f86b-43a6-ad89-2fe7eea04021)] -> name: txt_SDFTIPPFI_ayuda], [6]])
11:45:37.838 INFO - Done: [send keys: 71 [[FirefoxDriver: firefox on LINUX (18c18d09-f86b-43a6-ad89-2fe7eea04021)] -> name: txt_SDFTIPPFI_ayuda], [6]]
11:45:37.853 INFO - Executing: [find element: By.name: txt_SDFNUMPFI])
11:45:37.882 INFO - Done: [find element: By.name: txt_SDFNUMPFI]
11:45:37.885 INFO - Executing: [send keys: 72 [[FirefoxDriver: firefox on LINUX (18c18d09-f86b-43a6-ad89-2fe7eea04021)] -> name: txt_SDFNUMPFI], [X09680460J]])
11:45:38.005 INFO - Done: [send keys: 72 [[FirefoxDriver: firefox on LINUX (18c18d09-f86b-43a6-ad89-2fe7eea04021)] -> name: txt_SDFNUMPFI], [X09680460J]]
11:45:38.010 INFO - Executing: [find element: By.name: txt_SDFREGAFI_ayuda])
11:45:38.038 INFO - Done: [find element: By.name: txt_SDFREGAFI_ayuda]
11:45:38.041 INFO - Executing: [send keys: 73 [[FirefoxDriver: firefox on LINUX (18c18d09-f86b-43a6-ad89-2fe7eea04021)] -> name: txt_SDFREGAFI_ayuda], [111]])
11:45:38.113 INFO - Done: [send keys: 73 [[FirefoxDriver: firefox on LINUX (18c18d09-f86b-43a6-ad89-2fe7eea04021)] -> name: txt_SDFREGAFI_ayuda], [111]]
11:45:38.124 INFO - Executing: [find element: By.name: txt_SDFTESCTACOT])
11:45:38.154 INFO - Done: [find element: By.name: txt_SDFTESCTACOT]
11:45:38.156 INFO - Executing: [send keys: 74 [[FirefoxDriver: firefox on LINUX (18c18d09-f86b-43a6-ad89-2fe7eea04021)] -> name: txt_SDFTESCTACOT], [28]])
11:45:38.248 INFO - Done: [send keys: 74 [[FirefoxDriver: firefox on LINUX (18c18d09-f86b-43a6-ad89-2fe7eea04021)] -> name: txt_SDFTESCTACOT], [28]]
11:45:38.250 INFO - Executing: [find element: By.name: txt_SDFCTACOT])
11:45:38.280 INFO - Done: [find element: By.name: txt_SDFCTACOT]
11:45:38.282 INFO - Executing: [send keys: 75 [[FirefoxDriver: firefox on LINUX (18c18d09-f86b-43a6-ad89-2fe7eea04021)] -> name: txt_SDFCTACOT], [149794464]])
11:45:38.374 INFO - Done: [send keys: 75 [[FirefoxDriver: firefox on LINUX (18c18d09-f86b-43a6-ad89-2fe7eea04021)] -> name: txt_SDFCTACOT], [149794464]]
11:45:38.402 INFO - Executing: [take screenshot])
11:45:38.602 INFO - Done: [take screenshot]
11:45:38.615 INFO - Executing: [find element: By.name: btn_Sub2207401004])
11:45:38.640 INFO - Done: [find element: By.name: btn_Sub2207401004]
11:45:38.642 INFO - Executing: [click: 76 [[FirefoxDriver: firefox on LINUX (18c18d09-f86b-43a6-ad89-2fe7eea04021)] -> name: btn_Sub2207401004]])
11:45:39.531 INFO - Done: [click: 76 [[FirefoxDriver: firefox on LINUX (18c18d09-f86b-43a6-ad89-2fe7eea04021)] -> name: btn_Sub2207401004]]
11:45:39.622 INFO - Executing: [find elements: By.id: SDFSITAFI_ayuda])
11:45:39.656 INFO - Done: [find elements: By.id: SDFSITAFI_ayuda]
11:45:39.738 INFO - Executing: [find elements: By.id: DIL])
11:45:39.753 INFO - Done: [find elements: By.id: DIL]
11:45:39.756 INFO - Executing: [get text: 78 [[FirefoxDriver: firefox on LINUX (18c18d09-f86b-43a6-ad89-2fe7eea04021)] -> id: DIL]])
11:45:39.785 INFO - Done: [get text: 78 [[FirefoxDriver: firefox on LINUX (18c18d09-f86b-43a6-ad89-2fe7eea04021)] -> id: DIL]]
11:45:39.787 INFO - Executing: [is displayed: 78 [[FirefoxDriver: firefox on LINUX (18c18d09-f86b-43a6-ad89-2fe7eea04021)] -> id: DIL]])
11:45:39.814 INFO - Done: [is displayed: 78 [[FirefoxDriver: firefox on LINUX (18c18d09-f86b-43a6-ad89-2fe7eea04021)] -> id: DIL]]
11:45:39.817 INFO - Executing: [find element: By.name: txt_SDFSITAFI_ayuda])
11:45:39.875 INFO - Done: [find element: By.name: txt_SDFSITAFI_ayuda]
11:45:39.878 INFO - Executing: [send keys: 77 [[FirefoxDriver: firefox on LINUX (18c18d09-f86b-43a6-ad89-2fe7eea04021)] -> id: SDFSITAFI_ayuda], [93]])
11:45:39.984 INFO - Done: [send keys: 77 [[FirefoxDriver: firefox on LINUX (18c18d09-f86b-43a6-ad89-2fe7eea04021)] -> id: SDFSITAFI_ayuda], [93]]
11:45:39.985 INFO - Executing: [find element: By.name: txt_SDFFREALDD])
11:45:40.012 INFO - Done: [find element: By.name: txt_SDFFREALDD]
11:45:40.014 INFO - Executing: [send keys: 79 [[FirefoxDriver: firefox on LINUX (18c18d09-f86b-43a6-ad89-2fe7eea04021)] -> name: txt_SDFFREALDD], [10]])
11:45:40.090 INFO - Done: [send keys: 79 [[FirefoxDriver: firefox on LINUX (18c18d09-f86b-43a6-ad89-2fe7eea04021)] -> name: txt_SDFFREALDD], [10]]
11:45:40.096 INFO - Executing: [find element: By.name: txt_SDFFREALMM])
11:45:40.136 INFO - Done: [find element: By.name: txt_SDFFREALMM]
11:45:40.139 INFO - Executing: [send keys: 80 [[FirefoxDriver: firefox on LINUX (18c18d09-f86b-43a6-ad89-2fe7eea04021)] -> name: txt_SDFFREALMM], [06]])
11:45:40.255 INFO - Done: [send keys: 80 [[FirefoxDriver: firefox on LINUX (18c18d09-f86b-43a6-ad89-2fe7eea04021)] -> name: txt_SDFFREALMM], [06]]
11:45:40.257 INFO - Executing: [find element: By.name: txt_SDFFREALAA])
11:45:40.305 INFO - Done: [find element: By.name: txt_SDFFREALAA]
11:45:40.307 INFO - Executing: [send keys: 81 [[FirefoxDriver: firefox on LINUX (18c18d09-f86b-43a6-ad89-2fe7eea04021)] -> name: txt_SDFFREALAA], [2018]])
11:45:40.476 INFO - Done: [send keys: 81 [[FirefoxDriver: firefox on LINUX (18c18d09-f86b-43a6-ad89-2fe7eea04021)] -> name: txt_SDFFREALAA], [2018]]
11:45:40.478 INFO - Executing: [take screenshot])
11:45:40.628 INFO - Done: [take screenshot]
11:45:40.681 INFO - Executing: [find element: By.name: btn_Sub2207401004])
11:45:40.696 INFO - Done: [find element: By.name: btn_Sub2207401004]
11:45:40.699 INFO - Executing: [click: 82 [[FirefoxDriver: firefox on LINUX (18c18d09-f86b-43a6-ad89-2fe7eea04021)] -> name: btn_Sub2207401004]])
11:45:41.568 INFO - Done: [click: 82 [[FirefoxDriver: firefox on LINUX (18c18d09-f86b-43a6-ad89-2fe7eea04021)] -> name: btn_Sub2207401004]]
11:45:41.605 INFO - Executing: [find elements: By.id: SDFSITAFI_ayuda])
11:45:41.619 INFO - Done: [find elements: By.id: SDFSITAFI_ayuda]
11:45:41.663 INFO - Executing: [find elements: By.id: DIL])
11:45:41.677 INFO - Done: [find elements: By.id: DIL]
11:45:41.689 INFO - Executing: [get text: 83 [[FirefoxDriver: firefox on LINUX (18c18d09-f86b-43a6-ad89-2fe7eea04021)] -> id: DIL]])
11:45:41.728 INFO - Done: [get text: 83 [[FirefoxDriver: firefox on LINUX (18c18d09-f86b-43a6-ad89-2fe7eea04021)] -> id: DIL]]
11:45:41.730 INFO - Executing: [is displayed: 83 [[FirefoxDriver: firefox on LINUX (18c18d09-f86b-43a6-ad89-2fe7eea04021)] -> id: DIL]])
11:45:41.764 INFO - Done: [is displayed: 83 [[FirefoxDriver: firefox on LINUX (18c18d09-f86b-43a6-ad89-2fe7eea04021)] -> id: DIL]]
11:45:41.818 INFO - Executing: [find elements: By.id: DIL])
11:45:41.829 INFO - Done: [find elements: By.id: DIL]
11:45:41.830 INFO - Executing: [get text: 83 [[FirefoxDriver: firefox on LINUX (18c18d09-f86b-43a6-ad89-2fe7eea04021)] -> id: DIL]])
11:45:41.872 INFO - Done: [get text: 83 [[FirefoxDriver: firefox on LINUX (18c18d09-f86b-43a6-ad89-2fe7eea04021)] -> id: DIL]]
11:45:41.874 INFO - Executing: [is displayed: 83 [[FirefoxDriver: firefox on LINUX (18c18d09-f86b-43a6-ad89-2fe7eea04021)] -> id: DIL]])
11:45:41.905 INFO - Done: [is displayed: 83 [[FirefoxDriver: firefox on LINUX (18c18d09-f86b-43a6-ad89-2fe7eea04021)] -> id: DIL]]
12:43:28.827 INFO - Executing: [get: https://w2.seg-social.es/Xhtml?JacadaApplicationName=SGIRED&TRANSACCION=ATR01&E=I&AP=AFIR])
12:43:30.759 WARN - Exception thrown
org.openqa.selenium.UnhandledAlertException: Unexpected modal dialog (text: Session closed: Failed to locate the session for 'SessionId' parameter (2016608245). Either the session has timed out or your 'SessionId' parameter is invalid.): Session closed: Failed to locate the session for 'SessionId' parameter (2016608245). Either the session has timed out or your 'SessionId' parameter is invalid.
Build info: version: '3.8.1', revision: '6e95a6684b', time: '2017-12-01T19:05:32.194Z'
System info: host: 'localhost.localdomain', ip: '127.0.0.1', os.name: 'Linux', os.arch: 'amd64', os.version: '3.10.0-862.2.3.el7.x86_64', java.version: '1.8.0_171'
Driver info: org.openqa.selenium.firefox.FirefoxDriver
Capabilities {acceptSslCerts: true, applicationCacheEnabled: true, browserName: firefox, cssSelectorsEnabled: true, databaseEnabled: true, handlesAlerts: true, javascriptEnabled: true, locationContextEnabled: true, nativeEvents: false, platform: LINUX, platformName: LINUX, rotatable: false, takesScreenshot: true, version: 52.8.0, webStorageEnabled: true}
Session ID: 18c18d09-f86b-43a6-ad89-2fe7eea04021
	at sun.reflect.NativeConstructorAccessorImpl.newInstance0(Native Method)
	at sun.reflect.NativeConstructorAccessorImpl.newInstance(NativeConstructorAccessorImpl.java:62)
	at sun.reflect.DelegatingConstructorAccessorImpl.newInstance(DelegatingConstructorAccessorImpl.java:45)
	at java.lang.reflect.Constructor.newInstance(Constructor.java:423)
	at org.openqa.selenium.remote.ErrorHandler.createThrowable(ErrorHandler.java:214)
	at org.openqa.selenium.remote.ErrorHandler.createUnhandledAlertException(ErrorHandler.java:195)
	at org.openqa.selenium.remote.ErrorHandler.throwIfResponseFailed(ErrorHandler.java:156)
	at org.openqa.selenium.remote.http.JsonHttpResponseCodec.reconstructValue(JsonHttpResponseCodec.java:40)
	at org.openqa.selenium.remote.http.AbstractHttpResponseCodec.decode(AbstractHttpResponseCodec.java:80)
	at org.openqa.selenium.remote.http.AbstractHttpResponseCodec.decode(AbstractHttpResponseCodec.java:44)
	at org.openqa.selenium.remote.HttpCommandExecutor.execute(HttpCommandExecutor.java:164)
	at org.openqa.selenium.remote.service.DriverCommandExecutor.execute(DriverCommandExecutor.java:83)
	at org.openqa.selenium.remote.RemoteWebDriver.execute(RemoteWebDriver.java:601)
	at org.openqa.selenium.remote.RemoteWebDriver.get(RemoteWebDriver.java:325)
	at sun.reflect.NativeMethodAccessorImpl.invoke0(Native Method)
	at sun.reflect.NativeMethodAccessorImpl.invoke(NativeMethodAccessorImpl.java:62)
	at sun.reflect.DelegatingMethodAccessorImpl.invoke(DelegatingMethodAccessorImpl.java:43)
	at java.lang.reflect.Method.invoke(Method.java:498)
	at org.openqa.selenium.support.events.EventFiringWebDriver$2.invoke(EventFiringWebDriver.java:108)
	at com.sun.proxy.$Proxy6.get(Unknown Source)
	at org.openqa.selenium.support.events.EventFiringWebDriver.get(EventFiringWebDriver.java:167)
	at org.openqa.selenium.remote.server.handler.ChangeUrl.call(ChangeUrl.java:40)
	at org.openqa.selenium.remote.server.handler.ChangeUrl.call(ChangeUrl.java:25)
	at org.openqa.selenium.remote.server.handler.WebDriverHandler.handle(WebDriverHandler.java:41)
	at org.openqa.selenium.remote.server.rest.ResultConfig.handle(ResultConfig.java:112)
	at org.openqa.selenium.remote.server.JsonHttpCommandHandler.handleRequest(JsonHttpCommandHandler.java:191)
	at org.openqa.selenium.remote.server.DriverServlet.lambda$handleRequest$0(DriverServlet.java:261)
	at java.util.concurrent.Executors$RunnableAdapter.call(Executors.java:511)
	at java.util.concurrent.FutureTask.run(FutureTask.java:266)
	at java.util.concurrent.ThreadPoolExecutor.runWorker(ThreadPoolExecutor.java:1149)
	at java.util.concurrent.ThreadPoolExecutor$Worker.run(ThreadPoolExecutor.java:624)
	at java.lang.Thread.run(Thread.java:748)
12:43:30.801 WARN - Exception: Unexpected modal dialog (text: Session closed: Failed to locate the session for 'SessionId' parameter (2016608245). Either the session has timed out or your 'SessionId' parameter is invalid.): Session closed: Failed to locate the session for 'SessionId' parameter (2016608245). Either the session has timed out or your 'SessionId' parameter is invalid.
Build info: version: '3.8.1', revision: '6e95a6684b', time: '2017-12-01T19:05:32.194Z'
System info: host: 'localhost.localdomain', ip: '127.0.0.1', os.name: 'Linux', os.arch: 'amd64', os.version: '3.10.0-862.2.3.el7.x86_64', java.version: '1.8.0_171'
Driver info: org.openqa.selenium.firefox.FirefoxDriver
Capabilities {acceptSslCerts: true, applicationCacheEnabled: true, browserName: firefox, cssSelectorsEnabled: true, databaseEnabled: true, handlesAlerts: true, javascriptEnabled: true, locationContextEnabled: true, nativeEvents: false, platform: LINUX, platformName: LINUX, rotatable: false, takesScreenshot: true, version: 52.8.0, webStorageEnabled: true}
Session ID: 18c18d09-f86b-43a6-ad89-2fe7eea04021
