12:13:46.518 INFO - Selenium build info: version: '3.8.1', revision: '6e95a6684b'
12:13:46.520 INFO - Launching a standalone Selenium Server
2018-07-09 12:13:46.809:INFO::main: Logging initialized @1153ms to org.seleniumhq.jetty9.util.log.StdErrLog
12:13:46.962 INFO - Using `new FirefoxOptions()` is preferred to `DesiredCapabilities.firefox()`
12:13:47.014 INFO - Using `new ChromeOptions()` is preferred to `DesiredCapabilities.chrome()`
12:13:47.017 INFO - Using `new EdgeOptions()` is preferred to `DesiredCapabilities.edge()`
12:13:47.018 INFO - Driver class not found: com.opera.core.systems.OperaDriver
12:13:47.018 INFO - Using `new OperaOptions()` is preferred to `DesiredCapabilities.operaBlink()`
12:13:47.019 INFO - Using `new SafariOptions()` is preferred to `DesiredCapabilities.safari()`
12:13:47.020 INFO - Driver class not found: org.openqa.selenium.phantomjs.PhantomJSDriver
12:13:47.200 INFO - Driver provider class org.openqa.selenium.ie.InternetExplorerDriver registration is skipped:
 registration capabilities Capabilities {browserName: internet explorer, ensureCleanSession: true, platform: WINDOWS, version: } does not match the current platform LINUX
12:13:47.227 INFO - Driver provider class org.openqa.selenium.edge.EdgeDriver registration is skipped:
 registration capabilities Capabilities {browserName: MicrosoftEdge, platform: WINDOWS, version: } does not match the current platform LINUX
12:13:47.228 INFO - Driver provider class org.openqa.selenium.safari.SafariDriver registration is skipped:
 registration capabilities Capabilities {browserName: safari, platform: MAC, version: } does not match the current platform LINUX
12:13:47.406 INFO - Using `new ChromeOptions()` is preferred to `DesiredCapabilities.chrome()`
12:13:47.407 INFO - Using `new EdgeOptions()` is preferred to `DesiredCapabilities.edge()`
12:13:47.407 INFO - Using `new FirefoxOptions()` is preferred to `DesiredCapabilities.firefox()`
12:13:47.408 INFO - Using `new OperaOptions()` is preferred to `DesiredCapabilities.operaBlink()`
12:13:47.408 INFO - Using `new SafariOptions()` is preferred to `DesiredCapabilities.safari()`
2018-07-09 12:13:47.565:INFO:osjs.Server:main: jetty-9.4.7.v20170914
2018-07-09 12:13:47.814:WARN:osjs.SecurityHandler:main: ServletContext@o.s.j.s.ServletContextHandler@1d371b2d{/,null,STARTING} has uncovered http methods for path: /
2018-07-09 12:13:47.854:INFO:osjsh.ContextHandler:main: Started o.s.j.s.ServletContextHandler@1d371b2d{/,null,AVAILABLE}
Usage: <main class> [options]
  Options:
    --version, -version
       Displays the version and exits.
       Default: false
    -browserTimeout
       <Integer> in seconds : number of seconds a browser session is allowed to
       hang whil12:13:48.335 INFO - Executing: [new session: Capabilities {browserName: firefox, firefox_profile: UEsDBBQAAAAIABYBuEykYb5h8QE..., platform: LINUX}])
12:13:48.370 INFO - Creating a new session for Capabilities {browserName: firefox, firefox_profile: UEsDBBQAAAAIABYBuEykYb5h8QE..., platform: LINUX}
12:14:01.085 INFO - Detected dialect: OSS
12:14:01.204 INFO - Done: [new session: Capabilities {browserName: firefox, firefox_profile: UEsDBBQAAAAIABYBuEykYb5h8QE..., platform: LINUX}]
12:14:01.673 INFO - Executing: [get: https://w2.seg-social.es/Xhtml?JacadaApplicationName=SGIRED&TRANSACCION=ATR42&E=I&AP=AFIR])
12:14:03.988 INFO - Done: [get: https://w2.seg-social.es/Xhtml?JacadaApplicationName=SGIRED&TRANSACCION=ATR42&E=I&AP=AFIR]
12:14:04.015 INFO - Executing: [find element: By.name: txt_SDFTESORNAF])
12:14:04.354 INFO - Done: [find element: By.name: txt_SDFTESORNAF]
12:14:04.374 INFO - Executing: [send keys: 0 [[FirefoxDriver: firefox on LINUX (4cb7c4cb-5a2f-4bdd-b9c6-f61bb2160ebf)] -> name: txt_SDFTESORNAF], [46]])
12:14:04.474 INFO - Done: [send keys: 0 [[FirefoxDriver: firefox on LINUX (4cb7c4cb-5a2f-4bdd-b9c6-f61bb2160ebf)] -> name: txt_SDFTESORNAF], [46]]
12:14:04.481 INFO - Executing: [find element: By.name: txt_SDFNUMNAF])
12:14:04.509 INFO - Done: [find element: By.name: txt_SDFNUMNAF]
12:14:04.514 INFO - Executing: [send keys: 1 [[FirefoxDriver: firefox on LINUX (4cb7c4cb-5a2f-4bdd-b9c6-f61bb2160ebf)] -> name: txt_SDFNUMNAF], [1072254410]])
12:14:04.606 INFO - Done: [send keys: 1 [[FirefoxDriver: firefox on LINUX (4cb7c4cb-5a2f-4bdd-b9c6-f61bb2160ebf)] -> name: txt_SDFNUMNAF], [1072254410]]
12:14:04.611 INFO - Executing: [find element: By.name: txt_SDFREGCC_ayuda])
12:14:04.632 INFO - Done: [find element: By.name: txt_SDFREGCC_ayuda]
12:14:04.640 INFO - Executing: [send keys: 2 [[FirefoxDriver: firefox on LINUX (4cb7c4cb-5a2f-4bdd-b9c6-f61bb2160ebf)] -> name: txt_SDFREGCC_ayuda], [111]])
12:14:04.690 INFO - Done: [send keys: 2 [[FirefoxDriver: firefox on LINUX (4cb7c4cb-5a2f-4bdd-b9c6-f61bb2160ebf)] -> name: txt_SDFREGCC_ayuda], [111]]
12:14:04.702 INFO - Executing: [find element: By.name: txt_SDFTESCC])
12:14:04.722 INFO - Done: [find element: By.name: txt_SDFTESCC]
12:14:04.729 INFO - Executing: [send keys: 3 [[FirefoxDriver: firefox on LINUX (4cb7c4cb-5a2f-4bdd-b9c6-f61bb2160ebf)] -> name: txt_SDFTESCC], [28]])
12:14:04.790 INFO - Done: [send keys: 3 [[FirefoxDriver: firefox on LINUX (4cb7c4cb-5a2f-4bdd-b9c6-f61bb2160ebf)] -> name: txt_SDFTESCC], [28]]
12:14:04.794 INFO - Executing: [find element: By.name: txt_SDFNUMCC])
12:14:04.819 INFO - Done: [find element: By.name: txt_SDFNUMCC]
12:14:04.824 INFO - Executing: [send keys: 4 [[FirefoxDriver: firefox on LINUX (4cb7c4cb-5a2f-4bdd-b9c6-f61bb2160ebf)] -> name: txt_SDFNUMCC], [149794464]])
12:14:04.978 INFO - Done: [send keys: 4 [[FirefoxDriver: firefox on LINUX (4cb7c4cb-5a2f-4bdd-b9c6-f61bb2160ebf)] -> name: txt_SDFNUMCC], [149794464]]
12:14:04.986 INFO - Executing: [find element: By.name: cbo_ListaAltasBajas001])
12:14:05.026 INFO - Done: [find element: By.name: cbo_ListaAltasBajas001]
12:14:05.034 INFO - Executing: [tag name: 5 [[FirefoxDriver: firefox on LINUX (4cb7c4cb-5a2f-4bdd-b9c6-f61bb2160ebf)] -> name: cbo_ListaAltasBajas001]])
12:14:05.073 INFO - Done: [tag name: 5 [[FirefoxDriver: firefox on LINUX (4cb7c4cb-5a2f-4bdd-b9c6-f61bb2160ebf)] -> name: cbo_ListaAltasBajas001]]
12:14:05.080 INFO - Executing: [get element attribute: 5 [[FirefoxDriver: firefox on LINUX (4cb7c4cb-5a2f-4bdd-b9c6-f61bb2160ebf)] -> name: cbo_ListaAltasBajas001], multiple])
12:14:05.110 INFO - Done: [get element attribute: 5 [[FirefoxDriver: firefox on LINUX (4cb7c4cb-5a2f-4bdd-b9c6-f61bb2160ebf)] -> name: cbo_ListaAltasBajas001], multiple]
12:14:05.119 INFO - Executing: [find child elements: 5 [[FirefoxDriver: firefox on LINUX (4cb7c4cb-5a2f-4bdd-b9c6-f61bb2160ebf)] -> name: cbo_ListaAltasBajas001], By.xpath: .//option[normalize-space(.) = 'Alta']])
12:14:05.195 INFO - Done: [find child elements: 5 [[FirefoxDriver: firefox on LINUX (4cb7c4cb-5a2f-4bdd-b9c6-f61bb2160ebf)] -> name: cbo_ListaAltasBajas001], By.xpath: .//option[normalize-space(.) = 'Alta']]
12:14:05.210 INFO - Executing: [is selected: 6 [[[[FirefoxDriver: firefox on LINUX (4cb7c4cb-5a2f-4bdd-b9c6-f61bb2160ebf)] -> name: cbo_ListaAltasBajas001]] -> xpath: .//option[normalize-space(.) = 'Alta']]])
12:14:05.245 INFO - Done: [is selected: 6 [[[[FirefoxDriver: firefox on LINUX (4cb7c4cb-5a2f-4bdd-b9c6-f61bb2160ebf)] -> name: cbo_ListaAltasBajas001]] -> xpath: .//option[normalize-space(.) = 'Alta']]]
12:14:05.255 INFO - Executing: [click: 6 [[[[FirefoxDriver: firefox on LINUX (4cb7c4cb-5a2f-4bdd-b9c6-f61bb2160ebf)] -> name: cbo_ListaAltasBajas001]] -> xpath: .//option[normalize-space(.) = 'Alta']]])
12:14:05.559 INFO - Done: [click: 6 [[[[FirefoxDriver: firefox on LINUX (4cb7c4cb-5a2f-4bdd-b9c6-f61bb2160ebf)] -> name: cbo_ListaAltasBajas001]] -> xpath: .//option[normalize-space(.) = 'Alta']]]
12:14:05.570 INFO - Executing: [find element: By.name: txt_SDFDIAB])
12:14:05.601 INFO - Done: [find element: By.name: txt_SDFDIAB]
12:14:05.607 INFO - Executing: [send keys: 7 [[FirefoxDriver: firefox on LINUX (4cb7c4cb-5a2f-4bdd-b9c6-f61bb2160ebf)] -> name: txt_SDFDIAB], [14]])
12:14:05.670 INFO - Done: [send keys: 7 [[FirefoxDriver: firefox on LINUX (4cb7c4cb-5a2f-4bdd-b9c6-f61bb2160ebf)] -> name: txt_SDFDIAB], [14]]
12:14:05.674 INFO - Executing: [find element: By.name: txt_SDFMESB])
12:14:05.713 INFO - Done: [find element: By.name: txt_SDFMESB]
12:14:05.717 INFO - Executing: [send keys: 8 [[FirefoxDriver: firefox on LINUX (4cb7c4cb-5a2f-4bdd-b9c6-f61bb2160ebf)] -> name: txt_SDFMESB], [06]])
12:14:05.780 INFO - Done: [send keys: 8 [[FirefoxDriver: firefox on LINUX (4cb7c4cb-5a2f-4bdd-b9c6-f61bb2160ebf)] -> name: txt_SDFMESB], [06]]
12:14:05.786 INFO - Executing: [find element: By.name: txt_SDFAOB])
12:14:05.832 INFO - Done: [find element: By.name: txt_SDFAOB]
12:14:05.836 INFO - Executing: [send keys: 9 [[FirefoxDriver: firefox on LINUX (4cb7c4cb-5a2f-4bdd-b9c6-f61bb2160ebf)] -> name: txt_SDFAOB], [2018]])
12:14:05.905 INFO - Done: [send keys: 9 [[FirefoxDriver: firefox on LINUX (4cb7c4cb-5a2f-4bdd-b9c6-f61bb2160ebf)] -> name: txt_SDFAOB], [2018]]
12:14:05.911 INFO - Executing: [find element: By.name: cbo_ListaAltasBajas])
12:14:05.947 INFO - Done: [find element: By.name: cbo_ListaAltasBajas]
12:14:05.954 INFO - Executing: [tag name: 10 [[FirefoxDriver: firefox on LINUX (4cb7c4cb-5a2f-4bdd-b9c6-f61bb2160ebf)] -> name: cbo_ListaAltasBajas]])
12:14:05.971 INFO - Done: [tag name: 10 [[FirefoxDriver: firefox on LINUX (4cb7c4cb-5a2f-4bdd-b9c6-f61bb2160ebf)] -> name: cbo_ListaAltasBajas]]
12:14:05.976 INFO - Executing: [get element attribute: 10 [[FirefoxDriver: firefox on LINUX (4cb7c4cb-5a2f-4bdd-b9c6-f61bb2160ebf)] -> name: cbo_ListaAltasBajas], multiple])
12:14:06.010 INFO - Done: [get element attribute: 10 [[FirefoxDriver: firefox on LINUX (4cb7c4cb-5a2f-4bdd-b9c6-f61bb2160ebf)] -> name: cbo_ListaAltasBajas], multiple]
12:14:06.015 INFO - Executing: [find child elements: 10 [[FirefoxDriver: firefox on LINUX (4cb7c4cb-5a2f-4bdd-b9c6-f61bb2160ebf)] -> name: cbo_ListaAltasBajas], By.xpath: .//option[normalize-space(.) = 'Eliminación']])
12:14:06.038 INFO - Done: [find child elements: 10 [[FirefoxDriver: firefox on LINUX (4cb7c4cb-5a2f-4bdd-b9c6-f61bb2160ebf)] -> name: cbo_ListaAltasBajas], By.xpath: .//option[normalize-space(.) = 'Eliminación']]
12:14:06.054 INFO - Executing: [is selected: 11 [[[[FirefoxDriver: firefox on LINUX (4cb7c4cb-5a2f-4bdd-b9c6-f61bb2160ebf)] -> name: cbo_ListaAltasBajas]] -> xpath: .//option[normalize-space(.) = 'Eliminación']]])
12:14:06.086 INFO - Done: [is selected: 11 [[[[FirefoxDriver: firefox on LINUX (4cb7c4cb-5a2f-4bdd-b9c6-f61bb2160ebf)] -> name: cbo_ListaAltasBajas]] -> xpath: .//option[normalize-space(.) = 'Eliminación']]]
12:14:06.093 INFO - Executing: [click: 11 [[[[FirefoxDriver: firefox on LINUX (4cb7c4cb-5a2f-4bdd-b9c6-f61bb2160ebf)] -> name: cbo_ListaAltasBajas]] -> xpath: .//option[normalize-space(.) = 'Eliminación']]])
12:14:06.363 INFO - Done: [click: 11 [[[[FirefoxDriver: firefox on LINUX (4cb7c4cb-5a2f-4bdd-b9c6-f61bb2160ebf)] -> name: cbo_ListaAltasBajas]] -> xpath: .//option[normalize-space(.) = 'Eliminación']]]
12:14:06.374 INFO - Executing: [take screenshot])
12:14:06.454 INFO - Done: [take screenshot]
12:14:06.501 INFO - Executing: [find element: By.name: btn_Sub2207101004])
12:14:06.525 INFO - Done: [find element: By.name: btn_Sub2207101004]
12:14:06.530 INFO - Executing: [click: 12 [[FirefoxDriver: firefox on LINUX (4cb7c4cb-5a2f-4bdd-b9c6-f61bb2160ebf)] -> name: btn_Sub2207101004]])
12:14:07.388 INFO - Done: [click: 12 [[FirefoxDriver: firefox on LINUX (4cb7c4cb-5a2f-4bdd-b9c6-f61bb2160ebf)] -> name: btn_Sub2207101004]]
12:14:07.403 INFO - Executing: [find elements: By.name: txt_SDFSITALT_ayuda])
12:14:07.485 INFO - Done: [find elements: By.name: txt_SDFSITALT_ayuda]
12:14:07.496 INFO - Executing: [find elements: By.id: DIL])
12:14:07.520 INFO - Done: [find elements: By.id: DIL]
12:14:07.525 INFO - Executing: [get text: 13 [[FirefoxDriver: firefox on LINUX (4cb7c4cb-5a2f-4bdd-b9c6-f61bb2160ebf)] -> id: DIL]])
12:14:07.557 INFO - Done: [get text: 13 [[FirefoxDriver: firefox on LINUX (4cb7c4cb-5a2f-4bdd-b9c6-f61bb2160ebf)] -> id: DIL]]
12:14:07.566 INFO - Executing: [is displayed: 13 [[FirefoxDriver: firefox on LINUX (4cb7c4cb-5a2f-4bdd-b9c6-f61bb2160ebf)] -> id: DIL]])
12:14:07.591 INFO - Done: [is displayed: 13 [[FirefoxDriver: firefox on LINUX (4cb7c4cb-5a2f-4bdd-b9c6-f61bb2160ebf)] -> id: DIL]]
12:14:07.610 INFO - Executing: [find elements: By.id: DIL])
12:14:07.642 INFO - Done: [find elements: By.id: DIL]
12:14:07.655 INFO - Executing: [get text: 13 [[FirefoxDriver: firefox on LINUX (4cb7c4cb-5a2f-4bdd-b9c6-f61bb2160ebf)] -> id: DIL]])
12:14:07.694 INFO - Done: [get text: 13 [[FirefoxDriver: firefox on LINUX (4cb7c4cb-5a2f-4bdd-b9c6-f61bb2160ebf)] -> id: DIL]]
12:14:07.701 INFO - Executing: [is displayed: 13 [[FirefoxDriver: firefox on LINUX (4cb7c4cb-5a2f-4bdd-b9c6-f61bb2160ebf)] -> id: DIL]])
12:14:07.744 INFO - Done: [is displayed: 13 [[FirefoxDriver: firefox on LINUX (4cb7c4cb-5a2f-4bdd-b9c6-f61bb2160ebf)] -> id: DIL]]
12:14:07.767 INFO - Executing: [get text: 13 [[FirefoxDriver: firefox on LINUX (4cb7c4cb-5a2f-4bdd-b9c6-f61bb2160ebf)] -> id: DIL]])
12:14:07.815 INFO - Done: [get text: 13 [[FirefoxDriver: firefox on LINUX (4cb7c4cb-5a2f-4bdd-b9c6-f61bb2160ebf)] -> id: DIL]]
12:14:07.836 INFO - Executing: [get text: 13 [[FirefoxDriver: firefox on LINUX (4cb7c4cb-5a2f-4bdd-b9c6-f61bb2160ebf)] -> id: DIL]])
12:14:07.875 INFO - Done: [get text: 13 [[FirefoxDriver: firefox on LINUX (4cb7c4cb-5a2f-4bdd-b9c6-f61bb2160ebf)] -> id: DIL]]
12:15:58.848 INFO - Executing: [get: https://w2.seg-social.es/Xhtml?JacadaApplicationName=SGIRED&TRANSACCION=ATR42&E=I&AP=AFIR])
12:15:59.737 INFO - Done: [get: https://w2.seg-social.es/Xhtml?JacadaApplicationName=SGIRED&TRANSACCION=ATR42&E=I&AP=AFIR]
12:15:59.765 INFO - Executing: [find element: By.name: txt_SDFTESORNAF])
12:15:59.795 INFO - Done: [find element: By.name: txt_SDFTESORNAF]
12:15:59.799 INFO - Executing: [send keys: 14 [[FirefoxDriver: firefox on LINUX (4cb7c4cb-5a2f-4bdd-b9c6-f61bb2160ebf)] -> name: txt_SDFTESORNAF], [46]])
12:15:59.927 INFO - Done: [send keys: 14 [[FirefoxDriver: firefox on LINUX (4cb7c4cb-5a2f-4bdd-b9c6-f61bb2160ebf)] -> name: txt_SDFTESORNAF], [46]]
12:15:59.930 INFO - Executing: [find element: By.name: txt_SDFNUMNAF])
12:15:59.997 INFO - Done: [find element: By.name: txt_SDFNUMNAF]
12:16:00.041 INFO - Executing: [send keys: 15 [[FirefoxDriver: firefox on LINUX (4cb7c4cb-5a2f-4bdd-b9c6-f61bb2160ebf)] -> name: txt_SDFNUMNAF], [1072254410]])
12:16:00.244 INFO - Done: [send keys: 15 [[FirefoxDriver: firefox on LINUX (4cb7c4cb-5a2f-4bdd-b9c6-f61bb2160ebf)] -> name: txt_SDFNUMNAF], [1072254410]]
12:16:00.247 INFO - Executing: [find element: By.name: txt_SDFREGCC_ayuda])
12:16:00.297 INFO - Done: [find element: By.name: txt_SDFREGCC_ayuda]
12:16:00.303 INFO - Executing: [send keys: 16 [[FirefoxDriver: firefox on LINUX (4cb7c4cb-5a2f-4bdd-b9c6-f61bb2160ebf)] -> name: txt_SDFREGCC_ayuda], [111]])
12:16:00.393 INFO - Done: [send keys: 16 [[FirefoxDriver: firefox on LINUX (4cb7c4cb-5a2f-4bdd-b9c6-f61bb2160ebf)] -> name: txt_SDFREGCC_ayuda], [111]]
12:16:00.397 INFO - Executing: [find element: By.name: txt_SDFTESCC])
12:16:00.434 INFO - Done: [find element: By.name: txt_SDFTESCC]
12:16:00.438 INFO - Executing: [send keys: 17 [[FirefoxDriver: firefox on LINUX (4cb7c4cb-5a2f-4bdd-b9c6-f61bb2160ebf)] -> name: txt_SDFTESCC], [28]])
12:16:00.671 INFO - Done: [send keys: 17 [[FirefoxDriver: firefox on LINUX (4cb7c4cb-5a2f-4bdd-b9c6-f61bb2160ebf)] -> name: txt_SDFTESCC], [28]]
12:16:00.678 INFO - Executing: [find element: By.name: txt_SDFNUMCC])
