13:25:38.763 INFO - Selenium build info: version: '3.8.1', revision: '6e95a6684b'
13:25:38.771 INFO - Launching a standalone Selenium Server
2018-09-28 13:25:39.302:INFO::main: Logging initialized @2216ms to org.seleniumhq.jetty9.util.log.StdErrLog
13:25:39.423 INFO - Using `new FirefoxOptions()` is preferred to `DesiredCapabilities.firefox()`
13:25:39.488 INFO - Using `new ChromeOptions()` is preferred to `DesiredCapabilities.chrome()`
13:25:39.491 INFO - Using `new EdgeOptions()` is preferred to `DesiredCapabilities.edge()`
13:25:39.499 INFO - Driver class not found: com.opera.core.systems.OperaDriver
13:25:39.499 INFO - Using `new OperaOptions()` is preferred to `DesiredCapabilities.operaBlink()`
13:25:39.500 INFO - Using `new SafariOptions()` is preferred to `DesiredCapabilities.safari()`
13:25:39.501 INFO - Driver class not found: org.openqa.selenium.phantomjs.PhantomJSDriver
13:25:39.598 INFO - Driver provider class org.openqa.selenium.ie.InternetExplorerDriver registration is skipped:
 registration capabilities Capabilities {browserName: internet explorer, ensureCleanSession: true, platform: WINDOWS, version: } does not match the current platform LINUX
13:25:39.598 INFO - Driver provider class org.openqa.selenium.edge.EdgeDriver registration is skipped:
 registration capabilities Capabilities {browserName: MicrosoftEdge, platform: WINDOWS, version: } does not match the current platform LINUX
13:25:39.599 INFO - Driver provider class org.openqa.selenium.safari.SafariDriver registration is skipped:
 registration capabilities Capabilities {browserName: safari, platform: MAC, version: } does not match the current platform LINUX
13:25:39.867 INFO - Using `new ChromeOptions()` is preferred to `DesiredCapabilities.chrome()`
13:25:39.868 INFO - Using `new EdgeOptions()` is preferred to `DesiredCapabilities.edge()`
13:25:39.873 INFO - Using `new FirefoxOptions()` is preferred to `DesiredCapabilities.firefox()`
13:25:39.874 INFO - Using `new OperaOptions()` is preferred to `DesiredCapabilities.operaBlink()`
13:25:39.874 INFO - Using `new SafariOptions()` is preferred to `DesiredCapabilities.safari()`
2018-09-28 13:25:39.979:INFO:osjs.Server:main: jetty-9.4.7.v20170914
2018-09-28 13:25:40.020:WARN:osjs.SecurityHandler:main: ServletContext@o.s.j.s.ServletContextHandler@1d371b2d{/,null,STARTING} has uncovered http methods for path: /
2018-09-28 13:25:40.034:INFO:osjsh.ContextHandler:main: Started o.s.j.s.ServletContextHandler@1d371b2d{/,null,AVAILABLE}
2018-09-28 13:25:40.110:INFO:osjs.AbstractConnector:main: Started ServerConnector@16f7c8c1{HTTP/1.1,[http/1.1]}{0.0.0.0:4444}
2018-09-28 13:25:40.111:INFO:osjs.Server:main: Started @3025ms
13:25:40.111 INFO - Selenium Server is up and running
13:40:12.543 INFO - Executing: [new session: Capabilities {browserName: firefox, firefox_profile: UEsDBAoAAAAAAF1ksEytG51BHQA..., platform: LINUX}])
13:40:12.615 INFO - Creating a new session for Capabilities {browserName: firefox, firefox_profile: UEsDBAoAAAAAAF1ksEytG51BHQA..., platform: LINUX}
13:40:27.838 INFO - Detected dialect: OSS
13:40:27.870 INFO - Done: [new session: Capabilities {browserName: firefox, firefox_profile: UEsDBAoAAAAAAF1ksEytG51BHQA..., platform: LINUX}]
13:40:28.290 INFO - Executing: [get: https://w2.seg-social.es/Xhtml?JacadaApplicationName=SGIRED&TRANSACCION=ATR01&E=I&AP=AFIR])
13:40:29.827 INFO - Done: [get: https://w2.seg-social.es/Xhtml?JacadaApplicationName=SGIRED&TRANSACCION=ATR01&E=I&AP=AFIR]
13:40:29.867 INFO - Executing: [find element: By.name: txt_SDFPROAFI])
13:40:30.025 INFO - Done: [find element: By.name: txt_SDFPROAFI]
13:40:30.131 INFO - Executing: [send keys: 0 [[FirefoxDriver: firefox on LINUX (9f0c0d0e-6c88-4b61-bd41-d7496cebdc71)] -> name: txt_SDFPROAFI], [08]])
13:40:30.237 INFO - Done: [send keys: 0 [[FirefoxDriver: firefox on LINUX (9f0c0d0e-6c88-4b61-bd41-d7496cebdc71)] -> name: txt_SDFPROAFI], [08]]
13:40:30.258 INFO - Executing: [find element: By.name: txt_SDFCODAFI])
13:40:30.316 INFO - Done: [find element: By.name: txt_SDFCODAFI]
13:40:30.336 INFO - Executing: [send keys: 1 [[FirefoxDriver: firefox on LINUX (9f0c0d0e-6c88-4b61-bd41-d7496cebdc71)] -> name: txt_SDFCODAFI], [1246142700]])
13:40:30.445 INFO - Done: [send keys: 1 [[FirefoxDriver: firefox on LINUX (9f0c0d0e-6c88-4b61-bd41-d7496cebdc71)] -> name: txt_SDFCODAFI], [1246142700]]
13:40:30.449 INFO - Executing: [find element: By.name: txt_SDFTIPPFI_ayuda])
13:40:30.479 INFO - Done: [find element: By.name: txt_SDFTIPPFI_ayuda]
13:40:30.485 INFO - Executing: [send keys: 2 [[FirefoxDriver: firefox on LINUX (9f0c0d0e-6c88-4b61-bd41-d7496cebdc71)] -> name: txt_SDFTIPPFI_ayuda], [1]])
13:40:30.535 INFO - Done: [send keys: 2 [[FirefoxDriver: firefox on LINUX (9f0c0d0e-6c88-4b61-bd41-d7496cebdc71)] -> name: txt_SDFTIPPFI_ayuda], [1]]
13:40:30.554 INFO - Executing: [find element: By.name: txt_SDFNUMPFI])
13:40:30.579 INFO - Done: [find element: By.name: txt_SDFNUMPFI]
13:40:30.585 INFO - Executing: [send keys: 3 [[FirefoxDriver: firefox on LINUX (9f0c0d0e-6c88-4b61-bd41-d7496cebdc71)] -> name: txt_SDFNUMPFI], [48143079P]])
13:40:30.663 INFO - Done: [send keys: 3 [[FirefoxDriver: firefox on LINUX (9f0c0d0e-6c88-4b61-bd41-d7496cebdc71)] -> name: txt_SDFNUMPFI], [48143079P]]
13:40:30.679 INFO - Executing: [find element: By.name: txt_SDFREGAFI_ayuda])
13:40:30.711 INFO - Done: [find element: By.name: txt_SDFREGAFI_ayuda]
13:40:30.720 INFO - Executing: [send keys: 4 [[FirefoxDriver: firefox on LINUX (9f0c0d0e-6c88-4b61-bd41-d7496cebdc71)] -> name: txt_SDFREGAFI_ayuda], [111]])
13:40:30.810 INFO - Done: [send keys: 4 [[FirefoxDriver: firefox on LINUX (9f0c0d0e-6c88-4b61-bd41-d7496cebdc71)] -> name: txt_SDFREGAFI_ayuda], [111]]
13:40:30.816 INFO - Executing: [find element: By.name: txt_SDFTESCTACOT])
13:40:30.842 INFO - Done: [find element: By.name: txt_SDFTESCTACOT]
13:40:30.849 INFO - Executing: [send keys: 5 [[FirefoxDriver: firefox on LINUX (9f0c0d0e-6c88-4b61-bd41-d7496cebdc71)] -> name: txt_SDFTESCTACOT], [28]])
13:40:30.946 INFO - Done: [send keys: 5 [[FirefoxDriver: firefox on LINUX (9f0c0d0e-6c88-4b61-bd41-d7496cebdc71)] -> name: txt_SDFTESCTACOT], [28]]
13:40:30.954 INFO - Executing: [find element: By.name: txt_SDFCTACOT])
13:40:31.002 INFO - Done: [find element: By.name: txt_SDFCTACOT]
13:40:31.009 INFO - Executing: [send keys: 6 [[FirefoxDriver: firefox on LINUX (9f0c0d0e-6c88-4b61-bd41-d7496cebdc71)] -> name: txt_SDFCTACOT], [149794464]])
13:40:31.098 INFO - Done: [send keys: 6 [[FirefoxDriver: firefox on LINUX (9f0c0d0e-6c88-4b61-bd41-d7496cebdc71)] -> name: txt_SDFCTACOT], [149794464]]
13:40:31.127 INFO - Executing: [take screenshot])
13:40:31.224 INFO - Done: [take screenshot]
13:40:31.266 INFO - Executing: [find element: By.name: btn_Sub2207401004])
13:40:31.320 INFO - Done: [find element: By.name: btn_Sub2207401004]
13:40:31.326 INFO - Executing: [click: 7 [[FirefoxDriver: firefox on LINUX (9f0c0d0e-6c88-4b61-bd41-d7496cebdc71)] -> name: btn_Sub2207401004]])
13:40:32.429 INFO - Done: [click: 7 [[FirefoxDriver: firefox on LINUX (9f0c0d0e-6c88-4b61-bd41-d7496cebdc71)] -> name: btn_Sub2207401004]]
13:40:32.446 INFO - Executing: [find element: By.id: SDFSITAFI_ayuda])
13:40:32.487 INFO - Done: [find element: By.id: SDFSITAFI_ayuda]
13:40:32.501 INFO - Executing: [is displayed: 8 [[FirefoxDriver: firefox on LINUX (9f0c0d0e-6c88-4b61-bd41-d7496cebdc71)] -> id: SDFSITAFI_ayuda]])
13:40:32.568 INFO - Done: [is displayed: 8 [[FirefoxDriver: firefox on LINUX (9f0c0d0e-6c88-4b61-bd41-d7496cebdc71)] -> id: SDFSITAFI_ayuda]]
13:40:32.582 INFO - Executing: [find element: By.id: Static001])
13:40:34.242 WARN - Exception thrown
org.openqa.selenium.NoSuchElementException: Unable to locate element: {"method":"id","selector":"Static001"}
Command duration or timeout: 0 milliseconds
	at sun.reflect.NativeConstructorAccessorImpl.newInstance0(Native Method)
	at sun.reflect.NativeConstructorAccessorImpl.newInstance(NativeConstructorAccessorImpl.java:62)
	at sun.reflect.DelegatingConstructorAccessorImpl.newInstance(DelegatingConstructorAccessorImpl.java:45)
	at java.lang.reflect.Constructor.newInstance(Constructor.java:423)
	at org.openqa.selenium.remote.ErrorHandler.createThrowable(ErrorHandler.java:214)
	at org.openqa.selenium.remote.ErrorHandler.throwIfResponseFailed(ErrorHandler.java:166)
	at org.openqa.selenium.remote.http.JsonHttpResponseCodec.reconstructValue(JsonHttpResponseCodec.java:40)
	at org.openqa.selenium.remote.http.AbstractHttpResponseCodec.decode(AbstractHttpResponseCodec.java:80)
	at org.openqa.selenium.remote.http.AbstractHttpResponseCodec.decode(AbstractHttpResponseCodec.java:44)
	at org.openqa.selenium.remote.HttpCommandExecutor.execute(HttpCommandExecutor.java:164)
	at org.openqa.selenium.remote.service.DriverCommandExecutor.execute(DriverCommandExecutor.java:83)
	at org.openqa.selenium.remote.RemoteWebDriver.execute(RemoteWebDriver.java:601)
	at org.openqa.selenium.remote.RemoteWebDriver.findElement(RemoteWebDriver.java:371)
	at org.openqa.selenium.remote.RemoteWebDriver.findElementById(RemoteWebDriver.java:417)
	at org.openqa.selenium.By$ById.findElement(By.java:218)
	at org.openqa.selenium.remote.RemoteWebDriver.findElement(RemoteWebDriver.java:363)
	at sun.reflect.NativeMethodAccessorImpl.invoke0(Native Method)
	at sun.reflect.NativeMethodAccessorImpl.invoke(NativeMethodAccessorImpl.java:62)
	at sun.reflect.DelegatingMethodAccessorImpl.invoke(DelegatingMethodAccessorImpl.java:43)
	at java.lang.reflect.Method.invoke(Method.java:498)
	at org.openqa.selenium.support.events.EventFiringWebDriver$2.invoke(EventFiringWebDriver.java:108)
	at com.sun.proxy.$Proxy6.findElement(Unknown Source)
	at org.openqa.selenium.support.events.EventFiringWebDriver.findElement(EventFiringWebDriver.java:192)
	at org.openqa.selenium.remote.server.handler.FindElement.call(FindElement.java:48)
	at org.openqa.selenium.remote.server.handler.FindElement.call(FindElement.java:33)
	at org.openqa.selenium.remote.server.handler.WebDriverHandler.handle(WebDriverHandler.java:41)
	at org.openqa.selenium.remote.server.rest.ResultConfig.handle(ResultConfig.java:112)
	at org.openqa.selenium.remote.server.JsonHttpCommandHandler.handleRequest(JsonHttpCommandHandler.java:191)
	at org.openqa.selenium.remote.server.DriverServlet.lambda$handleRequest$0(DriverServlet.java:261)
	at java.util.concurrent.Executors$RunnableAdapter.call(Executors.java:511)
	at java.util.concurrent.FutureTask.run(FutureTask.java:266)
	at java.util.concurrent.ThreadPoolExecutor.runWorker(ThreadPoolExecutor.java:1149)
	at java.util.concurrent.ThreadPoolExecutor$Worker.run(ThreadPoolExecutor.java:624)
	at java.lang.Thread.run(Thread.java:748)
Caused by: org.openqa.selenium.NoSuchElementException: Unable to locate element: {"method":"id","selector":"Static001"}
For documentation on this error, please visit: http://seleniumhq.org/exceptions/no_such_element.html
Build info: version: '3.8.1', revision: '6e95a6684b', time: '2017-12-01T19:05:32.194Z'
System info: host: 'localhost.localdomain', ip: '127.0.0.1', os.name: 'Linux', os.arch: 'amd64', os.version: '3.10.0-862.3.2.el7.x86_64', java.version: '1.8.0_171'
Driver info: driver.version: unknown
	at <anonymous class>.FirefoxDriver.prototype.findElementInternal_(file:///tmp/anonymous7570268011579113577webdriver-profile/extensions/fxdriver@googlecode.com/components/driver-component.js:11870)
	at <anonymous class>.FirefoxDriver.prototype.findElement(file:///tmp/anonymous7570268011579113577webdriver-profile/extensions/fxdriver@googlecode.com/components/driver-component.js:11879)
	at <anonymous class>.DelayedCommand.prototype.executeInternal_/k(file:///tmp/anonymous7570268011579113577webdriver-profile/extensions/fxdriver@googlecode.com/components/command-processor.js:13364)
	at <anonymous class>.DelayedCommand.prototype.executeInternal_(file:///tmp/anonymous7570268011579113577webdriver-profile/extensions/fxdriver@googlecode.com/components/command-processor.js:13369)
	at <anonymous class>.DelayedCommand.prototype.execute/<(file:///tmp/anonymous7570268011579113577webdriver-profile/extensions/fxdriver@googlecode.com/components/command-processor.js:13311)
13:40:34.246 WARN - Exception: Unable to locate element: {"method":"id","selector":"Static001"}
For documentation on this error, please visit: http://seleniumhq.org/exceptions/no_such_element.html
Build info: version: '3.8.1', revision: '6e95a6684b', time: '2017-12-01T19:05:32.194Z'
System info: host: 'localhost.localdomain', ip: '127.0.0.1', os.name: 'Linux', os.arch: 'amd64', os.version: '3.10.0-862.3.2.el7.x86_64', java.version: '1.8.0_171'
Driver info: driver.version: unknown
13:40:34.305 INFO - Executing: [find element: By.id: DIL])
13:40:34.320 INFO - Done: [find element: By.id: DIL]
13:40:34.331 INFO - Executing: [get text: 9 [[FirefoxDriver: firefox on LINUX (9f0c0d0e-6c88-4b61-bd41-d7496cebdc71)] -> id: DIL]])
13:40:34.371 INFO - Done: [get text: 9 [[FirefoxDriver: firefox on LINUX (9f0c0d0e-6c88-4b61-bd41-d7496cebdc71)] -> id: DIL]]
13:40:34.375 INFO - Executing: [get text: 9 [[FirefoxDriver: firefox on LINUX (9f0c0d0e-6c88-4b61-bd41-d7496cebdc71)] -> id: DIL]])
13:40:34.396 INFO - Done: [get text: 9 [[FirefoxDriver: firefox on LINUX (9f0c0d0e-6c88-4b61-bd41-d7496cebdc71)] -> id: DIL]]
13:40:34.419 INFO - Executing: [is displayed: 9 [[FirefoxDriver: firefox on LINUX (9f0c0d0e-6c88-4b61-bd41-d7496cebdc71)] -> id: DIL]])
13:40:34.433 INFO - Done: [is displayed: 9 [[FirefoxDriver: firefox on LINUX (9f0c0d0e-6c88-4b61-bd41-d7496cebdc71)] -> id: DIL]]
13:40:34.435 INFO - Executing: [find element: By.name: txt_SDFSITAFI_ayuda])
13:40:34.451 INFO - Done: [find element: By.name: txt_SDFSITAFI_ayuda]
13:40:34.464 INFO - Executing: [send keys: 8 [[FirefoxDriver: firefox on LINUX (9f0c0d0e-6c88-4b61-bd41-d7496cebdc71)] -> id: SDFSITAFI_ayuda], [1]])
13:40:34.518 INFO - Done: [send keys: 8 [[FirefoxDriver: firefox on LINUX (9f0c0d0e-6c88-4b61-bd41-d7496cebdc71)] -> id: SDFSITAFI_ayuda], [1]]
13:40:34.521 INFO - Executing: [find element: By.name: txt_SDFFREALDD])
13:40:34.546 INFO - Done: [find element: By.name: txt_SDFFREALDD]
13:40:34.554 INFO - Executing: [send keys: 10 [[FirefoxDriver: firefox on LINUX (9f0c0d0e-6c88-4b61-bd41-d7496cebdc71)] -> name: txt_SDFFREALDD], [29]])
13:40:34.616 INFO - Done: [send keys: 10 [[FirefoxDriver: firefox on LINUX (9f0c0d0e-6c88-4b61-bd41-d7496cebdc71)] -> name: txt_SDFFREALDD], [29]]
13:40:34.620 INFO - Executing: [find element: By.name: txt_SDFFREALMM])
13:40:34.635 INFO - Done: [find element: By.name: txt_SDFFREALMM]
13:40:34.649 INFO - Executing: [send keys: 11 [[FirefoxDriver: firefox on LINUX (9f0c0d0e-6c88-4b61-bd41-d7496cebdc71)] -> name: txt_SDFFREALMM], [09]])
13:40:34.720 INFO - Done: [send keys: 11 [[FirefoxDriver: firefox on LINUX (9f0c0d0e-6c88-4b61-bd41-d7496cebdc71)] -> name: txt_SDFFREALMM], [09]]
13:40:34.724 INFO - Executing: [find element: By.name: txt_SDFFREALAA])
13:40:34.739 INFO - Done: [find element: By.name: txt_SDFFREALAA]
13:40:34.748 INFO - Executing: [send keys: 12 [[FirefoxDriver: firefox on LINUX (9f0c0d0e-6c88-4b61-bd41-d7496cebdc71)] -> name: txt_SDFFREALAA], [2018]])
13:40:34.796 INFO - Done: [send keys: 12 [[FirefoxDriver: firefox on LINUX (9f0c0d0e-6c88-4b61-bd41-d7496cebdc71)] -> name: txt_SDFFREALAA], [2018]]
13:40:34.800 INFO - Executing: [find element: By.name: txt_SDFGRUCOT_ayuda])
13:40:34.823 INFO - Done: [find element: By.name: txt_SDFGRUCOT_ayuda]
13:40:34.825 INFO - Executing: [send keys: 13 [[FirefoxDriver: firefox on LINUX (9f0c0d0e-6c88-4b61-bd41-d7496cebdc71)] -> name: txt_SDFGRUCOT_ayuda], [1]])
13:40:34.859 INFO - Done: [send keys: 13 [[FirefoxDriver: firefox on LINUX (9f0c0d0e-6c88-4b61-bd41-d7496cebdc71)] -> name: txt_SDFGRUCOT_ayuda], [1]]
13:40:34.863 INFO - Executing: [find element: By.name: txt_SDFTICO_ayuda])
13:40:34.884 INFO - Done: [find element: By.name: txt_SDFTICO_ayuda]
13:40:34.889 INFO - Executing: [send keys: 14 [[FirefoxDriver: firefox on LINUX (9f0c0d0e-6c88-4b61-bd41-d7496cebdc71)] -> name: txt_SDFTICO_ayuda], [402]])
13:40:34.935 INFO - Done: [send keys: 14 [[FirefoxDriver: firefox on LINUX (9f0c0d0e-6c88-4b61-bd41-d7496cebdc71)] -> name: txt_SDFTICO_ayuda], [402]]
13:40:34.943 INFO - Executing: [take screenshot])
13:40:35.033 INFO - Done: [take screenshot]
13:40:35.060 INFO - Executing: [find element: By.name: btn_Sub2207401004])
13:40:35.078 INFO - Done: [find element: By.name: btn_Sub2207401004]
13:40:35.083 INFO - Executing: [click: 15 [[FirefoxDriver: firefox on LINUX (9f0c0d0e-6c88-4b61-bd41-d7496cebdc71)] -> name: btn_Sub2207401004]])
13:40:35.869 INFO - Done: [click: 15 [[FirefoxDriver: firefox on LINUX (9f0c0d0e-6c88-4b61-bd41-d7496cebdc71)] -> name: btn_Sub2207401004]]
13:40:35.894 INFO - Executing: [find element: By.id: SDFSITAFI_ayuda])
13:40:35.916 INFO - Done: [find element: By.id: SDFSITAFI_ayuda]
13:40:35.922 INFO - Executing: [is displayed: 16 [[FirefoxDriver: firefox on LINUX (9f0c0d0e-6c88-4b61-bd41-d7496cebdc71)] -> id: SDFSITAFI_ayuda]])
13:40:35.951 INFO - Done: [is displayed: 16 [[FirefoxDriver: firefox on LINUX (9f0c0d0e-6c88-4b61-bd41-d7496cebdc71)] -> id: SDFSITAFI_ayuda]]
13:40:35.994 INFO - Executing: [find element: By.id: Static001])
13:40:36.439 WARN - Exception thrown
org.openqa.selenium.NoSuchElementException: Unable to locate element: {"method":"id","selector":"Static001"}
Command duration or timeout: 0 milliseconds
	at sun.reflect.NativeConstructorAccessorImpl.newInstance0(Native Method)
	at sun.reflect.NativeConstructorAccessorImpl.newInstance(NativeConstructorAccessorImpl.java:62)
	at sun.reflect.DelegatingConstructorAccessorImpl.newInstance(DelegatingConstructorAccessorImpl.java:45)
	at java.lang.reflect.Constructor.newInstance(Constructor.java:423)
	at org.openqa.selenium.remote.ErrorHandler.createThrowable(ErrorHandler.java:214)
	at org.openqa.selenium.remote.ErrorHandler.throwIfResponseFailed(ErrorHandler.java:166)
	at org.openqa.selenium.remote.http.JsonHttpResponseCodec.reconstructValue(JsonHttpResponseCodec.java:40)
	at org.openqa.selenium.remote.http.AbstractHttpResponseCodec.decode(AbstractHttpResponseCodec.java:80)
	at org.openqa.selenium.remote.http.AbstractHttpResponseCodec.decode(AbstractHttpResponseCodec.java:44)
	at org.openqa.selenium.remote.HttpCommandExecutor.execute(HttpCommandExecutor.java:164)
	at org.openqa.selenium.remote.service.DriverCommandExecutor.execute(DriverCommandExecutor.java:83)
	at org.openqa.selenium.remote.RemoteWebDriver.execute(RemoteWebDriver.java:601)
	at org.openqa.selenium.remote.RemoteWebDriver.findElement(RemoteWebDriver.java:371)
	at org.openqa.selenium.remote.RemoteWebDriver.findElementById(RemoteWebDriver.java:417)
	at org.openqa.selenium.By$ById.findElement(By.java:218)
	at org.openqa.selenium.remote.RemoteWebDriver.findElement(RemoteWebDriver.java:363)
	at sun.reflect.GeneratedMethodAccessor10.invoke(Unknown Source)
	at sun.reflect.DelegatingMethodAccessorImpl.invoke(DelegatingMethodAccessorImpl.java:43)
	at java.lang.reflect.Method.invoke(Method.java:498)
	at org.openqa.selenium.support.events.EventFiringWebDriver$2.invoke(EventFiringWebDriver.java:108)
	at com.sun.proxy.$Proxy6.findElement(Unknown Source)
	at org.openqa.selenium.support.events.EventFiringWebDriver.findElement(EventFiringWebDriver.java:192)
	at org.openqa.selenium.remote.server.handler.FindElement.call(FindElement.java:48)
	at org.openqa.selenium.remote.server.handler.FindElement.call(FindElement.java:33)
	at org.openqa.selenium.remote.server.handler.WebDriverHandler.handle(WebDriverHandler.java:41)
	at org.openqa.selenium.remote.server.rest.ResultConfig.handle(ResultConfig.java:112)
	at org.openqa.selenium.remote.server.JsonHttpCommandHandler.handleRequest(JsonHttpCommandHandler.java:191)
	at org.openqa.selenium.remote.server.DriverServlet.lambda$handleRequest$0(DriverServlet.java:261)
	at java.util.concurrent.Executors$RunnableAdapter.call(Executors.java:511)
	at java.util.concurrent.FutureTask.run(FutureTask.java:266)
	at java.util.concurrent.ThreadPoolExecutor.runWorker(ThreadPoolExecutor.java:1149)
	at java.util.concurrent.ThreadPoolExecutor$Worker.run(ThreadPoolExecutor.java:624)
	at java.lang.Thread.run(Thread.java:748)
Caused by: org.openqa.selenium.NoSuchElementException: Unable to locate element: {"method":"id","selector":"Static001"}
For documentation on this error, please visit: http://seleniumhq.org/exceptions/no_such_element.html
Build info: version: '3.8.1', revision: '6e95a6684b', time: '2017-12-01T19:05:32.194Z'
System info: host: 'localhost.localdomain', ip: '127.0.0.1', os.name: 'Linux', os.arch: 'amd64', os.version: '3.10.0-862.3.2.el7.x86_64', java.version: '1.8.0_171'
Driver info: driver.version: unknown
	at <anonymous class>.FirefoxDriver.prototype.findElementInternal_(file:///tmp/anonymous7570268011579113577webdriver-profile/extensions/fxdriver@googlecode.com/components/driver-component.js:11870)
	at <anonymous class>.FirefoxDriver.prototype.findElement(file:///tmp/anonymous7570268011579113577webdriver-profile/extensions/fxdriver@googlecode.com/components/driver-component.js:11879)
	at <anonymous class>.DelayedCommand.prototype.executeInternal_/k(file:///tmp/anonymous7570268011579113577webdriver-profile/extensions/fxdriver@googlecode.com/components/command-processor.js:13364)
	at <anonymous class>.DelayedCommand.prototype.executeInternal_(file:///tmp/anonymous7570268011579113577webdriver-profile/extensions/fxdriver@googlecode.com/components/command-processor.js:13369)
	at <anonymous class>.DelayedCommand.prototype.execute/<(file:///tmp/anonymous7570268011579113577webdriver-profile/extensions/fxdriver@googlecode.com/components/command-processor.js:13311)
13:40:36.440 WARN - Exception: Unable to locate element: {"method":"id","selector":"Static001"}
For documentation on this error, please visit: http://seleniumhq.org/exceptions/no_such_element.html
Build info: version: '3.8.1', revision: '6e95a6684b', time: '2017-12-01T19:05:32.194Z'
System info: host: 'localhost.localdomain', ip: '127.0.0.1', os.name: 'Linux', os.arch: 'amd64', os.version: '3.10.0-862.3.2.el7.x86_64', java.version: '1.8.0_171'
Driver info: driver.version: unknown
13:40:36.476 INFO - Executing: [find element: By.id: DIL])
13:40:36.489 INFO - Done: [find element: By.id: DIL]
13:40:36.506 INFO - Executing: [get text: 17 [[FirefoxDriver: firefox on LINUX (9f0c0d0e-6c88-4b61-bd41-d7496cebdc71)] -> id: DIL]])
13:40:36.528 INFO - Done: [get text: 17 [[FirefoxDriver: firefox on LINUX (9f0c0d0e-6c88-4b61-bd41-d7496cebdc71)] -> id: DIL]]
13:40:36.534 INFO - Executing: [get text: 17 [[FirefoxDriver: firefox on LINUX (9f0c0d0e-6c88-4b61-bd41-d7496cebdc71)] -> id: DIL]])
13:40:36.557 INFO - Done: [get text: 17 [[FirefoxDriver: firefox on LINUX (9f0c0d0e-6c88-4b61-bd41-d7496cebdc71)] -> id: DIL]]
13:40:36.563 INFO - Executing: [is displayed: 17 [[FirefoxDriver: firefox on LINUX (9f0c0d0e-6c88-4b61-bd41-d7496cebdc71)] -> id: DIL]])
13:40:36.582 INFO - Done: [is displayed: 17 [[FirefoxDriver: firefox on LINUX (9f0c0d0e-6c88-4b61-bd41-d7496cebdc71)] -> id: DIL]]
13:40:36.596 INFO - Executing: [get text: 17 [[FirefoxDriver: firefox on LINUX (9f0c0d0e-6c88-4b61-bd41-d7496cebdc71)] -> id: DIL]])
13:40:36.619 INFO - Done: [get text: 17 [[FirefoxDriver: firefox on LINUX (9f0c0d0e-6c88-4b61-bd41-d7496cebdc71)] -> id: DIL]]
13:40:36.733 INFO - Executing: [get text: 17 [[FirefoxDriver: firefox on LINUX (9f0c0d0e-6c88-4b61-bd41-d7496cebdc71)] -> id: DIL]])
13:40:36.761 INFO - Done: [get text: 17 [[FirefoxDriver: firefox on LINUX (9f0c0d0e-6c88-4b61-bd41-d7496cebdc71)] -> id: DIL]]
13:46:34.880 INFO - Executing: [new session: Capabilities {browserName: firefox, firefox_profile: UEsDBAoAAAAAAF1ksEytG51BHQA..., platform: LINUX}])
13:46:34.882 INFO - Creating a new session for Capabilities {browserName: firefox, firefox_profile: UEsDBAoAAAAAAF1ksEytG51BHQA..., platform: LINUX}
13:46:42.809 INFO - Detected dialect: OSS
13:46:42.811 INFO - Done: [new session: Capabilities {browserName: firefox, firefox_profile: UEsDBAoAAAAAAF1ksEytG51BHQA..., platform: LINUX}]
