09:29:59.619 INFO - Selenium build info: version: '3.8.1', revision: '6e95a6684b'
09:29:59.621 INFO - Launching a standalone Selenium Server
2018-09-19 09:30:00.356:INFO::main: Logging initialized @2680ms to org.seleniumhq.jetty9.util.log.StdErrLog
09:30:00.559 INFO - Using `new FirefoxOptions()` is preferred to `DesiredCapabilities.firefox()`
09:30:00.611 INFO - Using `new ChromeOptions()` is preferred to `DesiredCapabilities.chrome()`
09:30:00.615 INFO - Using `new EdgeOptions()` is preferred to `DesiredCapabilities.edge()`
09:30:00.625 INFO - Driver class not found: com.opera.core.systems.OperaDriver
09:30:00.625 INFO - Using `new OperaOptions()` is preferred to `DesiredCapabilities.operaBlink()`
09:30:00.626 INFO - Using `new SafariOptions()` is preferred to `DesiredCapabilities.safari()`
09:30:00.627 INFO - Driver class not found: org.openqa.selenium.phantomjs.PhantomJSDriver
09:30:00.766 INFO - Driver provider class org.openqa.selenium.ie.InternetExplorerDriver registration is skipped:
 registration capabilities Capabilities {browserName: internet explorer, ensureCleanSession: true, platform: WINDOWS, version: } does not match the current platform LINUX
09:30:00.766 INFO - Driver provider class org.openqa.selenium.edge.EdgeDriver registration is skipped:
 registration capabilities Capabilities {browserName: MicrosoftEdge, platform: WINDOWS, version: } does not match the current platform LINUX
09:30:00.767 INFO - Driver provider class org.openqa.selenium.safari.SafariDriver registration is skipped:
 registration capabilities Capabilities {browserName: safari, platform: MAC, version: } does not match the current platform LINUX
09:30:00.854 INFO - Using `new ChromeOptions()` is preferred to `DesiredCapabilities.chrome()`
09:30:00.855 INFO - Using `new EdgeOptions()` is preferred to `DesiredCapabilities.edge()`
09:30:00.855 INFO - Using `new FirefoxOptions()` is preferred to `DesiredCapabilities.firefox()`
09:30:00.856 INFO - Using `new OperaOptions()` is preferred to `DesiredCapabilities.operaBlink()`
09:30:00.856 INFO - Using `new SafariOptions()` is preferred to `DesiredCapabilities.safari()`
2018-09-19 09:30:00.970:INFO:osjs.Server:main: jetty-9.4.7.v20170914
2018-09-19 09:30:01.016:WARN:osjs.SecurityHandler:main: ServletContext@o.s.j.s.ServletContextHandler@1d371b2d{/,null,STARTING} has uncovered http methods for path: /
2018-09-19 09:30:01.027:INFO:osjsh.ContextHandler:main: Started o.s.j.s.ServletContextHandler@1d371b2d{/,null,AVAILABLE}
2018-09-19 09:30:01.107:INFO:osjs.AbstractConnector:main: Started ServerConnector@16f7c8c1{HTTP/1.1,[http/1.1]}{0.0.0.0:4444}
2018-09-19 09:30:01.108:INFO:osjs.Server:main: Started @3432ms
09:30:01.108 INFO - Selenium Server is up and running
