11:22:31.695 INFO - Selenium build info: version: '3.8.1', revision: '6e95a6684b'
11:22:31.696 INFO - Launching a standalone Selenium Server
2018-06-08 11:22:31.878:INFO::main: Logging initialized @727ms to org.seleniumhq.jetty9.util.log.StdErrLog
11:22:31.968 INFO - Using `new FirefoxOptions()` is preferred to `DesiredCapabilities.firefox()`
11:22:32.000 INFO - Using `new ChromeOptions()` is preferred to `DesiredCapabilities.chrome()`
11:22:32.010 INFO - Using `new EdgeOptions()` is preferred to `DesiredCapabilities.edge()`
11:22:32.011 INFO - Driver class not found: com.opera.core.systems.OperaDriver
11:22:32.011 INFO - Using `new OperaOptions()` is preferred to `DesiredCapabilities.operaBlink()`
11:22:32.012 INFO - Using `new SafariOptions()` is preferred to `DesiredCapabilities.safari()`
11:22:32.013 INFO - Driver class not found: org.openqa.selenium.phantomjs.PhantomJSDriver
11:22:32.099 INFO - Driver provider class org.openqa.selenium.ie.InternetExplorerDriver registration is skipped:
 registration capabilities Capabilities {browserName: internet explorer, ensureCleanSession: true, platform: WINDOWS, version: } does not match the current platform LINUX
11:22:32.099 INFO - Driver provider class org.openqa.selenium.edge.EdgeDriver registration is skipped:
 registration capabilities Capabilities {browserName: MicrosoftEdge, platform: WINDOWS, version: } does not match the current platform LINUX
11:22:32.100 INFO - Driver provider class org.openqa.selenium.safari.SafariDriver registration is skipped:
 registration capabilities Capabilities {browserName: safari, platform: MAC, version: } does not match the current platform LINUX
11:22:32.179 INFO - Using `new ChromeOptions()` is preferred to `DesiredCapabilities.chrome()`
11:22:32.180 INFO - Using `new EdgeOptions()` is preferred to `DesiredCapabilities.edge()`
11:22:32.180 INFO - Using `new FirefoxOptions()` is preferred to `DesiredCapabilities.firefox()`
11:22:32.181 INFO - Using `new OperaOptions()` is preferred to `DesiredCapabilities.operaBlink()`
11:22:32.181 INFO - Using `new SafariOptions()` is preferred to `DesiredCapabilities.safari()`
2018-06-08 11:22:32.240:INFO:osjs.Server:main: jetty-9.4.7.v20170914
2018-06-08 11:22:32.333:WARN:osjs.SecurityHandler:main: ServletContext@o.s.j.s.ServletContextHandler@1d371b2d{/,null,STARTING} has uncovered http methods for path: /
2018-06-08 11:22:32.345:INFO:osjsh.ContextHandler:main: Started o.s.j.s.ServletContextHandler@1d371b2d{/,null,AVAILABLE}
2018-06-08 11:22:32.376:INFO:osjs.AbstractConnector:main: Started ServerConnector@16f7c8c1{HTTP/1.1,[http/1.1]}{0.0.0.0:4444}
2018-06-08 11:22:32.376:INFO:osjs.Server:main: Started @1225ms
11:22:32.376 INFO - Selenium Server is up and running
11:22:42.214 INFO - Executing: [new session: Capabilities {browserName: firefox, firefox_profile: UEsDBBQAAAAIABYBuEykYb5h8QE..., platform: LINUX}])
11:22:42.262 INFO - Creating a new session for Capabilities {browserName: firefox, firefox_profile: UEsDBBQAAAAIABYBuEykYb5h8QE..., platform: LINUX}
11:22:51.312 INFO - Detected dialect: OSS
11:22:51.406 INFO - Done: [new session: Capabilities {browserName: firefox, firefox_profile: UEsDBBQAAAAIABYBuEykYb5h8QE..., platform: LINUX}]
11:22:51.772 INFO - Executing: [get: https://w2.seg-social.es/Xhtml?JacadaApplicationName=SGIRED&TRANSACCION=ATR66&E=I&AP=AFIR])
11:22:54.000 INFO - Done: [get: https://w2.seg-social.es/Xhtml?JacadaApplicationName=SGIRED&TRANSACCION=ATR66&E=I&AP=AFIR]
11:22:54.022 INFO - Executing: [find element: By.name: txt_SDFPROVANT])
11:22:54.157 INFO - Done: [find element: By.name: txt_SDFPROVANT]
11:22:54.179 INFO - Executing: [send keys: 0 [[FirefoxDriver: firefox on LINUX (d2c3fa9f-f189-46bf-99ab-a0ddde702991)] -> name: txt_SDFPROVANT], [28]])
11:22:54.287 INFO - Done: [send keys: 0 [[FirefoxDriver: firefox on LINUX (d2c3fa9f-f189-46bf-99ab-a0ddde702991)] -> name: txt_SDFPROVANT], [28]]
11:22:54.294 INFO - Executing: [find element: By.name: txt_SDFNUMANT])
11:22:54.322 INFO - Done: [find element: By.name: txt_SDFNUMANT]
11:22:54.326 INFO - Executing: [send keys: 1 [[FirefoxDriver: firefox on LINUX (d2c3fa9f-f189-46bf-99ab-a0ddde702991)] -> name: txt_SDFNUMANT], [1420515224]])
11:22:54.420 INFO - Done: [send keys: 1 [[FirefoxDriver: firefox on LINUX (d2c3fa9f-f189-46bf-99ab-a0ddde702991)] -> name: txt_SDFNUMANT], [1420515224]]
11:22:54.425 INFO - Executing: [find element: By.name: btn_Sub2207201008])
11:22:54.446 INFO - Done: [find element: By.name: btn_Sub2207201008]
11:22:54.451 INFO - Executing: [click: 2 [[FirefoxDriver: firefox on LINUX (d2c3fa9f-f189-46bf-99ab-a0ddde702991)] -> name: btn_Sub2207201008]])
11:22:54.938 INFO - Done: [click: 2 [[FirefoxDriver: firefox on LINUX (d2c3fa9f-f189-46bf-99ab-a0ddde702991)] -> name: btn_Sub2207201008]]
11:22:54.973 INFO - Executing: [find elements: By.id: SDFCODNUE])
11:22:55.008 INFO - Done: [find elements: By.id: SDFCODNUE]
11:22:55.037 INFO - Executing: [find elements: By.id: DIL])
11:22:55.053 INFO - Done: [find elements: By.id: DIL]
11:22:55.057 INFO - Executing: [get text: 4 [[FirefoxDriver: firefox on LINUX (d2c3fa9f-f189-46bf-99ab-a0ddde702991)] -> id: DIL]])
11:22:55.082 INFO - Done: [get text: 4 [[FirefoxDriver: firefox on LINUX (d2c3fa9f-f189-46bf-99ab-a0ddde702991)] -> id: DIL]]
11:22:55.087 INFO - Executing: [is displayed: 4 [[FirefoxDriver: firefox on LINUX (d2c3fa9f-f189-46bf-99ab-a0ddde702991)] -> id: DIL]])
11:22:55.105 INFO - Done: [is displayed: 4 [[FirefoxDriver: firefox on LINUX (d2c3fa9f-f189-46bf-99ab-a0ddde702991)] -> id: DIL]]
11:22:55.113 INFO - Executing: [find element: By.id: SDFNOMBRE])
11:22:55.126 INFO - Done: [find element: By.id: SDFNOMBRE]
11:22:55.130 INFO - Executing: [get text: 5 [[FirefoxDriver: firefox on LINUX (d2c3fa9f-f189-46bf-99ab-a0ddde702991)] -> id: SDFNOMBRE]])
11:22:55.153 INFO - Done: [get text: 5 [[FirefoxDriver: firefox on LINUX (d2c3fa9f-f189-46bf-99ab-a0ddde702991)] -> id: SDFNOMBRE]]
11:22:55.158 INFO - Executing: [find element: By.id: SDFIPFTIPO])
11:22:55.178 INFO - Done: [find element: By.id: SDFIPFTIPO]
11:22:55.182 INFO - Executing: [get text: 6 [[FirefoxDriver: firefox on LINUX (d2c3fa9f-f189-46bf-99ab-a0ddde702991)] -> id: SDFIPFTIPO]])
11:22:55.203 INFO - Done: [get text: 6 [[FirefoxDriver: firefox on LINUX (d2c3fa9f-f189-46bf-99ab-a0ddde702991)] -> id: SDFIPFTIPO]]
11:22:55.222 INFO - Executing: [find element: By.id: SDFIPFNUM])
11:22:55.236 INFO - Done: [find element: By.id: SDFIPFNUM]
11:22:55.243 INFO - Executing: [get text: 7 [[FirefoxDriver: firefox on LINUX (d2c3fa9f-f189-46bf-99ab-a0ddde702991)] -> id: SDFIPFNUM]])
11:22:55.274 INFO - Done: [get text: 7 [[FirefoxDriver: firefox on LINUX (d2c3fa9f-f189-46bf-99ab-a0ddde702991)] -> id: SDFIPFNUM]]
11:22:55.279 INFO - Executing: [find element: By.id: SDFNOMBRE])
11:22:55.310 INFO - Done: [find element: By.id: SDFNOMBRE]
11:22:55.315 INFO - Executing: [get text: 5 [[FirefoxDriver: firefox on LINUX (d2c3fa9f-f189-46bf-99ab-a0ddde702991)] -> id: SDFNOMBRE]])
11:22:55.334 INFO - Done: [get text: 5 [[FirefoxDriver: firefox on LINUX (d2c3fa9f-f189-46bf-99ab-a0ddde702991)] -> id: SDFNOMBRE]]
11:35:14.804 INFO - Executing: [get: https://w2.seg-social.es/Xhtml?JacadaApplicationName=SGIRED&TRANSACCION=ATR01&E=I&AP=AFIR])
11:35:17.373 WARN - Exception thrown
org.openqa.selenium.UnhandledAlertException: Unexpected modal dialog (text: Session closed: Failed to locate the session for 'SessionId' parameter (-1139835210). Either the session has timed out or your 'SessionId' parameter is invalid.): Session closed: Failed to locate the session for 'SessionId' parameter (-1139835210). Either the session has timed out or your 'SessionId' parameter is invalid.
Build info: version: '3.8.1', revision: '6e95a6684b', time: '2017-12-01T19:05:32.194Z'
System info: host: 'localhost.localdomain', ip: '127.0.0.1', os.name: 'Linux', os.arch: 'amd64', os.version: '3.10.0-862.2.3.el7.x86_64', java.version: '1.8.0_171'
Driver info: org.openqa.selenium.firefox.FirefoxDriver
Capabilities {acceptSslCerts: true, applicationCacheEnabled: true, browserName: firefox, cssSelectorsEnabled: true, databaseEnabled: true, handlesAlerts: true, javascriptEnabled: true, locationContextEnabled: true, nativeEvents: false, platform: LINUX, platformName: LINUX, rotatable: false, takesScreenshot: true, version: 52.7.3, webStorageEnabled: true}
Session ID: d2c3fa9f-f189-46bf-99ab-a0ddde702991
	at sun.reflect.NativeConstructorAccessorImpl.newInstance0(Native Method)
	at sun.reflect.NativeConstructorAccessorImpl.newInstance(NativeConstructorAccessorImpl.java:62)
	at sun.reflect.DelegatingConstructorAccessorImpl.newInstance(DelegatingConstructorAccessorImpl.java:45)
	at java.lang.reflect.Constructor.newInstance(Constructor.java:423)
	at org.openqa.selenium.remote.ErrorHandler.createThrowable(ErrorHandler.java:214)
	at org.openqa.selenium.remote.ErrorHandler.createUnhandledAlertException(ErrorHandler.java:195)
	at org.openqa.selenium.remote.ErrorHandler.throwIfResponseFailed(ErrorHandler.java:156)
	at org.openqa.selenium.remote.http.JsonHttpResponseCodec.reconstructValue(JsonHttpResponseCodec.java:40)
	at org.openqa.selenium.remote.http.AbstractHttpResponseCodec.decode(AbstractHttpResponseCodec.java:80)
	at org.openqa.selenium.remote.http.AbstractHttpResponseCodec.decode(AbstractHttpResponseCodec.java:44)
	at org.openqa.selenium.remote.HttpCommandExecutor.execute(HttpCommandExecutor.java:164)
	at org.openqa.selenium.remote.service.DriverCommandExecutor.execute(DriverCommandExecutor.java:83)
	at org.openqa.selenium.remote.RemoteWebDriver.execute(RemoteWebDriver.java:601)
	at org.openqa.selenium.remote.RemoteWebDriver.get(RemoteWebDriver.java:325)
	at sun.reflect.NativeMethodAccessorImpl.invoke0(Native Method)
	at sun.reflect.NativeMethodAccessorImpl.invoke(NativeMethodAccessorImpl.java:62)
	at sun.reflect.DelegatingMethodAccessorImpl.invoke(DelegatingMethodAccessorImpl.java:43)
	at java.lang.reflect.Method.invoke(Method.java:498)
	at org.openqa.selenium.support.events.EventFiringWebDriver$2.invoke(EventFiringWebDriver.java:108)
	at com.sun.proxy.$Proxy6.get(Unknown Source)
	at org.openqa.selenium.support.events.EventFiringWebDriver.get(EventFiringWebDriver.java:167)
	at org.openqa.selenium.remote.server.handler.ChangeUrl.call(ChangeUrl.java:40)
	at org.openqa.selenium.remote.server.handler.ChangeUrl.call(ChangeUrl.java:25)
	at org.openqa.selenium.remote.server.handler.WebDriverHandler.handle(WebDriverHandler.java:41)
	at org.openqa.selenium.remote.server.rest.ResultConfig.handle(ResultConfig.java:112)
	at org.openqa.selenium.remote.server.JsonHttpCommandHandler.handleRequest(JsonHttpCommandHandler.java:191)
	at org.openqa.selenium.remote.server.DriverServlet.lambda$handleRequest$0(DriverServlet.java:261)
	at java.util.concurrent.Executors$RunnableAdapter.call(Executors.java:511)
	at java.util.concurrent.FutureTask.run(FutureTask.java:266)
	at java.util.concurrent.ThreadPoolExecutor.runWorker(ThreadPoolExecutor.java:1149)
	at java.util.concurrent.ThreadPoolExecutor$Worker.run(ThreadPoolExecutor.java:624)
	at java.lang.Thread.run(Thread.java:748)
11:35:17.387 WARN - Exception: Unexpected modal dialog (text: Session closed: Failed to locate the session for 'SessionId' parameter (-1139835210). Either the session has timed out or your 'SessionId' parameter is invalid.): Session closed: Failed to locate the session for 'SessionId' parameter (-1139835210). Either the session has timed out or your 'SessionId' parameter is invalid.
Build info: version: '3.8.1', revision: '6e95a6684b', time: '2017-12-01T19:05:32.194Z'
System info: host: 'localhost.localdomain', ip: '127.0.0.1', os.name: 'Linux', os.arch: 'amd64', os.version: '3.10.0-862.2.3.el7.x86_64', java.version: '1.8.0_171'
Driver info: org.openqa.selenium.firefox.FirefoxDriver
Capabilities {acceptSslCerts: true, applicationCacheEnabled: true, browserName: firefox, cssSelectorsEnabled: true, databaseEnabled: true, handlesAlerts: true, javascriptEnabled: true, locationContextEnabled: true, nativeEvents: false, platform: LINUX, platformName: LINUX, rotatable: false, takesScreenshot: true, version: 52.7.3, webStorageEnabled: true}
Session ID: d2c3fa9f-f189-46bf-99ab-a0ddde702991
