13:54:46.211 INFO - Selenium build info: version: '3.8.1', revision: '6e95a6684b'
13:54:46.212 INFO - Launching a standalone Selenium Server
2018-07-09 13:54:46.440:INFO::main: Logging initialized @1000ms to org.seleniumhq.jetty9.util.log.StdErrLog
13:54:46.528 INFO - Using `new FirefoxOptions()` is preferred to `DesiredCapabilities.firefox()`
13:54:46.560 INFO - Using `new ChromeOptions()` is preferred to `DesiredCapabilities.chrome()`
13:54:46.571 INFO - Using `new EdgeOptions()` is preferred to `DesiredCapabilities.edge()`
13:54:46.572 INFO - Driver class not found: com.opera.core.systems.OperaDriver
13:54:46.572 INFO - Using `new OperaOptions()` is preferred to `DesiredCapabilities.operaBlink()`
13:54:46.573 INFO - Using `new SafariOptions()` is preferred to `DesiredCapabilities.safari()`
13:54:46.574 INFO - Driver class not found: org.openqa.selenium.phantomjs.PhantomJSDriver
13:54:46.652 INFO - Driver provider class org.openqa.selenium.ie.InternetExplorerDriver registration is skipped:
 registration capabilities Capabilities {browserName: internet explorer, ensureCleanSession: true, platform: WINDOWS, version: } does not match the current platform LINUX
13:54:46.653 INFO - Driver provider class org.openqa.selenium.edge.EdgeDriver registration is skipped:
 registration capabilities Capabilities {browserName: MicrosoftEdge, platform: WINDOWS, version: } does not match the current platform LINUX
13:54:46.654 INFO - Driver provider class org.openqa.selenium.safari.SafariDriver registration is skipped:
 registration capabilities Capabilities {browserName: safari, platform: MAC, version: } does not match the current platform LINUX
13:54:46.740 INFO - Using `new ChromeOptions()` is preferred to `DesiredCapabilities.chrome()`
13:54:46.741 INFO - Using `new EdgeOptions()` is preferred to `DesiredCapabilities.edge()`
13:54:46.742 INFO - Using `new FirefoxOptions()` is preferred to `DesiredCapabilities.firefox()`
13:54:46.742 INFO - Using `new OperaOptions()` is preferred to `DesiredCapabilities.operaBlink()`
13:54:46.742 INFO - Using `new SafariOptions()` is preferred to `DesiredCapabilities.safari()`
2018-07-09 13:54:46.802:INFO:osjs.Server:main: jetty-9.4.7.v20170914
2018-07-09 13:54:46.892:WARN:osjs.SecurityHandler:main: ServletContext@o.s.j.s.ServletContextHandler@1d371b2d{/,null,STARTING} has uncovered http methods for path: /
2018-07-09 13:54:46.904:INFO:osjsh.ContextHandler:main: Started o.s.j.s.ServletContextHandler@1d371b2d{/,null,AVAILABLE}
2018-07-09 13:54:46.931:INFO:osjs.AbstractConnector:main: Started ServerConnector@16f7c8c1{HTTP/1.1,[http/1.1]}{0.0.0.0:4444}
2018-07-09 13:54:46.932:INFO:osjs.Server:main: Started @1491ms
13:54:46.932 INFO - Selenium Server is up and running
