11:09:34.021 INFO - Selenium build info: version: '3.8.1', revision: '6e95a6684b'
11:09:34.023 INFO - Launching a standalone Selenium Server
2018-06-12 11:09:34.274:INFO::main: Logging initialized @933ms to org.seleniumhq.jetty9.util.log.StdErrLog
11:09:34.391 INFO - Using `new FirefoxOptions()` is preferred to `DesiredCapabilities.firefox()`
11:09:34.441 INFO - Using `new ChromeOptions()` is preferred to `DesiredCapabilities.chrome()`
11:09:34.462 INFO - Using `new EdgeOptions()` is preferred to `DesiredCapabilities.edge()`
11:09:34.463 INFO - Driver class not found: com.opera.core.systems.OperaDriver
11:09:34.463 INFO - Using `new OperaOptions()` is preferred to `DesiredCapabilities.operaBlink()`
11:09:34.464 INFO - Using `new SafariOptions()` is preferred to `DesiredCapabilities.safari()`
11:09:34.465 INFO - Driver class not found: org.openqa.selenium.phantomjs.PhantomJSDriver
11:09:34.630 INFO - Driver provider class org.openqa.selenium.ie.InternetExplorerDriver registration is skipped:
 registration capabilities Capabilities {browserName: internet explorer, ensureCleanSession: true, platform: WINDOWS, version: } does not match the current platform LINUX
11:09:34.631 INFO - Driver provider class org.openqa.selenium.edge.EdgeDriver registration is skipped:
 registration capabilities Capabilities {browserName: MicrosoftEdge, platform: WINDOWS, version: } does not match the current platform LINUX
11:09:34.631 INFO - Driver provider class org.openqa.selenium.safari.SafariDriver registration is skipped:
 registration capabilities Capabilities {browserName: safari, platform: MAC, version: } does not match the current platform LINUX
11:09:34.760 INFO - Using `new ChromeOptions()` is preferred to `DesiredCapabilities.chrome()`
11:09:34.761 INFO - Using `new EdgeOptions()` is preferred to `DesiredCapabilities.edge()`
11:09:34.761 INFO - Using `new FirefoxOptions()` is preferred to `DesiredCapabilities.firefox()`
11:09:34.762 INFO - Using `new OperaOptions()` is preferred to `DesiredCapabilities.operaBlink()`
11:09:34.762 INFO - Using `new SafariOptions()` is preferred to `DesiredCapabilities.safari()`
2018-06-12 11:09:34.829:INFO:osjs.Server:main: jetty-9.4.7.v20170914
2018-06-12 11:09:34.952:WARN:osjs.SecurityHandler:main: ServletContext@o.s.j.s.ServletContextHandler@1d371b2d{/,null,STARTING} has uncovered http methods for path: /
2018-06-12 11:09:34.958:INFO:osjsh.ContextHandler:main: Started o.s.j.s.ServletContextHandler@1d371b2d{/,null,AVAILABLE}
Usage: <main class> [options]
  Options:
    --version, -version
       Displays the version and exits.
       Default: false
    -browserTimeout
       <Integer> in seconds : number of seconds a browser session is allowed to
       hang while 11:09:37.819 INFO - Executing: [new session: Capabilities {browserName: firefox, firefox_profile: UEsDBBQAAAAIABYBuEykYb5h8QE..., platform: LINUX}])
11:09:37.887 INFO - Creating a new session for Capabilities {browserName: firefox, firefox_profile: UEsDBBQAAAAIABYBuEykYb5h8QE..., platform: LINUX}
11:09:48.138 INFO - Detected dialect: OSS
11:09:48.191 INFO - Done: [new session: Capabilities {browserName: firefox, firefox_profile: UEsDBBQAAAAIABYBuEykYb5h8QE..., platform: LINUX}]
11:09:48.529 INFO - Executing: [get: https://w2.seg-social.es/Xhtml?JacadaApplicationName=SGIRED&TRANSACCION=ATR01&E=I&AP=AFIR])
11:09:49.954 INFO - Done: [get: https://w2.seg-social.es/Xhtml?JacadaApplicationName=SGIRED&TRANSACCION=ATR01&E=I&AP=AFIR]
11:09:49.983 INFO - Executing: [find element: By.cssSelector: select[name="cbo_ListaAltasBajas"]])
11:09:50.239 INFO - Done: [find element: By.cssSelector: select[name="cbo_ListaAltasBajas"]]
de], or [standalone].
       Default: standalone
    -timeout, -sessionTimeout
       <Integer> in seconds : Specifies the timeout before the server
       automatically kills a session that hasn't had any activity in the last X seconds. The
       test slot will then be released for another test to use. This is typically
       used to take care of client crashes. For grid hub/node roles, cleanUpCycle
       must also be set.
       Default: 99999999

java.lang.RuntimeException: java.net.BindException: La direcci칩n ya se est치 usando
	at org.openqa.selenium.remote.server.SeleniumServer.boot(SeleniumServer.java:198)
	at org.openqa.grid.selenium.GridLauncherV3$1.launch(GridLauncherV3.java:237)
	at org.openqa.grid.selenium.GridLauncherV3.main(GridLauncherV3.java:82)
Caused by: java.net.BindException: La direcci칩n ya se est치 usando
	at sun.nio.ch.Net.bind0(Native Method)
	at sun.nio.ch.Net.bind(Net.java:433)
	at sun.nio.ch.Net.bind(Net.java:425)
	at sun.nio.ch.ServerSocketChannelImpl.bind(ServerSocketChannelImpl.java:223)
	at sun.nio.ch.ServerSocketAdaptor.bind(ServerSocketAdaptor.java:74)
	at org.seleniumhq.jetty9.server.ServerConnector.openAcceptChannel(ServerConnector.java:334)
	at org.seleniumhq.jetty9.server.ServerConnector.open(ServerConnector.java:302)
	at org.seleniumhq.jetty9.server.AbstractNetworkConnector.doStart(AbstractNetworkConnector.java:80)
	at org.seleniumhq.jetty9.server.ServerConnector.doStart(ServerConnector.java:238)
	at org.seleniumhq.jetty9.util.component.AbstractLifeCycle.start(AbstractLifeCycle.java:68)
	at org.seleniumhq.jetty9.server.Server.doStart(Server.java:428)
	at org.seleniumhq.jetty9.util.component.AbstractLifeCycle.start(AbstractLifeCycle.java:68)
	at org.openqa.selenium.remote.server.SeleniumServer.boot(SeleniumServer.java:196)
	... 2 more
