10:40:38.984 INFO - Selenium build info: version: '3.8.1', revision: '6e95a6684b'
10:40:38.985 INFO - Launching a standalone Selenium Server
2018-06-12 10:40:39.567:INFO::main: Logging initialized @1394ms to org.seleniumhq.jetty9.util.log.StdErrLog
10:40:39.907 INFO - Using `new FirefoxOptions()` is preferred to `DesiredCapabilities.firefox()`
10:40:40.146 INFO - Using `new ChromeOptions()` is preferred to `DesiredCapabilities.chrome()`
10:40:40.177 INFO - Using `new EdgeOptions()` is preferred to `DesiredCapabilities.edge()`
10:40:40.178 INFO - Driver class not found: com.opera.core.systems.OperaDriver
10:40:40.178 INFO - Using `new OperaOptions()` is preferred to `DesiredCapabilities.operaBlink()`
10:40:40.179 INFO - Using `new SafariOptions()` is preferred to `DesiredCapabilities.safari()`
10:40:40.180 INFO - Driver class not found: org.openqa.selenium.phantomjs.PhantomJSDriver
10:40:40.531 INFO - Driver provider class org.openqa.selenium.ie.InternetExplorerDriver registration is skipped:
 registration capabilities Capabilities {browserName: internet explorer, ensureCleanSession: true, platform: WINDOWS, version: } does not match the current platform LINUX
10:40:40.531 INFO - Driver provider class org.openqa.selenium.edge.EdgeDriver registration is skipped:
 registration capabilities Capabilities {browserName: MicrosoftEdge, platform: WINDOWS, version: } does not match the current platform LINUX
10:40:40.532 INFO - Driver provider class org.openqa.selenium.safari.SafariDriver registration is skipped:
 registration capabilities Capabilities {browserName: safari, platform: MAC, version: } does not match the current platform LINUX
10:40:40.903 INFO - Using `new ChromeOptions()` is preferred to `DesiredCapabilities.chrome()`
10:40:40.904 INFO - Using `new EdgeOptions()` is preferred to `DesiredCapabilities.edge()`
10:40:40.904 INFO - Using `new FirefoxOptions()` is preferred to `DesiredCapabilities.firefox()`
10:40:40.905 INFO - Using `new OperaOptions()` is preferred to `DesiredCapabilities.operaBlink()`
10:40:40.905 INFO - Using `new SafariOptions()` is preferred to `DesiredCapabilities.safari()`
2018-06-12 10:40:41.138:INFO:osjs.Server:main: jetty-9.4.7.v20170914
2018-06-12 10:40:41.413:WARN:osjs.SecurityHandler:main: ServletContext@o.s.j.s.ServletContextHandler@1d371b2d{/,null,STARTING} has uncovered http methods for path: /
2018-06-12 10:40:41.474:INFO:osjsh.ContextHandler:main: Started o.s.j.s.ServletContextHandler@1d371b2d{/,null,AVAILABLE}
2018-06-12 10:40:41.674:INFO:osjs.AbstractConnector:main: Started ServerConnector@16f7c8c1{HTTP/1.1,[http/1.1]}{0.0.0.0:4444}
2018-06-12 10:40:41.675:INFO:osjs.Server:main: Started @6395ms
10:40:41.675 INFO - Selenium Server is up and running
10:40:45.718 INFO - Executing: [new session: Capabilities {browserName: firefox, firefox_profile: UEsDBBQAAAAIABYBuEykYb5h8QE..., platform: LINUX}])
10:40:45.758 INFO - Creating a new session for Capabilities {browserName: firefox, firefox_profile: UEsDBBQAAAAIABYBuEykYb5h8QE..., platform: LINUX}
10:41:04.933 INFO - Detected dialect: OSS
10:41:04.983 INFO - Done: [new session: Capabilities {browserName: firefox, firefox_profile: UEsDBBQAAAAIABYBuEykYb5h8QE..., platform: LINUX}]
10:41:05.990 INFO - Executing: [get: https://w2.seg-social.es/Xhtml?JacadaApplicationName=SGIRED&TRANSACCION=ATR01&E=I&AP=AFIR])
10:41:07.810 INFO - Done: [get: https://w2.seg-social.es/Xhtml?JacadaApplicationName=SGIRED&TRANSACCION=ATR01&E=I&AP=AFIR]
to use for logging. If omitted, will log
       to STDOUT
    -port
       <Integer> : the port number the server will use.
       Default: 4444
    -role
       <String> options are [hub], [node], or [standalone].
       Default: standalone
    -timeout, -sessionTimeout
       <Integer> in seconds : Specifies the timeout before the server
       automatically kills a session that hasn't had any activity in the last X seconds. The
       test slot will then be released for another test to use. This is typically
       used to take care of client crashes. For grid hub/node roles, cleanUpCycle
       must also be set.
       Default: 1800

java.lang.RuntimeException: java.net.BindException: La direcci칩n ya se est치 usando
	at org.openqa.selenium.remote.server.SeleniumServer.boot(SeleniumServer.java:198)
	at org.openqa.grid.selenium.GridLauncherV3$1.launch(GridLauncherV3.java:237)
	at org.openqa.grid.selenium.GridLauncherV3.main(GridLauncherV3.java:82)
Caused by: java.net.BindException: La direcci칩n ya se est치 usando
	at sun.nio.ch.Net.bind0(Native Method)
	at sun.nio.ch.Net.bind(Net.java:433)
	at sun.nio.ch.Net.bind(Net.java:425)
	at sun.nio.ch.ServerSocketChannelImpl.bind(ServerSocketChannelImpl.java:223)
	at sun.nio.ch.ServerSocketAdaptor.bind(ServerSocketAdaptor.java:74)
	at org.seleniumhq.jetty9.server.ServerConnector.openAcceptChannel(ServerConnector.java:334)
	at org.seleniumhq.jetty9.server.ServerConnector.open(ServerConnector.java:302)
	at org.seleniumhq.jetty9.server.AbstractNetworkConnector.doStart(AbstractNetworkConnector.java:80)
	at org.seleniumhq.jetty9.server.ServerConnector.doStart(ServerConnector.java:238)
	at org.seleniumhq.jetty9.util.component.AbstractLifeCycle.start(AbstractLifeCycle.java:68)
	at org.seleniumhq.jetty9.server.Server.doStart(Server.java:428)
	at org.seleniumhq.jetty9.util.component.AbstractLifeCycle.start(AbstractLifeCycle.java:68)
	at org.openqa.selenium.remote.server.SeleniumServer.boot(SeleniumServer.java:196)
	... 2 more
