13:36:28.490 INFO - Selenium build info: version: '3.8.1', revision: '6e95a6684b'
13:36:28.491 INFO - Launching a standalone Selenium Server
2018-06-12 13:36:29.196:INFO::main: Logging initialized @2876ms to org.seleniumhq.jetty9.util.log.StdErrLog
13:36:29.582 INFO - Using `new FirefoxOptions()` is preferred to `DesiredCapabilities.firefox()`
13:36:29.701 INFO - Using `new ChromeOptions()` is preferred to `DesiredCapabilities.chrome()`
13:36:29.704 INFO - Using `new EdgeOptions()` is preferred to `DesiredCapabilities.edge()`
13:36:29.705 INFO - Driver class not found: com.opera.core.systems.OperaDriver
13:36:29.705 INFO - Using `new OperaOptions()` is preferred to `DesiredCapabilities.operaBlink()`
13:36:29.706 INFO - Using `new SafariOptions()` is preferred to `DesiredCapabilities.safari()`
13:36:29.769 INFO - Driver class not found: org.openqa.selenium.phantomjs.PhantomJSDriver
13:36:30.017 INFO - Driver provider class org.openqa.selenium.ie.InternetExplorerDriver registration is skipped:
 registration capabilities Capabilities {browserName: internet explorer, ensureCleanSession: true, platform: WINDOWS, version: } does not match the current platform LINUX
13:36:30.018 INFO - Driver provider class org.openqa.selenium.edge.EdgeDriver registration is skipped:
 registration capabilities Capabilities {browserName: MicrosoftEdge, platform: WINDOWS, version: } does not match the current platform LINUX
13:36:30.019 INFO - Driver provider class org.openqa.selenium.safari.SafariDriver registration is skipped:
 registration capabilities Capabilities {browserName: safari, platform: MAC, version: } does not match the current platform LINUX
13:36:30.380 INFO - Using `new ChromeOptions()` is preferred to `DesiredCapabilities.chrome()`
13:36:30.381 INFO - Using `new EdgeOptions()` is preferred to `DesiredCapabilities.edge()`
13:36:30.382 INFO - Using `new FirefoxOptions()` is preferred to `DesiredCapabilities.firefox()`
13:36:30.382 INFO - Using `new OperaOptions()` is preferred to `DesiredCapabilities.operaBlink()`
13:36:30.382 INFO - Using `new SafariOptions()` is preferred to `DesiredCapabilities.safari()`
2018-06-12 13:36:30.628:INFO:osjs.Server:main: jetty-9.4.7.v20170914
2018-06-12 13:36:31.061:WARN:osjs.SecurityHandler:main: ServletContext@o.s.j.s.ServletContextHandler@1d371b2d{/,null,STARTING} has uncovered http methods for path: /
2018-06-12 13:36:31.123:INFO:osjsh.ContextHandler:main: Started o.s.j.s.ServletContextHandler@1d371b2d{/,null,AVAILABLE}
Usage: <main class> [options]
  Options:
    --version, -version
       Displays the version and exits.
       Default: false
    -browserTimeout
       <Integer> in seconds : number of seconds a browser session is allowed to
       hang while a WebDriver command is running (example: driver.get(url)). If the
       timeout is reached while a WebDriver command is still processing, the session
       will quit. Minimum value is 60. An unspecified, zero, or negative value means
       wait indefinitely.
       Default: 0
    -debug
      13:36:46.485 INFO - Detected dialect: OSS
13:36:46.642 INFO - Done: [new session: Capabilities {browserName: firefox, firefox_profile: UEsDBBQAAAAIABYBuEykYb5h8QE..., platform: LINUX}]
13:36:47.167 INFO - Executing: [get: https://w2.seg-social.es/Xhtml?JacadaApplicationName=SGIRED&TRANSACCION=ATR42&E=I&AP=AFIR])
13:36:48.800 INFO - Done: [get: https://w2.seg-social.es/Xhtml?JacadaApplicationName=SGIRED&TRANSACCION=ATR42&E=I&AP=AFIR]
13:36:48.847 INFO - Executing: [find element: By.name: txt_SDFTESORNAF])
13:36:48.987 INFO - Done: [find element: By.name: txt_SDFTESORNAF]
13:36:49.094 INFO - Executing: [send keys: 0 [[FirefoxDriver: firefox on LINUX (ebe384b7-97e0-4232-8a4e-5a55a1634e5d)] -> name: txt_SDFTESORNAF], [46]])
13:36:49.337 INFO - Done: [send keys: 0 [[FirefoxDriver: firefox on LINUX (ebe384b7-97e0-4232-8a4e-5a55a1634e5d)] -> name: txt_SDFTESORNAF], [46]]
13:36:49.343 INFO - Executing: [find element: By.name: txt_SDFNUMNAF])
13:36:49.372 INFO - Done: [find element: By.name: txt_SDFNUMNAF]
13:36:49.380 INFO - Executing: [send keys: 1 [[FirefoxDriver: firefox on LINUX (ebe384b7-97e0-4232-8a4e-5a55a1634e5d)] -> name: txt_SDFNUMNAF], [1072254410]])
13:36:49.463 INFO - Done: [send keys: 1 [[FirefoxDriver: firefox on LINUX (ebe384b7-97e0-4232-8a4e-5a55a1634e5d)] -> name: txt_SDFNUMNAF], [1072254410]]
13:36:49.468 INFO - Executing: [find element: By.name: txt_SDFREGCC_ayuda])
13:36:49.489 INFO - Done: [find element: By.name: txt_SDFREGCC_ayuda]
13:36:49.497 INFO - Executing: [send keys: 2 [[FirefoxDriver: firefox on LINUX (ebe384b7-97e0-4232-8a4e-5a55a1634e5d)] -> name: txt_SDFREGCC_ayuda], [111]])
13:36:49.558 INFO - Done: [send keys: 2 [[FirefoxDriver: firefox on LINUX (ebe384b7-97e0-4232-8a4e-5a55a1634e5d)] -> name: txt_SDFREGCC_ayuda], [111]]
13:36:49.565 INFO - Executing: [find element: By.name: txt_SDFTESCC])
13:36:49.584 INFO - Done: [find element: By.name: txt_SDFTESCC]
13:36:49.589 INFO - Executing: [send keys: 3 [[FirefoxDriver: firefox on LINUX (ebe384b7-97e0-4232-8a4e-5a55a1634e5d)] -> name: txt_SDFTESCC], [28]])
13:36:49.668 INFO - Done: [send keys: 3 [[FirefoxDriver: firefox on LINUX (ebe384b7-97e0-4232-8a4e-5a55a1634e5d)] -> name: txt_SDFTESCC], [28]]
13:36:49.673 INFO - Executing: [find element: By.name: txt_SDFNUMCC])
13:36:49.694 INFO - Done: [find element: By.name: txt_SDFNUMCC]
13:36:49.699 INFO - Executing: [send keys: 4 [[FirefoxDriver: firefox on LINUX (ebe384b7-97e0-4232-8a4e-5a55a1634e5d)] -> name: txt_SDFNUMCC], [149794464]])
13:36:49.782 INFO - Done: [send keys: 4 [[FirefoxDriver: firefox on LINUX (ebe384b7-97e0-4232-8a4e-5a55a1634e5d)] -> name: txt_SDFNUMCC], [149794464]]
13:36:49.800 INFO - Executing: [find element: By.name: cbo_ListaAltasBajas001])
13:36:49.819 INFO - Done: [find element: By.name: cbo_ListaAltasBajas001]
13:36:49.824 INFO - Executing: [tag name: 5 [[FirefoxDriver: firefox on LINUX (ebe384b7-97e0-4232-8a4e-5a55a1634e5d)] -> name: cbo_ListaAltasBajas001]])
13:36:49.841 INFO - Done: [tag name: 5 [[FirefoxDriver: firefox on LINUX (ebe384b7-97e0-4232-8a4e-5a55a1634e5d)] -> name: cbo_ListaAltasBajas001]]
13:36:49.872 INFO - Executing: [get element attribute: 5 [[FirefoxDriver: firefox on LINUX (ebe384b7-97e0-4232-8a4e-5a55a1634e5d)] -> name: cbo_ListaAltasBajas001], multiple])
13:36:49.925 INFO - Done: [get element attribute: 5 [[FirefoxDriver: firefox on LINUX (ebe384b7-97e0-4232-8a4e-5a55a1634e5d)] -> name: cbo_ListaAltasBajas001], multiple]
13:36:49.941 INFO - Executing: [find child elements: 5 [[FirefoxDriver: firefox on LINUX (ebe384b7-97e0-4232-8a4e-5a55a1634e5d)] -> name: cbo_ListaAltasBajas001], By.xpath: .//option[normalize-space(.) = 'Alta']])
13:36:49.973 INFO - Done: [find child elements: 5 [[FirefoxDriver: firefox on LINUX (ebe384b7-97e0-4232-8a4e-5a55a1634e5d)] -> name: cbo_ListaAltasBajas001], By.xpath: .//option[normalize-space(.) = 'Alta']]
13:36:49.986 INFO - Executing: [is selected: 6 [[[[FirefoxDriver: firefox on LINUX (ebe384b7-97e0-4232-8a4e-5a55a1634e5d)] -> name: cbo_ListaAltasBajas001]] -> xpath: .//option[normalize-space(.) = 'Alta']]])
13:36:50.002 INFO - Done: [is selected: 6 [[[[FirefoxDriver: firefox on LINUX (ebe384b7-97e0-4232-8a4e-5a55a1634e5d)] -> name: cbo_ListaAltasBajas001]] -> xpath: .//option[normalize-space(.) = 'Alta']]]
13:36:50.007 INFO - Executing: [click: 6 [[[[FirefoxDriver: firefox on LINUX (ebe384b7-97e0-4232-8a4e-5a55a1634e5d)] -> name: cbo_ListaAltasBajas001]] -> xpath: .//option[normalize-space(.) = 'Alta']]])
13:36:50.357 INFO - Done: [click: 6 [[[[FirefoxDriver: firefox on LINUX (ebe384b7-97e0-4232-8a4e-5a55a1634e5d)] -> name: cbo_ListaAltasBajas001]] -> xpath: .//option[normalize-space(.) = 'Alta']]]
13:36:50.361 INFO - Executing: [find element: By.name: txt_SDFDIAB])
13:36:50.389 INFO - Done: [find element: By.name: txt_SDFDIAB]
