11:15:10.325 INFO - Selenium build info: version: '3.8.1', revision: '6e95a6684b'
11:15:10.327 INFO - Launching a standalone Selenium Server
2018-07-09 11:15:10.822:INFO::main: Logging initialized @2764ms to org.seleniumhq.jetty9.util.log.StdErrLog
11:15:11.118 INFO - Using `new FirefoxOptions()` is preferred to `DesiredCapabilities.firefox()`
11:15:11.224 INFO - Using `new ChromeOptions()` is preferred to `DesiredCapabilities.chrome()`
11:15:11.256 INFO - Using `new EdgeOptions()` is preferred to `DesiredCapabilities.edge()`
11:15:11.258 INFO - Driver class not found: com.opera.core.systems.OperaDriver
11:15:11.258 INFO - Using `new OperaOptions()` is preferred to `DesiredCapabilities.operaBlink()`
11:15:11.259 INFO - Using `new SafariOptions()` is preferred to `DesiredCapabilities.safari()`
11:15:11.260 INFO - Driver class not found: org.openqa.selenium.phantomjs.PhantomJSDriver
11:15:11.441 INFO - Driver provider class org.openqa.selenium.ie.InternetExplorerDriver registration is skipped:
 registration capabilities Capabilities {browserName: internet explorer, ensureCleanSession: true, platform: WINDOWS, version: } does not match the current platform LINUX
11:15:11.442 INFO - Driver provider class org.openqa.selenium.edge.EdgeDriver registration is skipped:
 registration capabilities Capabilities {browserName: MicrosoftEdge, platform: WINDOWS, version: } does not match the current platform LINUX
11:15:11.443 INFO - Driver provider class org.openqa.selenium.safari.SafariDriver registration is skipped:
 registration capabilities Capabilities {browserName: safari, platform: MAC, version: } does not match the current platform LINUX
11:15:11.592 INFO - Using `new ChromeOptions()` is preferred to `DesiredCapabilities.chrome()`
11:15:11.593 INFO - Using `new EdgeOptions()` is preferred to `DesiredCapabilities.edge()`
11:15:11.593 INFO - Using `new FirefoxOptions()` is preferred to `DesiredCapabilities.firefox()`
11:15:11.594 INFO - Using `new OperaOptions()` is preferred to `DesiredCapabilities.operaBlink()`
11:15:11.594 INFO - Using `new SafariOptions()` is preferred to `DesiredCapabilities.safari()`
2018-07-09 11:15:11.725:INFO:osjs.Server:main: jetty-9.4.7.v20170914
2018-07-09 11:15:11.952:WARN:osjs.SecurityHandler:main: ServletContext@o.s.j.s.ServletContextHandler@1d371b2d{/,null,STARTING} has uncovered http methods for path: /
2018-07-09 11:15:11.981:INFO:osjsh.ContextHandler:main: Started o.s.j.s.ServletContextHandler@1d371b2d{/,null,AVAILABLE}
Usage: <main class> [options]
  Options:
    --version, -version
       Displays the version and exits.
       Default: false
    -browserTimeout
       <Integer> in seconds : number of seconds a browser session is allowed to
       hang while11:15:15.277 INFO - Executing: [new session: Capabilities {browserName: firefox, firefox_profile: UEsDBBQAAAAIABYBuEykYb5h8QE..., platform: LINUX}])
11:15:15.357 INFO - Creating a new session for Capabilities {browserName: firefox, firefox_profile: UEsDBBQAAAAIABYBuEykYb5h8QE..., platform: LINUX}
11:15:32.046 INFO - Detected dialect: OSS
11:15:32.117 INFO - Done: [new session: Capabilities {browserName: firefox, firefox_profile: UEsDBBQAAAAIABYBuEykYb5h8QE..., platform: LINUX}]
11:15:32.594 INFO - Executing: [get: https://w2.seg-social.es/Xhtml?JacadaApplicationName=SGIRED&TRANSACCION=ATR41&E=I&AP=AFIR])
11:15:34.913 INFO - Done: [get: https://w2.seg-social.es/Xhtml?JacadaApplicationName=SGIRED&TRANSACCION=ATR41&E=I&AP=AFIR]
11:15:34.961 INFO - Executing: [find element: By.name: txt_SDFTESORNAF])
11:15:35.433 INFO - Done: [find element: By.name: txt_SDFTESORNAF]
11:15:35.542 INFO - Executing: [send keys: 0 [[FirefoxDriver: firefox on LINUX (e7ebabfc-d1d8-4778-89c4-707ec63ce311)] -> name: txt_SDFTESORNAF], [46]])
11:15:35.758 INFO - Done: [send keys: 0 [[FirefoxDriver: firefox on LINUX (e7ebabfc-d1d8-4778-89c4-707ec63ce311)] -> name: txt_SDFTESORNAF], [46]]
11:15:35.765 INFO - Executing: [find element: By.name: txt_SDFNUMNAF])
11:15:35.854 INFO - Done: [find element: By.name: txt_SDFNUMNAF]
11:15:35.862 INFO - Executing: [send keys: 1 [[FirefoxDriver: firefox on LINUX (e7ebabfc-d1d8-4778-89c4-707ec63ce311)] -> name: txt_SDFNUMNAF], [1072254410]])
11:15:36.009 INFO - Done: [send keys: 1 [[FirefoxDriver: firefox on LINUX (e7ebabfc-d1d8-4778-89c4-707ec63ce311)] -> name: txt_SDFNUMNAF], [1072254410]]
11:15:36.015 INFO - Executing: [find element: By.name: txt_SDFREGCC_ayuda])
11:15:36.059 INFO - Done: [find element: By.name: txt_SDFREGCC_ayuda]
11:15:36.081 INFO - Executing: [send keys: 2 [[FirefoxDriver: firefox on LINUX (e7ebabfc-d1d8-4778-89c4-707ec63ce311)] -> name: txt_SDFREGCC_ayuda], [111]])
11:15:36.188 INFO - Done: [send keys: 2 [[FirefoxDriver: firefox on LINUX (e7ebabfc-d1d8-4778-89c4-707ec63ce311)] -> name: txt_SDFREGCC_ayuda], [111]]
11:15:36.197 INFO - Executing: [find element: By.name: txt_SDFTESCC])
11:15:36.322 INFO - Done: [find element: By.name: txt_SDFTESCC]
11:15:36.328 INFO - Executing: [send keys: 3 [[FirefoxDriver: firefox on LINUX (e7ebabfc-d1d8-4778-89c4-707ec63ce311)] -> name: txt_SDFTESCC], [28]])
11:15:36.406 INFO - Done: [send keys: 3 [[FirefoxDriver: firefox on LINUX (e7ebabfc-d1d8-4778-89c4-707ec63ce311)] -> name: txt_SDFTESCC], [28]]
11:15:36.418 INFO - Executing: [find element: By.name: txt_SDFNUMCC])
11:15:36.445 INFO - Done: [find element: By.name: txt_SDFNUMCC]
11:15:36.454 INFO - Executing: [send keys: 4 [[FirefoxDriver: firefox on LINUX (e7ebabfc-d1d8-4778-89c4-707ec63ce311)] -> name: txt_SDFNUMCC], [149794464]])
11:15:36.571 INFO - Done: [send keys: 4 [[FirefoxDriver: firefox on LINUX (e7ebabfc-d1d8-4778-89c4-707ec63ce311)] -> name: txt_SDFNUMCC], [149794464]]
11:15:36.586 INFO - Executing: [take screenshot])
11:15:36.724 INFO - Done: [take screenshot]
11:15:36.760 INFO - Executing: [find element: By.name: btn_Sub2207501004])
11:15:36.797 INFO - Done: [find element: By.name: btn_Sub2207501004]
11:15:36.805 INFO - Executing: [click: 5 [[FirefoxDriver: firefox on LINUX (e7ebabfc-d1d8-4778-89c4-707ec63ce311)] -> name: btn_Sub2207501004]])
11:15:37.778 INFO - Done: [click: 5 [[FirefoxDriver: firefox on LINUX (e7ebabfc-d1d8-4778-89c4-707ec63ce311)] -> name: btn_Sub2207501004]]
11:15:37.799 INFO - Executing: [find elements: By.name: txt_SDFSITALT_ayuda])
11:15:37.843 INFO - Done: [find elements: By.name: txt_SDFSITALT_ayuda]
11:15:37.868 INFO - Executing: [find elements: By.id: DIL])
11:15:37.901 INFO - Done: [find elements: By.id: DIL]
11:15:37.912 INFO - Executing: [get text: 6 [[FirefoxDriver: firefox on LINUX (e7ebabfc-d1d8-4778-89c4-707ec63ce311)] -> id: DIL]])
11:15:38.013 INFO - Done: [get text: 6 [[FirefoxDriver: firefox on LINUX (e7ebabfc-d1d8-4778-89c4-707ec63ce311)] -> id: DIL]]
11:15:38.028 INFO - Executing: [is displayed: 6 [[FirefoxDriver: firefox on LINUX (e7ebabfc-d1d8-4778-89c4-707ec63ce311)] -> id: DIL]])
11:15:38.103 INFO - Done: [is displayed: 6 [[FirefoxDriver: firefox on LINUX (e7ebabfc-d1d8-4778-89c4-707ec63ce311)] -> id: DIL]]
11:15:38.142 INFO - Executing: [find elements: By.id: DIL])
11:15:38.168 INFO - Done: [find elements: By.id: DIL]
11:15:38.187 INFO - Executing: [get text: 6 [[FirefoxDriver: firefox on LINUX (e7ebabfc-d1d8-4778-89c4-707ec63ce311)] -> id: DIL]])
11:15:38.255 INFO - Done: [get text: 6 [[FirefoxDriver: firefox on LINUX (e7ebabfc-d1d8-4778-89c4-707ec63ce311)] -> id: DIL]]
11:15:38.263 INFO - Executing: [is displayed: 6 [[FirefoxDriver: firefox on LINUX (e7ebabfc-d1d8-4778-89c4-707ec63ce311)] -> id: DIL]])
11:15:38.322 INFO - Done: [is displayed: 6 [[FirefoxDriver: firefox on LINUX (e7ebabfc-d1d8-4778-89c4-707ec63ce311)] -> id: DIL]]
11:15:38.346 INFO - Executing: [get text: 6 [[FirefoxDriver: firefox on LINUX (e7ebabfc-d1d8-4778-89c4-707ec63ce311)] -> id: DIL]])
11:15:38.384 INFO - Done: [get text: 6 [[FirefoxDriver: firefox on LINUX (e7ebabfc-d1d8-4778-89c4-707ec63ce311)] -> id: DIL]]
11:15:38.400 INFO - Executing: [get text: 6 [[FirefoxDriver: firefox on LINUX (e7ebabfc-d1d8-4778-89c4-707ec63ce311)] -> id: DIL]])
11:15:38.426 INFO - Done: [get text: 6 [[FirefoxDriver: firefox on LINUX (e7ebabfc-d1d8-4778-89c4-707ec63ce311)] -> id: DIL]]
