20:45:36.392 INFO - Selenium build info: version: '3.8.1', revision: '6e95a6684b'
20:45:36.394 INFO - Launching a standalone Selenium Server
2018-06-12 20:45:36.618:INFO::main: Logging initialized @1021ms to org.seleniumhq.jetty9.util.log.StdErrLog
20:45:36.705 INFO - Using `new FirefoxOptions()` is preferred to `DesiredCapabilities.firefox()`
20:45:36.734 INFO - Using `new ChromeOptions()` is preferred to `DesiredCapabilities.chrome()`
20:45:36.737 INFO - Using `new EdgeOptions()` is preferred to `DesiredCapabilities.edge()`
20:45:36.739 INFO - Driver class not found: com.opera.core.systems.OperaDriver
20:45:36.739 INFO - Using `new OperaOptions()` is preferred to `DesiredCapabilities.operaBlink()`
20:45:36.747 INFO - Using `new SafariOptions()` is preferred to `DesiredCapabilities.safari()`
20:45:36.748 INFO - Driver class not found: org.openqa.selenium.phantomjs.PhantomJSDriver
20:45:36.824 INFO - Driver provider class org.openqa.selenium.ie.InternetExplorerDriver registration is skipped:
 registration capabilities Capabilities {browserName: internet explorer, ensureCleanSession: true, platform: WINDOWS, version: } does not match the current platform LINUX
20:45:36.825 INFO - Driver provider class org.openqa.selenium.edge.EdgeDriver registration is skipped:
 registration capabilities Capabilities {browserName: MicrosoftEdge, platform: WINDOWS, version: } does not match the current platform LINUX
20:45:36.825 INFO - Driver provider class org.openqa.selenium.safari.SafariDriver registration is skipped:
 registration capabilities Capabilities {browserName: safari, platform: MAC, version: } does not match the current platform LINUX
20:45:36.914 INFO - Using `new ChromeOptions()` is preferred to `DesiredCapabilities.chrome()`
20:45:36.915 INFO - Using `new EdgeOptions()` is preferred to `DesiredCapabilities.edge()`
20:45:36.915 INFO - Using `new FirefoxOptions()` is preferred to `DesiredCapabilities.firefox()`
20:45:36.915 INFO - Using `new OperaOptions()` is preferred to `DesiredCapabilities.operaBlink()`
20:45:36.916 INFO - Using `new SafariOptions()` is preferred to `DesiredCapabilities.safari()`
2018-06-12 20:45:36.973:INFO:osjs.Server:main: jetty-9.4.7.v20170914
2018-06-12 20:45:37.061:WARN:osjs.SecurityHandler:main: ServletContext@o.s.j.s.ServletContextHandler@1d371b2d{/,null,STARTING} has uncovered http methods for path: /
2018-06-12 20:45:37.067:INFO:osjsh.ContextHandler:main: Started o.s.j.s.ServletContextHandler@1d371b2d{/,null,AVAILABLE}
2018-06-12 20:45:37.095:INFO:osjs.AbstractConnector:main: Started ServerConnector@16f7c8c1{HTTP/1.1,[http/1.1]}{0.0.0.0:4444}
2018-06-12 20:45:37.095:INFO:osjs.Server:main: Started @1498ms
20:45:37.095 INFO - Selenium Server is up and running
20:45:47.105 INFO - Executing: [new session: Capabilities {browserName: firefox, firefox_profile: UEsDBBQAAAAIABYBuEykYb5h8QE..., platform: LINUX}])
20:45:47.149 INFO - Creating a new session for Capabilities {browserName: firefox, firefox_profile: UEsDBBQAAAAIABYBuEykYb5h8QE..., platform: LINUX}
20:45:56.766 INFO - Detected dialect: OSS
20:45:56.813 INFO - Done: [new session: Capabilities {browserName: firefox, firefox_profile: UEsDBBQAAAAIABYBuEykYb5h8QE..., platform: LINUX}]
20:45:57.232 INFO - Executing: [get: https://w2.seg-social.es/Xhtml?JacadaApplicationName=SGIRED&TRANSACCION=ATR02&E=I&AP=AFIR])
20:45:58.969 INFO - Done: [get: https://w2.seg-social.es/Xhtml?JacadaApplicationName=SGIRED&TRANSACCION=ATR02&E=I&AP=AFIR]
20:45:58.999 INFO - Executing: [find element: By.name: txt_SDFIDPRONAF])
20:45:59.173 INFO - Done: [find element: By.name: txt_SDFIDPRONAF]
20:45:59.209 INFO - Executing: [send keys: 0 [[FirefoxDriver: firefox on LINUX (758388b8-b4ec-4d68-a2a7-b489beb64154)] -> name: txt_SDFIDPRONAF], [28]])
20:45:59.380 INFO - Done: [send keys: 0 [[FirefoxDriver: firefox on LINUX (758388b8-b4ec-4d68-a2a7-b489beb64154)] -> name: txt_SDFIDPRONAF], [28]]
20:45:59.388 INFO - Executing: [find element: By.name: txt_SDFIDNAFCON])
20:45:59.444 INFO - Done: [find element: By.name: txt_SDFIDNAFCON]
20:45:59.452 INFO - Executing: [send keys: 1 [[FirefoxDriver: firefox on LINUX (758388b8-b4ec-4d68-a2a7-b489beb64154)] -> name: txt_SDFIDNAFCON], [1252179000]])
20:45:59.549 INFO - Done: [send keys: 1 [[FirefoxDriver: firefox on LINUX (758388b8-b4ec-4d68-a2a7-b489beb64154)] -> name: txt_SDFIDNAFCON], [1252179000]]
20:45:59.553 INFO - Executing: [find element: By.name: txt_SDFIDTIPOPF_ayuda])
20:45:59.569 INFO - Done: [find element: By.name: txt_SDFIDTIPOPF_ayuda]
20:45:59.575 INFO - Executing: [send keys: 2 [[FirefoxDriver: firefox on LINUX (758388b8-b4ec-4d68-a2a7-b489beb64154)] -> name: txt_SDFIDTIPOPF_ayuda], [1]])
20:45:59.613 INFO - Done: [send keys: 2 [[FirefoxDriver: firefox on LINUX (758388b8-b4ec-4d68-a2a7-b489beb64154)] -> name: txt_SDFIDTIPOPF_ayuda], [1]]
20:45:59.618 INFO - Executing: [find element: By.name: txt_SDFIDNIDEPF])
20:45:59.647 INFO - Done: [find element: By.name: txt_SDFIDNIDEPF]
20:45:59.651 INFO - Executing: [send keys: 3 [[FirefoxDriver: firefox on LINUX (758388b8-b4ec-4d68-a2a7-b489beb64154)] -> name: txt_SDFIDNIDEPF], [53419551G]])
20:45:59.720 INFO - Done: [send keys: 3 [[FirefoxDriver: firefox on LINUX (758388b8-b4ec-4d68-a2a7-b489beb64154)] -> name: txt_SDFIDNIDEPF], [53419551G]]
20:45:59.728 INFO - Executing: [find element: By.name: txt_SDFIDREGIMEN_ayuda])
20:45:59.752 INFO - Done: [find element: By.name: txt_SDFIDREGIMEN_ayuda]
20:45:59.759 INFO - Executing: [send keys: 4 [[FirefoxDriver: firefox on LINUX (758388b8-b4ec-4d68-a2a7-b489beb64154)] -> name: txt_SDFIDREGIMEN_ayuda], [111]])
20:45:59.822 INFO - Done: [send keys: 4 [[FirefoxDriver: firefox on LINUX (758388b8-b4ec-4d68-a2a7-b489beb64154)] -> name: txt_SDFIDREGIMEN_ayuda], [111]]
20:45:59.827 INFO - Executing: [find element: By.name: txt_SDFIDTESCTA])
20:45:59.844 INFO - Done: [find element: By.name: txt_SDFIDTESCTA]
20:45:59.848 INFO - Executing: [send keys: 5 [[FirefoxDriver: firefox on LINUX (758388b8-b4ec-4d68-a2a7-b489beb64154)] -> name: txt_SDFIDTESCTA], [28]])
20:45:59.892 INFO - Done: [send keys: 5 [[FirefoxDriver: firefox on LINUX (758388b8-b4ec-4d68-a2a7-b489beb64154)] -> name: txt_SDFIDTESCTA], [28]]
20:45:59.898 INFO - Executing: [find element: By.name: txt_SDFIDCTACON])
20:45:59.918 INFO - Done: [find element: By.name: txt_SDFIDCTACON]
20:45:59.925 INFO - Executing: [send keys: 6 [[FirefoxDriver: firefox on LINUX (758388b8-b4ec-4d68-a2a7-b489beb64154)] -> name: txt_SDFIDCTACON], [149794464]])
20:46:00.064 INFO - Done: [send keys: 6 [[FirefoxDriver: firefox on LINUX (758388b8-b4ec-4d68-a2a7-b489beb64154)] -> name: txt_SDFIDCTACON], [149794464]]
20:46:00.075 INFO - Executing: [find element: By.name: txt_SDFIDFREALDD])
20:46:00.103 INFO - Done: [find element: By.name: txt_SDFIDFREALDD]
