11:55:39.033 INFO - Selenium build info: version: '3.8.1', revision: '6e95a6684b'
11:55:39.034 INFO - Launching a standalone Selenium Server
2018-06-15 11:55:39.652:INFO::main: Logging initialized @1862ms to org.seleniumhq.jetty9.util.log.StdErrLog
11:55:39.904 INFO - Using `new FirefoxOptions()` is preferred to `DesiredCapabilities.firefox()`
11:55:39.982 INFO - Using `new ChromeOptions()` is preferred to `DesiredCapabilities.chrome()`
11:55:39.986 INFO - Using `new EdgeOptions()` is preferred to `DesiredCapabilities.edge()`
11:55:39.987 INFO - Driver class not found: com.opera.core.systems.OperaDriver
11:55:39.987 INFO - Using `new OperaOptions()` is preferred to `DesiredCapabilities.operaBlink()`
11:55:40.017 INFO - Using `new SafariOptions()` is preferred to `DesiredCapabilities.safari()`
11:55:40.018 INFO - Driver class not found: org.openqa.selenium.phantomjs.PhantomJSDriver
11:55:40.293 INFO - Driver provider class org.openqa.selenium.ie.InternetExplorerDriver registration is skipped:
 registration capabilities Capabilities {browserName: internet explorer, ensureCleanSession: true, platform: WINDOWS, version: } does not match the current platform LINUX
11:55:40.294 INFO - Driver provider class org.openqa.selenium.edge.EdgeDriver registration is skipped:
 registration capabilities Capabilities {browserName: MicrosoftEdge, platform: WINDOWS, version: } does not match the current platform LINUX
11:55:40.294 INFO - Driver provider class org.openqa.selenium.safari.SafariDriver registration is skipped:
 registration capabilities Capabilities {browserName: safari, platform: MAC, version: } does not match the current platform LINUX
11:55:40.523 INFO - Using `new ChromeOptions()` is preferred to `DesiredCapabilities.chrome()`
11:55:40.524 INFO - Using `new EdgeOptions()` is preferred to `DesiredCapabilities.edge()`
11:55:40.525 INFO - Using `new FirefoxOptions()` is preferred to `DesiredCapabilities.firefox()`
11:55:40.555 INFO - Using `new OperaOptions()` is preferred to `DesiredCapabilities.operaBlink()`
11:55:40.555 INFO - Using `new SafariOptions()` is preferred to `DesiredCapabilities.safari()`
2018-06-15 11:55:40.743:INFO:osjs.Server:main: jetty-9.4.7.v20170914
2018-06-15 11:55:41.123:WARN:osjs.SecurityHandler:main: ServletContext@o.s.j.s.ServletContextHandler@1d371b2d{/,null,STARTING} has uncovered http methods for path: /
2018-06-15 11:55:41.179:INFO:osjsh.ContextHandler:main: Started o.s.j.s.ServletContextHandler@1d371b2d{/,null,AVAILABLE}
Usage: <main class> [options]
  Options:
    --version, -version
       Displays the version and exits.
       Default: false
    -browserTimeout
       <Integer> in seconds : number of seconds a browser session is allowed to
       hang while11:55:41.399 INFO - Executing: [new session: Capabilities {browserName: firefox, firefox_profile: UEsDBBQAAAAIABYBuEykYb5h8QE..., platform: LINUX}])
11:55:41.466 INFO - Creating a new session for Capabilities {browserName: firefox, firefox_profile: UEsDBBQAAAAIABYBuEykYb5h8QE..., platform: LINUX}
11:55:55.899 INFO - Detected dialect: OSS
11:55:56.026 INFO - Done: [new session: Capabilities {browserName: firefox, firefox_profile: UEsDBBQAAAAIABYBuEykYb5h8QE..., platform: LINUX}]
11:55:56.461 INFO - Executing: [get: https://w2.seg-social.es/Xhtml?JacadaApplicationName=SGIRED&TRANSACCION=ATR41&E=I&AP=AFIR])
11:55:58.839 INFO - Done: [get: https://w2.seg-social.es/Xhtml?JacadaApplicationName=SGIRED&TRANSACCION=ATR41&E=I&AP=AFIR]
11:55:58.867 INFO - Executing: [find element: By.name: txt_SDFTESORNAF])
11:55:59.136 INFO - Done: [find element: By.name: txt_SDFTESORNAF]
11:55:59.182 INFO - Executing: [send keys: 0 [[FirefoxDriver: firefox on LINUX (c2633ab9-f41d-42f5-a0c8-0780bbd3b0ae)] -> name: txt_SDFTESORNAF], [28]])
11:55:59.373 INFO - Done: [send keys: 0 [[FirefoxDriver: firefox on LINUX (c2633ab9-f41d-42f5-a0c8-0780bbd3b0ae)] -> name: txt_SDFTESORNAF], [28]]
11:55:59.379 INFO - Executing: [find element: By.name: txt_SDFNUMNAF])
11:55:59.411 INFO - Done: [find element: By.name: txt_SDFNUMNAF]
11:55:59.416 INFO - Executing: [send keys: 1 [[FirefoxDriver: firefox on LINUX (c2633ab9-f41d-42f5-a0c8-0780bbd3b0ae)] -> name: txt_SDFNUMNAF], [1252179000]])
11:55:59.515 INFO - Done: [send keys: 1 [[FirefoxDriver: firefox on LINUX (c2633ab9-f41d-42f5-a0c8-0780bbd3b0ae)] -> name: txt_SDFNUMNAF], [1252179000]]
11:55:59.519 INFO - Executing: [find element: By.name: txt_SDFREGCC_ayuda])
11:55:59.545 INFO - Done: [find element: By.name: txt_SDFREGCC_ayuda]
11:55:59.553 INFO - Executing: [send keys: 2 [[FirefoxDriver: firefox on LINUX (c2633ab9-f41d-42f5-a0c8-0780bbd3b0ae)] -> name: txt_SDFREGCC_ayuda], [111]])
11:55:59.599 INFO - Done: [send keys: 2 [[FirefoxDriver: firefox on LINUX (c2633ab9-f41d-42f5-a0c8-0780bbd3b0ae)] -> name: txt_SDFREGCC_ayuda], [111]]
11:55:59.608 INFO - Executing: [find element: By.name: txt_SDFTESCC])
11:55:59.628 INFO - Done: [find element: By.name: txt_SDFTESCC]
11:55:59.632 INFO - Executing: [send keys: 3 [[FirefoxDriver: firefox on LINUX (c2633ab9-f41d-42f5-a0c8-0780bbd3b0ae)] -> name: txt_SDFTESCC], [28]])
11:55:59.711 INFO - Done: [send keys: 3 [[FirefoxDriver: firefox on LINUX (c2633ab9-f41d-42f5-a0c8-0780bbd3b0ae)] -> name: txt_SDFTESCC], [28]]
11:55:59.715 INFO - Executing: [find element: By.name: txt_SDFNUMCC])
11:55:59.733 INFO - Done: [find element: By.name: txt_SDFNUMCC]
11:55:59.738 INFO - Executing: [send keys: 4 [[FirefoxDriver: firefox on LINUX (c2633ab9-f41d-42f5-a0c8-0780bbd3b0ae)] -> name: txt_SDFNUMCC], [149794464]])
11:55:59.826 INFO - Done: [send keys: 4 [[FirefoxDriver: firefox on LINUX (c2633ab9-f41d-42f5-a0c8-0780bbd3b0ae)] -> name: txt_SDFNUMCC], [149794464]]
11:55:59.840 INFO - Executing: [take screenshot])
11:55:59.944 INFO - Done: [take screenshot]
11:55:59.974 INFO - Executing: [find element: By.name: btn_Sub2207501004])
11:56:00.002 INFO - Done: [find element: By.name: btn_Sub2207501004]
11:56:00.054 INFO - Executing: [click: 5 [[FirefoxDriver: firefox on LINUX (c2633ab9-f41d-42f5-a0c8-0780bbd3b0ae)] -> name: btn_Sub2207501004]])
11:56:00.771 INFO - Done: [click: 5 [[FirefoxDriver: firefox on LINUX (c2633ab9-f41d-42f5-a0c8-0780bbd3b0ae)] -> name: btn_Sub2207501004]]
11:56:00.793 INFO - Executing: [find elements: By.name: txt_SDFSITALT_ayuda])
11:56:00.837 INFO - Done: [find elements: By.name: txt_SDFSITALT_ayuda]
11:56:00.865 INFO - Executing: [find elements: By.id: DIL])
11:56:00.940 INFO - Done: [find elements: By.id: DIL]
11:56:00.950 INFO - Executing: [get text: 6 [[FirefoxDriver: firefox on LINUX (c2633ab9-f41d-42f5-a0c8-0780bbd3b0ae)] -> id: DIL]])
11:56:00.992 INFO - Done: [get text: 6 [[FirefoxDriver: firefox on LINUX (c2633ab9-f41d-42f5-a0c8-0780bbd3b0ae)] -> id: DIL]]
11:56:00.999 INFO - Executing: [is displayed: 6 [[FirefoxDriver: firefox on LINUX (c2633ab9-f41d-42f5-a0c8-0780bbd3b0ae)] -> id: DIL]])
11:56:01.047 INFO - Done: [is displayed: 6 [[FirefoxDriver: firefox on LINUX (c2633ab9-f41d-42f5-a0c8-0780bbd3b0ae)] -> id: DIL]]
11:56:01.105 INFO - Executing: [find elements: By.id: DIL])
11:56:01.139 INFO - Done: [find elements: By.id: DIL]
11:56:01.147 INFO - Executing: [get text: 6 [[FirefoxDriver: firefox on LINUX (c2633ab9-f41d-42f5-a0c8-0780bbd3b0ae)] -> id: DIL]])
11:56:01.201 INFO - Done: [get text: 6 [[FirefoxDriver: firefox on LINUX (c2633ab9-f41d-42f5-a0c8-0780bbd3b0ae)] -> id: DIL]]
11:56:01.220 INFO - Executing: [is displayed: 6 [[FirefoxDriver: firefox on LINUX (c2633ab9-f41d-42f5-a0c8-0780bbd3b0ae)] -> id: DIL]])
11:56:01.269 INFO - Done: [is displayed: 6 [[FirefoxDriver: firefox on LINUX (c2633ab9-f41d-42f5-a0c8-0780bbd3b0ae)] -> id: DIL]]
11:56:01.287 INFO - Executing: [get text: 6 [[FirefoxDriver: firefox on LINUX (c2633ab9-f41d-42f5-a0c8-0780bbd3b0ae)] -> id: DIL]])
11:56:01.313 INFO - Done: [get text: 6 [[FirefoxDriver: firefox on LINUX (c2633ab9-f41d-42f5-a0c8-0780bbd3b0ae)] -> id: DIL]]
11:56:01.330 INFO - Executing: [get text: 6 [[FirefoxDriver: firefox on LINUX (c2633ab9-f41d-42f5-a0c8-0780bbd3b0ae)] -> id: DIL]])
11:56:01.350 INFO - Done: [get text: 6 [[FirefoxDriver: firefox on LINUX (c2633ab9-f41d-42f5-a0c8-0780bbd3b0ae)] -> id: DIL]]
