12:47:16.472 INFO - Selenium build info: version: '3.8.1', revision: '6e95a6684b'
12:47:16.473 INFO - Launching a standalone Selenium Server
2018-06-12 12:47:17.158:INFO::main: Logging initialized @2084ms to org.seleniumhq.jetty9.util.log.StdErrLog
12:47:17.479 INFO - Using `new FirefoxOptions()` is preferred to `DesiredCapabilities.firefox()`
12:47:17.595 INFO - Using `new ChromeOptions()` is preferred to `DesiredCapabilities.chrome()`
12:47:17.651 INFO - Using `new EdgeOptions()` is preferred to `DesiredCapabilities.edge()`
12:47:17.652 INFO - Driver class not found: com.opera.core.systems.OperaDriver
12:47:17.652 INFO - Using `new OperaOptions()` is preferred to `DesiredCapabilities.operaBlink()`
12:47:17.654 INFO - Using `new SafariOptions()` is preferred to `DesiredCapabilities.safari()`
12:47:17.655 INFO - Driver class not found: org.openqa.selenium.phantomjs.PhantomJSDriver
12:47:17.924 INFO - Driver provider class org.openqa.selenium.ie.InternetExplorerDriver registration is skipped:
 registration capabilities Capabilities {browserName: internet explorer, ensureCleanSession: true, platform: WINDOWS, version: } does not match the current platform LINUX
12:47:17.925 INFO - Driver provider class org.openqa.selenium.edge.EdgeDriver registration is skipped:
 registration capabilities Capabilities {browserName: MicrosoftEdge, platform: WINDOWS, version: } does not match the current platform LINUX
12:47:17.925 INFO - Driver provider class org.openqa.selenium.safari.SafariDriver registration is skipped:
 registration capabilities Capabilities {browserName: safari, platform: MAC, version: } does not match the current platform LINUX
12:47:18.151 INFO - Using `new ChromeOptions()` is preferred to `DesiredCapabilities.chrome()`
12:47:18.152 INFO - Using `new EdgeOptions()` is preferred to `DesiredCapabilities.edge()`
12:47:18.152 INFO - Using `new FirefoxOptions()` is preferred to `DesiredCapabilities.firefox()`
12:47:18.152 INFO - Using `new OperaOptions()` is preferred to `DesiredCapabilities.operaBlink()`
12:47:18.153 INFO - Using `new SafariOptions()` is preferred to `DesiredCapabilities.safari()`
2018-06-12 12:47:18.394:INFO:osjs.Server:main: jetty-9.4.7.v20170914
2018-06-12 12:47:18.816:WARN:osjs.SecurityHandler:main: ServletContext@o.s.j.s.ServletContextHandler@1d371b2d{/,null,STARTING} has uncovered http methods for path: /
2018-06-12 12:47:18.886:INFO:osjsh.ContextHandler:main: Started o.s.j.s.ServletContextHandler@1d371b2d{/,null,AVAILABLE}
Usage: <main class> [options]
  Options:
    --version, -version
       Displays the version and exits.
       Default: false
    -browserTimeout
       <Integer> in seconds : number of seconds a browser session is allowed to
       hang while a WebDriver command is running (example: driver.get(url)). If the
       timeout is reached while a WebDriver command is still processing, the session
       will quit. Minimum value is 60. An unspecified, zero, or negative value means
       wait indefinitely.
       Default: 0
    -debug
      12:47:30.276 INFO - Detected dialect: OSS
12:47:30.348 INFO - Done: [new session: Capabilities {browserName: firefox, firefox_profile: UEsDBBQAAAAIABYBuEykYb5h8QE..., platform: LINUX}]
12:47:30.723 INFO - Executing: [get: https://w2.seg-social.es/Xhtml?JacadaApplicationName=SGIRED&TRANSACCION=ATR01&E=I&AP=AFIR])
12:47:31.998 INFO - Done: [get: https://w2.seg-social.es/Xhtml?JacadaApplicationName=SGIRED&TRANSACCION=ATR01&E=I&AP=AFIR]
12:47:32.063 INFO - Executing: [find element: By.name: cbo_ListaAltasBajas])
12:47:32.190 INFO - Done: [find element: By.name: cbo_ListaAltasBajas]
12:47:32.256 INFO - Executing: [tag name: 0 [[FirefoxDriver: firefox on LINUX (9bdc6d98-fd4f-49d1-8a71-908c7248fdac)] -> name: cbo_ListaAltasBajas]])
12:47:32.296 INFO - Done: [tag name: 0 [[FirefoxDriver: firefox on LINUX (9bdc6d98-fd4f-49d1-8a71-908c7248fdac)] -> name: cbo_ListaAltasBajas]]
12:47:32.301 INFO - Executing: [get element attribute: 0 [[FirefoxDriver: firefox on LINUX (9bdc6d98-fd4f-49d1-8a71-908c7248fdac)] -> name: cbo_ListaAltasBajas], multiple])
12:47:32.319 INFO - Done: [get element attribute: 0 [[FirefoxDriver: firefox on LINUX (9bdc6d98-fd4f-49d1-8a71-908c7248fdac)] -> name: cbo_ListaAltasBajas], multiple]
12:47:32.325 INFO - Executing: [find child elements: 0 [[FirefoxDriver: firefox on LINUX (9bdc6d98-fd4f-49d1-8a71-908c7248fdac)] -> name: cbo_ListaAltasBajas], By.xpath: .//option[normalize-space(.) = 'Baja']])
12:47:32.354 INFO - Done: [find child elements: 0 [[FirefoxDriver: firefox on LINUX (9bdc6d98-fd4f-49d1-8a71-908c7248fdac)] -> name: cbo_ListaAltasBajas], By.xpath: .//option[normalize-space(.) = 'Baja']]
12:47:32.359 INFO - Executing: [is selected: 1 [[[[FirefoxDriver: firefox on LINUX (9bdc6d98-fd4f-49d1-8a71-908c7248fdac)] -> name: cbo_ListaAltasBajas]] -> xpath: .//option[normalize-space(.) = 'Baja']]])
12:47:32.380 INFO - Done: [is selected: 1 [[[[FirefoxDriver: firefox on LINUX (9bdc6d98-fd4f-49d1-8a71-908c7248fdac)] -> name: cbo_ListaAltasBajas]] -> xpath: .//option[normalize-space(.) = 'Baja']]]
12:47:32.385 INFO - Executing: [click: 1 [[[[FirefoxDriver: firefox on LINUX (9bdc6d98-fd4f-49d1-8a71-908c7248fdac)] -> name: cbo_ListaAltasBajas]] -> xpath: .//option[normalize-space(.) = 'Baja']]])
12:47:32.696 INFO - Done: [click: 1 [[[[FirefoxDriver: firefox on LINUX (9bdc6d98-fd4f-49d1-8a71-908c7248fdac)] -> name: cbo_ListaAltasBajas]] -> xpath: .//option[normalize-space(.) = 'Baja']]]
12:47:32.706 INFO - Executing: [find element: By.name: txt_SDFPROAFI])
12:47:32.725 INFO - Done: [find element: By.name: txt_SDFPROAFI]
12:47:32.731 INFO - Executing: [send keys: 2 [[FirefoxDriver: firefox on LINUX (9bdc6d98-fd4f-49d1-8a71-908c7248fdac)] -> name: txt_SDFPROAFI], [08]])
12:47:32.805 INFO - Done: [send keys: 2 [[FirefoxDriver: firefox on LINUX (9bdc6d98-fd4f-49d1-8a71-908c7248fdac)] -> name: txt_SDFPROAFI], [08]]
12:47:32.816 INFO - Executing: [find element: By.name: txt_SDFCODAFI])
12:47:32.849 INFO - Done: [find element: By.name: txt_SDFCODAFI]
12:47:32.855 INFO - Executing: [send keys: 3 [[FirefoxDriver: firefox on LINUX (9bdc6d98-fd4f-49d1-8a71-908c7248fdac)] -> name: txt_SDFCODAFI], [1120603377]])
12:47:32.961 INFO - Done: [send keys: 3 [[FirefoxDriver: firefox on LINUX (9bdc6d98-fd4f-49d1-8a71-908c7248fdac)] -> name: txt_SDFCODAFI], [1120603377]]
12:47:32.966 INFO - Executing: [find element: By.name: txt_SDFTIPPFI_ayuda])
12:47:32.996 INFO - Done: [find element: By.name: txt_SDFTIPPFI_ayuda]
12:47:33.002 INFO - Executing: [send keys: 4 [[FirefoxDriver: firefox on LINUX (9bdc6d98-fd4f-49d1-8a71-908c7248fdac)] -> name: txt_SDFTIPPFI_ayuda], [1]])
12:47:33.058 INFO - Done: [send keys: 4 [[FirefoxDriver: firefox on LINUX (9bdc6d98-fd4f-49d1-8a71-908c7248fdac)] -> name: txt_SDFTIPPFI_ayuda], [1]]
12:47:33.063 INFO - Executing: [find element: By.name: txt_SDFNUMPFI])
12:47:33.102 INFO - Done: [find element: By.name: txt_SDFNUMPFI]
12:47:33.107 INFO - Executing: [send keys: 5 [[FirefoxDriver: firefox on LINUX (9bdc6d98-fd4f-49d1-8a71-908c7248fdac)] -> name: txt_SDFNUMPFI], [37389672K]])
12:47:33.180 INFO - Done: [send keys: 5 [[FirefoxDriver: firefox on LINUX (9bdc6d98-fd4f-49d1-8a71-908c7248fdac)] -> name: txt_SDFNUMPFI], [37389672K]]
12:47:33.201 INFO - Executing: [find element: By.name: txt_SDFREGAFI_ayuda])
12:47:33.286 INFO - Done: [find element: By.name: txt_SDFREGAFI_ayuda]
12:47:33.296 INFO - Executing: [send keys: 6 [[FirefoxDriver: firefox on LINUX (9bdc6d98-fd4f-49d1-8a71-908c7248fdac)] -> name: txt_SDFREGAFI_ayuda], [111]])
12:47:33.418 INFO - Done: [send keys: 6 [[FirefoxDriver: firefox on LINUX (9bdc6d98-fd4f-49d1-8a71-908c7248fdac)] -> name: txt_SDFREGAFI_ayuda], [111]]
12:47:33.421 INFO - Executing: [find element: By.name: txt_SDFTESCTACOT])
12:47:33.459 INFO - Done: [find element: By.name: txt_SDFTESCTACOT]
12:47:33.472 INFO - Executing: [send keys: 7 [[FirefoxDriver: firefox on LINUX (9bdc6d98-fd4f-49d1-8a71-908c7248fdac)] -> name: txt_SDFTESCTACOT], [28]])
12:47:33.653 INFO - Done: [send keys: 7 [[FirefoxDriver: firefox on LINUX (9bdc6d98-fd4f-49d1-8a71-908c7248fdac)] -> name: txt_SDFTESCTACOT], [28]]
12:47:33.658 INFO - Executing: [find element: By.name: txt_SDFCTACOT])
12:47:33.713 INFO - Done: [find element: By.name: txt_SDFCTACOT]
12:47:33.718 INFO - Executing: [send keys: 8 [[FirefoxDriver: firefox on LINUX (9bdc6d98-fd4f-49d1-8a71-908c7248fdac)] -> name: txt_SDFCTACOT], [149794464]])
12:47:34.010 INFO - Done: [send keys: 8 [[FirefoxDriver: firefox on LINUX (9bdc6d98-fd4f-49d1-8a71-908c7248fdac)] -> name: txt_SDFCTACOT], [149794464]]
12:47:34.014 INFO - Executing: [take screenshot])
12:47:34.175 INFO - Done: [take screenshot]
12:47:34.218 INFO - Executing: [find element: By.name: btn_Sub2207401004])
12:47:34.250 INFO - Done: [find element: By.name: btn_Sub2207401004]
12:47:34.254 INFO - Executing: [click: 9 [[FirefoxDriver: firefox on LINUX (9bdc6d98-fd4f-49d1-8a71-908c7248fdac)] -> name: btn_Sub2207401004]])
12:47:35.154 INFO - Done: [click: 9 [[FirefoxDriver: firefox on LINUX (9bdc6d98-fd4f-49d1-8a71-908c7248fdac)] -> name: btn_Sub2207401004]]
12:47:35.167 INFO - Executing: [find elements: By.id: SDFSITAFI_ayuda])
12:47:35.187 INFO - Done: [find elements: By.id: SDFSITAFI_ayuda]
12:47:35.196 INFO - Executing: [find elements: By.id: DIL])
12:47:35.218 INFO - Done: [find elements: By.id: DIL]
12:47:35.221 INFO - Executing: [get text: 10 [[FirefoxDriver: firefox on LINUX (9bdc6d98-fd4f-49d1-8a71-908c7248fdac)] -> id: DIL]])
12:47:35.248 INFO - Done: [get text: 10 [[FirefoxDriver: firefox on LINUX (9bdc6d98-fd4f-49d1-8a71-908c7248fdac)] -> id: DIL]]
12:47:35.255 INFO - Executing: [is displayed: 10 [[FirefoxDriver: firefox on LINUX (9bdc6d98-fd4f-49d1-8a71-908c7248fdac)] -> id: DIL]])
12:47:35.278 INFO - Done: [is displayed: 10 [[FirefoxDriver: firefox on LINUX (9bdc6d98-fd4f-49d1-8a71-908c7248fdac)] -> id: DIL]]
12:47:35.292 INFO - Executing: [find elements: By.id: DIL])
12:47:35.312 INFO - Done: [find elements: By.id: DIL]
12:47:35.315 INFO - Executing: [get text: 10 [[FirefoxDriver: firefox on LINUX (9bdc6d98-fd4f-49d1-8a71-908c7248fdac)] -> id: DIL]])
12:47:35.333 INFO - Done: [get text: 10 [[FirefoxDriver: firefox on LINUX (9bdc6d98-fd4f-49d1-8a71-908c7248fdac)] -> id: DIL]]
12:47:35.339 INFO - Executing: [is displayed: 10 [[FirefoxDriver: firefox on LINUX (9bdc6d98-fd4f-49d1-8a71-908c7248fdac)] -> id: DIL]])
12:47:35.361 INFO - Done: [is displayed: 10 [[FirefoxDriver: firefox on LINUX (9bdc6d98-fd4f-49d1-8a71-908c7248fdac)] -> id: DIL]]
12:47:35.378 INFO - Executing: [get text: 10 [[FirefoxDriver: firefox on LINUX (9bdc6d98-fd4f-49d1-8a71-908c7248fdac)] -> id: DIL]])
12:47:35.432 INFO - Done: [get text: 10 [[FirefoxDriver: firefox on LINUX (9bdc6d98-fd4f-49d1-8a71-908c7248fdac)] -> id: DIL]]
12:47:35.548 INFO - Executing: [get text: 10 [[FirefoxDriver: firefox on LINUX (9bdc6d98-fd4f-49d1-8a71-908c7248fdac)] -> id: DIL]])
12:47:35.586 INFO - Done: [get text: 10 [[FirefoxDriver: firefox on LINUX (9bdc6d98-fd4f-49d1-8a71-908c7248fdac)] -> id: DIL]]
12:47:35.749 INFO - Executing: [get: https://w2.seg-social.es/Xhtml?JacadaApplicationName=SGIRED&TRANSACCION=ATR01&E=I&AP=AFIR])
12:47:36.739 INFO - Done: [get: https://w2.seg-social.es/Xhtml?JacadaApplicationName=SGIRED&TRANSACCION=ATR01&E=I&AP=AFIR]
12:47:36.798 INFO - Executing: [find element: By.name: cbo_ListaAltasBajas])
12:47:36.817 INFO - Done: [find element: By.name: cbo_ListaAltasBajas]
12:47:36.830 INFO - Executing: [tag name: 11 [[FirefoxDriver: firefox on LINUX (9bdc6d98-fd4f-49d1-8a71-908c7248fdac)] -> name: cbo_ListaAltasBajas]])
12:47:36.859 INFO - Done: [tag name: 11 [[FirefoxDriver: firefox on LINUX (9bdc6d98-fd4f-49d1-8a71-908c7248fdac)] -> name: cbo_ListaAltasBajas]]
12:47:36.873 INFO - Executing: [get element attribute: 11 [[FirefoxDriver: firefox on LINUX (9bdc6d98-fd4f-49d1-8a71-908c7248fdac)] -> name: cbo_ListaAltasBajas], multiple])
12:47:36.931 INFO - Done: [get element attribute: 11 [[FirefoxDriver: firefox on LINUX (9bdc6d98-fd4f-49d1-8a71-908c7248fdac)] -> name: cbo_ListaAltasBajas], multiple]
12:47:36.935 INFO - Executing: [find child elements: 11 [[FirefoxDriver: firefox on LINUX (9bdc6d98-fd4f-49d1-8a71-908c7248fdac)] -> name: cbo_ListaAltasBajas], By.xpath: .//option[normalize-space(.) = 'Baja']])
12:47:36.966 INFO - Done: [find child elements: 11 [[FirefoxDriver: firefox on LINUX (9bdc6d98-fd4f-49d1-8a71-908c7248fdac)] -> name: cbo_ListaAltasBajas], By.xpath: .//option[normalize-space(.) = 'Baja']]
12:47:36.970 INFO - Executing: [is selected: 12 [[[[FirefoxDriver: firefox on LINUX (9bdc6d98-fd4f-49d1-8a71-908c7248fdac)] -> name: cbo_ListaAltasBajas]] -> xpath: .//option[normalize-space(.) = 'Baja']]])
12:47:36.982 INFO - Done: [is selected: 12 [[[[FirefoxDriver: firefox on LINUX (9bdc6d98-fd4f-49d1-8a71-908c7248fdac)] -> name: cbo_ListaAltasBajas]] -> xpath: .//option[normalize-space(.) = 'Baja']]]
12:47:36.991 INFO - Executing: [click: 12 [[[[FirefoxDriver: firefox on LINUX (9bdc6d98-fd4f-49d1-8a71-908c7248fdac)] -> name: cbo_ListaAltasBajas]] -> xpath: .//option[normalize-space(.) = 'Baja']]])
12:47:37.131 INFO - Done: [click: 12 [[[[FirefoxDriver: firefox on LINUX (9bdc6d98-fd4f-49d1-8a71-908c7248fdac)] -> name: cbo_ListaAltasBajas]] -> xpath: .//option[normalize-space(.) = 'Baja']]]
12:47:37.134 INFO - Executing: [find element: By.name: txt_SDFPROAFI])
12:47:37.149 INFO - Done: [find element: By.name: txt_SDFPROAFI]
12:47:37.153 INFO - Executing: [send keys: 13 [[FirefoxDriver: firefox on LINUX (9bdc6d98-fd4f-49d1-8a71-908c7248fdac)] -> name: txt_SDFPROAFI], [08]])
12:47:37.203 INFO - Done: [send keys: 13 [[FirefoxDriver: firefox on LINUX (9bdc6d98-fd4f-49d1-8a71-908c7248fdac)] -> name: txt_SDFPROAFI], [08]]
12:47:37.211 INFO - Executing: [find element: By.name: txt_SDFCODAFI])
12:47:37.225 INFO - Done: [find element: By.name: txt_SDFCODAFI]
12:47:37.231 INFO - Executing: [send keys: 14 [[FirefoxDriver: firefox on LINUX (9bdc6d98-fd4f-49d1-8a71-908c7248fdac)] -> name: txt_SDFCODAFI], [1120603377]])
12:47:37.296 INFO - Done: [send keys: 14 [[FirefoxDriver: firefox on LINUX (9bdc6d98-fd4f-49d1-8a71-908c7248fdac)] -> name: txt_SDFCODAFI], [1120603377]]
12:47:37.306 INFO - Executing: [find element: By.name: txt_SDFTIPPFI_ayuda])
12:47:37.323 INFO - Done: [find element: By.name: txt_SDFTIPPFI_ayuda]
12:47:37.326 INFO - Executing: [send keys: 15 [[FirefoxDriver: firefox on LINUX (9bdc6d98-fd4f-49d1-8a71-908c7248fdac)] -> name: txt_SDFTIPPFI_ayuda], [1]])
12:47:37.362 INFO - Done: [send keys: 15 [[FirefoxDriver: firefox on LINUX (9bdc6d98-fd4f-49d1-8a71-908c7248fdac)] -> name: txt_SDFTIPPFI_ayuda], [1]]
12:47:37.365 INFO - Executing: [find element: By.name: txt_SDFNUMPFI])
12:47:37.390 INFO - Done: [find element: By.name: txt_SDFNUMPFI]
12:47:37.407 INFO - Executing: [send keys: 16 [[FirefoxDriver: firefox on LINUX (9bdc6d98-fd4f-49d1-8a71-908c7248fdac)] -> name: txt_SDFNUMPFI], [37389672K]])
12:47:37.500 INFO - Done: [send keys: 16 [[FirefoxDriver: firefox on LINUX (9bdc6d98-fd4f-49d1-8a71-908c7248fdac)] -> name: txt_SDFNUMPFI], [37389672K]]
12:47:37.505 INFO - Executing: [find element: By.name: txt_SDFREGAFI_ayuda])
12:47:37.529 INFO - Done: [find element: By.name: txt_SDFREGAFI_ayuda]
12:47:37.536 INFO - Executing: [send keys: 17 [[FirefoxDriver: firefox on LINUX (9bdc6d98-fd4f-49d1-8a71-908c7248fdac)] -> name: txt_SDFREGAFI_ayuda], [111]])
12:47:37.692 INFO - Done: [send keys: 17 [[FirefoxDriver: firefox on LINUX (9bdc6d98-fd4f-49d1-8a71-908c7248fdac)] -> name: txt_SDFREGAFI_ayuda], [111]]
12:47:37.696 INFO - Executing: [find element: By.name: txt_SDFTESCTACOT])
12:47:37.715 INFO - Done: [find element: By.name: txt_SDFTESCTACOT]
12:47:37.724 INFO - Executing: [send keys: 18 [[FirefoxDriver: firefox on LINUX (9bdc6d98-fd4f-49d1-8a71-908c7248fdac)] -> name: txt_SDFTESCTACOT], [28]])
12:47:37.765 INFO - Done: [send keys: 18 [[FirefoxDriver: firefox on LINUX (9bdc6d98-fd4f-49d1-8a71-908c7248fdac)] -> name: txt_SDFTESCTACOT], [28]]
12:47:37.768 INFO - Executing: [find element: By.name: txt_SDFCTACOT])
12:47:37.789 INFO - Done: [find element: By.name: txt_SDFCTACOT]
12:47:37.795 INFO - Executing: [send keys: 19 [[FirefoxDriver: firefox on LINUX (9bdc6d98-fd4f-49d1-8a71-908c7248fdac)] -> name: txt_SDFCTACOT], [149794464]])
12:47:37.858 INFO - Done: [send keys: 19 [[FirefoxDriver: firefox on LINUX (9bdc6d98-fd4f-49d1-8a71-908c7248fdac)] -> name: txt_SDFCTACOT], [149794464]]
12:47:37.861 INFO - Executing: [take screenshot])
12:47:37.921 INFO - Done: [take screenshot]
12:47:37.970 INFO - Executing: [find element: By.name: btn_Sub2207401004])
12:47:37.984 INFO - Done: [find element: By.name: btn_Sub2207401004]
12:47:37.985 INFO - Executing: [click: 20 [[FirefoxDriver: firefox on LINUX (9bdc6d98-fd4f-49d1-8a71-908c7248fdac)] -> name: btn_Sub2207401004]])
12:47:38.577 INFO - Done: [click: 20 [[FirefoxDriver: firefox on LINUX (9bdc6d98-fd4f-49d1-8a71-908c7248fdac)] -> name: btn_Sub2207401004]]
12:47:38.611 INFO - Executing: [find elements: By.id: SDFSITAFI_ayuda])
12:47:38.665 INFO - Done: [find elements: By.id: SDFSITAFI_ayuda]
12:47:38.684 INFO - Executing: [find elements: By.id: DIL])
12:47:38.705 INFO - Done: [find elements: By.id: DIL]
12:47:38.715 INFO - Executing: [get text: 21 [[FirefoxDriver: firefox on LINUX (9bdc6d98-fd4f-49d1-8a71-908c7248fdac)] -> id: DIL]])
12:47:38.739 INFO - Done: [get text: 21 [[FirefoxDriver: firefox on LINUX (9bdc6d98-fd4f-49d1-8a71-908c7248fdac)] -> id: DIL]]
12:47:38.743 INFO - Executing: [is displayed: 21 [[FirefoxDriver: firefox on LINUX (9bdc6d98-fd4f-49d1-8a71-908c7248fdac)] -> id: DIL]])
12:47:38.771 INFO - Done: [is displayed: 21 [[FirefoxDriver: firefox on LINUX (9bdc6d98-fd4f-49d1-8a71-908c7248fdac)] -> id: DIL]]
12:47:38.800 INFO - Executing: [find elements: By.id: DIL])
12:47:38.819 INFO - Done: [find elements: By.id: DIL]
12:47:38.828 INFO - Executing: [get text: 21 [[FirefoxDriver: firefox on LINUX (9bdc6d98-fd4f-49d1-8a71-908c7248fdac)] -> id: DIL]])
12:47:38.857 INFO - Done: [get text: 21 [[FirefoxDriver: firefox on LINUX (9bdc6d98-fd4f-49d1-8a71-908c7248fdac)] -> id: DIL]]
12:47:38.865 INFO - Executing: [is displayed: 21 [[FirefoxDriver: firefox on LINUX (9bdc6d98-fd4f-49d1-8a71-908c7248fdac)] -> id: DIL]])
12:47:38.897 INFO - Done: [is displayed: 21 [[FirefoxDriver: firefox on LINUX (9bdc6d98-fd4f-49d1-8a71-908c7248fdac)] -> id: DIL]]
12:47:38.908 INFO - Executing: [get text: 21 [[FirefoxDriver: firefox on LINUX (9bdc6d98-fd4f-49d1-8a71-908c7248fdac)] -> id: DIL]])
12:47:38.942 INFO - Done: [get text: 21 [[FirefoxDriver: firefox on LINUX (9bdc6d98-fd4f-49d1-8a71-908c7248fdac)] -> id: DIL]]
12:47:38.954 INFO - Executing: [get text: 21 [[FirefoxDriver: firefox on LINUX (9bdc6d98-fd4f-49d1-8a71-908c7248fdac)] -> id: DIL]])
12:47:38.983 INFO - Done: [get text: 21 [[FirefoxDriver: firefox on LINUX (9bdc6d98-fd4f-49d1-8a71-908c7248fdac)] -> id: DIL]]
12:47:46.002 INFO - Executing: [get: https://w2.seg-social.es/Xhtml?JacadaApplicationName=SGIRED&TRANSACCION=ATR42&E=I&AP=AFIR])
12:47:46.746 INFO - Done: [get: https://w2.seg-social.es/Xhtml?JacadaApplicationName=SGIRED&TRANSACCION=ATR42&E=I&AP=AFIR]
12:47:49.165 INFO - Executing: [get: https://w2.seg-social.es/Xhtml?JacadaApplicationName=SGIRED&TRANSACCION=ATR42&E=I&AP=AFIR])
12:47:49.797 INFO - Done: [get: https://w2.seg-social.es/Xhtml?JacadaApplicationName=SGIRED&TRANSACCION=ATR42&E=I&AP=AFIR]
12:47:49.954 INFO - Executing: [get: https://w2.seg-social.es/Xhtml?JacadaApplicationName=SGIRED&TRANSACCION=ATR42&E=I&AP=AFIR])
12:47:50.553 INFO - Done: [get: https://w2.seg-social.es/Xhtml?JacadaApplicationName=SGIRED&TRANSACCION=ATR42&E=I&AP=AFIR]
12:47:50.753 INFO - Executing: [get: https://w2.seg-social.es/Xhtml?JacadaApplicationName=SGIRED&TRANSACCION=ATR42&E=I&AP=AFIR])
12:47:51.220 INFO - Done: [get: https://w2.seg-social.es/Xhtml?JacadaApplicationName=SGIRED&TRANSACCION=ATR42&E=I&AP=AFIR]
