11:54:49.089 INFO - Selenium build info: version: '3.8.1', revision: '6e95a6684b'
11:54:49.090 INFO - Launching a standalone Selenium Server
2018-06-15 11:54:49.499:INFO::main: Logging initialized @1718ms to org.seleniumhq.jetty9.util.log.StdErrLog
11:54:49.699 INFO - Using `new FirefoxOptions()` is preferred to `DesiredCapabilities.firefox()`
11:54:49.789 INFO - Using `new ChromeOptions()` is preferred to `DesiredCapabilities.chrome()`
11:54:49.792 INFO - Using `new EdgeOptions()` is preferred to `DesiredCapabilities.edge()`
11:54:49.793 INFO - Driver class not found: com.opera.core.systems.OperaDriver
11:54:49.793 INFO - Using `new OperaOptions()` is preferred to `DesiredCapabilities.operaBlink()`
11:54:49.794 INFO - Using `new SafariOptions()` is preferred to `DesiredCapabilities.safari()`
11:54:49.819 INFO - Driver class not found: org.openqa.selenium.phantomjs.PhantomJSDriver
11:54:50.041 INFO - Driver provider class org.openqa.selenium.ie.InternetExplorerDriver registration is skipped:
 registration capabilities Capabilities {browserName: internet explorer, ensureCleanSession: true, platform: WINDOWS, version: } does not match the current platform LINUX
11:54:50.041 INFO - Driver provider class org.openqa.selenium.edge.EdgeDriver registration is skipped:
 registration capabilities Capabilities {browserName: MicrosoftEdge, platform: WINDOWS, version: } does not match the current platform LINUX
11:54:50.042 INFO - Driver provider class org.openqa.selenium.safari.SafariDriver registration is skipped:
 registration capabilities Capabilities {browserName: safari, platform: MAC, version: } does not match the current platform LINUX
11:54:50.314 INFO - Using `new ChromeOptions()` is preferred to `DesiredCapabilities.chrome()`
11:54:50.315 INFO - Using `new EdgeOptions()` is preferred to `DesiredCapabilities.edge()`
11:54:50.316 INFO - Using `new FirefoxOptions()` is preferred to `DesiredCapabilities.firefox()`
11:54:50.316 INFO - Using `new OperaOptions()` is preferred to `DesiredCapabilities.operaBlink()`
11:54:50.316 INFO - Using `new SafariOptions()` is preferred to `DesiredCapabilities.safari()`
2018-06-15 11:54:50.491:INFO:osjs.Server:main: jetty-9.4.7.v20170914
2018-06-15 11:54:50.878:WARN:osjs.SecurityHandler:main: ServletContext@o.s.j.s.ServletContextHandler@1d371b2d{/,null,STARTING} has uncovered http methods for path: /
2018-06-15 11:54:50.884:INFO:osjsh.ContextHandler:main: Started o.s.j.s.ServletContextHandler@1d371b2d{/,null,AVAILABLE}
Usage: <main class> [options]
  Options:
    --version, -version
       Displays the version and exits.
       Default: false
    -browserTimeout
       <Integer> in seconds : number of seconds a browser session is allowed to
       hang while a WebDriver command is running (example: driver.get(url)). If the
       timeout is reached while a WebDriver command is still processing, the session
       will quit. Minimum value is 60. An unspecified, zero, or negative value means
       wait indefinitely.
       Default: 0
    -debug
      11:54:59.905 INFO - Detected dialect: OSS
11:54:59.932 INFO - Done: [new session: Capabilities {browserName: firefox, firefox_profile: UEsDBBQAAAAIABYBuEykYb5h8QE..., platform: LINUX}]
11:55:00.351 INFO - Executing: [get: https://w2.seg-social.es/Xhtml?JacadaApplicationName=SGIRED&TRANSACCION=ATR41&E=I&AP=AFIR])
11:55:01.679 INFO - Done: [get: https://w2.seg-social.es/Xhtml?JacadaApplicationName=SGIRED&TRANSACCION=ATR41&E=I&AP=AFIR]
11:55:01.705 INFO - Executing: [find element: By.name: txt_SDFTESORNAF])
11:55:01.838 INFO - Done: [find element: By.name: txt_SDFTESORNAF]
11:55:01.847 INFO - Executing: [send keys: 0 [[FirefoxDriver: firefox on LINUX (6f012aa8-4ab7-4825-a2fb-7335e7daf4cb)] -> name: txt_SDFTESORNAF], [28]])
11:55:01.938 INFO - Done: [send keys: 0 [[FirefoxDriver: firefox on LINUX (6f012aa8-4ab7-4825-a2fb-7335e7daf4cb)] -> name: txt_SDFTESORNAF], [28]]
11:55:01.942 INFO - Executing: [find element: By.name: txt_SDFNUMNAF])
11:55:01.964 INFO - Done: [find element: By.name: txt_SDFNUMNAF]
11:55:01.972 INFO - Executing: [send keys: 1 [[FirefoxDriver: firefox on LINUX (6f012aa8-4ab7-4825-a2fb-7335e7daf4cb)] -> name: txt_SDFNUMNAF], [1252179000]])
11:55:02.146 INFO - Done: [send keys: 1 [[FirefoxDriver: firefox on LINUX (6f012aa8-4ab7-4825-a2fb-7335e7daf4cb)] -> name: txt_SDFNUMNAF], [1252179000]]
11:55:02.151 INFO - Executing: [find element: By.name: txt_SDFREGCC_ayuda])
11:55:02.205 INFO - Done: [find element: By.name: txt_SDFREGCC_ayuda]
11:55:02.213 INFO - Executing: [send keys: 2 [[FirefoxDriver: firefox on LINUX (6f012aa8-4ab7-4825-a2fb-7335e7daf4cb)] -> name: txt_SDFREGCC_ayuda], [111]])
11:55:02.300 INFO - Done: [send keys: 2 [[FirefoxDriver: firefox on LINUX (6f012aa8-4ab7-4825-a2fb-7335e7daf4cb)] -> name: txt_SDFREGCC_ayuda], [111]]
11:55:02.314 INFO - Executing: [find element: By.name: txt_SDFTESCC])
11:55:02.349 INFO - Done: [find element: By.name: txt_SDFTESCC]
11:55:02.354 INFO - Executing: [send keys: 3 [[FirefoxDriver: firefox on LINUX (6f012aa8-4ab7-4825-a2fb-7335e7daf4cb)] -> name: txt_SDFTESCC], [28]])
11:55:02.423 INFO - Done: [send keys: 3 [[FirefoxDriver: firefox on LINUX (6f012aa8-4ab7-4825-a2fb-7335e7daf4cb)] -> name: txt_SDFTESCC], [28]]
11:55:02.430 INFO - Executing: [find element: By.name: txt_SDFNUMCC])
11:55:02.483 INFO - Done: [find element: By.name: txt_SDFNUMCC]
11:55:02.497 INFO - Executing: [send keys: 4 [[FirefoxDriver: firefox on LINUX (6f012aa8-4ab7-4825-a2fb-7335e7daf4cb)] -> name: txt_SDFNUMCC], [149794464]])
11:55:02.648 INFO - Done: [send keys: 4 [[FirefoxDriver: firefox on LINUX (6f012aa8-4ab7-4825-a2fb-7335e7daf4cb)] -> name: txt_SDFNUMCC], [149794464]]
11:55:02.652 INFO - Executing: [take screenshot])
11:55:02.794 INFO - Done: [take screenshot]
11:55:02.832 INFO - Executing: [find element: By.name: btn_Sub2207501004])
11:55:02.852 INFO - Done: [find element: By.name: btn_Sub2207501004]
11:55:02.860 INFO - Executing: [click: 5 [[FirefoxDriver: firefox on LINUX (6f012aa8-4ab7-4825-a2fb-7335e7daf4cb)] -> name: btn_Sub2207501004]])
11:55:04.004 INFO - Done: [click: 5 [[FirefoxDriver: firefox on LINUX (6f012aa8-4ab7-4825-a2fb-7335e7daf4cb)] -> name: btn_Sub2207501004]]
11:55:04.027 INFO - Executing: [find elements: By.name: txt_SDFSITALT_ayuda])
11:55:04.089 INFO - Done: [find elements: By.name: txt_SDFSITALT_ayuda]
11:55:04.118 INFO - Executing: [find elements: By.id: DIL])
11:55:04.142 INFO - Done: [find elements: By.id: DIL]
11:55:04.149 INFO - Executing: [get text: 6 [[FirefoxDriver: firefox on LINUX (6f012aa8-4ab7-4825-a2fb-7335e7daf4cb)] -> id: DIL]])
11:55:04.204 INFO - Done: [get text: 6 [[FirefoxDriver: firefox on LINUX (6f012aa8-4ab7-4825-a2fb-7335e7daf4cb)] -> id: DIL]]
11:55:04.215 INFO - Executing: [is displayed: 6 [[FirefoxDriver: firefox on LINUX (6f012aa8-4ab7-4825-a2fb-7335e7daf4cb)] -> id: DIL]])
11:55:04.277 INFO - Done: [is displayed: 6 [[FirefoxDriver: firefox on LINUX (6f012aa8-4ab7-4825-a2fb-7335e7daf4cb)] -> id: DIL]]
11:55:04.307 INFO - Executing: [find elements: By.id: DIL])
11:55:04.334 INFO - Done: [find elements: By.id: DIL]
11:55:04.340 INFO - Executing: [get text: 6 [[FirefoxDriver: firefox on LINUX (6f012aa8-4ab7-4825-a2fb-7335e7daf4cb)] -> id: DIL]])
11:55:04.390 INFO - Done: [get text: 6 [[FirefoxDriver: firefox on LINUX (6f012aa8-4ab7-4825-a2fb-7335e7daf4cb)] -> id: DIL]]
11:55:04.397 INFO - Executing: [is displayed: 6 [[FirefoxDriver: firefox on LINUX (6f012aa8-4ab7-4825-a2fb-7335e7daf4cb)] -> id: DIL]])
11:55:04.433 INFO - Done: [is displayed: 6 [[FirefoxDriver: firefox on LINUX (6f012aa8-4ab7-4825-a2fb-7335e7daf4cb)] -> id: DIL]]
11:55:04.443 INFO - Executing: [get text: 6 [[FirefoxDriver: firefox on LINUX (6f012aa8-4ab7-4825-a2fb-7335e7daf4cb)] -> id: DIL]])
11:55:04.479 INFO - Done: [get text: 6 [[FirefoxDriver: firefox on LINUX (6f012aa8-4ab7-4825-a2fb-7335e7daf4cb)] -> id: DIL]]
11:55:04.493 INFO - Executing: [get text: 6 [[FirefoxDriver: firefox on LINUX (6f012aa8-4ab7-4825-a2fb-7335e7daf4cb)] -> id: DIL]])
11:55:04.539 INFO - Done: [get text: 6 [[FirefoxDriver: firefox on LINUX (6f012aa8-4ab7-4825-a2fb-7335e7daf4cb)] -> id: DIL]]
11:55:08.384 INFO - Executing: [get: https://w2.seg-social.es/Xhtml?JacadaApplicationName=SGIRED&TRANSACCION=ATR41&E=I&AP=AFIR])
11:55:09.016 INFO - Done: [get: https://w2.seg-social.es/Xhtml?JacadaApplicationName=SGIRED&TRANSACCION=ATR41&E=I&AP=AFIR]
11:55:09.057 INFO - Executing: [find element: By.name: txt_SDFTESORNAF])
11:55:09.119 INFO - Done: [find element: By.name: txt_SDFTESORNAF]
11:55:09.124 INFO - Executing: [send keys: 7 [[FirefoxDriver: firefox on LINUX (6f012aa8-4ab7-4825-a2fb-7335e7daf4cb)] -> name: txt_SDFTESORNAF], [28]])
11:55:09.241 INFO - Done: [send keys: 7 [[FirefoxDriver: firefox on LINUX (6f012aa8-4ab7-4825-a2fb-7335e7daf4cb)] -> name: txt_SDFTESORNAF], [28]]
11:55:09.249 INFO - Executing: [find element: By.name: txt_SDFNUMNAF])
11:55:09.286 INFO - Done: [find element: By.name: txt_SDFNUMNAF]
11:55:09.293 INFO - Executing: [send keys: 8 [[FirefoxDriver: firefox on LINUX (6f012aa8-4ab7-4825-a2fb-7335e7daf4cb)] -> name: txt_SDFNUMNAF], [1252179000]])
11:55:09.397 INFO - Done: [send keys: 8 [[FirefoxDriver: firefox on LINUX (6f012aa8-4ab7-4825-a2fb-7335e7daf4cb)] -> name: txt_SDFNUMNAF], [1252179000]]
11:55:09.402 INFO - Executing: [find element: By.name: txt_SDFREGCC_ayuda])
11:55:09.474 INFO - Done: [find element: By.name: txt_SDFREGCC_ayuda]
11:55:09.479 INFO - Executing: [send keys: 9 [[FirefoxDriver: firefox on LINUX (6f012aa8-4ab7-4825-a2fb-7335e7daf4cb)] -> name: txt_SDFREGCC_ayuda], [111]])
11:55:09.586 INFO - Done: [send keys: 9 [[FirefoxDriver: firefox on LINUX (6f012aa8-4ab7-4825-a2fb-7335e7daf4cb)] -> name: txt_SDFREGCC_ayuda], [111]]
11:55:09.590 INFO - Executing: [find element: By.name: txt_SDFTESCC])
11:55:09.615 INFO - Done: [find element: By.name: txt_SDFTESCC]
11:55:09.631 INFO - Executing: [send keys: 10 [[FirefoxDriver: firefox on LINUX (6f012aa8-4ab7-4825-a2fb-7335e7daf4cb)] -> name: txt_SDFTESCC], [28]])
11:55:09.777 INFO - Done: [send keys: 10 [[FirefoxDriver: firefox on LINUX (6f012aa8-4ab7-4825-a2fb-7335e7daf4cb)] -> name: txt_SDFTESCC], [28]]
11:55:09.794 INFO - Executing: [find element: By.name: txt_SDFNUMCC])
11:55:09.862 INFO - Done: [find element: By.name: txt_SDFNUMCC]
11:55:09.869 INFO - Executing: [send keys: 11 [[FirefoxDriver: firefox on LINUX (6f012aa8-4ab7-4825-a2fb-7335e7daf4cb)] -> name: txt_SDFNUMCC], [149794464]])
11:55:10.071 INFO - Done: [send keys: 11 [[FirefoxDriver: firefox on LINUX (6f012aa8-4ab7-4825-a2fb-7335e7daf4cb)] -> name: txt_SDFNUMCC], [149794464]]
11:55:10.094 INFO - Executing: [take screenshot])
11:55:10.239 INFO - Done: [take screenshot]
11:55:10.288 INFO - Executing: [find element: By.name: btn_Sub2207501004])
11:55:10.395 INFO - Done: [find element: By.name: btn_Sub2207501004]
11:55:10.404 INFO - Executing: [click: 12 [[FirefoxDriver: firefox on LINUX (6f012aa8-4ab7-4825-a2fb-7335e7daf4cb)] -> name: btn_Sub2207501004]])
11:55:12.087 INFO - Done: [click: 12 [[FirefoxDriver: firefox on LINUX (6f012aa8-4ab7-4825-a2fb-7335e7daf4cb)] -> name: btn_Sub2207501004]]
11:55:12.114 INFO - Executing: [find elements: By.name: txt_SDFSITALT_ayuda])
11:55:12.200 INFO - Done: [find elements: By.name: txt_SDFSITALT_ayuda]
11:55:12.218 INFO - Executing: [find elements: By.id: DIL])
11:55:12.254 INFO - Done: [find elements: By.id: DIL]
11:55:12.259 INFO - Executing: [get text: 13 [[FirefoxDriver: firefox on LINUX (6f012aa8-4ab7-4825-a2fb-7335e7daf4cb)] -> id: DIL]])
11:55:12.328 INFO - Done: [get text: 13 [[FirefoxDriver: firefox on LINUX (6f012aa8-4ab7-4825-a2fb-7335e7daf4cb)] -> id: DIL]]
11:55:12.335 INFO - Executing: [is displayed: 13 [[FirefoxDriver: firefox on LINUX (6f012aa8-4ab7-4825-a2fb-7335e7daf4cb)] -> id: DIL]])
11:55:12.370 INFO - Done: [is displayed: 13 [[FirefoxDriver: firefox on LINUX (6f012aa8-4ab7-4825-a2fb-7335e7daf4cb)] -> id: DIL]]
11:55:12.389 INFO - Executing: [find elements: By.id: DIL])
11:55:12.422 INFO - Done: [find elements: By.id: DIL]
11:55:12.433 INFO - Executing: [get text: 13 [[FirefoxDriver: firefox on LINUX (6f012aa8-4ab7-4825-a2fb-7335e7daf4cb)] -> id: DIL]])
11:55:12.492 INFO - Done: [get text: 13 [[FirefoxDriver: firefox on LINUX (6f012aa8-4ab7-4825-a2fb-7335e7daf4cb)] -> id: DIL]]
11:55:12.499 INFO - Executing: [is displayed: 13 [[FirefoxDriver: firefox on LINUX (6f012aa8-4ab7-4825-a2fb-7335e7daf4cb)] -> id: DIL]])
11:55:12.535 INFO - Done: [is displayed: 13 [[FirefoxDriver: firefox on LINUX (6f012aa8-4ab7-4825-a2fb-7335e7daf4cb)] -> id: DIL]]
11:55:12.552 INFO - Executing: [get text: 13 [[FirefoxDriver: firefox on LINUX (6f012aa8-4ab7-4825-a2fb-7335e7daf4cb)] -> id: DIL]])
11:55:12.586 INFO - Done: [get text: 13 [[FirefoxDriver: firefox on LINUX (6f012aa8-4ab7-4825-a2fb-7335e7daf4cb)] -> id: DIL]]
11:55:12.601 INFO - Executing: [get text: 13 [[FirefoxDriver: firefox on LINUX (6f012aa8-4ab7-4825-a2fb-7335e7daf4cb)] -> id: DIL]])
11:55:12.642 INFO - Done: [get text: 13 [[FirefoxDriver: firefox on LINUX (6f012aa8-4ab7-4825-a2fb-7335e7daf4cb)] -> id: DIL]]
