11:46:40.235 INFO - Selenium build info: version: '3.8.1', revision: '6e95a6684b'
11:46:40.236 INFO - Launching a standalone Selenium Server
2018-06-15 11:46:40.433:INFO::main: Logging initialized @1035ms to org.seleniumhq.jetty9.util.log.StdErrLog
11:46:40.531 INFO - Using `new FirefoxOptions()` is preferred to `DesiredCapabilities.firefox()`
11:46:40.569 INFO - Using `new ChromeOptions()` is preferred to `DesiredCapabilities.chrome()`
11:46:40.573 INFO - Using `new EdgeOptions()` is preferred to `DesiredCapabilities.edge()`
11:46:40.593 INFO - Driver class not found: com.opera.core.systems.OperaDriver
11:46:40.593 INFO - Using `new OperaOptions()` is preferred to `DesiredCapabilities.operaBlink()`
11:46:40.594 INFO - Using `new SafariOptions()` is preferred to `DesiredCapabilities.safari()`
11:46:40.595 INFO - Driver class not found: org.openqa.selenium.phantomjs.PhantomJSDriver
11:46:40.728 INFO - Driver provider class org.openqa.selenium.ie.InternetExplorerDriver registration is skipped:
 registration capabilities Capabilities {browserName: internet explorer, ensureCleanSession: true, platform: WINDOWS, version: } does not match the current platform LINUX
11:46:40.729 INFO - Driver provider class org.openqa.selenium.edge.EdgeDriver registration is skipped:
 registration capabilities Capabilities {browserName: MicrosoftEdge, platform: WINDOWS, version: } does not match the current platform LINUX
11:46:40.730 INFO - Driver provider class org.openqa.selenium.safari.SafariDriver registration is skipped:
 registration capabilities Capabilities {browserName: safari, platform: MAC, version: } does not match the current platform LINUX
11:46:40.857 INFO - Using `new ChromeOptions()` is preferred to `DesiredCapabilities.chrome()`
11:46:40.858 INFO - Using `new EdgeOptions()` is preferred to `DesiredCapabilities.edge()`
11:46:40.858 INFO - Using `new FirefoxOptions()` is preferred to `DesiredCapabilities.firefox()`
11:46:40.859 INFO - Using `new OperaOptions()` is preferred to `DesiredCapabilities.operaBlink()`
11:46:40.859 INFO - Using `new SafariOptions()` is preferred to `DesiredCapabilities.safari()`
2018-06-15 11:46:40.950:INFO:osjs.Server:main: jetty-9.4.7.v20170914
2018-06-15 11:46:41.218:WARN:osjs.SecurityHandler:main: ServletContext@o.s.j.s.ServletContextHandler@1d371b2d{/,null,STARTING} has uncovered http methods for path: /
2018-06-15 11:46:41.224:INFO:osjsh.ContextHandler:main: Started o.s.j.s.ServletContextHandler@1d371b2d{/,null,AVAILABLE}
Usage: <main class> [options]
  Options:
    --version, -version
       Displays the version and exits.
       Default: false
    -browserTimeout
       <Integer> in seconds : number of seconds a browser session is allowed to
       hang while11:46:42.055 INFO - Executing: [new session: Capabilities {browserName: firefox, firefox_profile: UEsDBBQAAAAIABYBuEykYb5h8QE..., platform: LINUX}])
11:46:42.122 INFO - Creating a new session for Capabilities {browserName: firefox, firefox_profile: UEsDBBQAAAAIABYBuEykYb5h8QE..., platform: LINUX}
11:46:52.795 INFO - Detected dialect: OSS
11:46:52.830 INFO - Done: [new session: Capabilities {browserName: firefox, firefox_profile: UEsDBBQAAAAIABYBuEykYb5h8QE..., platform: LINUX}]
11:46:53.096 INFO - Executing: [get: https://w2.seg-social.es/Xhtml?JacadaApplicationName=SGIRED&TRANSACCION=ATR41&E=I&AP=AFIR])
11:46:54.576 INFO - Done: [get: https://w2.seg-social.es/Xhtml?JacadaApplicationName=SGIRED&TRANSACCION=ATR41&E=I&AP=AFIR]
11:46:54.601 INFO - Executing: [find element: By.name: txt_SDFTESORNAF])
11:46:54.757 INFO - Done: [find element: By.name: txt_SDFTESORNAF]
11:46:54.765 INFO - Executing: [send keys: 0 [[FirefoxDriver: firefox on LINUX (9ea3c3fe-f638-4f82-a3b6-e4c9c6fff5ec)] -> name: txt_SDFTESORNAF], [28]])
11:46:54.892 INFO - Done: [send keys: 0 [[FirefoxDriver: firefox on LINUX (9ea3c3fe-f638-4f82-a3b6-e4c9c6fff5ec)] -> name: txt_SDFTESORNAF], [28]]
11:46:54.897 INFO - Executing: [find element: By.name: txt_SDFNUMNAF])
11:46:54.929 INFO - Done: [find element: By.name: txt_SDFNUMNAF]
11:46:54.935 INFO - Executing: [send keys: 1 [[FirefoxDriver: firefox on LINUX (9ea3c3fe-f638-4f82-a3b6-e4c9c6fff5ec)] -> name: txt_SDFNUMNAF], [1252179000]])
11:46:55.029 INFO - Done: [send keys: 1 [[FirefoxDriver: firefox on LINUX (9ea3c3fe-f638-4f82-a3b6-e4c9c6fff5ec)] -> name: txt_SDFNUMNAF], [1252179000]]
11:46:55.033 INFO - Executing: [find element: By.name: txt_SDFREGCC_ayuda])
11:46:55.058 INFO - Done: [find element: By.name: txt_SDFREGCC_ayuda]
11:46:55.067 INFO - Executing: [send keys: 2 [[FirefoxDriver: firefox on LINUX (9ea3c3fe-f638-4f82-a3b6-e4c9c6fff5ec)] -> name: txt_SDFREGCC_ayuda], [111]])
11:46:55.193 INFO - Done: [send keys: 2 [[FirefoxDriver: firefox on LINUX (9ea3c3fe-f638-4f82-a3b6-e4c9c6fff5ec)] -> name: txt_SDFREGCC_ayuda], [111]]
11:46:55.207 INFO - Executing: [find element: By.name: txt_SDFTESCC])
11:46:55.291 INFO - Done: [find element: By.name: txt_SDFTESCC]
11:46:55.296 INFO - Executing: [send keys: 3 [[FirefoxDriver: firefox on LINUX (9ea3c3fe-f638-4f82-a3b6-e4c9c6fff5ec)] -> name: txt_SDFTESCC], [28]])
11:46:55.396 INFO - Done: [send keys: 3 [[FirefoxDriver: firefox on LINUX (9ea3c3fe-f638-4f82-a3b6-e4c9c6fff5ec)] -> name: txt_SDFTESCC], [28]]
11:46:55.401 INFO - Executing: [find element: By.name: txt_SDFNUMCC])
11:46:55.435 INFO - Done: [find element: By.name: txt_SDFNUMCC]
11:46:55.450 INFO - Executing: [send keys: 4 [[FirefoxDriver: firefox on LINUX (9ea3c3fe-f638-4f82-a3b6-e4c9c6fff5ec)] -> name: txt_SDFNUMCC], [149794464]])
11:46:55.566 INFO - Done: [send keys: 4 [[FirefoxDriver: firefox on LINUX (9ea3c3fe-f638-4f82-a3b6-e4c9c6fff5ec)] -> name: txt_SDFNUMCC], [149794464]]
11:46:55.571 INFO - Executing: [take screenshot])
11:46:55.659 INFO - Done: [take screenshot]
11:46:55.676 INFO - Executing: [find element: By.name: btn_Sub2207501004])
11:46:55.704 INFO - Done: [find element: By.name: btn_Sub2207501004]
11:46:55.709 INFO - Executing: [click: 5 [[FirefoxDriver: firefox on LINUX (9ea3c3fe-f638-4f82-a3b6-e4c9c6fff5ec)] -> name: btn_Sub2207501004]])
11:46:56.546 INFO - Done: [click: 5 [[FirefoxDriver: firefox on LINUX (9ea3c3fe-f638-4f82-a3b6-e4c9c6fff5ec)] -> name: btn_Sub2207501004]]
11:46:56.564 INFO - Executing: [find elements: By.name: txt_SDFSITALT_ayuda])
11:46:56.619 INFO - Done: [find elements: By.name: txt_SDFSITALT_ayuda]
11:46:56.638 INFO - Executing: [find elements: By.id: DIL])
11:46:56.683 INFO - Done: [find elements: By.id: DIL]
11:46:56.697 INFO - Executing: [get text: 6 [[FirefoxDriver: firefox on LINUX (9ea3c3fe-f638-4f82-a3b6-e4c9c6fff5ec)] -> id: DIL]])
11:46:56.757 INFO - Done: [get text: 6 [[FirefoxDriver: firefox on LINUX (9ea3c3fe-f638-4f82-a3b6-e4c9c6fff5ec)] -> id: DIL]]
11:46:56.764 INFO - Executing: [is displayed: 6 [[FirefoxDriver: firefox on LINUX (9ea3c3fe-f638-4f82-a3b6-e4c9c6fff5ec)] -> id: DIL]])
11:46:56.810 INFO - Done: [is displayed: 6 [[FirefoxDriver: firefox on LINUX (9ea3c3fe-f638-4f82-a3b6-e4c9c6fff5ec)] -> id: DIL]]
11:46:56.838 INFO - Executing: [find elements: By.id: DIL])
11:46:56.871 INFO - Done: [find elements: By.id: DIL]
11:46:56.880 INFO - Executing: [get text: 6 [[FirefoxDriver: firefox on LINUX (9ea3c3fe-f638-4f82-a3b6-e4c9c6fff5ec)] -> id: DIL]])
11:46:56.988 INFO - Done: [get text: 6 [[FirefoxDriver: firefox on LINUX (9ea3c3fe-f638-4f82-a3b6-e4c9c6fff5ec)] -> id: DIL]]
11:46:56.996 INFO - Executing: [is displayed: 6 [[FirefoxDriver: firefox on LINUX (9ea3c3fe-f638-4f82-a3b6-e4c9c6fff5ec)] -> id: DIL]])
11:46:57.037 INFO - Done: [is displayed: 6 [[FirefoxDriver: firefox on LINUX (9ea3c3fe-f638-4f82-a3b6-e4c9c6fff5ec)] -> id: DIL]]
11:46:57.057 INFO - Executing: [get text: 6 [[FirefoxDriver: firefox on LINUX (9ea3c3fe-f638-4f82-a3b6-e4c9c6fff5ec)] -> id: DIL]])
11:46:57.155 INFO - Done: [get text: 6 [[FirefoxDriver: firefox on LINUX (9ea3c3fe-f638-4f82-a3b6-e4c9c6fff5ec)] -> id: DIL]]
11:46:57.194 INFO - Executing: [get text: 6 [[FirefoxDriver: firefox on LINUX (9ea3c3fe-f638-4f82-a3b6-e4c9c6fff5ec)] -> id: DIL]])
11:46:57.269 INFO - Done: [get text: 6 [[FirefoxDriver: firefox on LINUX (9ea3c3fe-f638-4f82-a3b6-e4c9c6fff5ec)] -> id: DIL]]
