13:44:02.835 INFO - Selenium build info: version: '3.8.1', revision: '6e95a6684b'
13:44:02.836 INFO - Launching a standalone Selenium Server
2018-06-12 13:44:03.212:INFO::main: Logging initialized @1075ms to org.seleniumhq.jetty9.util.log.StdErrLog
13:44:03.354 INFO - Using `new FirefoxOptions()` is preferred to `DesiredCapabilities.firefox()`
13:44:03.423 INFO - Using `new ChromeOptions()` is preferred to `DesiredCapabilities.chrome()`
13:44:03.427 INFO - Using `new EdgeOptions()` is preferred to `DesiredCapabilities.edge()`
13:44:03.428 INFO - Driver class not found: com.opera.core.systems.OperaDriver
13:44:03.428 INFO - Using `new OperaOptions()` is preferred to `DesiredCapabilities.operaBlink()`
13:44:03.429 INFO - Using `new SafariOptions()` is preferred to `DesiredCapabilities.safari()`
13:44:03.430 INFO - Driver class not found: org.openqa.selenium.phantomjs.PhantomJSDriver
13:44:03.520 INFO - Driver provider class org.openqa.selenium.ie.InternetExplorerDriver registration is skipped:
 registration capabilities Capabilities {browserName: internet explorer, ensureCleanSession: true, platform: WINDOWS, version: } does not match the current platform LINUX
13:44:03.521 INFO - Driver provider class org.openqa.selenium.edge.EdgeDriver registration is skipped:
 registration capabilities Capabilities {browserName: MicrosoftEdge, platform: WINDOWS, version: } does not match the current platform LINUX
13:44:03.522 INFO - Driver provider class org.openqa.selenium.safari.SafariDriver registration is skipped:
 registration capabilities Capabilities {browserName: safari, platform: MAC, version: } does not match the current platform LINUX
13:44:03.628 INFO - Using `new ChromeOptions()` is preferred to `DesiredCapabilities.chrome()`
13:44:03.629 INFO - Using `new EdgeOptions()` is preferred to `DesiredCapabilities.edge()`
13:44:03.629 INFO - Using `new FirefoxOptions()` is preferred to `DesiredCapabilities.firefox()`
13:44:03.630 INFO - Using `new OperaOptions()` is preferred to `DesiredCapabilities.operaBlink()`
13:44:03.630 INFO - Using `new SafariOptions()` is preferred to `DesiredCapabilities.safari()`
2018-06-12 13:44:03.699:INFO:osjs.Server:main: jetty-9.4.7.v20170914
2018-06-12 13:44:03.801:WARN:osjs.SecurityHandler:main: ServletContext@o.s.j.s.ServletContextHandler@1d371b2d{/,null,STARTING} has uncovered http methods for path: /
2018-06-12 13:44:03.807:INFO:osjsh.ContextHandler:main: Started o.s.j.s.ServletContextHandler@1d371b2d{/,null,AVAILABLE}
Usage: <main class> [options]
  Options:
    --version, -version
       Displays the version and exits.
       Default: false
    -browserTimeout
       <Integer> in seconds : number of seconds a browser session is allowed to
       hang while13:44:09.392 INFO - Executing: [new session: Capabilities {browserName: firefox, firefox_profile: UEsDBBQAAAAIABYBuEykYb5h8QE..., platform: LINUX}])
13:44:09.425 INFO - Creating a new session for Capabilities {browserName: firefox, firefox_profile: UEsDBBQAAAAIABYBuEykYb5h8QE..., platform: LINUX}
13:44:20.095 INFO - Detected dialect: OSS
13:44:20.220 INFO - Done: [new session: Capabilities {browserName: firefox, firefox_profile: UEsDBBQAAAAIABYBuEykYb5h8QE..., platform: LINUX}]
13:44:20.704 INFO - Executing: [get: https://w2.seg-social.es/Xhtml?JacadaApplicationName=SGIRED&TRANSACCION=ATR42&E=I&AP=AFIR])
13:44:22.063 INFO - Done: [get: https://w2.seg-social.es/Xhtml?JacadaApplicationName=SGIRED&TRANSACCION=ATR42&E=I&AP=AFIR]
13:44:22.159 INFO - Executing: [find element: By.name: txt_SDFTESORNAF])
13:44:22.280 INFO - Done: [find element: By.name: txt_SDFTESORNAF]
13:44:22.374 INFO - Executing: [send keys: 0 [[FirefoxDriver: firefox on LINUX (441efeaf-8bfb-4f5f-8742-22702fbbceb9)] -> name: txt_SDFTESORNAF], [46]])
13:44:22.485 INFO - Done: [send keys: 0 [[FirefoxDriver: firefox on LINUX (441efeaf-8bfb-4f5f-8742-22702fbbceb9)] -> name: txt_SDFTESORNAF], [46]]
13:44:22.491 INFO - Executing: [find element: By.name: txt_SDFNUMNAF])
13:44:22.533 INFO - Done: [find element: By.name: txt_SDFNUMNAF]
13:44:22.540 INFO - Executing: [send keys: 1 [[FirefoxDriver: firefox on LINUX (441efeaf-8bfb-4f5f-8742-22702fbbceb9)] -> name: txt_SDFNUMNAF], [1072254410]])
13:44:22.631 INFO - Done: [send keys: 1 [[FirefoxDriver: firefox on LINUX (441efeaf-8bfb-4f5f-8742-22702fbbceb9)] -> name: txt_SDFNUMNAF], [1072254410]]
13:44:22.636 INFO - Executing: [find element: By.name: txt_SDFREGCC_ayuda])
13:44:22.653 INFO - Done: [find element: By.name: txt_SDFREGCC_ayuda]
13:44:22.661 INFO - Executing: [send keys: 2 [[FirefoxDriver: firefox on LINUX (441efeaf-8bfb-4f5f-8742-22702fbbceb9)] -> name: txt_SDFREGCC_ayuda], [111]])
13:44:22.704 INFO - Done: [send keys: 2 [[FirefoxDriver: firefox on LINUX (441efeaf-8bfb-4f5f-8742-22702fbbceb9)] -> name: txt_SDFREGCC_ayuda], [111]]
13:44:22.709 INFO - Executing: [find element: By.name: txt_SDFTESCC])
13:44:22.742 INFO - Done: [find element: By.name: txt_SDFTESCC]
13:44:22.746 INFO - Executing: [send keys: 3 [[FirefoxDriver: firefox on LINUX (441efeaf-8bfb-4f5f-8742-22702fbbceb9)] -> name: txt_SDFTESCC], [28]])
13:44:22.805 INFO - Done: [send keys: 3 [[FirefoxDriver: firefox on LINUX (441efeaf-8bfb-4f5f-8742-22702fbbceb9)] -> name: txt_SDFTESCC], [28]]
13:44:22.810 INFO - Executing: [find element: By.name: txt_SDFNUMCC])
13:44:22.842 INFO - Done: [find element: By.name: txt_SDFNUMCC]
13:44:22.848 INFO - Executing: [send keys: 4 [[FirefoxDriver: firefox on LINUX (441efeaf-8bfb-4f5f-8742-22702fbbceb9)] -> name: txt_SDFNUMCC], [149794464]])
13:44:22.917 INFO - Done: [send keys: 4 [[FirefoxDriver: firefox on LINUX (441efeaf-8bfb-4f5f-8742-22702fbbceb9)] -> name: txt_SDFNUMCC], [149794464]]
13:44:22.937 INFO - Executing: [find element: By.name: cbo_ListaAltasBajas001])
13:44:22.966 INFO - Done: [find element: By.name: cbo_ListaAltasBajas001]
13:44:22.973 INFO - Executing: [tag name: 5 [[FirefoxDriver: firefox on LINUX (441efeaf-8bfb-4f5f-8742-22702fbbceb9)] -> name: cbo_ListaAltasBajas001]])
13:44:23.008 INFO - Done: [tag name: 5 [[FirefoxDriver: firefox on LINUX (441efeaf-8bfb-4f5f-8742-22702fbbceb9)] -> name: cbo_ListaAltasBajas001]]
13:44:23.030 INFO - Executing: [get element attribute: 5 [[FirefoxDriver: firefox on LINUX (441efeaf-8bfb-4f5f-8742-22702fbbceb9)] -> name: cbo_ListaAltasBajas001], multiple])
13:44:23.069 INFO - Done: [get element attribute: 5 [[FirefoxDriver: firefox on LINUX (441efeaf-8bfb-4f5f-8742-22702fbbceb9)] -> name: cbo_ListaAltasBajas001], multiple]
13:44:23.076 INFO - Executing: [find child elements: 5 [[FirefoxDriver: firefox on LINUX (441efeaf-8bfb-4f5f-8742-22702fbbceb9)] -> name: cbo_ListaAltasBajas001], By.xpath: .//option[normalize-space(.) = 'Alta']])
13:44:23.099 INFO - Done: [find child elements: 5 [[FirefoxDriver: firefox on LINUX (441efeaf-8bfb-4f5f-8742-22702fbbceb9)] -> name: cbo_ListaAltasBajas001], By.xpath: .//option[normalize-space(.) = 'Alta']]
13:44:23.118 INFO - Executing: [is selected: 6 [[[[FirefoxDriver: firefox on LINUX (441efeaf-8bfb-4f5f-8742-22702fbbceb9)] -> name: cbo_ListaAltasBajas001]] -> xpath: .//option[normalize-space(.) = 'Alta']]])
13:44:23.142 INFO - Done: [is selected: 6 [[[[FirefoxDriver: firefox on LINUX (441efeaf-8bfb-4f5f-8742-22702fbbceb9)] -> name: cbo_ListaAltasBajas001]] -> xpath: .//option[normalize-space(.) = 'Alta']]]
13:44:23.146 INFO - Executing: [click: 6 [[[[FirefoxDriver: firefox on LINUX (441efeaf-8bfb-4f5f-8742-22702fbbceb9)] -> name: cbo_ListaAltasBajas001]] -> xpath: .//option[normalize-space(.) = 'Alta']]])
13:44:23.386 INFO - Done: [click: 6 [[[[FirefoxDriver: firefox on LINUX (441efeaf-8bfb-4f5f-8742-22702fbbceb9)] -> name: cbo_ListaAltasBajas001]] -> xpath: .//option[normalize-space(.) = 'Alta']]]
13:44:23.390 INFO - Executing: [find element: By.name: txt_SDFDIAB])
13:44:23.407 INFO - Done: [find element: By.name: txt_SDFDIAB]
13:44:23.412 INFO - Executing: [send keys: 7 [[FirefoxDriver: firefox on LINUX (441efeaf-8bfb-4f5f-8742-22702fbbceb9)] -> name: txt_SDFDIAB], [14]])
13:44:23.456 INFO - Done: [send keys: 7 [[FirefoxDriver: firefox on LINUX (441efeaf-8bfb-4f5f-8742-22702fbbceb9)] -> name: txt_SDFDIAB], [14]]
13:44:23.459 INFO - Executing: [find element: By.name: txt_SDFMESB])
13:44:23.502 INFO - Done: [find element: By.name: txt_SDFMESB]
13:44:23.513 INFO - Executing: [send keys: 8 [[FirefoxDriver: firefox on LINUX (441efeaf-8bfb-4f5f-8742-22702fbbceb9)] -> name: txt_SDFMESB], [06]])
13:44:23.553 INFO - Done: [send keys: 8 [[FirefoxDriver: firefox on LINUX (441efeaf-8bfb-4f5f-8742-22702fbbceb9)] -> name: txt_SDFMESB], [06]]
13:44:23.557 INFO - Executing: [find element: By.name: txt_SDFAOB])
13:44:23.578 INFO - Done: [find element: By.name: txt_SDFAOB]
13:44:23.581 INFO - Executing: [send keys: 9 [[FirefoxDriver: firefox on LINUX (441efeaf-8bfb-4f5f-8742-22702fbbceb9)] -> name: txt_SDFAOB], [2018]])
13:44:23.622 INFO - Done: [send keys: 9 [[FirefoxDriver: firefox on LINUX (441efeaf-8bfb-4f5f-8742-22702fbbceb9)] -> name: txt_SDFAOB], [2018]]
13:44:23.636 INFO - Executing: [find element: By.name: cbo_ListaAltasBajas])
13:44:23.663 INFO - Done: [find element: By.name: cbo_ListaAltasBajas]
13:44:23.669 INFO - Executing: [tag name: 10 [[FirefoxDriver: firefox on LINUX (441efeaf-8bfb-4f5f-8742-22702fbbceb9)] -> name: cbo_ListaAltasBajas]])
13:44:23.681 INFO - Done: [tag name: 10 [[FirefoxDriver: firefox on LINUX (441efeaf-8bfb-4f5f-8742-22702fbbceb9)] -> name: cbo_ListaAltasBajas]]
13:44:23.684 INFO - Executing: [get element attribute: 10 [[FirefoxDriver: firefox on LINUX (441efeaf-8bfb-4f5f-8742-22702fbbceb9)] -> name: cbo_ListaAltasBajas], multiple])
13:44:23.696 INFO - Done: [get element attribute: 10 [[FirefoxDriver: firefox on LINUX (441efeaf-8bfb-4f5f-8742-22702fbbceb9)] -> name: cbo_ListaAltasBajas], multiple]
13:44:23.700 INFO - Executing: [find child elements: 10 [[FirefoxDriver: firefox on LINUX (441efeaf-8bfb-4f5f-8742-22702fbbceb9)] -> name: cbo_ListaAltasBajas], By.xpath: .//option[normalize-space(.) = 'Eliminación']])
13:44:23.719 INFO - Done: [find child elements: 10 [[FirefoxDriver: firefox on LINUX (441efeaf-8bfb-4f5f-8742-22702fbbceb9)] -> name: cbo_ListaAltasBajas], By.xpath: .//option[normalize-space(.) = 'Eliminación']]
13:44:23.724 INFO - Executing: [is selected: 11 [[[[FirefoxDriver: firefox on LINUX (441efeaf-8bfb-4f5f-8742-22702fbbceb9)] -> name: cbo_ListaAltasBajas]] -> xpath: .//option[normalize-space(.) = 'Eliminación']]])
13:44:23.740 INFO - Done: [is selected: 11 [[[[FirefoxDriver: firefox on LINUX (441efeaf-8bfb-4f5f-8742-22702fbbceb9)] -> name: cbo_ListaAltasBajas]] -> xpath: .//option[normalize-space(.) = 'Eliminación']]]
13:44:23.743 INFO - Executing: [click: 11 [[[[FirefoxDriver: firefox on LINUX (441efeaf-8bfb-4f5f-8742-22702fbbceb9)] -> name: cbo_ListaAltasBajas]] -> xpath: .//option[normalize-space(.) = 'Eliminación']]])
13:44:23.878 INFO - Done: [click: 11 [[[[FirefoxDriver: firefox on LINUX (441efeaf-8bfb-4f5f-8742-22702fbbceb9)] -> name: cbo_ListaAltasBajas]] -> xpath: .//option[normalize-space(.) = 'Eliminación']]]
13:44:23.886 INFO - Executing: [take screenshot])
13:44:23.967 INFO - Done: [take screenshot]
13:44:24.015 INFO - Executing: [find element: By.name: btn_Sub2207101004])
13:44:24.032 INFO - Done: [find element: By.name: btn_Sub2207101004]
13:44:24.036 INFO - Executing: [click: 12 [[FirefoxDriver: firefox on LINUX (441efeaf-8bfb-4f5f-8742-22702fbbceb9)] -> name: btn_Sub2207101004]])
13:44:24.655 INFO - Done: [click: 12 [[FirefoxDriver: firefox on LINUX (441efeaf-8bfb-4f5f-8742-22702fbbceb9)] -> name: btn_Sub2207101004]]
13:44:24.674 INFO - Executing: [find elements: By.name: txt_SDFSITALT_ayuda])
13:44:24.791 INFO - Done: [find elements: By.name: txt_SDFSITALT_ayuda]
13:44:24.919 INFO - Executing: [find elements: By.id: DIL])
13:44:24.951 INFO - Done: [find elements: By.id: DIL]
13:44:24.956 INFO - Executing: [get text: 13 [[FirefoxDriver: firefox on LINUX (441efeaf-8bfb-4f5f-8742-22702fbbceb9)] -> id: DIL]])
13:44:25.112 INFO - Done: [get text: 13 [[FirefoxDriver: firefox on LINUX (441efeaf-8bfb-4f5f-8742-22702fbbceb9)] -> id: DIL]]
13:44:25.121 INFO - Executing: [is displayed: 13 [[FirefoxDriver: firefox on LINUX (441efeaf-8bfb-4f5f-8742-22702fbbceb9)] -> id: DIL]])
13:44:25.195 INFO - Done: [is displayed: 13 [[FirefoxDriver: firefox on LINUX (441efeaf-8bfb-4f5f-8742-22702fbbceb9)] -> id: DIL]]
13:44:25.254 INFO - Executing: [find elements: By.id: DIL])
13:44:25.308 INFO - Done: [find elements: By.id: DIL]
13:44:25.313 INFO - Executing: [get text: 13 [[FirefoxDriver: firefox on LINUX (441efeaf-8bfb-4f5f-8742-22702fbbceb9)] -> id: DIL]])
13:44:25.370 INFO - Done: [get text: 13 [[FirefoxDriver: firefox on LINUX (441efeaf-8bfb-4f5f-8742-22702fbbceb9)] -> id: DIL]]
13:44:25.375 INFO - Executing: [is displayed: 13 [[FirefoxDriver: firefox on LINUX (441efeaf-8bfb-4f5f-8742-22702fbbceb9)] -> id: DIL]])
13:44:25.493 INFO - Done: [is displayed: 13 [[FirefoxDriver: firefox on LINUX (441efeaf-8bfb-4f5f-8742-22702fbbceb9)] -> id: DIL]]
13:44:25.529 INFO - Executing: [get text: 13 [[FirefoxDriver: firefox on LINUX (441efeaf-8bfb-4f5f-8742-22702fbbceb9)] -> id: DIL]])
13:44:25.581 INFO - Done: [get text: 13 [[FirefoxDriver: firefox on LINUX (441efeaf-8bfb-4f5f-8742-22702fbbceb9)] -> id: DIL]]
13:44:25.792 INFO - Executing: [get text: 13 [[FirefoxDriver: firefox on LINUX (441efeaf-8bfb-4f5f-8742-22702fbbceb9)] -> id: DIL]])
13:44:25.848 INFO - Done: [get text: 13 [[FirefoxDriver: firefox on LINUX (441efeaf-8bfb-4f5f-8742-22702fbbceb9)] -> id: DIL]]
13:48:32.506 INFO - Executing: [get: https://w2.seg-social.es/Xhtml?JacadaApplicationName=SGIRED&TRANSACCION=ATR42&E=I&AP=AFIR])
13:48:33.084 INFO - Done: [get: https://w2.seg-social.es/Xhtml?JacadaApplicationName=SGIRED&TRANSACCION=ATR42&E=I&AP=AFIR]
13:48:33.097 INFO - Executing: [find element: By.name: txt_SDFTESORNAF])
13:48:33.129 INFO - Done: [find element: By.name: txt_SDFTESORNAF]
13:48:33.135 INFO - Executing: [send keys: 14 [[FirefoxDriver: firefox on LINUX (441efeaf-8bfb-4f5f-8742-22702fbbceb9)] -> name: txt_SDFTESORNAF], [46]])
13:48:33.199 INFO - Done: [send keys: 14 [[FirefoxDriver: firefox on LINUX (441efeaf-8bfb-4f5f-8742-22702fbbceb9)] -> name: txt_SDFTESORNAF], [46]]
13:48:33.203 INFO - Executing: [find element: By.name: txt_SDFNUMNAF])
13:48:33.224 INFO - Done: [find element: By.name: txt_SDFNUMNAF]
13:48:33.227 INFO - Executing: [send keys: 15 [[FirefoxDriver: firefox on LINUX (441efeaf-8bfb-4f5f-8742-22702fbbceb9)] -> name: txt_SDFNUMNAF], [1072254410]])
13:48:33.307 INFO - Done: [send keys: 15 [[FirefoxDriver: firefox on LINUX (441efeaf-8bfb-4f5f-8742-22702fbbceb9)] -> name: txt_SDFNUMNAF], [1072254410]]
13:48:33.311 INFO - Executing: [find element: By.name: txt_SDFREGCC_ayuda])
13:48:33.335 INFO - Done: [find element: By.name: txt_SDFREGCC_ayuda]
13:48:33.341 INFO - Executing: [send keys: 16 [[FirefoxDriver: firefox on LINUX (441efeaf-8bfb-4f5f-8742-22702fbbceb9)] -> name: txt_SDFREGCC_ayuda], [111]])
13:48:33.396 INFO - Done: [send keys: 16 [[FirefoxDriver: firefox on LINUX (441efeaf-8bfb-4f5f-8742-22702fbbceb9)] -> name: txt_SDFREGCC_ayuda], [111]]
13:48:33.403 INFO - Executing: [find element: By.name: txt_SDFTESCC])
13:48:33.440 INFO - Done: [find element: By.name: txt_SDFTESCC]
13:48:33.443 INFO - Executing: [send keys: 17 [[FirefoxDriver: firefox on LINUX (441efeaf-8bfb-4f5f-8742-22702fbbceb9)] -> name: txt_SDFTESCC], [28]])
13:48:33.586 INFO - Done: [send keys: 17 [[FirefoxDriver: firefox on LINUX (441efeaf-8bfb-4f5f-8742-22702fbbceb9)] -> name: txt_SDFTESCC], [28]]
13:48:33.592 INFO - Executing: [find element: By.name: txt_SDFNUMCC])
13:48:33.620 INFO - Done: [find element: By.name: txt_SDFNUMCC]
13:48:33.624 INFO - Executing: [send keys: 18 [[FirefoxDriver: firefox on LINUX (441efeaf-8bfb-4f5f-8742-22702fbbceb9)] -> name: txt_SDFNUMCC], [149794464]])
13:48:33.701 INFO - Done: [send keys: 18 [[FirefoxDriver: firefox on LINUX (441efeaf-8bfb-4f5f-8742-22702fbbceb9)] -> name: txt_SDFNUMCC], [149794464]]
13:48:33.705 INFO - Executing: [find element: By.name: cbo_ListaAltasBajas001])
13:48:33.720 INFO - Done: [find element: By.name: cbo_ListaAltasBajas001]
13:48:33.724 INFO - Executing: [tag name: 19 [[FirefoxDriver: firefox on LINUX (441efeaf-8bfb-4f5f-8742-22702fbbceb9)] -> name: cbo_ListaAltasBajas001]])
13:48:33.739 INFO - Done: [tag name: 19 [[FirefoxDriver: firefox on LINUX (441efeaf-8bfb-4f5f-8742-22702fbbceb9)] -> name: cbo_ListaAltasBajas001]]
13:48:33.742 INFO - Executing: [get element attribute: 19 [[FirefoxDriver: firefox on LINUX (441efeaf-8bfb-4f5f-8742-22702fbbceb9)] -> name: cbo_ListaAltasBajas001], multiple])
13:48:33.756 INFO - Done: [get element attribute: 19 [[FirefoxDriver: firefox on LINUX (441efeaf-8bfb-4f5f-8742-22702fbbceb9)] -> name: cbo_ListaAltasBajas001], multiple]
13:48:33.759 INFO - Executing: [find child elements: 19 [[FirefoxDriver: firefox on LINUX (441efeaf-8bfb-4f5f-8742-22702fbbceb9)] -> name: cbo_ListaAltasBajas001], By.xpath: .//option[normalize-space(.) = 'Alta']])
13:48:33.778 INFO - Done: [find child elements: 19 [[FirefoxDriver: firefox on LINUX (441efeaf-8bfb-4f5f-8742-22702fbbceb9)] -> name: cbo_ListaAltasBajas001], By.xpath: .//option[normalize-space(.) = 'Alta']]
13:48:33.782 INFO - Executing: [is selected: 20 [[[[FirefoxDriver: firefox on LINUX (441efeaf-8bfb-4f5f-8742-22702fbbceb9)] -> name: cbo_ListaAltasBajas001]] -> xpath: .//option[normalize-space(.) = 'Alta']]])
13:48:33.795 INFO - Done: [is selected: 20 [[[[FirefoxDriver: firefox on LINUX (441efeaf-8bfb-4f5f-8742-22702fbbceb9)] -> name: cbo_ListaAltasBajas001]] -> xpath: .//option[normalize-space(.) = 'Alta']]]
13:48:33.797 INFO - Executing: [click: 20 [[[[FirefoxDriver: firefox on LINUX (441efeaf-8bfb-4f5f-8742-22702fbbceb9)] -> name: cbo_ListaAltasBajas001]] -> xpath: .//option[normalize-space(.) = 'Alta']]])
13:48:33.987 INFO - Done: [click: 20 [[[[FirefoxDriver: firefox on LINUX (441efeaf-8bfb-4f5f-8742-22702fbbceb9)] -> name: cbo_ListaAltasBajas001]] -> xpath: .//option[normalize-space(.) = 'Alta']]]
13:48:33.998 INFO - Executing: [find element: By.name: txt_SDFDIAB])
13:48:34.017 INFO - Done: [find element: By.name: txt_SDFDIAB]
13:48:34.022 INFO - Executing: [send keys: 21 [[FirefoxDriver: firefox on LINUX (441efeaf-8bfb-4f5f-8742-22702fbbceb9)] -> name: txt_SDFDIAB], [14]])
13:48:34.065 INFO - Done: [send keys: 21 [[FirefoxDriver: firefox on LINUX (441efeaf-8bfb-4f5f-8742-22702fbbceb9)] -> name: txt_SDFDIAB], [14]]
13:48:34.085 INFO - Executing: [find element: By.name: txt_SDFMESB])
13:48:34.103 INFO - Done: [find element: By.name: txt_SDFMESB]
13:48:34.106 INFO - Executing: [send keys: 22 [[FirefoxDriver: firefox on LINUX (441efeaf-8bfb-4f5f-8742-22702fbbceb9)] -> name: txt_SDFMESB], [06]])
13:48:34.195 INFO - Done: [send keys: 22 [[FirefoxDriver: firefox on LINUX (441efeaf-8bfb-4f5f-8742-22702fbbceb9)] -> name: txt_SDFMESB], [06]]
13:48:34.201 INFO - Executing: [find element: By.name: txt_SDFAOB])
13:48:34.219 INFO - Done: [find element: By.name: txt_SDFAOB]
13:48:34.223 INFO - Executing: [send keys: 23 [[FirefoxDriver: firefox on LINUX (441efeaf-8bfb-4f5f-8742-22702fbbceb9)] -> name: txt_SDFAOB], [2018]])
13:48:34.272 INFO - Done: [send keys: 23 [[FirefoxDriver: firefox on LINUX (441efeaf-8bfb-4f5f-8742-22702fbbceb9)] -> name: txt_SDFAOB], [2018]]
13:48:34.278 INFO - Executing: [find element: By.name: cbo_ListaAltasBajas])
13:48:34.296 INFO - Done: [find element: By.name: cbo_ListaAltasBajas]
13:48:34.299 INFO - Executing: [tag name: 24 [[FirefoxDriver: firefox on LINUX (441efeaf-8bfb-4f5f-8742-22702fbbceb9)] -> name: cbo_ListaAltasBajas]])
13:48:34.312 INFO - Done: [tag name: 24 [[FirefoxDriver: firefox on LINUX (441efeaf-8bfb-4f5f-8742-22702fbbceb9)] -> name: cbo_ListaAltasBajas]]
13:48:34.314 INFO - Executing: [get element attribute: 24 [[FirefoxDriver: firefox on LINUX (441efeaf-8bfb-4f5f-8742-22702fbbceb9)] -> name: cbo_ListaAltasBajas], multiple])
13:48:34.325 INFO - Done: [get element attribute: 24 [[FirefoxDriver: firefox on LINUX (441efeaf-8bfb-4f5f-8742-22702fbbceb9)] -> name: cbo_ListaAltasBajas], multiple]
13:48:34.329 INFO - Executing: [find child elements: 24 [[FirefoxDriver: firefox on LINUX (441efeaf-8bfb-4f5f-8742-22702fbbceb9)] -> name: cbo_ListaAltasBajas], By.xpath: .//option[normalize-space(.) = 'Eliminación']])
13:48:34.347 INFO - Done: [find child elements: 24 [[FirefoxDriver: firefox on LINUX (441efeaf-8bfb-4f5f-8742-22702fbbceb9)] -> name: cbo_ListaAltasBajas], By.xpath: .//option[normalize-space(.) = 'Eliminación']]
13:48:34.350 INFO - Executing: [is selected: 25 [[[[FirefoxDriver: firefox on LINUX (441efeaf-8bfb-4f5f-8742-22702fbbceb9)] -> name: cbo_ListaAltasBajas]] -> xpath: .//option[normalize-space(.) = 'Eliminación']]])
13:48:34.368 INFO - Done: [is selected: 25 [[[[FirefoxDriver: firefox on LINUX (441efeaf-8bfb-4f5f-8742-22702fbbceb9)] -> name: cbo_ListaAltasBajas]] -> xpath: .//option[normalize-space(.) = 'Eliminación']]]
13:48:34.370 INFO - Executing: [click: 25 [[[[FirefoxDriver: firefox on LINUX (441efeaf-8bfb-4f5f-8742-22702fbbceb9)] -> name: cbo_ListaAltasBajas]] -> xpath: .//option[normalize-space(.) = 'Eliminación']]])
13:48:34.538 INFO - Done: [click: 25 [[[[FirefoxDriver: firefox on LINUX (441efeaf-8bfb-4f5f-8742-22702fbbceb9)] -> name: cbo_ListaAltasBajas]] -> xpath: .//option[normalize-space(.) = 'Eliminación']]]
13:48:34.551 INFO - Executing: [take screenshot])
13:48:34.614 INFO - Done: [take screenshot]
13:48:34.683 INFO - Executing: [find element: By.name: btn_Sub2207101004])
13:48:34.698 INFO - Done: [find element: By.name: btn_Sub2207101004]
13:48:34.699 INFO - Executing: [click: 26 [[FirefoxDriver: firefox on LINUX (441efeaf-8bfb-4f5f-8742-22702fbbceb9)] -> name: btn_Sub2207101004]])
13:48:35.263 INFO - Done: [click: 26 [[FirefoxDriver: firefox on LINUX (441efeaf-8bfb-4f5f-8742-22702fbbceb9)] -> name: btn_Sub2207101004]]
13:48:35.286 INFO - Executing: [find elements: By.name: txt_SDFSITALT_ayuda])
13:48:35.319 INFO - Done: [find elements: By.name: txt_SDFSITALT_ayuda]
13:48:35.332 INFO - Executing: [find elements: By.id: DIL])
13:48:35.345 INFO - Done: [find elements: By.id: DIL]
13:48:35.352 INFO - Executing: [get text: 27 [[FirefoxDriver: firefox on LINUX (441efeaf-8bfb-4f5f-8742-22702fbbceb9)] -> id: DIL]])
13:48:35.375 INFO - Done: [get text: 27 [[FirefoxDriver: firefox on LINUX (441efeaf-8bfb-4f5f-8742-22702fbbceb9)] -> id: DIL]]
13:48:35.379 INFO - Executing: [is displayed: 27 [[FirefoxDriver: firefox on LINUX (441efeaf-8bfb-4f5f-8742-22702fbbceb9)] -> id: DIL]])
13:48:35.395 INFO - Done: [is displayed: 27 [[FirefoxDriver: firefox on LINUX (441efeaf-8bfb-4f5f-8742-22702fbbceb9)] -> id: DIL]]
13:48:35.415 INFO - Executing: [find elements: By.id: DIL])
13:48:35.429 INFO - Done: [find elements: By.id: DIL]
13:48:35.432 INFO - Executing: [get text: 27 [[FirefoxDriver: firefox on LINUX (441efeaf-8bfb-4f5f-8742-22702fbbceb9)] -> id: DIL]])
13:48:35.453 INFO - Done: [get text: 27 [[FirefoxDriver: firefox on LINUX (441efeaf-8bfb-4f5f-8742-22702fbbceb9)] -> id: DIL]]
13:48:35.469 INFO - Executing: [is displayed: 27 [[FirefoxDriver: firefox on LINUX (441efeaf-8bfb-4f5f-8742-22702fbbceb9)] -> id: DIL]])
13:48:35.487 INFO - Done: [is displayed: 27 [[FirefoxDriver: firefox on LINUX (441efeaf-8bfb-4f5f-8742-22702fbbceb9)] -> id: DIL]]
13:48:35.509 INFO - Executing: [get text: 27 [[FirefoxDriver: firefox on LINUX (441efeaf-8bfb-4f5f-8742-22702fbbceb9)] -> id: DIL]])
13:48:35.527 INFO - Done: [get text: 27 [[FirefoxDriver: firefox on LINUX (441efeaf-8bfb-4f5f-8742-22702fbbceb9)] -> id: DIL]]
13:48:35.541 INFO - Executing: [get text: 27 [[FirefoxDriver: firefox on LINUX (441efeaf-8bfb-4f5f-8742-22702fbbceb9)] -> id: DIL]])
13:48:35.558 INFO - Done: [get text: 27 [[FirefoxDriver: firefox on LINUX (441efeaf-8bfb-4f5f-8742-22702fbbceb9)] -> id: DIL]]
13:51:22.186 INFO - Executing: [get: https://w2.seg-social.es/Xhtml?JacadaApplicationName=SGIRED&TRANSACCION=ATR42&E=I&AP=AFIR])
13:51:22.884 INFO - Done: [get: https://w2.seg-social.es/Xhtml?JacadaApplicationName=SGIRED&TRANSACCION=ATR42&E=I&AP=AFIR]
13:51:22.903 INFO - Executing: [find element: By.name: txt_SDFTESORNAF])
13:51:22.925 INFO - Done: [find element: By.name: txt_SDFTESORNAF]
13:51:22.932 INFO - Executing: [send keys: 28 [[FirefoxDriver: firefox on LINUX (441efeaf-8bfb-4f5f-8742-22702fbbceb9)] -> name: txt_SDFTESORNAF], [46]])
13:51:23.001 INFO - Done: [send keys: 28 [[FirefoxDriver: firefox on LINUX (441efeaf-8bfb-4f5f-8742-22702fbbceb9)] -> name: txt_SDFTESORNAF], [46]]
13:51:23.007 INFO - Executing: [find element: By.name: txt_SDFNUMNAF])
13:51:23.032 INFO - Done: [find element: By.name: txt_SDFNUMNAF]
13:51:23.043 INFO - Executing: [send keys: 29 [[FirefoxDriver: firefox on LINUX (441efeaf-8bfb-4f5f-8742-22702fbbceb9)] -> name: txt_SDFNUMNAF], [1072254410]])
13:51:23.160 INFO - Done: [send keys: 29 [[FirefoxDriver: firefox on LINUX (441efeaf-8bfb-4f5f-8742-22702fbbceb9)] -> name: txt_SDFNUMNAF], [1072254410]]
13:51:23.164 INFO - Executing: [find element: By.name: txt_SDFREGCC_ayuda])
13:51:23.184 INFO - Done: [find element: By.name: txt_SDFREGCC_ayuda]
13:51:23.187 INFO - Executing: [send keys: 30 [[FirefoxDriver: firefox on LINUX (441efeaf-8bfb-4f5f-8742-22702fbbceb9)] -> name: txt_SDFREGCC_ayuda], [111]])
13:51:23.244 INFO - Done: [send keys: 30 [[FirefoxDriver: firefox on LINUX (441efeaf-8bfb-4f5f-8742-22702fbbceb9)] -> name: txt_SDFREGCC_ayuda], [111]]
13:51:23.251 INFO - Executing: [find element: By.name: txt_SDFTESCC])
13:51:23.270 INFO - Done: [find element: By.name: txt_SDFTESCC]
13:51:23.274 INFO - Executing: [send keys: 31 [[FirefoxDriver: firefox on LINUX (441efeaf-8bfb-4f5f-8742-22702fbbceb9)] -> name: txt_SDFTESCC], [28]])
13:51:23.332 INFO - Done: [send keys: 31 [[FirefoxDriver: firefox on LINUX (441efeaf-8bfb-4f5f-8742-22702fbbceb9)] -> name: txt_SDFTESCC], [28]]
13:51:23.336 INFO - Executing: [find element: By.name: txt_SDFNUMCC])
13:51:23.358 INFO - Done: [find element: By.name: txt_SDFNUMCC]
13:51:23.362 INFO - Executing: [send keys: 32 [[FirefoxDriver: firefox on LINUX (441efeaf-8bfb-4f5f-8742-22702fbbceb9)] -> name: txt_SDFNUMCC], [149794464]])
13:51:23.437 INFO - Done: [send keys: 32 [[FirefoxDriver: firefox on LINUX (441efeaf-8bfb-4f5f-8742-22702fbbceb9)] -> name: txt_SDFNUMCC], [149794464]]
13:51:23.443 INFO - Executing: [find element: By.name: cbo_ListaAltasBajas001])
13:51:23.456 INFO - Done: [find element: By.name: cbo_ListaAltasBajas001]
13:51:23.461 INFO - Executing: [tag name: 33 [[FirefoxDriver: firefox on LINUX (441efeaf-8bfb-4f5f-8742-22702fbbceb9)] -> name: cbo_ListaAltasBajas001]])
13:51:23.474 INFO - Done: [tag name: 33 [[FirefoxDriver: firefox on LINUX (441efeaf-8bfb-4f5f-8742-22702fbbceb9)] -> name: cbo_ListaAltasBajas001]]
13:51:23.479 INFO - Executing: [get element attribute: 33 [[FirefoxDriver: firefox on LINUX (441efeaf-8bfb-4f5f-8742-22702fbbceb9)] -> name: cbo_ListaAltasBajas001], multiple])
13:51:23.492 INFO - Done: [get element attribute: 33 [[FirefoxDriver: firefox on LINUX (441efeaf-8bfb-4f5f-8742-22702fbbceb9)] -> name: cbo_ListaAltasBajas001], multiple]
13:51:23.495 INFO - Executing: [find child elements: 33 [[FirefoxDriver: firefox on LINUX (441efeaf-8bfb-4f5f-8742-22702fbbceb9)] -> name: cbo_ListaAltasBajas001], By.xpath: .//option[normalize-space(.) = 'Alta']])
13:51:23.538 INFO - Done: [find child elements: 33 [[FirefoxDriver: firefox on LINUX (441efeaf-8bfb-4f5f-8742-22702fbbceb9)] -> name: cbo_ListaAltasBajas001], By.xpath: .//option[normalize-space(.) = 'Alta']]
13:51:23.546 INFO - Executing: [is selected: 34 [[[[FirefoxDriver: firefox on LINUX (441efeaf-8bfb-4f5f-8742-22702fbbceb9)] -> name: cbo_ListaAltasBajas001]] -> xpath: .//option[normalize-space(.) = 'Alta']]])
13:51:23.583 INFO - Done: [is selected: 34 [[[[FirefoxDriver: firefox on LINUX (441efeaf-8bfb-4f5f-8742-22702fbbceb9)] -> name: cbo_ListaAltasBajas001]] -> xpath: .//option[normalize-space(.) = 'Alta']]]
13:51:23.585 INFO - Executing: [click: 34 [[[[FirefoxDriver: firefox on LINUX (441efeaf-8bfb-4f5f-8742-22702fbbceb9)] -> name: cbo_ListaAltasBajas001]] -> xpath: .//option[normalize-space(.) = 'Alta']]])
13:51:23.812 INFO - Done: [click: 34 [[[[FirefoxDriver: firefox on LINUX (441efeaf-8bfb-4f5f-8742-22702fbbceb9)] -> name: cbo_ListaAltasBajas001]] -> xpath: .//option[normalize-space(.) = 'Alta']]]
13:51:23.816 INFO - Executing: [find element: By.name: txt_SDFDIAB])
13:51:23.833 INFO - Done: [find element: By.name: txt_SDFDIAB]
13:51:23.838 INFO - Executing: [send keys: 35 [[FirefoxDriver: firefox on LINUX (441efeaf-8bfb-4f5f-8742-22702fbbceb9)] -> name: txt_SDFDIAB], [14]])
13:51:23.894 INFO - Done: [send keys: 35 [[FirefoxDriver: firefox on LINUX (441efeaf-8bfb-4f5f-8742-22702fbbceb9)] -> name: txt_SDFDIAB], [14]]
13:51:23.899 INFO - Executing: [find element: By.name: txt_SDFMESB])
13:51:23.918 INFO - Done: [find element: By.name: txt_SDFMESB]
13:51:23.926 INFO - Executing: [send keys: 36 [[FirefoxDriver: firefox on LINUX (441efeaf-8bfb-4f5f-8742-22702fbbceb9)] -> name: txt_SDFMESB], [06]])
13:51:23.968 INFO - Done: [send keys: 36 [[FirefoxDriver: firefox on LINUX (441efeaf-8bfb-4f5f-8742-22702fbbceb9)] -> name: txt_SDFMESB], [06]]
13:51:23.984 INFO - Executing: [find element: By.name: txt_SDFAOB])
13:51:24.017 INFO - Done: [find element: By.name: txt_SDFAOB]
13:51:24.021 INFO - Executing: [send keys: 37 [[FirefoxDriver: firefox on LINUX (441efeaf-8bfb-4f5f-8742-22702fbbceb9)] -> name: txt_SDFAOB], [2018]])
13:51:24.095 INFO - Done: [send keys: 37 [[FirefoxDriver: firefox on LINUX (441efeaf-8bfb-4f5f-8742-22702fbbceb9)] -> name: txt_SDFAOB], [2018]]
13:51:24.098 INFO - Executing: [find element: By.name: cbo_ListaAltasBajas])
13:51:24.152 INFO - Done: [find element: By.name: cbo_ListaAltasBajas]
13:51:24.154 INFO - Executing: [tag name: 38 [[FirefoxDriver: firefox on LINUX (441efeaf-8bfb-4f5f-8742-22702fbbceb9)] -> name: cbo_ListaAltasBajas]])
13:51:24.173 INFO - Done: [tag name: 38 [[FirefoxDriver: firefox on LINUX (441efeaf-8bfb-4f5f-8742-22702fbbceb9)] -> name: cbo_ListaAltasBajas]]
13:51:24.189 INFO - Executing: [get element attribute: 38 [[FirefoxDriver: firefox on LINUX (441efeaf-8bfb-4f5f-8742-22702fbbceb9)] -> name: cbo_ListaAltasBajas], multiple])
13:51:24.223 INFO - Done: [get element attribute: 38 [[FirefoxDriver: firefox on LINUX (441efeaf-8bfb-4f5f-8742-22702fbbceb9)] -> name: cbo_ListaAltasBajas], multiple]
13:51:24.228 INFO - Executing: [find child elements: 38 [[FirefoxDriver: firefox on LINUX (441efeaf-8bfb-4f5f-8742-22702fbbceb9)] -> name: cbo_ListaAltasBajas], By.xpath: .//option[normalize-space(.) = 'Eliminación']])
13:51:24.278 INFO - Done: [find child elements: 38 [[FirefoxDriver: firefox on LINUX (441efeaf-8bfb-4f5f-8742-22702fbbceb9)] -> name: cbo_ListaAltasBajas], By.xpath: .//option[normalize-space(.) = 'Eliminación']]
13:51:24.286 INFO - Executing: [is selected: 39 [[[[FirefoxDriver: firefox on LINUX (441efeaf-8bfb-4f5f-8742-22702fbbceb9)] -> name: cbo_ListaAltasBajas]] -> xpath: .//option[normalize-space(.) = 'Eliminación']]])
13:51:24.313 INFO - Done: [is selected: 39 [[[[FirefoxDriver: firefox on LINUX (441efeaf-8bfb-4f5f-8742-22702fbbceb9)] -> name: cbo_ListaAltasBajas]] -> xpath: .//option[normalize-space(.) = 'Eliminación']]]
13:51:24.317 INFO - Executing: [click: 39 [[[[FirefoxDriver: firefox on LINUX (441efeaf-8bfb-4f5f-8742-22702fbbceb9)] -> name: cbo_ListaAltasBajas]] -> xpath: .//option[normalize-space(.) = 'Eliminación']]])
13:51:24.543 INFO - Done: [click: 39 [[[[FirefoxDriver: firefox on LINUX (441efeaf-8bfb-4f5f-8742-22702fbbceb9)] -> name: cbo_ListaAltasBajas]] -> xpath: .//option[normalize-space(.) = 'Eliminación']]]
13:51:24.592 INFO - Executing: [take screenshot])
13:51:24.676 INFO - Done: [take screenshot]
13:51:24.767 INFO - Executing: [find element: By.name: btn_Sub2207101004])
13:51:24.787 INFO - Done: [find element: By.name: btn_Sub2207101004]
13:51:24.791 INFO - Executing: [click: 40 [[FirefoxDriver: firefox on LINUX (441efeaf-8bfb-4f5f-8742-22702fbbceb9)] -> name: btn_Sub2207101004]])
13:51:26.006 INFO - Done: [click: 40 [[FirefoxDriver: firefox on LINUX (441efeaf-8bfb-4f5f-8742-22702fbbceb9)] -> name: btn_Sub2207101004]]
13:51:26.030 INFO - Executing: [find elements: By.name: txt_SDFSITALT_ayuda])
13:51:26.100 INFO - Done: [find elements: By.name: txt_SDFSITALT_ayuda]
13:51:26.158 INFO - Executing: [find elements: By.id: DIL])
13:51:26.173 INFO - Done: [find elements: By.id: DIL]
13:51:26.176 INFO - Executing: [get text: 42 [[FirefoxDriver: firefox on LINUX (441efeaf-8bfb-4f5f-8742-22702fbbceb9)] -> id: DIL]])
13:51:26.204 INFO - Done: [get text: 42 [[FirefoxDriver: firefox on LINUX (441efeaf-8bfb-4f5f-8742-22702fbbceb9)] -> id: DIL]]
13:51:26.208 INFO - Executing: [is displayed: 42 [[FirefoxDriver: firefox on LINUX (441efeaf-8bfb-4f5f-8742-22702fbbceb9)] -> id: DIL]])
13:51:26.234 INFO - Done: [is displayed: 42 [[FirefoxDriver: firefox on LINUX (441efeaf-8bfb-4f5f-8742-22702fbbceb9)] -> id: DIL]]
13:51:26.268 INFO - Executing: [take screenshot])
13:51:26.439 INFO - Done: [take screenshot]
13:51:26.469 INFO - Executing: [find element: By.name: btn_Sub2207101004])
13:51:26.490 INFO - Done: [find element: By.name: btn_Sub2207101004]
13:51:26.493 INFO - Executing: [click: 43 [[FirefoxDriver: firefox on LINUX (441efeaf-8bfb-4f5f-8742-22702fbbceb9)] -> name: btn_Sub2207101004]])
13:51:27.284 INFO - Done: [click: 43 [[FirefoxDriver: firefox on LINUX (441efeaf-8bfb-4f5f-8742-22702fbbceb9)] -> name: btn_Sub2207101004]]
13:51:27.318 INFO - Executing: [find elements: By.name: txt_SDFSITALT_ayuda])
13:51:27.337 INFO - Done: [find elements: By.name: txt_SDFSITALT_ayuda]
13:51:27.367 INFO - Executing: [find elements: By.id: DIL])
13:51:27.381 INFO - Done: [find elements: By.id: DIL]
13:51:27.397 INFO - Executing: [get text: 44 [[FirefoxDriver: firefox on LINUX (441efeaf-8bfb-4f5f-8742-22702fbbceb9)] -> id: DIL]])
13:51:27.438 INFO - Done: [get text: 44 [[FirefoxDriver: firefox on LINUX (441efeaf-8bfb-4f5f-8742-22702fbbceb9)] -> id: DIL]]
13:51:27.440 INFO - Executing: [is displayed: 44 [[FirefoxDriver: firefox on LINUX (441efeaf-8bfb-4f5f-8742-22702fbbceb9)] -> id: DIL]])
13:51:27.464 INFO - Done: [is displayed: 44 [[FirefoxDriver: firefox on LINUX (441efeaf-8bfb-4f5f-8742-22702fbbceb9)] -> id: DIL]]
13:51:27.551 INFO - Executing: [find elements: By.id: DIL])
13:51:27.566 INFO - Done: [find elements: By.id: DIL]
13:51:27.586 INFO - Executing: [get text: 44 [[FirefoxDriver: firefox on LINUX (441efeaf-8bfb-4f5f-8742-22702fbbceb9)] -> id: DIL]])
13:51:27.631 INFO - Done: [get text: 44 [[FirefoxDriver: firefox on LINUX (441efeaf-8bfb-4f5f-8742-22702fbbceb9)] -> id: DIL]]
13:51:27.633 INFO - Executing: [is displayed: 44 [[FirefoxDriver: firefox on LINUX (441efeaf-8bfb-4f5f-8742-22702fbbceb9)] -> id: DIL]])
13:51:27.670 INFO - Done: [is displayed: 44 [[FirefoxDriver: firefox on LINUX (441efeaf-8bfb-4f5f-8742-22702fbbceb9)] -> id: DIL]]
13:51:27.706 INFO - Executing: [get text: 44 [[FirefoxDriver: firefox on LINUX (441efeaf-8bfb-4f5f-8742-22702fbbceb9)] -> id: DIL]])
13:51:27.722 INFO - Done: [get text: 44 [[FirefoxDriver: firefox on LINUX (441efeaf-8bfb-4f5f-8742-22702fbbceb9)] -> id: DIL]]
13:51:27.739 INFO - Executing: [get text: 44 [[FirefoxDriver: firefox on LINUX (441efeaf-8bfb-4f5f-8742-22702fbbceb9)] -> id: DIL]])
13:51:27.755 INFO - Done: [get text: 44 [[FirefoxDriver: firefox on LINUX (441efeaf-8bfb-4f5f-8742-22702fbbceb9)] -> id: DIL]]
19:58:02.120 INFO - Executing: [get: https://w2.seg-social.es/Xhtml?JacadaApplicationName=SGIRED&TRANSACCION=ATR41&E=I&AP=AFIR])
19:58:06.997 WARN - Exception thrown
org.openqa.selenium.UnhandledAlertException: Unexpected modal dialog (text: Session closed: Failed to locate the session for 'SessionId' parameter (-388922329). Either the session has timed out or your 'SessionId' parameter is invalid.): Session closed: Failed to locate the session for 'SessionId' parameter (-388922329). Either the session has timed out or your 'SessionId' parameter is invalid.
Build info: version: '3.8.1', revision: '6e95a6684b', time: '2017-12-01T19:05:32.194Z'
System info: host: 'localhost.localdomain', ip: '127.0.0.1', os.name: 'Linux', os.arch: 'amd64', os.version: '3.10.0-862.3.2.el7.x86_64', java.version: '1.8.0_171'
Driver info: org.openqa.selenium.firefox.FirefoxDriver
Capabilities {acceptSslCerts: true, applicationCacheEnabled: true, browserName: firefox, cssSelectorsEnabled: true, databaseEnabled: true, handlesAlerts: true, javascriptEnabled: true, locationContextEnabled: true, nativeEvents: false, platform: LINUX, platformName: LINUX, rotatable: false, takesScreenshot: true, version: 52.8.0, webStorageEnabled: true}
Session ID: 441efeaf-8bfb-4f5f-8742-22702fbbceb9
	at sun.reflect.NativeConstructorAccessorImpl.newInstance0(Native Method)
	at sun.reflect.NativeConstructorAccessorImpl.newInstance(NativeConstructorAccessorImpl.java:62)
	at sun.reflect.DelegatingConstructorAccessorImpl.newInstance(DelegatingConstructorAccessorImpl.java:45)
	at java.lang.reflect.Constructor.newInstance(Constructor.java:423)
	at org.openqa.selenium.remote.ErrorHandler.createThrowable(ErrorHandler.java:214)
	at org.openqa.selenium.remote.ErrorHandler.createUnhandledAlertException(ErrorHandler.java:195)
	at org.openqa.selenium.remote.ErrorHandler.throwIfResponseFailed(ErrorHandler.java:156)
	at org.openqa.selenium.remote.http.JsonHttpResponseCodec.reconstructValue(JsonHttpResponseCodec.java:40)
	at org.openqa.selenium.remote.http.AbstractHttpResponseCodec.decode(AbstractHttpResponseCodec.java:80)
	at org.openqa.selenium.remote.http.AbstractHttpResponseCodec.decode(AbstractHttpResponseCodec.java:44)
	at org.openqa.selenium.remote.HttpCommandExecutor.execute(HttpCommandExecutor.java:164)
	at org.openqa.selenium.remote.service.DriverCommandExecutor.execute(DriverCommandExecutor.java:83)
	at org.openqa.selenium.remote.RemoteWebDriver.execute(RemoteWebDriver.java:601)
	at org.openqa.selenium.remote.RemoteWebDriver.get(RemoteWebDriver.java:325)
	at sun.reflect.NativeMethodAccessorImpl.invoke0(Native Method)
	at sun.reflect.NativeMethodAccessorImpl.invoke(NativeMethodAccessorImpl.java:62)
	at sun.reflect.DelegatingMethodAccessorImpl.invoke(DelegatingMethodAccessorImpl.java:43)
	at java.lang.reflect.Method.invoke(Method.java:498)
	at org.openqa.selenium.support.events.EventFiringWebDriver$2.invoke(EventFiringWebDriver.java:108)
	at com.sun.proxy.$Proxy6.get(Unknown Source)
	at org.openqa.selenium.support.events.EventFiringWebDriver.get(EventFiringWebDriver.java:167)
	at org.openqa.selenium.remote.server.handler.ChangeUrl.call(ChangeUrl.java:40)
	at org.openqa.selenium.remote.server.handler.ChangeUrl.call(ChangeUrl.java:25)
	at org.openqa.selenium.remote.server.handler.WebDriverHandler.handle(WebDriverHandler.java:41)
	at org.openqa.selenium.remote.server.rest.ResultConfig.handle(ResultConfig.java:112)
	at org.openqa.selenium.remote.server.JsonHttpCommandHandler.handleRequest(JsonHttpCommandHandler.java:191)
	at org.openqa.selenium.remote.server.DriverServlet.lambda$handleRequest$0(DriverServlet.java:261)
	at java.util.concurrent.Executors$RunnableAdapter.call(Executors.java:511)
	at java.util.concurrent.FutureTask.run(FutureTask.java:266)
	at java.util.concurrent.ThreadPoolExecutor.runWorker(ThreadPoolExecutor.java:1149)
	at java.util.concurrent.ThreadPoolExecutor$Worker.run(ThreadPoolExecutor.java:624)
	at java.lang.Thread.run(Thread.java:748)
19:58:07.087 WARN - Exception: Unexpected modal dialog (text: Session closed: Failed to locate the session for 'SessionId' parameter (-388922329). Either the session has timed out or your 'SessionId' parameter is invalid.): Session closed: Failed to locate the session for 'SessionId' parameter (-388922329). Either the session has timed out or your 'SessionId' parameter is invalid.
Build info: version: '3.8.1', revision: '6e95a6684b', time: '2017-12-01T19:05:32.194Z'
System info: host: 'localhost.localdomain', ip: '127.0.0.1', os.name: 'Linux', os.arch: 'amd64', os.version: '3.10.0-862.3.2.el7.x86_64', java.version: '1.8.0_171'
Driver info: org.openqa.selenium.firefox.FirefoxDriver
Capabilities {acceptSslCerts: true, applicationCacheEnabled: true, browserName: firefox, cssSelectorsEnabled: true, databaseEnabled: true, handlesAlerts: true, javascriptEnabled: true, locationContextEnabled: true, nativeEvents: false, platform: LINUX, platformName: LINUX, rotatable: false, takesScreenshot: true, version: 52.8.0, webStorageEnabled: true}
Session ID: 441efeaf-8bfb-4f5f-8742-22702fbbceb9
