12:19:54.506 INFO - Selenium build info: version: '3.8.1', revision: '6e95a6684b'
12:19:54.521 INFO - Launching a standalone Selenium Server
2018-09-26 12:19:56.375:INFO::main: Logging initialized @5649ms to org.seleniumhq.jetty9.util.log.StdErrLog
12:19:56.653 INFO - Using `new FirefoxOptions()` is preferred to `DesiredCapabilities.firefox()`
12:19:56.821 INFO - Using `new ChromeOptions()` is preferred to `DesiredCapabilities.chrome()`
12:19:56.824 INFO - Using `new EdgeOptions()` is preferred to `DesiredCapabilities.edge()`
12:19:56.825 INFO - Driver class not found: com.opera.core.systems.OperaDriver
12:19:56.825 INFO - Using `new OperaOptions()` is preferred to `DesiredCapabilities.operaBlink()`
12:19:56.833 INFO - Using `new SafariOptions()` is preferred to `DesiredCapabilities.safari()`
12:19:56.834 INFO - Driver class not found: org.openqa.selenium.phantomjs.PhantomJSDriver
12:19:57.120 INFO - Driver provider class org.openqa.selenium.ie.InternetExplorerDriver registration is skipped:
 registration capabilities Capabilities {browserName: internet explorer, ensureCleanSession: true, platform: WINDOWS, version: } does not match the current platform LINUX
12:19:57.120 INFO - Driver provider class org.openqa.selenium.edge.EdgeDriver registration is skipped:
 registration capabilities Capabilities {browserName: MicrosoftEdge, platform: WINDOWS, version: } does not match the current platform LINUX
12:19:57.121 INFO - Driver provider class org.openqa.selenium.safari.SafariDriver registration is skipped:
 registration capabilities Capabilities {browserName: safari, platform: MAC, version: } does not match the current platform LINUX
12:19:57.554 INFO - Using `new ChromeOptions()` is preferred to `DesiredCapabilities.chrome()`
12:19:57.555 INFO - Using `new EdgeOptions()` is preferred to `DesiredCapabilities.edge()`
12:19:57.555 INFO - Using `new FirefoxOptions()` is preferred to `DesiredCapabilities.firefox()`
12:19:57.555 INFO - Using `new OperaOptions()` is preferred to `DesiredCapabilities.operaBlink()`
12:19:57.555 INFO - Using `new SafariOptions()` is preferred to `DesiredCapabilities.safari()`
2018-09-26 12:19:57.722:INFO:osjs.Server:main: jetty-9.4.7.v20170914
2018-09-26 12:19:57.853:WARN:osjs.SecurityHandler:main: ServletContext@o.s.j.s.ServletContextHandler@1d371b2d{/,null,STARTING} has uncovered http methods for path: /
2018-09-26 12:19:57.888:INFO:osjsh.ContextHandler:main: Started o.s.j.s.ServletContextHandler@1d371b2d{/,null,AVAILABLE}
2018-09-26 12:19:58.034:INFO:osjs.AbstractConnector:main: Started ServerConnector@16f7c8c1{HTTP/1.1,[http/1.1]}{0.0.0.0:4444}
2018-09-26 12:19:58.034:INFO:osjs.Server:main: Started @7309ms
12:19:58.035 INFO - Selenium Server is up and running
12:20:07.954 INFO - Executing: [new session: Capabilities {browserName: firefox, firefox_profile: UEsDBAoAAAAAAF1ksEytG51BHQA..., platform: LINUX}])
12:20:08.018 INFO - Creating a new session for Capabilities {browserName: firefox, firefox_profile: UEsDBAoAAAAAAF1ksEytG51BHQA..., platform: LINUX}
12:20:24.432 INFO - Detected dialect: OSS
12:20:24.470 INFO - Done: [new session: Capabilities {browserName: firefox, firefox_profile: UEsDBAoAAAAAAF1ksEytG51BHQA..., platform: LINUX}]
