11:10:21.579 INFO - Selenium build info: version: '3.8.1', revision: '6e95a6684b'
11:10:21.580 INFO - Launching a standalone Selenium Server
2018-06-15 11:10:21.756:INFO::main: Logging initialized @959ms to org.seleniumhq.jetty9.util.log.StdErrLog
11:10:21.855 INFO - Using `new FirefoxOptions()` is preferred to `DesiredCapabilities.firefox()`
11:10:21.887 INFO - Using `new ChromeOptions()` is preferred to `DesiredCapabilities.chrome()`
11:10:21.890 INFO - Using `new EdgeOptions()` is preferred to `DesiredCapabilities.edge()`
11:10:21.891 INFO - Driver class not found: com.opera.core.systems.OperaDriver
11:10:21.891 INFO - Using `new OperaOptions()` is preferred to `DesiredCapabilities.operaBlink()`
11:10:21.892 INFO - Using `new SafariOptions()` is preferred to `DesiredCapabilities.safari()`
11:10:21.893 INFO - Driver class not found: org.openqa.selenium.phantomjs.PhantomJSDriver
11:10:21.995 INFO - Driver provider class org.openqa.selenium.ie.InternetExplorerDriver registration is skipped:
 registration capabilities Capabilities {browserName: internet explorer, ensureCleanSession: true, platform: WINDOWS, version: } does not match the current platform LINUX
11:10:21.996 INFO - Driver provider class org.openqa.selenium.edge.EdgeDriver registration is skipped:
 registration capabilities Capabilities {browserName: MicrosoftEdge, platform: WINDOWS, version: } does not match the current platform LINUX
11:10:21.997 INFO - Driver provider class org.openqa.selenium.safari.SafariDriver registration is skipped:
 registration capabilities Capabilities {browserName: safari, platform: MAC, version: } does not match the current platform LINUX
11:10:22.173 INFO - Using `new ChromeOptions()` is preferred to `DesiredCapabilities.chrome()`
11:10:22.175 INFO - Using `new EdgeOptions()` is preferred to `DesiredCapabilities.edge()`
11:10:22.175 INFO - Using `new FirefoxOptions()` is preferred to `DesiredCapabilities.firefox()`
11:10:22.176 INFO - Using `new OperaOptions()` is preferred to `DesiredCapabilities.operaBlink()`
11:10:22.176 INFO - Using `new SafariOptions()` is preferred to `DesiredCapabilities.safari()`
2018-06-15 11:10:22.325:INFO:osjs.Server:main: jetty-9.4.7.v20170914
2018-06-15 11:10:22.450:WARN:osjs.SecurityHandler:main: ServletContext@o.s.j.s.ServletContextHandler@1d371b2d{/,null,STARTING} has uncovered http methods for path: /
2018-06-15 11:10:22.462:INFO:osjsh.ContextHandler:main: Started o.s.j.s.ServletContextHandler@1d371b2d{/,null,AVAILABLE}
2018-06-15 11:10:22.494:INFO:osjs.AbstractConnector:main: Started ServerConnector@16f7c8c1{HTTP/1.1,[http/1.1]}{0.0.0.0:4444}
2018-06-15 11:10:22.495:INFO:osjs.Server:main: Started @1698ms
11:10:22.495 INFO - Selenium Server is up and running
11:10:32.055 INFO - Executing: [new session: Capabilities {browserName: firefox, firefox_profile: UEsDBBQAAAAIABYBuEykYb5h8QE..., platform: LINUX}])
11:10:32.121 INFO - Creating a new session for Capabilities {browserName: firefox, firefox_profile: UEsDBBQAAAAIABYBuEykYb5h8QE..., platform: LINUX}
11:10:42.764 INFO - Detected dialect: OSS
11:10:42.820 INFO - Done: [new session: Capabilities {browserName: firefox, firefox_profile: UEsDBBQAAAAIABYBuEykYb5h8QE..., platform: LINUX}]
11:10:42.862 INFO - Executing: [get: ])
11:10:43.025 INFO - Done: [get: ]
11:10:43.045 INFO - Executing: [find element: By.name: txt_SDFPROAFI])
11:10:44.301 WARN - Exception thrown
org.openqa.selenium.NoSuchElementException: Unable to locate element: {"method":"name","selector":"txt_SDFPROAFI"}
Command duration or timeout: 0 milliseconds
	at sun.reflect.NativeConstructorAccessorImpl.newInstance0(Native Method)
	at sun.reflect.NativeConstructorAccessorImpl.newInstance(NativeConstructorAccessorImpl.java:62)
	at sun.reflect.DelegatingConstructorAccessorImpl.newInstance(DelegatingConstructorAccessorImpl.java:45)
	at java.lang.reflect.Constructor.newInstance(Constructor.java:423)
	at org.openqa.selenium.remote.ErrorHandler.createThrowable(ErrorHandler.java:214)
	at org.openqa.selenium.remote.ErrorHandler.throwIfResponseFailed(ErrorHandler.java:166)
	at org.openqa.selenium.remote.http.JsonHttpResponseCodec.reconstructValue(JsonHttpResponseCodec.java:40)
	at org.openqa.selenium.remote.http.AbstractHttpResponseCodec.decode(AbstractHttpResponseCodec.java:80)
	at org.openqa.selenium.remote.http.AbstractHttpResponseCodec.decode(AbstractHttpResponseCodec.java:44)
	at org.openqa.selenium.remote.HttpCommandExecutor.execute(HttpCommandExecutor.java:164)
	at org.openqa.selenium.remote.service.DriverCommandExecutor.execute(DriverCommandExecutor.java:83)
	at org.openqa.selenium.remote.RemoteWebDriver.execute(RemoteWebDriver.java:601)
	at org.openqa.selenium.remote.RemoteWebDriver.findElement(RemoteWebDriver.java:371)
	at org.openqa.selenium.remote.RemoteWebDriver.findElementByName(RemoteWebDriver.java:449)
	at org.openqa.selenium.By$ByName.findElement(By.java:303)
	at org.openqa.selenium.remote.RemoteWebDriver.findElement(RemoteWebDriver.java:363)
	at sun.reflect.NativeMethodAccessorImpl.invoke0(Native Method)
	at sun.reflect.NativeMethodAccessorImpl.invoke(NativeMethodAccessorImpl.java:62)
	at sun.reflect.DelegatingMethodAccessorImpl.invoke(DelegatingMethodAccessorImpl.java:43)
	at java.lang.reflect.Method.invoke(Method.java:498)
	at org.openqa.selenium.support.events.EventFiringWebDriver$2.invoke(EventFiringWebDriver.java:108)
	at com.sun.proxy.$Proxy6.findElement(Unknown Source)
	at org.openqa.selenium.support.events.EventFiringWebDriver.findElement(EventFiringWebDriver.java:192)
	at org.openqa.selenium.remote.server.handler.FindElement.call(FindElement.java:48)
	at org.openqa.selenium.remote.server.handler.FindElement.call(FindElement.java:33)
	at org.openqa.selenium.remote.server.handler.WebDriverHandler.handle(WebDriverHandler.java:41)
	at org.openqa.selenium.remote.server.rest.ResultConfig.handle(ResultConfig.java:112)
	at org.openqa.selenium.remote.server.JsonHttpCommandHandler.handleRequest(JsonHttpCommandHandler.java:191)
	at org.openqa.selenium.remote.server.DriverServlet.lambda$handleRequest$0(DriverServlet.java:261)
	at java.util.concurrent.Executors$RunnableAdapter.call(Executors.java:511)
	at java.util.concurrent.FutureTask.run(FutureTask.java:266)
	at java.util.concurrent.ThreadPoolExecutor.runWorker(ThreadPoolExecutor.java:1149)
	at java.util.concurrent.ThreadPoolExecutor$Worker.run(ThreadPoolExecutor.java:624)
	at java.lang.Thread.run(Thread.java:748)
Caused by: org.openqa.selenium.NoSuchElementException: Unable to locate element: {"method":"name","selector":"txt_SDFPROAFI"}
For documentation on this error, please visit: http://seleniumhq.org/exceptions/no_such_element.html
Build info: version: '3.8.1', revision: '6e95a6684b', time: '2017-12-01T19:05:32.194Z'
System info: host: 'localhost.localdomain', ip: '127.0.0.1', os.name: 'Linux', os.arch: 'amd64', os.version: '3.10.0-862.3.2.el7.x86_64', java.version: '1.8.0_171'
Driver info: driver.version: unknown
	at <anonymous class>.FirefoxDriver.prototype.findElementInternal_(file:///tmp/anonymous8919601299544067435webdriver-profile/extensions/fxdriver@googlecode.com/components/driver-component.js:11870)
	at <anonymous class>.FirefoxDriver.prototype.findElement(file:///tmp/anonymous8919601299544067435webdriver-profile/extensions/fxdriver@googlecode.com/components/driver-component.js:11879)
	at <anonymous class>.DelayedCommand.prototype.executeInternal_/k(file:///tmp/anonymous8919601299544067435webdriver-profile/extensions/fxdriver@googlecode.com/components/command-processor.js:13364)
	at <anonymous class>.DelayedCommand.prototype.executeInternal_(file:///tmp/anonymous8919601299544067435webdriver-profile/extensions/fxdriver@googlecode.com/components/command-processor.js:13369)
	at <anonymous class>.DelayedCommand.prototype.execute/<(file:///tmp/anonymous8919601299544067435webdriver-profile/extensions/fxdriver@googlecode.com/components/command-processor.js:13311)
11:10:44.328 WARN - Exception: Unable to locate element: {"method":"name","selector":"txt_SDFPROAFI"}
For documentation on this error, please visit: http://seleniumhq.org/exceptions/no_such_element.html
Build info: version: '3.8.1', revision: '6e95a6684b', time: '2017-12-01T19:05:32.194Z'
System info: host: 'localhost.localdomain', ip: '127.0.0.1', os.name: 'Linux', os.arch: 'amd64', os.version: '3.10.0-862.3.2.el7.x86_64', java.version: '1.8.0_171'
Driver info: driver.version: unknown
11:13:11.329 INFO - Executing: [new session: Capabilities {browserName: firefox, firefox_profile: UEsDBBQAAAAIABYBuEykYb5h8QE..., platform: LINUX}])
11:13:11.331 INFO - Creating a new session for Capabilities {browserName: firefox, firefox_profile: UEsDBBQAAAAIABYBuEykYb5h8QE..., platform: LINUX}
11:13:20.400 INFO - Detected dialect: OSS
11:13:20.403 INFO - Done: [new session: Capabilities {browserName: firefox, firefox_profile: UEsDBBQAAAAIABYBuEykYb5h8QE..., platform: LINUX}]
11:13:20.785 INFO - Executing: [get: https://w2.seg-social.es/Xhtml?JacadaApplicationName=SGIRED&TRANSACCION=ATR45&E=I&AP=AFIR])
11:13:22.953 INFO - Done: [get: https://w2.seg-social.es/Xhtml?JacadaApplicationName=SGIRED&TRANSACCION=ATR45&E=I&AP=AFIR]
11:13:23.029 INFO - Executing: [find element: By.name: txt_SDFPROAFI])
11:13:23.358 INFO - Done: [find element: By.name: txt_SDFPROAFI]
11:13:23.476 INFO - Executing: [send keys: 0 [[FirefoxDriver: firefox on LINUX (4df13bd6-f475-4c73-a398-c347e7482c03)] -> name: txt_SDFPROAFI], [28]])
11:13:23.636 INFO - Done: [send keys: 0 [[FirefoxDriver: firefox on LINUX (4df13bd6-f475-4c73-a398-c347e7482c03)] -> name: txt_SDFPROAFI], [28]]
11:13:23.650 INFO - Executing: [find element: By.name: txt_SDFCODAFI])
11:13:23.699 INFO - Done: [find element: By.name: txt_SDFCODAFI]
11:13:23.711 INFO - Executing: [send keys: 1 [[FirefoxDriver: firefox on LINUX (4df13bd6-f475-4c73-a398-c347e7482c03)] -> name: txt_SDFCODAFI], [1074853502]])
11:13:23.839 INFO - Done: [send keys: 1 [[FirefoxDriver: firefox on LINUX (4df13bd6-f475-4c73-a398-c347e7482c03)] -> name: txt_SDFCODAFI], [1074853502]]
11:13:23.845 INFO - Executing: [find element: By.name: txt_SDFTIPPFI_ayuda])
11:13:23.861 INFO - Done: [find element: By.name: txt_SDFTIPPFI_ayuda]
11:13:23.867 INFO - Executing: [send keys: 2 [[FirefoxDriver: firefox on LINUX (4df13bd6-f475-4c73-a398-c347e7482c03)] -> name: txt_SDFTIPPFI_ayuda], [1]])
11:13:23.908 INFO - Done: [send keys: 2 [[FirefoxDriver: firefox on LINUX (4df13bd6-f475-4c73-a398-c347e7482c03)] -> name: txt_SDFTIPPFI_ayuda], [1]]
11:13:23.913 INFO - Executing: [find element: By.name: txt_SDFNUMPFI])
11:13:23.933 INFO - Done: [find element: By.name: txt_SDFNUMPFI]
11:13:23.937 INFO - Executing: [send keys: 3 [[FirefoxDriver: firefox on LINUX (4df13bd6-f475-4c73-a398-c347e7482c03)] -> name: txt_SDFNUMPFI], [53444580D]])
11:13:23.997 INFO - Done: [send keys: 3 [[FirefoxDriver: firefox on LINUX (4df13bd6-f475-4c73-a398-c347e7482c03)] -> name: txt_SDFNUMPFI], [53444580D]]
11:13:24.000 INFO - Executing: [find element: By.name: txt_SDFREGAFI_ayuda])
11:13:24.031 INFO - Done: [find element: By.name: txt_SDFREGAFI_ayuda]
11:13:24.063 INFO - Executing: [send keys: 4 [[FirefoxDriver: firefox on LINUX (4df13bd6-f475-4c73-a398-c347e7482c03)] -> name: txt_SDFREGAFI_ayuda], [111]])
11:13:24.200 INFO - Done: [send keys: 4 [[FirefoxDriver: firefox on LINUX (4df13bd6-f475-4c73-a398-c347e7482c03)] -> name: txt_SDFREGAFI_ayuda], [111]]
11:13:24.204 INFO - Executing: [find element: By.name: txt_SDFTESCTACOT])
11:13:24.232 INFO - Done: [find element: By.name: txt_SDFTESCTACOT]
11:13:24.239 INFO - Executing: [send keys: 5 [[FirefoxDriver: firefox on LINUX (4df13bd6-f475-4c73-a398-c347e7482c03)] -> name: txt_SDFTESCTACOT], [28]])
11:13:24.315 INFO - Done: [send keys: 5 [[FirefoxDriver: firefox on LINUX (4df13bd6-f475-4c73-a398-c347e7482c03)] -> name: txt_SDFTESCTACOT], [28]]
11:13:24.320 INFO - Executing: [find element: By.name: txt_SDFCTACOT])
11:13:24.345 INFO - Done: [find element: By.name: txt_SDFCTACOT]
11:13:24.349 INFO - Executing: [send keys: 6 [[FirefoxDriver: firefox on LINUX (4df13bd6-f475-4c73-a398-c347e7482c03)] -> name: txt_SDFCTACOT], [149794464]])
11:13:24.410 INFO - Done: [send keys: 6 [[FirefoxDriver: firefox on LINUX (4df13bd6-f475-4c73-a398-c347e7482c03)] -> name: txt_SDFCTACOT], [149794464]]
11:13:24.423 INFO - Executing: [take screenshot])
11:13:24.495 INFO - Done: [take screenshot]
11:13:24.508 INFO - Executing: [find element: By.name: btn_Sub2207601004])
11:13:24.535 INFO - Done: [find element: By.name: btn_Sub2207601004]
11:13:24.543 INFO - Executing: [click: 7 [[FirefoxDriver: firefox on LINUX (4df13bd6-f475-4c73-a398-c347e7482c03)] -> name: btn_Sub2207601004]])
11:13:25.772 INFO - Done: [click: 7 [[FirefoxDriver: firefox on LINUX (4df13bd6-f475-4c73-a398-c347e7482c03)] -> name: btn_Sub2207601004]]
11:13:25.816 INFO - Executing: [find elements: By.name: txt_SDFFREALDD])
11:13:25.986 INFO - Done: [find elements: By.name: txt_SDFFREALDD]
11:13:26.103 INFO - Executing: [find elements: By.id: DIL])
11:13:26.177 INFO - Done: [find elements: By.id: DIL]
11:13:26.193 INFO - Executing: [get text: 9 [[FirefoxDriver: firefox on LINUX (4df13bd6-f475-4c73-a398-c347e7482c03)] -> id: DIL]])
11:13:26.302 INFO - Done: [get text: 9 [[FirefoxDriver: firefox on LINUX (4df13bd6-f475-4c73-a398-c347e7482c03)] -> id: DIL]]
11:13:26.315 INFO - Executing: [is displayed: 9 [[FirefoxDriver: firefox on LINUX (4df13bd6-f475-4c73-a398-c347e7482c03)] -> id: DIL]])
11:13:26.374 INFO - Done: [is displayed: 9 [[FirefoxDriver: firefox on LINUX (4df13bd6-f475-4c73-a398-c347e7482c03)] -> id: DIL]]
11:13:26.391 INFO - Executing: [find element: By.name: txt_SDFFREALDD])
11:13:26.423 INFO - Done: [find element: By.name: txt_SDFFREALDD]
11:13:26.428 INFO - Executing: [send keys: 8 [[FirefoxDriver: firefox on LINUX (4df13bd6-f475-4c73-a398-c347e7482c03)] -> name: txt_SDFFREALDD], [14]])
11:13:26.517 INFO - Done: [send keys: 8 [[FirefoxDriver: firefox on LINUX (4df13bd6-f475-4c73-a398-c347e7482c03)] -> name: txt_SDFFREALDD], [14]]
11:13:26.524 INFO - Executing: [find element: By.name: txt_SDFFREALMM])
11:13:26.549 INFO - Done: [find element: By.name: txt_SDFFREALMM]
11:13:26.560 INFO - Executing: [send keys: 10 [[FirefoxDriver: firefox on LINUX (4df13bd6-f475-4c73-a398-c347e7482c03)] -> name: txt_SDFFREALMM], [06]])
11:13:26.640 INFO - Done: [send keys: 10 [[FirefoxDriver: firefox on LINUX (4df13bd6-f475-4c73-a398-c347e7482c03)] -> name: txt_SDFFREALMM], [06]]
11:13:26.646 INFO - Executing: [find element: By.name: txt_SDFFREALAA])
11:13:26.689 INFO - Done: [find element: By.name: txt_SDFFREALAA]
11:13:26.703 INFO - Executing: [send keys: 11 [[FirefoxDriver: firefox on LINUX (4df13bd6-f475-4c73-a398-c347e7482c03)] -> name: txt_SDFFREALAA], [2018]])
11:13:26.794 INFO - Done: [send keys: 11 [[FirefoxDriver: firefox on LINUX (4df13bd6-f475-4c73-a398-c347e7482c03)] -> name: txt_SDFFREALAA], [2018]]
11:13:26.801 INFO - Executing: [find element: By.name: txt_SDFTICO_ayuda])
11:13:26.844 INFO - Done: [find element: By.name: txt_SDFTICO_ayuda]
11:13:26.850 INFO - Executing: [clear: 12 [[FirefoxDriver: firefox on LINUX (4df13bd6-f475-4c73-a398-c347e7482c03)] -> name: txt_SDFTICO_ayuda]])
11:13:26.906 INFO - Done: [clear: 12 [[FirefoxDriver: firefox on LINUX (4df13bd6-f475-4c73-a398-c347e7482c03)] -> name: txt_SDFTICO_ayuda]]
11:13:26.911 INFO - Executing: [send keys: 12 [[FirefoxDriver: firefox on LINUX (4df13bd6-f475-4c73-a398-c347e7482c03)] -> name: txt_SDFTICO_ayuda], [402]])
11:13:26.989 INFO - Done: [send keys: 12 [[FirefoxDriver: firefox on LINUX (4df13bd6-f475-4c73-a398-c347e7482c03)] -> name: txt_SDFTICO_ayuda], [402]]
11:13:27.004 INFO - Executing: [find element: By.name: txt_SDFCOEFCO_ayuda])
11:13:27.036 INFO - Done: [find element: By.name: txt_SDFCOEFCO_ayuda]
11:13:27.050 INFO - Executing: [clear: 13 [[FirefoxDriver: firefox on LINUX (4df13bd6-f475-4c73-a398-c347e7482c03)] -> name: txt_SDFCOEFCO_ayuda]])
11:13:27.292 INFO - Done: [clear: 13 [[FirefoxDriver: firefox on LINUX (4df13bd6-f475-4c73-a398-c347e7482c03)] -> name: txt_SDFCOEFCO_ayuda]]
11:13:27.307 INFO - Executing: [take screenshot])
11:13:27.459 INFO - Done: [take screenshot]
11:13:27.539 INFO - Executing: [find element: By.name: btn_Sub2207401004])
11:13:27.556 INFO - Done: [find element: By.name: btn_Sub2207401004]
11:13:27.561 INFO - Executing: [click: 14 [[FirefoxDriver: firefox on LINUX (4df13bd6-f475-4c73-a398-c347e7482c03)] -> name: btn_Sub2207401004]])
11:13:28.603 INFO - Done: [click: 14 [[FirefoxDriver: firefox on LINUX (4df13bd6-f475-4c73-a398-c347e7482c03)] -> name: btn_Sub2207401004]]
11:13:28.614 INFO - Executing: [find elements: By.id: SDFSITAFI_ayuda])
11:13:28.649 INFO - Done: [find elements: By.id: SDFSITAFI_ayuda]
11:13:28.673 INFO - Executing: [find elements: By.id: DIL])
11:13:28.719 INFO - Done: [find elements: By.id: DIL]
11:13:28.726 INFO - Executing: [get text: 15 [[FirefoxDriver: firefox on LINUX (4df13bd6-f475-4c73-a398-c347e7482c03)] -> id: DIL]])
11:13:28.764 INFO - Done: [get text: 15 [[FirefoxDriver: firefox on LINUX (4df13bd6-f475-4c73-a398-c347e7482c03)] -> id: DIL]]
11:13:28.774 INFO - Executing: [is displayed: 15 [[FirefoxDriver: firefox on LINUX (4df13bd6-f475-4c73-a398-c347e7482c03)] -> id: DIL]])
11:13:28.806 INFO - Done: [is displayed: 15 [[FirefoxDriver: firefox on LINUX (4df13bd6-f475-4c73-a398-c347e7482c03)] -> id: DIL]]
11:13:28.831 INFO - Executing: [find elements: By.id: DIL])
11:13:28.869 INFO - Done: [find elements: By.id: DIL]
11:13:28.884 INFO - Executing: [get text: 15 [[FirefoxDriver: firefox on LINUX (4df13bd6-f475-4c73-a398-c347e7482c03)] -> id: DIL]])
11:13:28.917 INFO - Done: [get text: 15 [[FirefoxDriver: firefox on LINUX (4df13bd6-f475-4c73-a398-c347e7482c03)] -> id: DIL]]
11:13:28.931 INFO - Executing: [is displayed: 15 [[FirefoxDriver: firefox on LINUX (4df13bd6-f475-4c73-a398-c347e7482c03)] -> id: DIL]])
11:13:28.963 INFO - Done: [is displayed: 15 [[FirefoxDriver: firefox on LINUX (4df13bd6-f475-4c73-a398-c347e7482c03)] -> id: DIL]]
11:13:39.505 INFO - Executing: [get: https://w2.seg-social.es/Xhtml?JacadaApplicationName=SGIRED&TRANSACCION=ATR45&E=I&AP=AFIR])
11:13:40.391 INFO - Done: [get: https://w2.seg-social.es/Xhtml?JacadaApplicationName=SGIRED&TRANSACCION=ATR45&E=I&AP=AFIR]
11:13:40.404 INFO - Executing: [find element: By.name: txt_SDFPROAFI])
11:13:40.440 INFO - Done: [find element: By.name: txt_SDFPROAFI]
11:13:40.447 INFO - Executing: [send keys: 16 [[FirefoxDriver: firefox on LINUX (4df13bd6-f475-4c73-a398-c347e7482c03)] -> name: txt_SDFPROAFI], [28]])
11:13:40.517 INFO - Done: [send keys: 16 [[FirefoxDriver: firefox on LINUX (4df13bd6-f475-4c73-a398-c347e7482c03)] -> name: txt_SDFPROAFI], [28]]
11:13:40.522 INFO - Executing: [find element: By.name: txt_SDFCODAFI])
11:13:40.548 INFO - Done: [find element: By.name: txt_SDFCODAFI]
11:13:40.556 INFO - Executing: [send keys: 17 [[FirefoxDriver: firefox on LINUX (4df13bd6-f475-4c73-a398-c347e7482c03)] -> name: txt_SDFCODAFI], [1074853502]])
11:13:40.654 INFO - Done: [send keys: 17 [[FirefoxDriver: firefox on LINUX (4df13bd6-f475-4c73-a398-c347e7482c03)] -> name: txt_SDFCODAFI], [1074853502]]
11:13:40.660 INFO - Executing: [find element: By.name: txt_SDFTIPPFI_ayuda])
11:13:40.680 INFO - Done: [find element: By.name: txt_SDFTIPPFI_ayuda]
11:13:40.683 INFO - Executing: [send keys: 18 [[FirefoxDriver: firefox on LINUX (4df13bd6-f475-4c73-a398-c347e7482c03)] -> name: txt_SDFTIPPFI_ayuda], [1]])
11:13:40.727 INFO - Done: [send keys: 18 [[FirefoxDriver: firefox on LINUX (4df13bd6-f475-4c73-a398-c347e7482c03)] -> name: txt_SDFTIPPFI_ayuda], [1]]
11:13:40.731 INFO - Executing: [find element: By.name: txt_SDFNUMPFI])
11:13:40.749 INFO - Done: [find element: By.name: txt_SDFNUMPFI]
11:13:40.754 INFO - Executing: [send keys: 19 [[FirefoxDriver: firefox on LINUX (4df13bd6-f475-4c73-a398-c347e7482c03)] -> name: txt_SDFNUMPFI], [53444580D]])
11:13:40.814 INFO - Done: [send keys: 19 [[FirefoxDriver: firefox on LINUX (4df13bd6-f475-4c73-a398-c347e7482c03)] -> name: txt_SDFNUMPFI], [53444580D]]
11:13:40.818 INFO - Executing: [find element: By.name: txt_SDFREGAFI_ayuda])
11:13:40.835 INFO - Done: [find element: By.name: txt_SDFREGAFI_ayuda]
11:13:40.840 INFO - Executing: [send keys: 20 [[FirefoxDriver: firefox on LINUX (4df13bd6-f475-4c73-a398-c347e7482c03)] -> name: txt_SDFREGAFI_ayuda], [111]])
11:13:40.907 INFO - Done: [send keys: 20 [[FirefoxDriver: firefox on LINUX (4df13bd6-f475-4c73-a398-c347e7482c03)] -> name: txt_SDFREGAFI_ayuda], [111]]
11:13:40.911 INFO - Executing: [find element: By.name: txt_SDFTESCTACOT])
11:13:40.931 INFO - Done: [find element: By.name: txt_SDFTESCTACOT]
11:13:40.933 INFO - Executing: [send keys: 21 [[FirefoxDriver: firefox on LINUX (4df13bd6-f475-4c73-a398-c347e7482c03)] -> name: txt_SDFTESCTACOT], [28]])
11:13:41.008 INFO - Done: [send keys: 21 [[FirefoxDriver: firefox on LINUX (4df13bd6-f475-4c73-a398-c347e7482c03)] -> name: txt_SDFTESCTACOT], [28]]
11:13:41.015 INFO - Executing: [find element: By.name: txt_SDFCTACOT])
11:13:41.032 INFO - Done: [find element: By.name: txt_SDFCTACOT]
11:13:41.042 INFO - Executing: [send keys: 22 [[FirefoxDriver: firefox on LINUX (4df13bd6-f475-4c73-a398-c347e7482c03)] -> name: txt_SDFCTACOT], [149794464]])
11:13:41.154 INFO - Done: [send keys: 22 [[FirefoxDriver: firefox on LINUX (4df13bd6-f475-4c73-a398-c347e7482c03)] -> name: txt_SDFCTACOT], [149794464]]
11:13:41.194 INFO - Executing: [take screenshot])
11:13:41.311 INFO - Done: [take screenshot]
11:13:41.322 INFO - Executing: [find element: By.name: btn_Sub2207601004])
11:13:41.347 INFO - Done: [find element: By.name: btn_Sub2207601004]
11:13:41.351 INFO - Executing: [click: 23 [[FirefoxDriver: firefox on LINUX (4df13bd6-f475-4c73-a398-c347e7482c03)] -> name: btn_Sub2207601004]])
11:13:42.331 INFO - Done: [click: 23 [[FirefoxDriver: firefox on LINUX (4df13bd6-f475-4c73-a398-c347e7482c03)] -> name: btn_Sub2207601004]]
11:13:42.372 INFO - Executing: [find elements: By.name: txt_SDFFREALDD])
11:13:42.418 INFO - Done: [find elements: By.name: txt_SDFFREALDD]
11:13:42.442 INFO - Executing: [find elements: By.id: DIL])
11:13:42.462 INFO - Done: [find elements: By.id: DIL]
11:13:42.465 INFO - Executing: [get text: 25 [[FirefoxDriver: firefox on LINUX (4df13bd6-f475-4c73-a398-c347e7482c03)] -> id: DIL]])
11:13:42.484 INFO - Done: [get text: 25 [[FirefoxDriver: firefox on LINUX (4df13bd6-f475-4c73-a398-c347e7482c03)] -> id: DIL]]
11:13:42.486 INFO - Executing: [is displayed: 25 [[FirefoxDriver: firefox on LINUX (4df13bd6-f475-4c73-a398-c347e7482c03)] -> id: DIL]])
11:13:42.501 INFO - Done: [is displayed: 25 [[FirefoxDriver: firefox on LINUX (4df13bd6-f475-4c73-a398-c347e7482c03)] -> id: DIL]]
11:13:42.504 INFO - Executing: [find element: By.name: txt_SDFFREALDD])
11:13:42.518 INFO - Done: [find element: By.name: txt_SDFFREALDD]
11:13:42.526 INFO - Executing: [send keys: 24 [[FirefoxDriver: firefox on LINUX (4df13bd6-f475-4c73-a398-c347e7482c03)] -> name: txt_SDFFREALDD], [14]])
11:13:42.580 INFO - Done: [send keys: 24 [[FirefoxDriver: firefox on LINUX (4df13bd6-f475-4c73-a398-c347e7482c03)] -> name: txt_SDFFREALDD], [14]]
11:13:42.593 INFO - Executing: [find element: By.name: txt_SDFFREALMM])
11:13:42.610 INFO - Done: [find element: By.name: txt_SDFFREALMM]
11:13:42.612 INFO - Executing: [send keys: 26 [[FirefoxDriver: firefox on LINUX (4df13bd6-f475-4c73-a398-c347e7482c03)] -> name: txt_SDFFREALMM], [06]])
11:13:42.656 INFO - Done: [send keys: 26 [[FirefoxDriver: firefox on LINUX (4df13bd6-f475-4c73-a398-c347e7482c03)] -> name: txt_SDFFREALMM], [06]]
11:13:42.659 INFO - Executing: [find element: By.name: txt_SDFFREALAA])
11:13:42.678 INFO - Done: [find element: By.name: txt_SDFFREALAA]
11:13:42.681 INFO - Executing: [send keys: 27 [[FirefoxDriver: firefox on LINUX (4df13bd6-f475-4c73-a398-c347e7482c03)] -> name: txt_SDFFREALAA], [2018]])
11:13:42.725 INFO - Done: [send keys: 27 [[FirefoxDriver: firefox on LINUX (4df13bd6-f475-4c73-a398-c347e7482c03)] -> name: txt_SDFFREALAA], [2018]]
11:13:42.735 INFO - Executing: [find element: By.name: txt_SDFTICO_ayuda])
11:13:42.759 INFO - Done: [find element: By.name: txt_SDFTICO_ayuda]
11:13:42.766 INFO - Executing: [clear: 28 [[FirefoxDriver: firefox on LINUX (4df13bd6-f475-4c73-a398-c347e7482c03)] -> name: txt_SDFTICO_ayuda]])
11:13:42.801 INFO - Done: [clear: 28 [[FirefoxDriver: firefox on LINUX (4df13bd6-f475-4c73-a398-c347e7482c03)] -> name: txt_SDFTICO_ayuda]]
11:13:42.805 INFO - Executing: [send keys: 28 [[FirefoxDriver: firefox on LINUX (4df13bd6-f475-4c73-a398-c347e7482c03)] -> name: txt_SDFTICO_ayuda], [402]])
11:13:42.868 INFO - Done: [send keys: 28 [[FirefoxDriver: firefox on LINUX (4df13bd6-f475-4c73-a398-c347e7482c03)] -> name: txt_SDFTICO_ayuda], [402]]
11:13:42.871 INFO - Executing: [find element: By.name: txt_SDFCOEFCO_ayuda])
11:13:42.886 INFO - Done: [find element: By.name: txt_SDFCOEFCO_ayuda]
11:13:42.889 INFO - Executing: [clear: 29 [[FirefoxDriver: firefox on LINUX (4df13bd6-f475-4c73-a398-c347e7482c03)] -> name: txt_SDFCOEFCO_ayuda]])
11:13:42.917 INFO - Done: [clear: 29 [[FirefoxDriver: firefox on LINUX (4df13bd6-f475-4c73-a398-c347e7482c03)] -> name: txt_SDFCOEFCO_ayuda]]
11:13:42.922 INFO - Executing: [take screenshot])
11:13:43.016 INFO - Done: [take screenshot]
11:13:43.027 INFO - Executing: [find element: By.name: btn_Sub2207401004])
11:13:43.051 INFO - Done: [find element: By.name: btn_Sub2207401004]
11:13:43.053 INFO - Executing: [click: 30 [[FirefoxDriver: firefox on LINUX (4df13bd6-f475-4c73-a398-c347e7482c03)] -> name: btn_Sub2207401004]])
11:13:43.833 INFO - Done: [click: 30 [[FirefoxDriver: firefox on LINUX (4df13bd6-f475-4c73-a398-c347e7482c03)] -> name: btn_Sub2207401004]]
11:13:43.867 INFO - Executing: [find elements: By.id: SDFSITAFI_ayuda])
11:13:43.886 INFO - Done: [find elements: By.id: SDFSITAFI_ayuda]
11:13:43.899 INFO - Executing: [find elements: By.id: DIL])
11:13:43.925 INFO - Done: [find elements: By.id: DIL]
11:13:43.942 INFO - Executing: [get text: 31 [[FirefoxDriver: firefox on LINUX (4df13bd6-f475-4c73-a398-c347e7482c03)] -> id: DIL]])
11:13:43.974 INFO - Done: [get text: 31 [[FirefoxDriver: firefox on LINUX (4df13bd6-f475-4c73-a398-c347e7482c03)] -> id: DIL]]
11:13:43.983 INFO - Executing: [is displayed: 31 [[FirefoxDriver: firefox on LINUX (4df13bd6-f475-4c73-a398-c347e7482c03)] -> id: DIL]])
11:13:44.009 INFO - Done: [is displayed: 31 [[FirefoxDriver: firefox on LINUX (4df13bd6-f475-4c73-a398-c347e7482c03)] -> id: DIL]]
11:13:44.036 INFO - Executing: [find elements: By.id: DIL])
11:13:44.061 INFO - Done: [find elements: By.id: DIL]
11:13:44.064 INFO - Executing: [get text: 31 [[FirefoxDriver: firefox on LINUX (4df13bd6-f475-4c73-a398-c347e7482c03)] -> id: DIL]])
11:13:44.106 INFO - Done: [get text: 31 [[FirefoxDriver: firefox on LINUX (4df13bd6-f475-4c73-a398-c347e7482c03)] -> id: DIL]]
11:13:44.109 INFO - Executing: [is displayed: 31 [[FirefoxDriver: firefox on LINUX (4df13bd6-f475-4c73-a398-c347e7482c03)] -> id: DIL]])
11:13:44.168 INFO - Done: [is displayed: 31 [[FirefoxDriver: firefox on LINUX (4df13bd6-f475-4c73-a398-c347e7482c03)] -> id: DIL]]
11:13:44.205 INFO - Executing: [get text: 31 [[FirefoxDriver: firefox on LINUX (4df13bd6-f475-4c73-a398-c347e7482c03)] -> id: DIL]])
11:13:44.264 INFO - Done: [get text: 31 [[FirefoxDriver: firefox on LINUX (4df13bd6-f475-4c73-a398-c347e7482c03)] -> id: DIL]]
11:13:44.287 INFO - Executing: [get text: 31 [[FirefoxDriver: firefox on LINUX (4df13bd6-f475-4c73-a398-c347e7482c03)] -> id: DIL]])
11:13:44.346 INFO - Done: [get text: 31 [[FirefoxDriver: firefox on LINUX (4df13bd6-f475-4c73-a398-c347e7482c03)] -> id: DIL]]
11:14:21.356 INFO - Executing: [get: https://w2.seg-social.es/Xhtml?JacadaApplicationName=SGIRED&TRANSACCION=ATR45&E=I&AP=AFIR])
11:14:22.111 INFO - Done: [get: https://w2.seg-social.es/Xhtml?JacadaApplicationName=SGIRED&TRANSACCION=ATR45&E=I&AP=AFIR]
11:14:22.139 INFO - Executing: [find element: By.name: txt_SDFPROAFI])
11:14:22.204 INFO - Done: [find element: By.name: txt_SDFPROAFI]
11:14:22.208 INFO - Executing: [send keys: 32 [[FirefoxDriver: firefox on LINUX (4df13bd6-f475-4c73-a398-c347e7482c03)] -> name: txt_SDFPROAFI], [41]])
11:14:22.325 INFO - Done: [send keys: 32 [[FirefoxDriver: firefox on LINUX (4df13bd6-f475-4c73-a398-c347e7482c03)] -> name: txt_SDFPROAFI], [41]]
11:14:22.336 INFO - Executing: [find element: By.name: txt_SDFCODAFI])
11:14:22.370 INFO - Done: [find element: By.name: txt_SDFCODAFI]
11:14:22.377 INFO - Executing: [send keys: 33 [[FirefoxDriver: firefox on LINUX (4df13bd6-f475-4c73-a398-c347e7482c03)] -> name: txt_SDFCODAFI], [1038868003]])
11:14:22.492 INFO - Done: [send keys: 33 [[FirefoxDriver: firefox on LINUX (4df13bd6-f475-4c73-a398-c347e7482c03)] -> name: txt_SDFCODAFI], [1038868003]]
11:14:22.497 INFO - Executing: [find element: By.name: txt_SDFTIPPFI_ayuda])
11:14:22.519 INFO - Done: [find element: By.name: txt_SDFTIPPFI_ayuda]
11:14:22.525 INFO - Executing: [send keys: 34 [[FirefoxDriver: firefox on LINUX (4df13bd6-f475-4c73-a398-c347e7482c03)] -> name: txt_SDFTIPPFI_ayuda], [1]])
11:14:22.569 INFO - Done: [send keys: 34 [[FirefoxDriver: firefox on LINUX (4df13bd6-f475-4c73-a398-c347e7482c03)] -> name: txt_SDFTIPPFI_ayuda], [1]]
11:14:22.574 INFO - Executing: [find element: By.name: txt_SDFNUMPFI])
11:14:22.592 INFO - Done: [find element: By.name: txt_SDFNUMPFI]
11:14:22.596 INFO - Executing: [send keys: 35 [[FirefoxDriver: firefox on LINUX (4df13bd6-f475-4c73-a398-c347e7482c03)] -> name: txt_SDFNUMPFI], [14326679W]])
11:14:22.664 INFO - Done: [send keys: 35 [[FirefoxDriver: firefox on LINUX (4df13bd6-f475-4c73-a398-c347e7482c03)] -> name: txt_SDFNUMPFI], [14326679W]]
11:14:22.668 INFO - Executing: [find element: By.name: txt_SDFREGAFI_ayuda])
11:14:22.693 INFO - Done: [find element: By.name: txt_SDFREGAFI_ayuda]
11:14:22.706 INFO - Executing: [send keys: 36 [[FirefoxDriver: firefox on LINUX (4df13bd6-f475-4c73-a398-c347e7482c03)] -> name: txt_SDFREGAFI_ayuda], [111]])
11:14:22.801 INFO - Done: [send keys: 36 [[FirefoxDriver: firefox on LINUX (4df13bd6-f475-4c73-a398-c347e7482c03)] -> name: txt_SDFREGAFI_ayuda], [111]]
11:14:22.817 INFO - Executing: [find element: By.name: txt_SDFTESCTACOT])
11:14:22.833 INFO - Done: [find element: By.name: txt_SDFTESCTACOT]
11:14:22.836 INFO - Executing: [send keys: 37 [[FirefoxDriver: firefox on LINUX (4df13bd6-f475-4c73-a398-c347e7482c03)] -> name: txt_SDFTESCTACOT], [28]])
11:14:22.891 INFO - Done: [send keys: 37 [[FirefoxDriver: firefox on LINUX (4df13bd6-f475-4c73-a398-c347e7482c03)] -> name: txt_SDFTESCTACOT], [28]]
11:14:22.896 INFO - Executing: [find element: By.name: txt_SDFCTACOT])
11:14:22.920 INFO - Done: [find element: By.name: txt_SDFCTACOT]
11:14:22.924 INFO - Executing: [send keys: 38 [[FirefoxDriver: firefox on LINUX (4df13bd6-f475-4c73-a398-c347e7482c03)] -> name: txt_SDFCTACOT], [149794464]])
11:14:22.995 INFO - Done: [send keys: 38 [[FirefoxDriver: firefox on LINUX (4df13bd6-f475-4c73-a398-c347e7482c03)] -> name: txt_SDFCTACOT], [149794464]]
11:14:23.012 INFO - Executing: [take screenshot])
11:14:23.213 INFO - Done: [take screenshot]
11:14:23.243 INFO - Executing: [find element: By.name: btn_Sub2207601004])
11:14:23.282 INFO - Done: [find element: By.name: btn_Sub2207601004]
11:14:23.287 INFO - Executing: [click: 39 [[FirefoxDriver: firefox on LINUX (4df13bd6-f475-4c73-a398-c347e7482c03)] -> name: btn_Sub2207601004]])
11:14:24.153 INFO - Done: [click: 39 [[FirefoxDriver: firefox on LINUX (4df13bd6-f475-4c73-a398-c347e7482c03)] -> name: btn_Sub2207601004]]
11:14:24.199 INFO - Executing: [find elements: By.name: txt_SDFFREALDD])
11:14:24.293 INFO - Done: [find elements: By.name: txt_SDFFREALDD]
11:14:24.329 INFO - Executing: [find elements: By.id: DIL])
11:14:24.349 INFO - Done: [find elements: By.id: DIL]
11:14:24.364 INFO - Executing: [get text: 41 [[FirefoxDriver: firefox on LINUX (4df13bd6-f475-4c73-a398-c347e7482c03)] -> id: DIL]])
11:14:24.423 INFO - Done: [get text: 41 [[FirefoxDriver: firefox on LINUX (4df13bd6-f475-4c73-a398-c347e7482c03)] -> id: DIL]]
11:14:24.427 INFO - Executing: [is displayed: 41 [[FirefoxDriver: firefox on LINUX (4df13bd6-f475-4c73-a398-c347e7482c03)] -> id: DIL]])
11:14:24.454 INFO - Done: [is displayed: 41 [[FirefoxDriver: firefox on LINUX (4df13bd6-f475-4c73-a398-c347e7482c03)] -> id: DIL]]
11:14:24.459 INFO - Executing: [find element: By.name: txt_SDFFREALDD])
11:14:24.480 INFO - Done: [find element: By.name: txt_SDFFREALDD]
11:14:24.485 INFO - Executing: [send keys: 40 [[FirefoxDriver: firefox on LINUX (4df13bd6-f475-4c73-a398-c347e7482c03)] -> name: txt_SDFFREALDD], [14]])
11:14:24.582 INFO - Done: [send keys: 40 [[FirefoxDriver: firefox on LINUX (4df13bd6-f475-4c73-a398-c347e7482c03)] -> name: txt_SDFFREALDD], [14]]
11:14:24.586 INFO - Executing: [find element: By.name: txt_SDFFREALMM])
11:14:24.620 INFO - Done: [find element: By.name: txt_SDFFREALMM]
11:14:24.624 INFO - Executing: [send keys: 42 [[FirefoxDriver: firefox on LINUX (4df13bd6-f475-4c73-a398-c347e7482c03)] -> name: txt_SDFFREALMM], [06]])
11:14:24.716 INFO - Done: [send keys: 42 [[FirefoxDriver: firefox on LINUX (4df13bd6-f475-4c73-a398-c347e7482c03)] -> name: txt_SDFFREALMM], [06]]
11:14:24.721 INFO - Executing: [find element: By.name: txt_SDFFREALAA])
11:14:24.748 INFO - Done: [find element: By.name: txt_SDFFREALAA]
11:14:24.751 INFO - Executing: [send keys: 43 [[FirefoxDriver: firefox on LINUX (4df13bd6-f475-4c73-a398-c347e7482c03)] -> name: txt_SDFFREALAA], [2018]])
11:14:24.862 INFO - Done: [send keys: 43 [[FirefoxDriver: firefox on LINUX (4df13bd6-f475-4c73-a398-c347e7482c03)] -> name: txt_SDFFREALAA], [2018]]
11:14:24.866 INFO - Executing: [find element: By.name: txt_SDFTICO_ayuda])
11:14:24.897 INFO - Done: [find element: By.name: txt_SDFTICO_ayuda]
11:14:24.901 INFO - Executing: [clear: 44 [[FirefoxDriver: firefox on LINUX (4df13bd6-f475-4c73-a398-c347e7482c03)] -> name: txt_SDFTICO_ayuda]])
11:14:24.933 INFO - Done: [clear: 44 [[FirefoxDriver: firefox on LINUX (4df13bd6-f475-4c73-a398-c347e7482c03)] -> name: txt_SDFTICO_ayuda]]
11:14:24.941 INFO - Executing: [send keys: 44 [[FirefoxDriver: firefox on LINUX (4df13bd6-f475-4c73-a398-c347e7482c03)] -> name: txt_SDFTICO_ayuda], [402]])
11:14:25.017 INFO - Done: [send keys: 44 [[FirefoxDriver: firefox on LINUX (4df13bd6-f475-4c73-a398-c347e7482c03)] -> name: txt_SDFTICO_ayuda], [402]]
11:14:25.029 INFO - Executing: [find element: By.name: txt_SDFCOEFCO_ayuda])
11:14:25.086 INFO - Done: [find element: By.name: txt_SDFCOEFCO_ayuda]
11:14:25.093 INFO - Executing: [clear: 45 [[FirefoxDriver: firefox on LINUX (4df13bd6-f475-4c73-a398-c347e7482c03)] -> name: txt_SDFCOEFCO_ayuda]])
11:14:25.176 INFO - Done: [clear: 45 [[FirefoxDriver: firefox on LINUX (4df13bd6-f475-4c73-a398-c347e7482c03)] -> name: txt_SDFCOEFCO_ayuda]]
11:14:25.193 INFO - Executing: [take screenshot])
11:14:25.370 INFO - Done: [take screenshot]
11:14:25.382 INFO - Executing: [find element: By.name: btn_Sub2207401004])
11:14:25.409 INFO - Done: [find element: By.name: btn_Sub2207401004]
11:14:25.418 INFO - Executing: [click: 46 [[FirefoxDriver: firefox on LINUX (4df13bd6-f475-4c73-a398-c347e7482c03)] -> name: btn_Sub2207401004]])
11:14:26.202 INFO - Done: [click: 46 [[FirefoxDriver: firefox on LINUX (4df13bd6-f475-4c73-a398-c347e7482c03)] -> name: btn_Sub2207401004]]
11:14:26.230 INFO - Executing: [find elements: By.id: SDFSITAFI_ayuda])
11:14:26.271 INFO - Done: [find elements: By.id: SDFSITAFI_ayuda]
11:14:26.287 INFO - Executing: [find elements: By.id: DIL])
11:14:26.315 INFO - Done: [find elements: By.id: DIL]
11:14:26.317 INFO - Executing: [get text: 47 [[FirefoxDriver: firefox on LINUX (4df13bd6-f475-4c73-a398-c347e7482c03)] -> id: DIL]])
11:14:26.345 INFO - Done: [get text: 47 [[FirefoxDriver: firefox on LINUX (4df13bd6-f475-4c73-a398-c347e7482c03)] -> id: DIL]]
11:14:26.351 INFO - Executing: [is displayed: 47 [[FirefoxDriver: firefox on LINUX (4df13bd6-f475-4c73-a398-c347e7482c03)] -> id: DIL]])
11:14:26.379 INFO - Done: [is displayed: 47 [[FirefoxDriver: firefox on LINUX (4df13bd6-f475-4c73-a398-c347e7482c03)] -> id: DIL]]
11:14:26.395 INFO - Executing: [find elements: By.id: DIL])
11:14:26.415 INFO - Done: [find elements: By.id: DIL]
11:14:26.425 INFO - Executing: [get text: 47 [[FirefoxDriver: firefox on LINUX (4df13bd6-f475-4c73-a398-c347e7482c03)] -> id: DIL]])
11:14:26.463 INFO - Done: [get text: 47 [[FirefoxDriver: firefox on LINUX (4df13bd6-f475-4c73-a398-c347e7482c03)] -> id: DIL]]
11:14:26.466 INFO - Executing: [is displayed: 47 [[FirefoxDriver: firefox on LINUX (4df13bd6-f475-4c73-a398-c347e7482c03)] -> id: DIL]])
11:14:26.495 INFO - Done: [is displayed: 47 [[FirefoxDriver: firefox on LINUX (4df13bd6-f475-4c73-a398-c347e7482c03)] -> id: DIL]]
