20:42:42.389 INFO - Selenium build info: version: '3.8.1', revision: '6e95a6684b'
20:42:42.391 INFO - Launching a standalone Selenium Server
2018-06-12 20:42:42.586:INFO::main: Logging initialized @1001ms to org.seleniumhq.jetty9.util.log.StdErrLog
20:42:42.706 INFO - Using `new FirefoxOptions()` is preferred to `DesiredCapabilities.firefox()`
20:42:42.751 INFO - Using `new ChromeOptions()` is preferred to `DesiredCapabilities.chrome()`
20:42:42.755 INFO - Using `new EdgeOptions()` is preferred to `DesiredCapabilities.edge()`
20:42:42.756 INFO - Driver class not found: com.opera.core.systems.OperaDriver
20:42:42.756 INFO - Using `new OperaOptions()` is preferred to `DesiredCapabilities.operaBlink()`
20:42:42.757 INFO - Using `new SafariOptions()` is preferred to `DesiredCapabilities.safari()`
20:42:42.758 INFO - Driver class not found: org.openqa.selenium.phantomjs.PhantomJSDriver
20:42:42.838 INFO - Driver provider class org.openqa.selenium.ie.InternetExplorerDriver registration is skipped:
 registration capabilities Capabilities {browserName: internet explorer, ensureCleanSession: true, platform: WINDOWS, version: } does not match the current platform LINUX
20:42:42.838 INFO - Driver provider class org.openqa.selenium.edge.EdgeDriver registration is skipped:
 registration capabilities Capabilities {browserName: MicrosoftEdge, platform: WINDOWS, version: } does not match the current platform LINUX
20:42:42.839 INFO - Driver provider class org.openqa.selenium.safari.SafariDriver registration is skipped:
 registration capabilities Capabilities {browserName: safari, platform: MAC, version: } does not match the current platform LINUX
20:42:42.923 INFO - Using `new ChromeOptions()` is preferred to `DesiredCapabilities.chrome()`
20:42:42.924 INFO - Using `new EdgeOptions()` is preferred to `DesiredCapabilities.edge()`
20:42:42.924 INFO - Using `new FirefoxOptions()` is preferred to `DesiredCapabilities.firefox()`
20:42:42.925 INFO - Using `new OperaOptions()` is preferred to `DesiredCapabilities.operaBlink()`
20:42:42.925 INFO - Using `new SafariOptions()` is preferred to `DesiredCapabilities.safari()`
2018-06-12 20:42:43.007:INFO:osjs.Server:main: jetty-9.4.7.v20170914
2018-06-12 20:42:43.100:WARN:osjs.SecurityHandler:main: ServletContext@o.s.j.s.ServletContextHandler@1d371b2d{/,null,STARTING} has uncovered http methods for path: /
2018-06-12 20:42:43.106:INFO:osjsh.ContextHandler:main: Started o.s.j.s.ServletContextHandler@1d371b2d{/,null,AVAILABLE}
Usage: <main class> [options]
  Options:
    --version, -version
       Displays the version and exits.
       Default: false
    -browserTimeout
       <Integer> in seconds : number of seconds a browser session is allowed to
       hang while20:42:44.634 INFO - Executing: [new session: Capabilities {browserName: firefox, firefox_profile: UEsDBBQAAAAIABYBuEykYb5h8QE..., platform: LINUX}])
20:42:44.712 INFO - Creating a new session for Capabilities {browserName: firefox, firefox_profile: UEsDBBQAAAAIABYBuEykYb5h8QE..., platform: LINUX}
20:42:55.114 INFO - Detected dialect: OSS
20:42:55.171 INFO - Done: [new session: Capabilities {browserName: firefox, firefox_profile: UEsDBBQAAAAIABYBuEykYb5h8QE..., platform: LINUX}]
20:42:55.425 INFO - Executing: [get: https://w2.seg-social.es/Xhtml?JacadaApplicationName=SGIRED&TRANSACCION=ATR02&E=I&AP=AFIR])
20:42:56.857 INFO - Done: [get: https://w2.seg-social.es/Xhtml?JacadaApplicationName=SGIRED&TRANSACCION=ATR02&E=I&AP=AFIR]
20:42:56.886 INFO - Executing: [find element: By.name: txt_SDFIDPRONAF])
20:42:57.060 INFO - Done: [find element: By.name: txt_SDFIDPRONAF]
20:42:57.069 INFO - Executing: [send keys: 0 [[FirefoxDriver: firefox on LINUX (256200b0-f677-49c3-93ff-56361d348c34)] -> name: txt_SDFIDPRONAF], [28]])
20:42:57.180 INFO - Done: [send keys: 0 [[FirefoxDriver: firefox on LINUX (256200b0-f677-49c3-93ff-56361d348c34)] -> name: txt_SDFIDPRONAF], [28]]
20:42:57.186 INFO - Executing: [find element: By.name: txt_SDFIDNAFCON])
20:42:57.214 INFO - Done: [find element: By.name: txt_SDFIDNAFCON]
20:42:57.226 INFO - Executing: [send keys: 1 [[FirefoxDriver: firefox on LINUX (256200b0-f677-49c3-93ff-56361d348c34)] -> name: txt_SDFIDNAFCON], [1252179000]])
20:42:57.348 INFO - Done: [send keys: 1 [[FirefoxDriver: firefox on LINUX (256200b0-f677-49c3-93ff-56361d348c34)] -> name: txt_SDFIDNAFCON], [1252179000]]
20:42:57.352 INFO - Executing: [find element: By.name: txt_SDFIDTIPOPF_ayuda])
20:42:57.373 INFO - Done: [find element: By.name: txt_SDFIDTIPOPF_ayuda]
20:42:57.377 INFO - Executing: [send keys: 2 [[FirefoxDriver: firefox on LINUX (256200b0-f677-49c3-93ff-56361d348c34)] -> name: txt_SDFIDTIPOPF_ayuda], [1]])
20:42:57.432 INFO - Done: [send keys: 2 [[FirefoxDriver: firefox on LINUX (256200b0-f677-49c3-93ff-56361d348c34)] -> name: txt_SDFIDTIPOPF_ayuda], [1]]
20:42:57.437 INFO - Executing: [find element: By.name: txt_SDFIDNIDEPF])
20:42:57.496 INFO - Done: [find element: By.name: txt_SDFIDNIDEPF]
20:42:57.514 INFO - Executing: [send keys: 3 [[FirefoxDriver: firefox on LINUX (256200b0-f677-49c3-93ff-56361d348c34)] -> name: txt_SDFIDNIDEPF], [53419551G]])
20:42:57.633 INFO - Done: [send keys: 3 [[FirefoxDriver: firefox on LINUX (256200b0-f677-49c3-93ff-56361d348c34)] -> name: txt_SDFIDNIDEPF], [53419551G]]
20:42:57.641 INFO - Executing: [find element: By.name: txt_SDFIDREGIMEN_ayuda])
20:42:57.675 INFO - Done: [find element: By.name: txt_SDFIDREGIMEN_ayuda]
20:42:57.692 INFO - Executing: [send keys: 4 [[FirefoxDriver: firefox on LINUX (256200b0-f677-49c3-93ff-56361d348c34)] -> name: txt_SDFIDREGIMEN_ayuda], [111]])
20:42:57.819 INFO - Done: [send keys: 4 [[FirefoxDriver: firefox on LINUX (256200b0-f677-49c3-93ff-56361d348c34)] -> name: txt_SDFIDREGIMEN_ayuda], [111]]
20:42:57.826 INFO - Executing: [find element: By.name: txt_SDFIDTESCTA])
20:42:57.862 INFO - Done: [find element: By.name: txt_SDFIDTESCTA]
20:42:57.869 INFO - Executing: [send keys: 5 [[FirefoxDriver: firefox on LINUX (256200b0-f677-49c3-93ff-56361d348c34)] -> name: txt_SDFIDTESCTA], [28]])
20:42:57.958 INFO - Done: [send keys: 5 [[FirefoxDriver: firefox on LINUX (256200b0-f677-49c3-93ff-56361d348c34)] -> name: txt_SDFIDTESCTA], [28]]
20:42:57.967 INFO - Executing: [find element: By.name: txt_SDFIDCTACON])
20:42:58.009 INFO - Done: [find element: By.name: txt_SDFIDCTACON]
20:42:58.015 INFO - Executing: [send keys: 6 [[FirefoxDriver: firefox on LINUX (256200b0-f677-49c3-93ff-56361d348c34)] -> name: txt_SDFIDCTACON], [149794464]])
20:42:58.133 INFO - Done: [send keys: 6 [[FirefoxDriver: firefox on LINUX (256200b0-f677-49c3-93ff-56361d348c34)] -> name: txt_SDFIDCTACON], [149794464]]
20:42:58.142 INFO - Executing: [find element: By.name: txt_SDFIDFREALDD])
20:42:58.168 INFO - Done: [find element: By.name: txt_SDFIDFREALDD]
