11:50:56.934 INFO - Selenium build info: version: '3.8.1', revision: '6e95a6684b'
11:50:56.935 INFO - Launching a standalone Selenium Server
2018-07-09 11:50:57.174:INFO::main: Logging initialized @1166ms to org.seleniumhq.jetty9.util.log.StdErrLog
11:50:57.318 INFO - Using `new FirefoxOptions()` is preferred to `DesiredCapabilities.firefox()`
11:50:57.363 INFO - Using `new ChromeOptions()` is preferred to `DesiredCapabilities.chrome()`
11:50:57.367 INFO - Using `new EdgeOptions()` is preferred to `DesiredCapabilities.edge()`
11:50:57.373 INFO - Driver class not found: com.opera.core.systems.OperaDriver
11:50:57.373 INFO - Using `new OperaOptions()` is preferred to `DesiredCapabilities.operaBlink()`
11:50:57.374 INFO - Using `new SafariOptions()` is preferred to `DesiredCapabilities.safari()`
11:50:57.375 INFO - Driver class not found: org.openqa.selenium.phantomjs.PhantomJSDriver
11:50:57.474 INFO - Driver provider class org.openqa.selenium.ie.InternetExplorerDriver registration is skipped:
 registration capabilities Capabilities {browserName: internet explorer, ensureCleanSession: true, platform: WINDOWS, version: } does not match the current platform LINUX
11:50:57.475 INFO - Driver provider class org.openqa.selenium.edge.EdgeDriver registration is skipped:
 registration capabilities Capabilities {browserName: MicrosoftEdge, platform: WINDOWS, version: } does not match the current platform LINUX
11:50:57.476 INFO - Driver provider class org.openqa.selenium.safari.SafariDriver registration is skipped:
 registration capabilities Capabilities {browserName: safari, platform: MAC, version: } does not match the current platform LINUX
11:50:57.604 INFO - Using `new ChromeOptions()` is preferred to `DesiredCapabilities.chrome()`
11:50:57.605 INFO - Using `new EdgeOptions()` is preferred to `DesiredCapabilities.edge()`
11:50:57.605 INFO - Using `new FirefoxOptions()` is preferred to `DesiredCapabilities.firefox()`
11:50:57.606 INFO - Using `new OperaOptions()` is preferred to `DesiredCapabilities.operaBlink()`
11:50:57.606 INFO - Using `new SafariOptions()` is preferred to `DesiredCapabilities.safari()`
2018-07-09 11:50:57.771:INFO:osjs.Server:main: jetty-9.4.7.v20170914
2018-07-09 11:50:57.874:WARN:osjs.SecurityHandler:main: ServletContext@o.s.j.s.ServletContextHandler@1d371b2d{/,null,STARTING} has uncovered http methods for path: /
2018-07-09 11:50:57.886:INFO:osjsh.ContextHandler:main: Started o.s.j.s.ServletContextHandler@1d371b2d{/,null,AVAILABLE}
Usage: <main class> [options]
  Options:
    --version, -version
       Displays the version and exits.
       Default: false
    -browserTimeout
       <Integer> in seconds : number of seconds a browser session is allowed to
       hang while11:50:59.566 INFO - Executing: [new session: Capabilities {browserName: firefox, firefox_profile: UEsDBBQAAAAIABYBuEykYb5h8QE..., platform: LINUX}])
11:50:59.627 INFO - Creating a new session for Capabilities {browserName: firefox, firefox_profile: UEsDBBQAAAAIABYBuEykYb5h8QE..., platform: LINUX}
11:51:09.926 INFO - Detected dialect: OSS
11:51:09.964 INFO - Done: [new session: Capabilities {browserName: firefox, firefox_profile: UEsDBBQAAAAIABYBuEykYb5h8QE..., platform: LINUX}]
11:51:10.285 INFO - Executing: [get: https://w2.seg-social.es/Xhtml?JacadaApplicationName=SGIRED&TRANSACCION=ATR41&E=I&AP=AFIR])
11:51:11.936 INFO - Done: [get: https://w2.seg-social.es/Xhtml?JacadaApplicationName=SGIRED&TRANSACCION=ATR41&E=I&AP=AFIR]
11:51:11.953 INFO - Executing: [find element: By.name: txt_SDFTESORNAF])
11:51:12.119 INFO - Done: [find element: By.name: txt_SDFTESORNAF]
11:51:12.149 INFO - Executing: [send keys: 0 [[FirefoxDriver: firefox on LINUX (2046bf92-0c10-4193-af7b-5541df0fade1)] -> name: txt_SDFTESORNAF], [46]])
11:51:12.320 INFO - Done: [send keys: 0 [[FirefoxDriver: firefox on LINUX (2046bf92-0c10-4193-af7b-5541df0fade1)] -> name: txt_SDFTESORNAF], [46]]
11:51:12.326 INFO - Executing: [find element: By.name: txt_SDFNUMNAF])
11:51:12.361 INFO - Done: [find element: By.name: txt_SDFNUMNAF]
11:51:12.372 INFO - Executing: [send keys: 1 [[FirefoxDriver: firefox on LINUX (2046bf92-0c10-4193-af7b-5541df0fade1)] -> name: txt_SDFNUMNAF], [1072254410]])
11:51:12.484 INFO - Done: [send keys: 1 [[FirefoxDriver: firefox on LINUX (2046bf92-0c10-4193-af7b-5541df0fade1)] -> name: txt_SDFNUMNAF], [1072254410]]
11:51:12.490 INFO - Executing: [find element: By.name: txt_SDFREGCC_ayuda])
11:51:12.515 INFO - Done: [find element: By.name: txt_SDFREGCC_ayuda]
11:51:12.525 INFO - Executing: [send keys: 2 [[FirefoxDriver: firefox on LINUX (2046bf92-0c10-4193-af7b-5541df0fade1)] -> name: txt_SDFREGCC_ayuda], [111]])
11:51:12.585 INFO - Done: [send keys: 2 [[FirefoxDriver: firefox on LINUX (2046bf92-0c10-4193-af7b-5541df0fade1)] -> name: txt_SDFREGCC_ayuda], [111]]
11:51:12.599 INFO - Executing: [find element: By.name: txt_SDFTESCC])
11:51:12.628 INFO - Done: [find element: By.name: txt_SDFTESCC]
11:51:12.633 INFO - Executing: [send keys: 3 [[FirefoxDriver: firefox on LINUX (2046bf92-0c10-4193-af7b-5541df0fade1)] -> name: txt_SDFTESCC], [28]])
11:51:12.713 INFO - Done: [send keys: 3 [[FirefoxDriver: firefox on LINUX (2046bf92-0c10-4193-af7b-5541df0fade1)] -> name: txt_SDFTESCC], [28]]
11:51:12.722 INFO - Executing: [find element: By.name: txt_SDFNUMCC])
11:51:12.767 INFO - Done: [find element: By.name: txt_SDFNUMCC]
11:51:12.775 INFO - Executing: [send keys: 4 [[FirefoxDriver: firefox on LINUX (2046bf92-0c10-4193-af7b-5541df0fade1)] -> name: txt_SDFNUMCC], [149794464]])
11:51:12.865 INFO - Done: [send keys: 4 [[FirefoxDriver: firefox on LINUX (2046bf92-0c10-4193-af7b-5541df0fade1)] -> name: txt_SDFNUMCC], [149794464]]
11:51:12.876 INFO - Executing: [take screenshot])
11:51:12.976 INFO - Done: [take screenshot]
11:51:12.989 INFO - Executing: [find element: By.name: btn_Sub2207501004])
11:51:13.016 INFO - Done: [find element: By.name: btn_Sub2207501004]
11:51:13.043 INFO - Executing: [click: 5 [[FirefoxDriver: firefox on LINUX (2046bf92-0c10-4193-af7b-5541df0fade1)] -> name: btn_Sub2207501004]])
11:51:13.837 INFO - Done: [click: 5 [[FirefoxDriver: firefox on LINUX (2046bf92-0c10-4193-af7b-5541df0fade1)] -> name: btn_Sub2207501004]]
11:51:13.862 INFO - Executing: [find elements: By.name: txt_SDFSITALT_ayuda])
11:51:13.897 INFO - Done: [find elements: By.name: txt_SDFSITALT_ayuda]
11:51:13.910 INFO - Executing: [find elements: By.id: DIL])
11:51:13.929 INFO - Done: [find elements: By.id: DIL]
11:51:13.935 INFO - Executing: [get text: 6 [[FirefoxDriver: firefox on LINUX (2046bf92-0c10-4193-af7b-5541df0fade1)] -> id: DIL]])
11:51:14.011 INFO - Done: [get text: 6 [[FirefoxDriver: firefox on LINUX (2046bf92-0c10-4193-af7b-5541df0fade1)] -> id: DIL]]
11:51:14.015 INFO - Executing: [is displayed: 6 [[FirefoxDriver: firefox on LINUX (2046bf92-0c10-4193-af7b-5541df0fade1)] -> id: DIL]])
11:51:14.048 INFO - Done: [is displayed: 6 [[FirefoxDriver: firefox on LINUX (2046bf92-0c10-4193-af7b-5541df0fade1)] -> id: DIL]]
11:51:14.100 INFO - Executing: [find elements: By.id: DIL])
11:51:14.147 INFO - Done: [find elements: By.id: DIL]
11:51:14.150 INFO - Executing: [get text: 6 [[FirefoxDriver: firefox on LINUX (2046bf92-0c10-4193-af7b-5541df0fade1)] -> id: DIL]])
11:51:14.271 INFO - Done: [get text: 6 [[FirefoxDriver: firefox on LINUX (2046bf92-0c10-4193-af7b-5541df0fade1)] -> id: DIL]]
11:51:14.277 INFO - Executing: [is displayed: 6 [[FirefoxDriver: firefox on LINUX (2046bf92-0c10-4193-af7b-5541df0fade1)] -> id: DIL]])
11:51:14.333 INFO - Done: [is displayed: 6 [[FirefoxDriver: firefox on LINUX (2046bf92-0c10-4193-af7b-5541df0fade1)] -> id: DIL]]
11:51:14.342 INFO - Executing: [get text: 6 [[FirefoxDriver: firefox on LINUX (2046bf92-0c10-4193-af7b-5541df0fade1)] -> id: DIL]])
11:51:14.423 INFO - Done: [get text: 6 [[FirefoxDriver: firefox on LINUX (2046bf92-0c10-4193-af7b-5541df0fade1)] -> id: DIL]]
11:51:14.434 INFO - Executing: [get text: 6 [[FirefoxDriver: firefox on LINUX (2046bf92-0c10-4193-af7b-5541df0fade1)] -> id: DIL]])
11:51:14.463 INFO - Done: [get text: 6 [[FirefoxDriver: firefox on LINUX (2046bf92-0c10-4193-af7b-5541df0fade1)] -> id: DIL]]
