14:54:03.820 INFO - Selenium build info: version: '3.8.1', revision: '6e95a6684b'
14:54:03.821 INFO - Launching a standalone Selenium Server
2018-07-09 14:54:04.116:INFO::main: Logging initialized @1255ms to org.seleniumhq.jetty9.util.log.StdErrLog
14:54:04.331 INFO - Using `new FirefoxOptions()` is preferred to `DesiredCapabilities.firefox()`
14:54:04.428 INFO - Using `new ChromeOptions()` is preferred to `DesiredCapabilities.chrome()`
14:54:04.454 INFO - Using `new EdgeOptions()` is preferred to `DesiredCapabilities.edge()`
14:54:04.455 INFO - Driver class not found: com.opera.core.systems.OperaDriver
14:54:04.455 INFO - Using `new OperaOptions()` is preferred to `DesiredCapabilities.operaBlink()`
14:54:04.457 INFO - Using `new SafariOptions()` is preferred to `DesiredCapabilities.safari()`
14:54:04.458 INFO - Driver class not found: org.openqa.selenium.phantomjs.PhantomJSDriver
14:54:04.630 INFO - Driver provider class org.openqa.selenium.ie.InternetExplorerDriver registration is skipped:
 registration capabilities Capabilities {browserName: internet explorer, ensureCleanSession: true, platform: WINDOWS, version: } does not match the current platform LINUX
14:54:04.631 INFO - Driver provider class org.openqa.selenium.edge.EdgeDriver registration is skipped:
 registration capabilities Capabilities {browserName: MicrosoftEdge, platform: WINDOWS, version: } does not match the current platform LINUX
14:54:04.631 INFO - Driver provider class org.openqa.selenium.safari.SafariDriver registration is skipped:
 registration capabilities Capabilities {browserName: safari, platform: MAC, version: } does not match the current platform LINUX
14:54:04.814 INFO - Using `new ChromeOptions()` is preferred to `DesiredCapabilities.chrome()`
14:54:04.815 INFO - Using `new EdgeOptions()` is preferred to `DesiredCapabilities.edge()`
14:54:04.815 INFO - Using `new FirefoxOptions()` is preferred to `DesiredCapabilities.firefox()`
14:54:04.815 INFO - Using `new OperaOptions()` is preferred to `DesiredCapabilities.operaBlink()`
14:54:04.816 INFO - Using `new SafariOptions()` is preferred to `DesiredCapabilities.safari()`
2018-07-09 14:54:04.945:INFO:osjs.Server:main: jetty-9.4.7.v20170914
2018-07-09 14:54:05.271:WARN:osjs.SecurityHandler:main: ServletContext@o.s.j.s.ServletContextHandler@1d371b2d{/,null,STARTING} has uncovered http methods for path: /
2018-07-09 14:54:05.305:INFO:osjsh.ContextHandler:main: Started o.s.j.s.ServletContextHandler@1d371b2d{/,null,AVAILABLE}
Usage: <main class> [options]
  Options:
    --version, -version
       Displays the version and exits.
       Default: false
    -browserTimeout
       <Integer> in seconds : number of seconds a browser session is allowed to
       hang whil14:54:05.799 INFO - Executing: [new session: Capabilities {browserName: firefox, firefox_profile: UEsDBAoAAAAAAF1ksEytG51BHQA..., platform: LINUX}])
14:54:05.843 INFO - Creating a new session for Capabilities {browserName: firefox, firefox_profile: UEsDBAoAAAAAAF1ksEytG51BHQA..., platform: LINUX}
14:54:17.628 INFO - Detected dialect: OSS
14:54:17.684 INFO - Done: [new session: Capabilities {browserName: firefox, firefox_profile: UEsDBAoAAAAAAF1ksEytG51BHQA..., platform: LINUX}]
14:54:17.713 INFO - Executing: [get: ])
14:54:17.847 INFO - Done: [get: ]
max number of threads for Jetty. An unspecified, zero, or
       negative value means the Jetty default value (200) will be used.
    -log
       <String> filename : the filename to use for logging. If omitted, will log
       to STDOUT
    -port
       <Integer> : the port number the server will use.
       Default: 4444
    -role
       <String> options are [hub], [node], or [standalone].
       Default: standalone
    -timeout, -sessionTimeout
       <Integer> in seconds : Specifies the timeout before the server
       automatically kills a session that hasn't had any activity in the last X seconds. The
       test slot will then be released for another test to use. This is typically
       used to take care of client crashes. For grid hub/node roles, cleanUpCycle
       must also be set.
       Default: 99999999

java.lang.RuntimeException: java.net.BindException: La direcci칩n ya se est치 usando
	at org.openqa.selenium.remote.server.SeleniumServer.boot(SeleniumServer.java:198)
	at org.openqa.grid.selenium.GridLauncherV3$1.launch(GridLauncherV3.java:237)
	at org.openqa.grid.selenium.GridLauncherV3.main(GridLauncherV3.java:82)
Caused by: java.net.BindException: La direcci칩n ya se est치 usando
	at sun.nio.ch.Net.bind0(Native Method)
	at sun.nio.ch.Net.bind(Net.java:433)
	at sun.nio.ch.Net.bind(Net.java:425)
	at sun.nio.ch.ServerSocketChannelImpl.bind(ServerSocketChannelImpl.java:223)
	at sun.nio.ch.ServerSocketAdaptor.bind(ServerSocketAdaptor.java:74)
	at org.seleniumhq.jetty9.server.ServerConnector.openAcceptChannel(ServerConnector.java:334)
	at org.seleniumhq.jetty9.server.ServerConnector.open(ServerConnector.java:302)
	at org.seleniumhq.jetty9.server.AbstractNetworkConnector.doStart(AbstractNetworkConnector.java:80)
	at org.seleniumhq.jetty9.server.ServerConnector.doStart(ServerConnector.java:238)
	at org.seleniumhq.jetty9.util.component.AbstractLifeCycle.start(AbstractLifeCycle.java:68)
	at org.seleniumhq.jetty9.server.Server.doStart(Server.java:428)
	at org.seleniumhq.jetty9.util.component.AbstractLifeCycle.start(AbstractLifeCycle.java:68)
	at org.openqa.selenium.remote.server.SeleniumServer.boot(SeleniumServer.java:196)
	... 2 more
